[2021-10-05 10:06:11] log.INFO: GET https://card.iiko.co.uk/api/0/auth/access_token?user_id=apiPUC&user_secret=4L97Z2Abde HTTP/1.1  
[2021-10-05 10:06:11] log.INFO: HEADERS: GET /api/0/auth/access_token?user_id=apiPUC&user_secret=4L97Z2Abde HTTP/1.1 User-Agent: GuzzleHttp/6.5.5 curl/7.71.0 PHP/7.4.24 Host: card.iiko.co.uk  
[2021-10-05 10:06:11] log.INFO: BODY:   
[2021-10-05 10:06:11] log.INFO: RESPONSE: 200 - "AQ_Ak8i_ruvFI9L6egTvG1aLkpEk2u-DFewT10tJqk0EXUQQeuO_5IaSlKdjXFibZTMDEczY8ulzjTwftAc4Lg2"  
[2021-10-05 10:06:11] log.INFO: GET https://card.iiko.co.uk/api/0/organization/list?access_token=AQ_Ak8i_ruvFI9L6egTvG1aLkpEk2u-DFewT10tJqk0EXUQQeuO_5IaSlKdjXFibZTMDEczY8ulzjTwftAc4Lg2 HTTP/1.1  
[2021-10-05 10:06:11] log.INFO: HEADERS: GET /api/0/organization/list?access_token=AQ_Ak8i_ruvFI9L6egTvG1aLkpEk2u-DFewT10tJqk0EXUQQeuO_5IaSlKdjXFibZTMDEczY8ulzjTwftAc4Lg2 HTTP/1.1 User-Agent: GuzzleHttp/6.5.5 curl/7.71.0 PHP/7.4.24 Host: card.iiko.co.uk  
[2021-10-05 10:06:11] log.INFO: BODY:   
[2021-10-05 10:06:11] log.INFO: RESPONSE: 200 - [{"address":"г. Харьков пер. Плехановский 4","averageCheque":null,"contact":{"email":"dlxdate@gmail.com","location":"г. Харьков пер. Плехановский 4","phone":null},"currencyIsoName":"UAH","description":"PUC","fullName":"PUC","homePage":null,"id":"e3620000-7b0f-0696-02ac-08d88706a5b9","isActive":true,"latitude":null,"logo":null,"logoImage":null,"longitude":null,"maxBonus":0,"minBonus":0,"name":"PUC","networkId":null,"organizationType":0,"phone":null,"timezone":"Russian Standard Time","website":null,"workTime":null}]  
[2021-10-05 10:06:41] log.NOTICE: POST https://card.iiko.co.uk/api/0/orders/checkCreate?access_token=AQ_Ak8i_ruvFI9L6egTvG1aLkpEk2u-DFewT10tJqk0EXUQQeuO_5IaSlKdjXFibZTMDEczY8ulzjTwftAc4Lg2 HTTP/1.1  
[2021-10-05 10:06:41] log.NOTICE: HEADERS: POST /api/0/orders/checkCreate?access_token=AQ_Ak8i_ruvFI9L6egTvG1aLkpEk2u-DFewT10tJqk0EXUQQeuO_5IaSlKdjXFibZTMDEczY8ulzjTwftAc4Lg2 HTTP/1.1 User-Agent: GuzzleHttp/6.5.5 curl/7.71.0 PHP/7.4.24 Host: card.iiko.co.uk Content-Type: application/json  
[2021-10-05 10:06:41] log.NOTICE: BODY: {"organization":"e3620000-7b0f-0696-02ac-08d88706a5b9","customer":{"name":"Admin","phone":"+380997777777"},"order":{"date":null,"items":[{"id":"1d76ef84-70e2-4533-975c-29f4ccddecee","code":"00181","amount":1,"sum":489}],"phone":"+380997777777","customerName":"Admin","comment":null,"address":{"city":"Харьков","street":"Гвардейцев Широнинцев","home":"22","floor":"7","apartment":"98"}},"coupon":null}  
[2021-10-05 10:06:41] log.NOTICE: RESPONSE: 400 - {"code":"705","message":"RabbitMQ: response with Id [064efbab-56b3-4765-99cf-7f15ba68d154] hasn't been received for timeout 30000 ms.","description":null,"httpStatusCode":400,"uiMessage":null,"isIntegrationError":null}  
[2021-10-05 10:07:20] log.INFO: GET https://card.iiko.co.uk/api/0/auth/access_token?user_id=apiPUC&user_secret=4L97Z2Abde HTTP/1.1  
[2021-10-05 10:07:20] log.INFO: HEADERS: GET /api/0/auth/access_token?user_id=apiPUC&user_secret=4L97Z2Abde HTTP/1.1 User-Agent: GuzzleHttp/6.5.5 curl/7.71.0 PHP/7.4.24 Host: card.iiko.co.uk  
[2021-10-05 10:07:20] log.INFO: BODY:   
[2021-10-05 10:07:20] log.INFO: RESPONSE: 200 - "AQ_Ak8i_ruvFI9L6egTvG_p9juyB0RYzhmP6FxCQ3AwpB9QFlOF-KGkDFyyfOScocxXVv3ea9QHHy4bvOHUOfA2"  
[2021-10-05 10:07:20] log.INFO: GET https://card.iiko.co.uk/api/0/organization/list?access_token=AQ_Ak8i_ruvFI9L6egTvG_p9juyB0RYzhmP6FxCQ3AwpB9QFlOF-KGkDFyyfOScocxXVv3ea9QHHy4bvOHUOfA2 HTTP/1.1  
[2021-10-05 10:07:20] log.INFO: HEADERS: GET /api/0/organization/list?access_token=AQ_Ak8i_ruvFI9L6egTvG_p9juyB0RYzhmP6FxCQ3AwpB9QFlOF-KGkDFyyfOScocxXVv3ea9QHHy4bvOHUOfA2 HTTP/1.1 User-Agent: GuzzleHttp/6.5.5 curl/7.71.0 PHP/7.4.24 Host: card.iiko.co.uk  
[2021-10-05 10:07:20] log.INFO: BODY:   
[2021-10-05 10:07:20] log.INFO: RESPONSE: 200 - [{"address":"г. Харьков пер. Плехановский 4","averageCheque":null,"contact":{"email":"dlxdate@gmail.com","location":"г. Харьков пер. Плехановский 4","phone":null},"currencyIsoName":"UAH","description":"PUC","fullName":"PUC","homePage":null,"id":"e3620000-7b0f-0696-02ac-08d88706a5b9","isActive":true,"latitude":null,"logo":null,"logoImage":null,"longitude":null,"maxBonus":0,"minBonus":0,"name":"PUC","networkId":null,"organizationType":0,"phone":null,"timezone":"Russian Standard Time","website":null,"workTime":null}]  
[2021-10-05 10:07:50] log.NOTICE: POST https://card.iiko.co.uk/api/0/orders/checkCreate?access_token=AQ_Ak8i_ruvFI9L6egTvG_p9juyB0RYzhmP6FxCQ3AwpB9QFlOF-KGkDFyyfOScocxXVv3ea9QHHy4bvOHUOfA2 HTTP/1.1  
[2021-10-05 10:07:50] log.NOTICE: HEADERS: POST /api/0/orders/checkCreate?access_token=AQ_Ak8i_ruvFI9L6egTvG_p9juyB0RYzhmP6FxCQ3AwpB9QFlOF-KGkDFyyfOScocxXVv3ea9QHHy4bvOHUOfA2 HTTP/1.1 User-Agent: GuzzleHttp/6.5.5 curl/7.71.0 PHP/7.4.24 Host: card.iiko.co.uk Content-Type: application/json  
[2021-10-05 10:07:50] log.NOTICE: BODY: {"organization":"e3620000-7b0f-0696-02ac-08d88706a5b9","customer":{"name":"Admin","phone":"+380997777777"},"order":{"date":null,"items":[{"id":"1d76ef84-70e2-4533-975c-29f4ccddecee","code":"00181","amount":1,"sum":489}],"phone":"+380997777777","customerName":"Admin","comment":null,"isSelfService":true},"coupon":null}  
[2021-10-05 10:07:50] log.NOTICE: RESPONSE: 400 - {"code":"705","message":"RabbitMQ: response with Id [b0ad1d4d-f1f6-417f-8396-f85a569619ad] hasn't been received for timeout 30000 ms.","description":null,"httpStatusCode":400,"uiMessage":null,"isIntegrationError":null}  
[2021-10-05 10:15:33] log.INFO: GET https://card.iiko.co.uk/api/0/auth/access_token?user_id=apiPUC&user_secret=4L97Z2Abde HTTP/1.1  
[2021-10-05 10:15:33] log.INFO: HEADERS: GET /api/0/auth/access_token?user_id=apiPUC&user_secret=4L97Z2Abde HTTP/1.1 User-Agent: GuzzleHttp/6.5.5 curl/7.71.0 PHP/7.4.24 Host: card.iiko.co.uk  
[2021-10-05 10:15:33] log.INFO: BODY:   
[2021-10-05 10:15:33] log.INFO: RESPONSE: 200 - "AQ_Ak8i_ruvFI9L6egTvG-Fjg1BQT3W261QULVChi9CnPZDprbfpfy5HaAwqTiyCe61Mux2pyzQ8xJ2RoUB6Aw2"  
[2021-10-05 10:15:33] log.INFO: GET https://card.iiko.co.uk/api/0/organization/list?access_token=AQ_Ak8i_ruvFI9L6egTvG-Fjg1BQT3W261QULVChi9CnPZDprbfpfy5HaAwqTiyCe61Mux2pyzQ8xJ2RoUB6Aw2 HTTP/1.1  
[2021-10-05 10:15:33] log.INFO: HEADERS: GET /api/0/organization/list?access_token=AQ_Ak8i_ruvFI9L6egTvG-Fjg1BQT3W261QULVChi9CnPZDprbfpfy5HaAwqTiyCe61Mux2pyzQ8xJ2RoUB6Aw2 HTTP/1.1 User-Agent: GuzzleHttp/6.5.5 curl/7.71.0 PHP/7.4.24 Host: card.iiko.co.uk  
[2021-10-05 10:15:33] log.INFO: BODY:   
[2021-10-05 10:15:33] log.INFO: RESPONSE: 200 - [{"address":"г. Харьков пер. Плехановский 4","averageCheque":null,"contact":{"email":"dlxdate@gmail.com","location":"г. Харьков пер. Плехановский 4","phone":null},"currencyIsoName":"UAH","description":"PUC","fullName":"PUC","homePage":null,"id":"e3620000-7b0f-0696-02ac-08d88706a5b9","isActive":true,"latitude":null,"logo":null,"logoImage":null,"longitude":null,"maxBonus":0,"minBonus":0,"name":"PUC","networkId":null,"organizationType":0,"phone":null,"timezone":"Russian Standard Time","website":null,"workTime":null}]  
[2021-10-05 10:15:33] log.INFO: POST https://card.iiko.co.uk/api/0/orders/checkCreate?access_token=AQ_Ak8i_ruvFI9L6egTvG-Fjg1BQT3W261QULVChi9CnPZDprbfpfy5HaAwqTiyCe61Mux2pyzQ8xJ2RoUB6Aw2 HTTP/1.1  
[2021-10-05 10:15:33] log.INFO: HEADERS: POST /api/0/orders/checkCreate?access_token=AQ_Ak8i_ruvFI9L6egTvG-Fjg1BQT3W261QULVChi9CnPZDprbfpfy5HaAwqTiyCe61Mux2pyzQ8xJ2RoUB6Aw2 HTTP/1.1 User-Agent: GuzzleHttp/6.5.5 curl/7.71.0 PHP/7.4.24 Host: card.iiko.co.uk Content-Type: application/json  
[2021-10-05 10:15:33] log.INFO: BODY: {"organization":"e3620000-7b0f-0696-02ac-08d88706a5b9","customer":{"name":"Admin","phone":"+380997777777"},"order":{"date":null,"items":[{"id":"1d76ef84-70e2-4533-975c-29f4ccddecee","code":"00181","amount":1,"sum":489}],"phone":"+380997777777","customerName":"Admin","comment":null,"isSelfService":true},"coupon":null}  
[2021-10-05 10:15:33] log.INFO: RESPONSE: 200 - {"deliveryRestriction":null,"problem":null,"resultState":0,"deliveryDurationInMinutes":30,"deliveryServiceProductInfo":null}  
[2021-10-05 10:15:55] log.INFO: GET https://card.iiko.co.uk/api/0/auth/access_token?user_id=apiPUC&user_secret=4L97Z2Abde HTTP/1.1  
[2021-10-05 10:15:55] log.INFO: HEADERS: GET /api/0/auth/access_token?user_id=apiPUC&user_secret=4L97Z2Abde HTTP/1.1 User-Agent: GuzzleHttp/6.5.5 curl/7.71.0 PHP/7.4.24 Host: card.iiko.co.uk  
[2021-10-05 10:15:55] log.INFO: BODY:   
[2021-10-05 10:15:55] log.INFO: RESPONSE: 200 - "AQ_Ak8i_ruvFI9L6egTvG3J_G_2MDN3YT4qa6lehJmXRB9VmHktJe_OR2AhgGnf9ZyJojhfMAJODXQGZ-ZkT9w2"  
[2021-10-05 10:15:55] log.INFO: GET https://card.iiko.co.uk/api/0/organization/list?access_token=AQ_Ak8i_ruvFI9L6egTvG3J_G_2MDN3YT4qa6lehJmXRB9VmHktJe_OR2AhgGnf9ZyJojhfMAJODXQGZ-ZkT9w2 HTTP/1.1  
[2021-10-05 10:15:55] log.INFO: HEADERS: GET /api/0/organization/list?access_token=AQ_Ak8i_ruvFI9L6egTvG3J_G_2MDN3YT4qa6lehJmXRB9VmHktJe_OR2AhgGnf9ZyJojhfMAJODXQGZ-ZkT9w2 HTTP/1.1 User-Agent: GuzzleHttp/6.5.5 curl/7.71.0 PHP/7.4.24 Host: card.iiko.co.uk  
[2021-10-05 10:15:55] log.INFO: BODY:   
[2021-10-05 10:15:55] log.INFO: RESPONSE: 200 - [{"address":"г. Харьков пер. Плехановский 4","averageCheque":null,"contact":{"email":"dlxdate@gmail.com","location":"г. Харьков пер. Плехановский 4","phone":null},"currencyIsoName":"UAH","description":"PUC","fullName":"PUC","homePage":null,"id":"e3620000-7b0f-0696-02ac-08d88706a5b9","isActive":true,"latitude":null,"logo":null,"logoImage":null,"longitude":null,"maxBonus":0,"minBonus":0,"name":"PUC","networkId":null,"organizationType":0,"phone":null,"timezone":"Russian Standard Time","website":null,"workTime":null}]  
[2021-10-05 10:21:17] log.INFO: GET https://card.iiko.co.uk/api/0/auth/access_token?user_id=apiPUC&user_secret=4L97Z2Abde HTTP/1.1  
[2021-10-05 10:21:17] log.INFO: HEADERS: GET /api/0/auth/access_token?user_id=apiPUC&user_secret=4L97Z2Abde HTTP/1.1 User-Agent: GuzzleHttp/6.5.5 curl/7.71.0 PHP/7.4.24 Host: card.iiko.co.uk  
[2021-10-05 10:21:17] log.INFO: BODY:   
[2021-10-05 10:21:17] log.INFO: RESPONSE: 200 - "AQ_Ak8i_ruvFI9L6egTvG3wudjHNaTuEdhQoISEP9Mq8B49O1rQMnztd3bA5h_MIUsNeg3x6AkbUfpXkCWNGSA2"  
[2021-10-05 10:21:17] log.INFO: GET https://card.iiko.co.uk/api/0/organization/list?access_token=AQ_Ak8i_ruvFI9L6egTvG3wudjHNaTuEdhQoISEP9Mq8B49O1rQMnztd3bA5h_MIUsNeg3x6AkbUfpXkCWNGSA2 HTTP/1.1  
[2021-10-05 10:21:17] log.INFO: HEADERS: GET /api/0/organization/list?access_token=AQ_Ak8i_ruvFI9L6egTvG3wudjHNaTuEdhQoISEP9Mq8B49O1rQMnztd3bA5h_MIUsNeg3x6AkbUfpXkCWNGSA2 HTTP/1.1 User-Agent: GuzzleHttp/6.5.5 curl/7.71.0 PHP/7.4.24 Host: card.iiko.co.uk  
[2021-10-05 10:21:17] log.INFO: BODY:   
[2021-10-05 10:21:17] log.INFO: RESPONSE: 200 - [{"address":"г. Харьков пер. Плехановский 4","averageCheque":null,"contact":{"email":"dlxdate@gmail.com","location":"г. Харьков пер. Плехановский 4","phone":null},"currencyIsoName":"UAH","description":"PUC","fullName":"PUC","homePage":null,"id":"e3620000-7b0f-0696-02ac-08d88706a5b9","isActive":true,"latitude":null,"logo":null,"logoImage":null,"longitude":null,"maxBonus":0,"minBonus":0,"name":"PUC","networkId":null,"organizationType":0,"phone":null,"timezone":"Russian Standard Time","website":null,"workTime":null}]  
[2021-10-05 10:21:18] log.INFO: POST https://card.iiko.co.uk/api/0/orders/checkCreate?access_token=AQ_Ak8i_ruvFI9L6egTvG3wudjHNaTuEdhQoISEP9Mq8B49O1rQMnztd3bA5h_MIUsNeg3x6AkbUfpXkCWNGSA2 HTTP/1.1  
[2021-10-05 10:21:18] log.INFO: HEADERS: POST /api/0/orders/checkCreate?access_token=AQ_Ak8i_ruvFI9L6egTvG3wudjHNaTuEdhQoISEP9Mq8B49O1rQMnztd3bA5h_MIUsNeg3x6AkbUfpXkCWNGSA2 HTTP/1.1 User-Agent: GuzzleHttp/6.5.5 curl/7.71.0 PHP/7.4.24 Host: card.iiko.co.uk Content-Type: application/json  
[2021-10-05 10:21:18] log.INFO: BODY: {"organization":"e3620000-7b0f-0696-02ac-08d88706a5b9","customer":{"name":"Admin","phone":"+380997777777"},"order":{"date":null,"items":[{"id":"1d76ef84-70e2-4533-975c-29f4ccddecee","code":"00181","amount":1,"sum":489}],"phone":"+380997777777","customerName":"Admin","comment":null,"address":{"city":"Харьков","street":"Гвардейцев Широнинцев","home":"22","floor":"7","apartment":"98"}},"coupon":null}  
[2021-10-05 10:21:18] log.INFO: RESPONSE: 200 - {"deliveryRestriction":null,"problem":null,"resultState":0,"deliveryDurationInMinutes":120,"deliveryServiceProductInfo":null}  
[2021-10-05 10:23:58] log.INFO: GET https://card.iiko.co.uk/api/0/auth/access_token?user_id=apiPUC&user_secret=4L97Z2Abde HTTP/1.1  
[2021-10-05 10:23:58] log.INFO: HEADERS: GET /api/0/auth/access_token?user_id=apiPUC&user_secret=4L97Z2Abde HTTP/1.1 User-Agent: GuzzleHttp/6.5.5 curl/7.71.0 PHP/7.4.24 Host: card.iiko.co.uk  
[2021-10-05 10:23:58] log.INFO: BODY:   
[2021-10-05 10:23:58] log.INFO: RESPONSE: 200 - "AQ_Ak8i_ruvFI9L6egTvG2-pK90LXysfy1mrPdDTMvl_lH1f1xAu7ZBY_bHptZw8jLnFhO41X7j3YzZAs-zghg2"  
[2021-10-05 10:23:58] log.INFO: GET https://card.iiko.co.uk/api/0/organization/list?access_token=AQ_Ak8i_ruvFI9L6egTvG2-pK90LXysfy1mrPdDTMvl_lH1f1xAu7ZBY_bHptZw8jLnFhO41X7j3YzZAs-zghg2 HTTP/1.1  
[2021-10-05 10:23:58] log.INFO: HEADERS: GET /api/0/organization/list?access_token=AQ_Ak8i_ruvFI9L6egTvG2-pK90LXysfy1mrPdDTMvl_lH1f1xAu7ZBY_bHptZw8jLnFhO41X7j3YzZAs-zghg2 HTTP/1.1 User-Agent: GuzzleHttp/6.5.5 curl/7.71.0 PHP/7.4.24 Host: card.iiko.co.uk  
[2021-10-05 10:23:58] log.INFO: BODY:   
[2021-10-05 10:23:58] log.INFO: RESPONSE: 200 - [{"address":"г. Харьков пер. Плехановский 4","averageCheque":null,"contact":{"email":"dlxdate@gmail.com","location":"г. Харьков пер. Плехановский 4","phone":null},"currencyIsoName":"UAH","description":"PUC","fullName":"PUC","homePage":null,"id":"e3620000-7b0f-0696-02ac-08d88706a5b9","isActive":true,"latitude":null,"logo":null,"logoImage":null,"longitude":null,"maxBonus":0,"minBonus":0,"name":"PUC","networkId":null,"organizationType":0,"phone":null,"timezone":"Russian Standard Time","website":null,"workTime":null}]  
[2021-10-05 10:23:59] log.INFO: POST https://card.iiko.co.uk/api/0/orders/checkCreate?access_token=AQ_Ak8i_ruvFI9L6egTvG2-pK90LXysfy1mrPdDTMvl_lH1f1xAu7ZBY_bHptZw8jLnFhO41X7j3YzZAs-zghg2 HTTP/1.1  
[2021-10-05 10:23:59] log.INFO: HEADERS: POST /api/0/orders/checkCreate?access_token=AQ_Ak8i_ruvFI9L6egTvG2-pK90LXysfy1mrPdDTMvl_lH1f1xAu7ZBY_bHptZw8jLnFhO41X7j3YzZAs-zghg2 HTTP/1.1 User-Agent: GuzzleHttp/6.5.5 curl/7.71.0 PHP/7.4.24 Host: card.iiko.co.uk Content-Type: application/json  
[2021-10-05 10:23:59] log.INFO: BODY: {"organization":"e3620000-7b0f-0696-02ac-08d88706a5b9","customer":{"name":"Admin","phone":"+380997777777"},"order":{"date":null,"items":[{"id":"1d76ef84-70e2-4533-975c-29f4ccddecee","code":"00181","amount":1,"sum":489}],"phone":"+380997777777","customerName":"Admin","comment":null,"address":{"city":"Харьков","street":"Гвардейцев Широнинцев","home":"22","floor":"7","apartment":"98"}},"coupon":null}  
[2021-10-05 10:23:59] log.INFO: RESPONSE: 200 - {"deliveryRestriction":null,"problem":null,"resultState":0,"deliveryDurationInMinutes":120,"deliveryServiceProductInfo":null}  
[2021-10-05 10:25:15] log.INFO: GET https://card.iiko.co.uk/api/0/auth/access_token?user_id=apiPUC&user_secret=4L97Z2Abde HTTP/1.1  
[2021-10-05 10:25:15] log.INFO: HEADERS: GET /api/0/auth/access_token?user_id=apiPUC&user_secret=4L97Z2Abde HTTP/1.1 User-Agent: GuzzleHttp/6.5.5 curl/7.71.0 PHP/7.4.24 Host: card.iiko.co.uk  
[2021-10-05 10:25:15] log.INFO: BODY:   
[2021-10-05 10:25:15] log.INFO: RESPONSE: 200 - "AQ_Ak8i_ruvFI9L6egTvG1Z52IxrXgeOr9C5FUtJAaZCHnG9YgoG5yYL74e-E0NgPlA4f7vSW9eCXIHGU1QK1g2"  
[2021-10-05 10:25:15] log.INFO: GET https://card.iiko.co.uk/api/0/organization/list?access_token=AQ_Ak8i_ruvFI9L6egTvG1Z52IxrXgeOr9C5FUtJAaZCHnG9YgoG5yYL74e-E0NgPlA4f7vSW9eCXIHGU1QK1g2 HTTP/1.1  
[2021-10-05 10:25:15] log.INFO: HEADERS: GET /api/0/organization/list?access_token=AQ_Ak8i_ruvFI9L6egTvG1Z52IxrXgeOr9C5FUtJAaZCHnG9YgoG5yYL74e-E0NgPlA4f7vSW9eCXIHGU1QK1g2 HTTP/1.1 User-Agent: GuzzleHttp/6.5.5 curl/7.71.0 PHP/7.4.24 Host: card.iiko.co.uk  
[2021-10-05 10:25:15] log.INFO: BODY:   
[2021-10-05 10:25:15] log.INFO: RESPONSE: 200 - [{"address":"г. Харьков пер. Плехановский 4","averageCheque":null,"contact":{"email":"dlxdate@gmail.com","location":"г. Харьков пер. Плехановский 4","phone":null},"currencyIsoName":"UAH","description":"PUC","fullName":"PUC","homePage":null,"id":"e3620000-7b0f-0696-02ac-08d88706a5b9","isActive":true,"latitude":null,"logo":null,"logoImage":null,"longitude":null,"maxBonus":0,"minBonus":0,"name":"PUC","networkId":null,"organizationType":0,"phone":null,"timezone":"Russian Standard Time","website":null,"workTime":null}]  
[2021-10-05 10:25:17] log.INFO: POST https://card.iiko.co.uk/api/0/orders/checkCreate?access_token=AQ_Ak8i_ruvFI9L6egTvG1Z52IxrXgeOr9C5FUtJAaZCHnG9YgoG5yYL74e-E0NgPlA4f7vSW9eCXIHGU1QK1g2 HTTP/1.1  
[2021-10-05 10:25:17] log.INFO: HEADERS: POST /api/0/orders/checkCreate?access_token=AQ_Ak8i_ruvFI9L6egTvG1Z52IxrXgeOr9C5FUtJAaZCHnG9YgoG5yYL74e-E0NgPlA4f7vSW9eCXIHGU1QK1g2 HTTP/1.1 User-Agent: GuzzleHttp/6.5.5 curl/7.71.0 PHP/7.4.24 Host: card.iiko.co.uk Content-Type: application/json  
[2021-10-05 10:25:17] log.INFO: BODY: {"organization":"e3620000-7b0f-0696-02ac-08d88706a5b9","customer":{"name":"Admin","phone":"+380997777777"},"order":{"date":null,"items":[{"id":"1d76ef84-70e2-4533-975c-29f4ccddecee","code":"00181","amount":1,"sum":489}],"phone":"+380997777777","customerName":"Admin","comment":null,"address":{"city":"Харьков","street":"Гвардейцев Широнинцев","home":"22","floor":"7","apartment":"98"}},"coupon":null}  
[2021-10-05 10:25:17] log.INFO: RESPONSE: 200 - {"deliveryRestriction":null,"problem":null,"resultState":0,"deliveryDurationInMinutes":120,"deliveryServiceProductInfo":null}  
[2021-10-05 10:30:04] log.INFO: GET https://card.iiko.co.uk/api/0/auth/access_token?user_id=apiPUC&user_secret=4L97Z2Abde HTTP/1.1  
[2021-10-05 10:30:04] log.INFO: HEADERS: GET /api/0/auth/access_token?user_id=apiPUC&user_secret=4L97Z2Abde HTTP/1.1 User-Agent: GuzzleHttp/6.5.5 curl/7.71.0 PHP/7.4.24 Host: card.iiko.co.uk  
[2021-10-05 10:30:04] log.INFO: BODY:   
[2021-10-05 10:30:04] log.INFO: RESPONSE: 200 - "AQ_Ak8i_ruvFI9L6egTvG7AU51MEoATquTeKYVu5kGIIrX3arKYdec1LgQMavOR3TqJwgHW7aVw0WAg9_meNLQ2"  
[2021-10-05 10:30:04] log.INFO: GET https://card.iiko.co.uk/api/0/organization/list?access_token=AQ_Ak8i_ruvFI9L6egTvG7AU51MEoATquTeKYVu5kGIIrX3arKYdec1LgQMavOR3TqJwgHW7aVw0WAg9_meNLQ2 HTTP/1.1  
[2021-10-05 10:30:04] log.INFO: HEADERS: GET /api/0/organization/list?access_token=AQ_Ak8i_ruvFI9L6egTvG7AU51MEoATquTeKYVu5kGIIrX3arKYdec1LgQMavOR3TqJwgHW7aVw0WAg9_meNLQ2 HTTP/1.1 User-Agent: GuzzleHttp/6.5.5 curl/7.71.0 PHP/7.4.24 Host: card.iiko.co.uk  
[2021-10-05 10:30:04] log.INFO: BODY:   
[2021-10-05 10:30:04] log.INFO: RESPONSE: 200 - [{"address":"г. Харьков пер. Плехановский 4","averageCheque":null,"contact":{"email":"dlxdate@gmail.com","location":"г. Харьков пер. Плехановский 4","phone":null},"currencyIsoName":"UAH","description":"PUC","fullName":"PUC","homePage":null,"id":"e3620000-7b0f-0696-02ac-08d88706a5b9","isActive":true,"latitude":null,"logo":null,"logoImage":null,"longitude":null,"maxBonus":0,"minBonus":0,"name":"PUC","networkId":null,"organizationType":0,"phone":null,"timezone":"Russian Standard Time","website":null,"workTime":null}]  
[2021-10-05 10:30:04] log.INFO: POST https://card.iiko.co.uk/api/0/orders/checkCreate?access_token=AQ_Ak8i_ruvFI9L6egTvG7AU51MEoATquTeKYVu5kGIIrX3arKYdec1LgQMavOR3TqJwgHW7aVw0WAg9_meNLQ2 HTTP/1.1  
[2021-10-05 10:30:04] log.INFO: HEADERS: POST /api/0/orders/checkCreate?access_token=AQ_Ak8i_ruvFI9L6egTvG7AU51MEoATquTeKYVu5kGIIrX3arKYdec1LgQMavOR3TqJwgHW7aVw0WAg9_meNLQ2 HTTP/1.1 User-Agent: GuzzleHttp/6.5.5 curl/7.71.0 PHP/7.4.24 Host: card.iiko.co.uk Content-Type: application/json  
[2021-10-05 10:30:04] log.INFO: BODY: {"organization":"e3620000-7b0f-0696-02ac-08d88706a5b9","customer":{"name":"Admin","phone":"+380997777777"},"order":{"date":null,"items":[{"id":"1d76ef84-70e2-4533-975c-29f4ccddecee","code":"00181","amount":1,"sum":489}],"phone":"+380997777777","customerName":"Admin","comment":null,"address":{"city":"Харьков","street":"Гвардейцев Широнинцев","home":"22","floor":"7","apartment":"98"}},"coupon":null}  
[2021-10-05 10:30:04] log.INFO: RESPONSE: 200 - {"deliveryRestriction":null,"problem":null,"resultState":0,"deliveryDurationInMinutes":120,"deliveryServiceProductInfo":null}  
[2021-10-05 11:17:42] log.INFO: GET https://card.iiko.co.uk/api/0/auth/access_token?user_id=apiPUC&user_secret=4L97Z2Abde HTTP/1.1  
[2021-10-05 11:17:42] log.INFO: HEADERS: GET /api/0/auth/access_token?user_id=apiPUC&user_secret=4L97Z2Abde HTTP/1.1 User-Agent: GuzzleHttp/6.5.5 curl/7.71.0 PHP/7.4.24 Host: card.iiko.co.uk  
[2021-10-05 11:17:42] log.INFO: BODY:   
[2021-10-05 11:17:42] log.INFO: RESPONSE: 200 - "AQ_Ak8i_ruvFI9L6egTvG0ueQnx3Rk0VNmea0ts8bd-375rWxxAoIxsCOYvfTK38D7zn3n7HUGdLTGKYS277sQ2"  
[2021-10-05 11:17:42] log.INFO: GET https://card.iiko.co.uk/api/0/organization/list?access_token=AQ_Ak8i_ruvFI9L6egTvG0ueQnx3Rk0VNmea0ts8bd-375rWxxAoIxsCOYvfTK38D7zn3n7HUGdLTGKYS277sQ2 HTTP/1.1  
[2021-10-05 11:17:42] log.INFO: HEADERS: GET /api/0/organization/list?access_token=AQ_Ak8i_ruvFI9L6egTvG0ueQnx3Rk0VNmea0ts8bd-375rWxxAoIxsCOYvfTK38D7zn3n7HUGdLTGKYS277sQ2 HTTP/1.1 User-Agent: GuzzleHttp/6.5.5 curl/7.71.0 PHP/7.4.24 Host: card.iiko.co.uk  
[2021-10-05 11:17:42] log.INFO: BODY:   
[2021-10-05 11:17:42] log.INFO: RESPONSE: 200 - [{"address":"г. Харьков пер. Плехановский 4","averageCheque":null,"contact":{"email":"dlxdate@gmail.com","location":"г. Харьков пер. Плехановский 4","phone":null},"currencyIsoName":"UAH","description":"PUC","fullName":"PUC","homePage":null,"id":"e3620000-7b0f-0696-02ac-08d88706a5b9","isActive":true,"latitude":null,"logo":null,"logoImage":null,"longitude":null,"maxBonus":0,"minBonus":0,"name":"PUC","networkId":null,"organizationType":0,"phone":null,"timezone":"Russian Standard Time","website":null,"workTime":null}]  
[2021-10-05 11:17:42] log.INFO: POST https://card.iiko.co.uk/api/0/orders/checkCreate?access_token=AQ_Ak8i_ruvFI9L6egTvG0ueQnx3Rk0VNmea0ts8bd-375rWxxAoIxsCOYvfTK38D7zn3n7HUGdLTGKYS277sQ2 HTTP/1.1  
[2021-10-05 11:17:42] log.INFO: HEADERS: POST /api/0/orders/checkCreate?access_token=AQ_Ak8i_ruvFI9L6egTvG0ueQnx3Rk0VNmea0ts8bd-375rWxxAoIxsCOYvfTK38D7zn3n7HUGdLTGKYS277sQ2 HTTP/1.1 User-Agent: GuzzleHttp/6.5.5 curl/7.71.0 PHP/7.4.24 Host: card.iiko.co.uk Content-Type: application/json  
[2021-10-05 11:17:42] log.INFO: BODY: {"organization":"e3620000-7b0f-0696-02ac-08d88706a5b9","customer":{"name":"Михаил","phone":"+380639936887"},"order":{"date":null,"items":[{"id":"21457786-4b22-4026-9338-aee37243df5b","code":"00264","amount":1,"sum":659}],"phone":"+380639936887","customerName":"Михаил","comment":null,"isSelfService":true},"coupon":null}  
[2021-10-05 11:17:42] log.INFO: RESPONSE: 200 - {"deliveryRestriction":null,"problem":null,"resultState":0,"deliveryDurationInMinutes":30,"deliveryServiceProductInfo":null}  
[2021-10-05 11:17:43] log.INFO: POST https://card.iiko.co.uk/api/0/orders/add?access_token=AQ_Ak8i_ruvFI9L6egTvG0ueQnx3Rk0VNmea0ts8bd-375rWxxAoIxsCOYvfTK38D7zn3n7HUGdLTGKYS277sQ2 HTTP/1.1  
[2021-10-05 11:17:43] log.INFO: HEADERS: POST /api/0/orders/add?access_token=AQ_Ak8i_ruvFI9L6egTvG0ueQnx3Rk0VNmea0ts8bd-375rWxxAoIxsCOYvfTK38D7zn3n7HUGdLTGKYS277sQ2 HTTP/1.1 User-Agent: GuzzleHttp/6.5.5 curl/7.71.0 PHP/7.4.24 Host: card.iiko.co.uk Content-Type: application/json  
[2021-10-05 11:17:43] log.INFO: BODY: {"organization":"e3620000-7b0f-0696-02ac-08d88706a5b9","customer":{"name":"Михаил","phone":"+380639936887"},"order":{"date":null,"items":[{"id":"21457786-4b22-4026-9338-aee37243df5b","code":"00264","amount":1,"sum":659}],"phone":"+380639936887","customerName":"Михаил","comment":null,"isSelfService":true},"coupon":null}  
[2021-10-05 11:17:43] log.INFO: RESPONSE: 200 - {"customer":{"sex":0,"id":"639d03fe-627c-4672-aac7-22a262a75cb2","externalId":"e3620000-7b0f-0696-085e-08d916f4a95a","name":"Михаил","surName":"","nick":"","comment":"","phone":"+380639936887","additionalPhones":[],"addresses":[],"cultureName":null,"birthday":null,"email":null,"middleName":null,"shouldReceivePromoActionsInfo":true,"counteragentInfo":null},"orderId":"dc23230e-d4cf-4946-94a0-01896fbb0353","customerId":"639d03fe-627c-4672-aac7-22a262a75cb2","movedDeliveryId":null,"customerName":"Михаил","customerPhone":"+380639936887","address":null,"restaurantId":"e3620000-7b0f-0696-02ac-08d88706a5b9","organization":"e3620000-7b0f-0696-02ac-08d88706a5b9","sum":659.00,"discount":0.0,"number":"35057","status":"New","statusCode":"NEW","deliveryCancelCause":null,"deliveryCancelComment":null,"courierInfo":null,"orderLocationInfo":null,"deliveryDate":"2021-10-05 11:47:44","actualTime":null,"billTime":null,"cancelTime":null,"closeTime":null,"confirmTime":"2021-10-05 11:17:44","createdTime":"2021-10-05 11:17:44","printTime":null,"sendTime":null,"comment":null,"problem":null,"operator":null,"conception":null,"marketingSource":null,"durationInMinutes":30,"personsCount":1,"splitBetweenPersons":false,"items":[{"id":"21457786-4b22-4026-9338-aee37243df5b","orderItemId":"00000000-0000-0000-0000-000000000000","code":"00264","name":"Фирменный new","category":null,"amount":1.0,"size":null,"modifiers":[],"sum":659.00,"comment":null,"guestId":"24b23335-bc7e-32f9-017c-45042b8a9995","comboInformation":null}],"guests":[{"id":"24b23335-bc7e-32f9-017c-45042b8a9995","name":"Михаил"}],"payments":[{"sum":659.00,"paymentType":{"id":"09322f46-578a-d210-add7-eec222a08871","code":"CASH","name":"Cash","comment":null,"combinable":true,"externalRevision":0,"applicableMarketingCampaigns":null,"deleted":false},"additionalData":null,"isProcessedExternally":false,"isPreliminary":true,"isExternal":false,"chequeAdditionalInfo":null,"organizationDetailsInfo":null,"isFiscalizedExternally":false}],"orderType":{"id":"5b1508f9-fe5b-d6af-cb8d-043af587d5c2","name":"Collection","orderServiceType":"DELIVERY_PICKUP","externalRevision":0},"deliveryTerminal":{"deliveryTerminalId":"04c0024c-936e-8297-0175-b2d1e47b3eee","crmId":"220422","restaurantName":"My restaurant: Основная группа","groupName":"My restaurant: Основная группа","externalRevision":638516,"technicalInformation":null,"address":null,"protocolVersion":1},"discounts":[],"iikoCard5Coupon":null,"customData":null,"opinion":{"organization":null,"deliveryId":"dc23230e-d4cf-4946-94a0-01896fbb0353","comment":null,"marks":[]},"referrerId":null}  
[2021-10-05 13:08:33] log.INFO: GET https://card.iiko.co.uk/api/0/auth/access_token?user_id=apiPUC&user_secret=4L97Z2Abde HTTP/1.1  
[2021-10-05 13:08:33] log.INFO: HEADERS: GET /api/0/auth/access_token?user_id=apiPUC&user_secret=4L97Z2Abde HTTP/1.1 User-Agent: GuzzleHttp/6.5.5 curl/7.71.0 PHP/7.4.24 Host: card.iiko.co.uk  
[2021-10-05 13:08:33] log.INFO: BODY:   
[2021-10-05 13:08:33] log.INFO: RESPONSE: 200 - "AQ_Ak8i_ruvFI9L6egTvG6wT-LgXvJgHebUfJXCGLuh2k7RivaJDPRcmA2dmvxRhisvQYkFRYg114Bwkl7lw7g2"  
[2021-10-05 13:08:33] log.INFO: GET https://card.iiko.co.uk/api/0/organization/list?access_token=AQ_Ak8i_ruvFI9L6egTvG6wT-LgXvJgHebUfJXCGLuh2k7RivaJDPRcmA2dmvxRhisvQYkFRYg114Bwkl7lw7g2 HTTP/1.1  
[2021-10-05 13:08:33] log.INFO: HEADERS: GET /api/0/organization/list?access_token=AQ_Ak8i_ruvFI9L6egTvG6wT-LgXvJgHebUfJXCGLuh2k7RivaJDPRcmA2dmvxRhisvQYkFRYg114Bwkl7lw7g2 HTTP/1.1 User-Agent: GuzzleHttp/6.5.5 curl/7.71.0 PHP/7.4.24 Host: card.iiko.co.uk  
[2021-10-05 13:08:33] log.INFO: BODY:   
[2021-10-05 13:08:33] log.INFO: RESPONSE: 200 - [{"address":"г. Харьков пер. Плехановский 4","averageCheque":null,"contact":{"email":"dlxdate@gmail.com","location":"г. Харьков пер. Плехановский 4","phone":null},"currencyIsoName":"UAH","description":"PUC","fullName":"PUC","homePage":null,"id":"e3620000-7b0f-0696-02ac-08d88706a5b9","isActive":true,"latitude":null,"logo":null,"logoImage":null,"longitude":null,"maxBonus":0,"minBonus":0,"name":"PUC","networkId":null,"organizationType":0,"phone":null,"timezone":"Russian Standard Time","website":null,"workTime":null}]  
[2021-10-05 13:09:03] log.NOTICE: POST https://card.iiko.co.uk/api/0/orders/checkCreate?access_token=AQ_Ak8i_ruvFI9L6egTvG6wT-LgXvJgHebUfJXCGLuh2k7RivaJDPRcmA2dmvxRhisvQYkFRYg114Bwkl7lw7g2 HTTP/1.1  
[2021-10-05 13:09:03] log.NOTICE: HEADERS: POST /api/0/orders/checkCreate?access_token=AQ_Ak8i_ruvFI9L6egTvG6wT-LgXvJgHebUfJXCGLuh2k7RivaJDPRcmA2dmvxRhisvQYkFRYg114Bwkl7lw7g2 HTTP/1.1 User-Agent: GuzzleHttp/6.5.5 curl/7.71.0 PHP/7.4.24 Host: card.iiko.co.uk Content-Type: application/json  
[2021-10-05 13:09:03] log.NOTICE: BODY: {"organization":"e3620000-7b0f-0696-02ac-08d88706a5b9","customer":{"name":"Екатерина","phone":"+380954022553"},"order":{"date":null,"items":[{"id":"90d470ff-dc46-4b8c-8951-df0b04e90d59","code":"00073","amount":1,"sum":29},{"id":"b37747d3-b453-473c-9db3-e9a2d88285a8","code":"00218","amount":1,"sum":49},{"id":"84b38043-3849-478d-9309-659f2740ece9","code":"00079","amount":1,"sum":35},{"id":"e730e9c9-9be6-4d23-a6d6-3ebac9b05832","code":"00078","amount":1,"sum":19},{"id":"872b0688-1559-468a-a26c-2f65626cbe99","code":"00084","amount":1,"sum":29},{"id":"f1f8d2f3-db25-4aa7-a022-7c31c37b4920","code":"00097","amount":1,"sum":105}],"phone":"+380954022553","customerName":"Екатерина","comment":null,"isSelfService":true},"coupon":null}  
[2021-10-05 13:09:03] log.NOTICE: RESPONSE: 400 - {"code":"705","message":"RabbitMQ: response with Id [02f60731-f9f6-4137-bbf6-aa03e63d482d] hasn't been received for timeout 30000 ms.","description":null,"httpStatusCode":400,"uiMessage":null,"isIntegrationError":null}  
[2021-10-05 14:22:59] log.INFO: GET https://card.iiko.co.uk/api/0/auth/access_token?user_id=apiPUC&user_secret=4L97Z2Abde HTTP/1.1  
[2021-10-05 14:22:59] log.INFO: HEADERS: GET /api/0/auth/access_token?user_id=apiPUC&user_secret=4L97Z2Abde HTTP/1.1 User-Agent: GuzzleHttp/6.5.5 curl/7.71.0 PHP/7.4.24 Host: card.iiko.co.uk  
[2021-10-05 14:22:59] log.INFO: BODY:   
[2021-10-05 14:22:59] log.INFO: RESPONSE: 200 - "AQ_Ak8i_ruvFI9L6egTvG4BV9G6SbtGshgJc-aJDTKJpIi6VllxFxqqGqlQZoqAhdgWhBgkiofk1-EZfurHT0Q2"  
[2021-10-05 14:22:59] log.INFO: GET https://card.iiko.co.uk/api/0/organization/list?access_token=AQ_Ak8i_ruvFI9L6egTvG4BV9G6SbtGshgJc-aJDTKJpIi6VllxFxqqGqlQZoqAhdgWhBgkiofk1-EZfurHT0Q2 HTTP/1.1  
[2021-10-05 14:22:59] log.INFO: HEADERS: GET /api/0/organization/list?access_token=AQ_Ak8i_ruvFI9L6egTvG4BV9G6SbtGshgJc-aJDTKJpIi6VllxFxqqGqlQZoqAhdgWhBgkiofk1-EZfurHT0Q2 HTTP/1.1 User-Agent: GuzzleHttp/6.5.5 curl/7.71.0 PHP/7.4.24 Host: card.iiko.co.uk  
[2021-10-05 14:22:59] log.INFO: BODY:   
[2021-10-05 14:22:59] log.INFO: RESPONSE: 200 - [{"address":"г. Харьков пер. Плехановский 4","averageCheque":null,"contact":{"email":"dlxdate@gmail.com","location":"г. Харьков пер. Плехановский 4","phone":null},"currencyIsoName":"UAH","description":"PUC","fullName":"PUC","homePage":null,"id":"e3620000-7b0f-0696-02ac-08d88706a5b9","isActive":true,"latitude":null,"logo":null,"logoImage":null,"longitude":null,"maxBonus":0,"minBonus":0,"name":"PUC","networkId":null,"organizationType":0,"phone":null,"timezone":"Russian Standard Time","website":null,"workTime":null}]  
[2021-10-05 14:22:59] log.INFO: POST https://card.iiko.co.uk/api/0/orders/checkCreate?access_token=AQ_Ak8i_ruvFI9L6egTvG4BV9G6SbtGshgJc-aJDTKJpIi6VllxFxqqGqlQZoqAhdgWhBgkiofk1-EZfurHT0Q2 HTTP/1.1  
[2021-10-05 14:22:59] log.INFO: HEADERS: POST /api/0/orders/checkCreate?access_token=AQ_Ak8i_ruvFI9L6egTvG4BV9G6SbtGshgJc-aJDTKJpIi6VllxFxqqGqlQZoqAhdgWhBgkiofk1-EZfurHT0Q2 HTTP/1.1 User-Agent: GuzzleHttp/6.5.5 curl/7.71.0 PHP/7.4.24 Host: card.iiko.co.uk Content-Type: application/json  
[2021-10-05 14:22:59] log.INFO: BODY: {"organization":"e3620000-7b0f-0696-02ac-08d88706a5b9","customer":{"name":"Александра","phone":"+380500105711"},"order":{"date":null,"items":[{"id":"889309ea-1611-4415-b82d-a211742e8a00","code":"00137","amount":1,"sum":30},{"id":"53f0780e-0789-44c5-8d84-549652224531","code":"00115","amount":1,"sum":439}],"phone":"+380500105711","customerName":"Александра","comment":"пепси холодную","address":{"city":"Харьков","street":"Героев Труда","home":"4","floor":"10","apartment":"84"}},"coupon":null}  
[2021-10-05 14:22:59] log.INFO: RESPONSE: 200 - {"deliveryRestriction":null,"problem":null,"resultState":0,"deliveryDurationInMinutes":120,"deliveryServiceProductInfo":null}  
[2021-10-05 14:24:30] log.INFO: GET https://card.iiko.co.uk/api/0/auth/access_token?user_id=apiPUC&user_secret=4L97Z2Abde HTTP/1.1  
[2021-10-05 14:24:30] log.INFO: HEADERS: GET /api/0/auth/access_token?user_id=apiPUC&user_secret=4L97Z2Abde HTTP/1.1 User-Agent: GuzzleHttp/6.5.5 curl/7.71.0 PHP/7.4.24 Host: card.iiko.co.uk  
[2021-10-05 14:24:30] log.INFO: BODY:   
[2021-10-05 14:24:30] log.INFO: RESPONSE: 200 - "AQ_Ak8i_ruvFI9L6egTvG-PkrimeA6kqR_RVbWf9IWbvf6Vmtgr-MWmLr5e7CHowtJVBqvMrZL2JfC5Hsl6wpQ2"  
[2021-10-05 14:24:30] log.INFO: GET https://card.iiko.co.uk/api/0/organization/list?access_token=AQ_Ak8i_ruvFI9L6egTvG-PkrimeA6kqR_RVbWf9IWbvf6Vmtgr-MWmLr5e7CHowtJVBqvMrZL2JfC5Hsl6wpQ2 HTTP/1.1  
[2021-10-05 14:24:30] log.INFO: HEADERS: GET /api/0/organization/list?access_token=AQ_Ak8i_ruvFI9L6egTvG-PkrimeA6kqR_RVbWf9IWbvf6Vmtgr-MWmLr5e7CHowtJVBqvMrZL2JfC5Hsl6wpQ2 HTTP/1.1 User-Agent: GuzzleHttp/6.5.5 curl/7.71.0 PHP/7.4.24 Host: card.iiko.co.uk  
[2021-10-05 14:24:30] log.INFO: BODY:   
[2021-10-05 14:24:30] log.INFO: RESPONSE: 200 - [{"address":"г. Харьков пер. Плехановский 4","averageCheque":null,"contact":{"email":"dlxdate@gmail.com","location":"г. Харьков пер. Плехановский 4","phone":null},"currencyIsoName":"UAH","description":"PUC","fullName":"PUC","homePage":null,"id":"e3620000-7b0f-0696-02ac-08d88706a5b9","isActive":true,"latitude":null,"logo":null,"logoImage":null,"longitude":null,"maxBonus":0,"minBonus":0,"name":"PUC","networkId":null,"organizationType":0,"phone":null,"timezone":"Russian Standard Time","website":null,"workTime":null}]  
[2021-10-05 14:25:00] log.NOTICE: POST https://card.iiko.co.uk/api/0/orders/add?access_token=AQ_Ak8i_ruvFI9L6egTvG-PkrimeA6kqR_RVbWf9IWbvf6Vmtgr-MWmLr5e7CHowtJVBqvMrZL2JfC5Hsl6wpQ2 HTTP/1.1  
[2021-10-05 14:25:00] log.NOTICE: HEADERS: POST /api/0/orders/add?access_token=AQ_Ak8i_ruvFI9L6egTvG-PkrimeA6kqR_RVbWf9IWbvf6Vmtgr-MWmLr5e7CHowtJVBqvMrZL2JfC5Hsl6wpQ2 HTTP/1.1 User-Agent: GuzzleHttp/6.5.5 curl/7.71.0 PHP/7.4.24 Host: card.iiko.co.uk Content-Type: application/json  
[2021-10-05 14:25:00] log.NOTICE: BODY: {"organization":"e3620000-7b0f-0696-02ac-08d88706a5b9","customer":{"name":"Александра","phone":"+380500105711"},"order":{"date":null,"items":[],"phone":"+380500105711","customerName":"Александра","comment":"пепси холодную","address":{"city":"Харьков","street":"Героев Труда","home":"4","floor":"10","apartment":"84"},"paymentItems":[{"paymentType":{"code":"VISA"},"sum":"469.00","isProcessedExternally":true,"isExternal":true,"additionalData":"Оплата успешна #1784356985"}]},"coupon":null}  
[2021-10-05 14:25:00] log.NOTICE: RESPONSE: 400 - {"code":"705","message":"RabbitMQ: response with Id [1e7c8039-3092-4ac8-86d4-8847c9e506d5] hasn't been received for timeout 30000 ms.","description":null,"httpStatusCode":400,"uiMessage":null,"isIntegrationError":null}  
[2021-10-05 14:53:50] log.INFO: GET https://card.iiko.co.uk/api/0/auth/access_token?user_id=apiPUC&user_secret=4L97Z2Abde HTTP/1.1  
[2021-10-05 14:53:50] log.INFO: HEADERS: GET /api/0/auth/access_token?user_id=apiPUC&user_secret=4L97Z2Abde HTTP/1.1 User-Agent: GuzzleHttp/6.5.5 curl/7.71.0 PHP/7.4.24 Host: card.iiko.co.uk  
[2021-10-05 14:53:50] log.INFO: BODY:   
[2021-10-05 14:53:50] log.INFO: RESPONSE: 200 - "AQ_Ak8i_ruvFI9L6egTvG9jFhPxyYS8IPEKSJsfzNJ1G9uAUdCopuwFzYDlL8L8oTKIQp11UvtkvgQchzBJseQ2"  
[2021-10-05 14:53:50] log.INFO: GET https://card.iiko.co.uk/api/0/organization/list?access_token=AQ_Ak8i_ruvFI9L6egTvG9jFhPxyYS8IPEKSJsfzNJ1G9uAUdCopuwFzYDlL8L8oTKIQp11UvtkvgQchzBJseQ2 HTTP/1.1  
[2021-10-05 14:53:50] log.INFO: HEADERS: GET /api/0/organization/list?access_token=AQ_Ak8i_ruvFI9L6egTvG9jFhPxyYS8IPEKSJsfzNJ1G9uAUdCopuwFzYDlL8L8oTKIQp11UvtkvgQchzBJseQ2 HTTP/1.1 User-Agent: GuzzleHttp/6.5.5 curl/7.71.0 PHP/7.4.24 Host: card.iiko.co.uk  
[2021-10-05 14:53:50] log.INFO: BODY:   
[2021-10-05 14:53:50] log.INFO: RESPONSE: 200 - [{"address":"г. Харьков пер. Плехановский 4","averageCheque":null,"contact":{"email":"dlxdate@gmail.com","location":"г. Харьков пер. Плехановский 4","phone":null},"currencyIsoName":"UAH","description":"PUC","fullName":"PUC","homePage":null,"id":"e3620000-7b0f-0696-02ac-08d88706a5b9","isActive":true,"latitude":null,"logo":null,"logoImage":null,"longitude":null,"maxBonus":0,"minBonus":0,"name":"PUC","networkId":null,"organizationType":0,"phone":null,"timezone":"Russian Standard Time","website":null,"workTime":null}]  
[2021-10-05 14:53:50] log.INFO: Server 5xx error encountered, retrying...  
[2021-10-05 14:53:51] log.NOTICE: POST https://card.iiko.co.uk/api/0/orders/add?access_token=AQ_Ak8i_ruvFI9L6egTvG9jFhPxyYS8IPEKSJsfzNJ1G9uAUdCopuwFzYDlL8L8oTKIQp11UvtkvgQchzBJseQ2 HTTP/1.1  
[2021-10-05 14:53:51] log.NOTICE: HEADERS: POST /api/0/orders/add?access_token=AQ_Ak8i_ruvFI9L6egTvG9jFhPxyYS8IPEKSJsfzNJ1G9uAUdCopuwFzYDlL8L8oTKIQp11UvtkvgQchzBJseQ2 HTTP/1.1 User-Agent: GuzzleHttp/6.5.5 curl/7.71.0 PHP/7.4.24 Host: card.iiko.co.uk Content-Type: application/json  
[2021-10-05 14:53:51] log.NOTICE: BODY: {"organization":"e3620000-7b0f-0696-02ac-08d88706a5b9","customer":{"name":"Анита","phone":"+380952116785"},"order":{"date":"2021-10-02 23:32:30","items":[],"phone":"+380952116785","customerName":"Анита","comment":null,"address":{"city":"Харьков","street":"Славянская","home":"4а","floor":"3","apartment":"44"},"paymentItems":[{"paymentType":{"code":"VISA"},"sum":"288.00","isProcessedExternally":true,"isExternal":true,"additionalData":"Оплата успешна #1781836189"}]},"coupon":null}  
[2021-10-05 14:53:51] log.NOTICE: RESPONSE: 500 - {"code":"100","message":"DeliveryOrderItems: Items collections is empty","description":"Cannot create/change the order without items.","httpStatusCode":500,"uiMessage":null,"isIntegrationError":null}  
[2021-10-05 16:15:12] log.INFO: GET https://card.iiko.co.uk/api/0/auth/access_token?user_id=apiPUC&user_secret=4L97Z2Abde HTTP/1.1  
[2021-10-05 16:15:12] log.INFO: HEADERS: GET /api/0/auth/access_token?user_id=apiPUC&user_secret=4L97Z2Abde HTTP/1.1 User-Agent: GuzzleHttp/6.5.5 curl/7.71.0 PHP/7.4.24 Host: card.iiko.co.uk  
[2021-10-05 16:15:12] log.INFO: BODY:   
[2021-10-05 16:15:12] log.INFO: RESPONSE: 200 - "AQ_Ak8i_ruvFI9L6egTvG5Ot_7zZro3_iWpSOuqp4aHlpNNaAn9WM5XXJ5aNaJqvfDd56qONtxeB9qTah9t4eA2"  
[2021-10-05 16:15:12] log.INFO: GET https://card.iiko.co.uk/api/0/organization/list?access_token=AQ_Ak8i_ruvFI9L6egTvG5Ot_7zZro3_iWpSOuqp4aHlpNNaAn9WM5XXJ5aNaJqvfDd56qONtxeB9qTah9t4eA2 HTTP/1.1  
[2021-10-05 16:15:12] log.INFO: HEADERS: GET /api/0/organization/list?access_token=AQ_Ak8i_ruvFI9L6egTvG5Ot_7zZro3_iWpSOuqp4aHlpNNaAn9WM5XXJ5aNaJqvfDd56qONtxeB9qTah9t4eA2 HTTP/1.1 User-Agent: GuzzleHttp/6.5.5 curl/7.71.0 PHP/7.4.24 Host: card.iiko.co.uk  
[2021-10-05 16:15:12] log.INFO: BODY:   
[2021-10-05 16:15:12] log.INFO: RESPONSE: 200 - [{"address":"г. Харьков пер. Плехановский 4","averageCheque":null,"contact":{"email":"dlxdate@gmail.com","location":"г. Харьков пер. Плехановский 4","phone":null},"currencyIsoName":"UAH","description":"PUC","fullName":"PUC","homePage":null,"id":"e3620000-7b0f-0696-02ac-08d88706a5b9","isActive":true,"latitude":null,"logo":null,"logoImage":null,"longitude":null,"maxBonus":0,"minBonus":0,"name":"PUC","networkId":null,"organizationType":0,"phone":null,"timezone":"Russian Standard Time","website":null,"workTime":null}]  
[2021-10-05 16:15:12] log.INFO: POST https://card.iiko.co.uk/api/0/orders/checkCreate?access_token=AQ_Ak8i_ruvFI9L6egTvG5Ot_7zZro3_iWpSOuqp4aHlpNNaAn9WM5XXJ5aNaJqvfDd56qONtxeB9qTah9t4eA2 HTTP/1.1  
[2021-10-05 16:15:12] log.INFO: HEADERS: POST /api/0/orders/checkCreate?access_token=AQ_Ak8i_ruvFI9L6egTvG5Ot_7zZro3_iWpSOuqp4aHlpNNaAn9WM5XXJ5aNaJqvfDd56qONtxeB9qTah9t4eA2 HTTP/1.1 User-Agent: GuzzleHttp/6.5.5 curl/7.71.0 PHP/7.4.24 Host: card.iiko.co.uk Content-Type: application/json  
[2021-10-05 16:15:12] log.INFO: BODY: {"organization":"e3620000-7b0f-0696-02ac-08d88706a5b9","customer":{"name":"Анна","phone":"+380678080202"},"order":{"date":null,"items":[{"id":"b664ac1f-612c-4e0f-ba86-3faac601b493","code":"00261","amount":1,"sum":599}],"phone":"+380678080202","customerName":"Анна","comment":null,"address":{"city":"Харьков","street":"Василя Мельникова","home":"9\/14","floor":null,"apartment":null}},"coupon":null}  
[2021-10-05 16:15:12] log.INFO: RESPONSE: 200 - {"deliveryRestriction":null,"problem":null,"resultState":0,"deliveryDurationInMinutes":120,"deliveryServiceProductInfo":null}  
[2021-10-05 16:15:13] log.INFO: POST https://card.iiko.co.uk/api/0/orders/add?access_token=AQ_Ak8i_ruvFI9L6egTvG5Ot_7zZro3_iWpSOuqp4aHlpNNaAn9WM5XXJ5aNaJqvfDd56qONtxeB9qTah9t4eA2 HTTP/1.1  
[2021-10-05 16:15:13] log.INFO: HEADERS: POST /api/0/orders/add?access_token=AQ_Ak8i_ruvFI9L6egTvG5Ot_7zZro3_iWpSOuqp4aHlpNNaAn9WM5XXJ5aNaJqvfDd56qONtxeB9qTah9t4eA2 HTTP/1.1 User-Agent: GuzzleHttp/6.5.5 curl/7.71.0 PHP/7.4.24 Host: card.iiko.co.uk Content-Type: application/json  
[2021-10-05 16:15:13] log.INFO: BODY: {"organization":"e3620000-7b0f-0696-02ac-08d88706a5b9","customer":{"name":"Анна","phone":"+380678080202"},"order":{"date":null,"items":[{"id":"b664ac1f-612c-4e0f-ba86-3faac601b493","code":"00261","amount":1,"sum":599}],"phone":"+380678080202","customerName":"Анна","comment":null,"address":{"city":"Харьков","street":"Василя Мельникова","home":"9\/14","floor":null,"apartment":null},"paymentItems":[{"paymentType":{"code":"CASH"},"sum":599,"isProcessedExternally":false}]},"coupon":null}  
[2021-10-05 16:15:13] log.INFO: RESPONSE: 200 - {"customer":{"sex":0,"id":"4cd5fec1-53a9-4be5-8b53-c9276a315b85","externalId":"b2320000-3838-06a2-81c6-08d985a42c47","name":"Анна","surName":"","nick":"","comment":"","phone":"+380678080202","additionalPhones":[],"addresses":[],"cultureName":null,"birthday":null,"email":null,"middleName":null,"shouldReceivePromoActionsInfo":true,"counteragentInfo":null},"orderId":"aff6e4e5-2be8-4a16-a17d-3e5eb391b0fb","customerId":"4cd5fec1-53a9-4be5-8b53-c9276a315b85","movedDeliveryId":null,"customerName":"Анна","customerPhone":"+380678080202","address":{"city":"Харьков","street":"----------","streetId":"f8aaf1ec-8f46-907f-9357-e4c27bab5f78","streetClassifierId":null,"index":"","home":"9/14","housing":null,"apartment":null,"entrance":null,"floor":null,"doorphone":null,"comment":"Харьков Василя Мельникова 9/14","regionId":null,"externalCartographyId":null},"restaurantId":"e3620000-7b0f-0696-02ac-08d88706a5b9","organization":"e3620000-7b0f-0696-02ac-08d88706a5b9","sum":599.00,"discount":0.0,"number":"96368","status":"New","statusCode":"NEW","deliveryCancelCause":null,"deliveryCancelComment":null,"courierInfo":null,"orderLocationInfo":null,"deliveryDate":"2021-10-05 18:15:13","actualTime":null,"billTime":null,"cancelTime":null,"closeTime":null,"confirmTime":"2021-10-05 16:15:13","createdTime":"2021-10-05 16:15:13","printTime":null,"sendTime":null,"comment":null,"problem":{"hasProblem":true,"problem":"Processing error: failed to find the street. Василя Мельникова  in city Харьков"},"operator":null,"conception":null,"marketingSource":null,"durationInMinutes":120,"personsCount":1,"splitBetweenPersons":false,"items":[{"id":"b664ac1f-612c-4e0f-ba86-3faac601b493","orderItemId":"00000000-0000-0000-0000-000000000000","code":"00261","name":"Сакура new","category":null,"amount":1.0,"size":null,"modifiers":[],"sum":599.00,"comment":null,"guestId":"25cfff86-1e16-44a0-017c-507a0a1702d7","comboInformation":null}],"guests":[{"id":"25cfff86-1e16-44a0-017c-507a0a1702d7","name":"Анна"}],"payments":[{"sum":599.0,"paymentType":{"id":"09322f46-578a-d210-add7-eec222a08871","code":"CASH","name":"Cash","comment":null,"combinable":true,"externalRevision":0,"applicableMarketingCampaigns":null,"deleted":false},"additionalData":null,"isProcessedExternally":false,"isPreliminary":false,"isExternal":true,"chequeAdditionalInfo":null,"organizationDetailsInfo":null,"isFiscalizedExternally":false}],"orderType":{"id":"76067ea3-356f-eb93-9d14-1fa00d082c4e","name":"Delivery","orderServiceType":"DELIVERY_BY_COURIER","externalRevision":0},"deliveryTerminal":{"deliveryTerminalId":"04c0024c-936e-8297-0175-b2d1e47b3eee","crmId":"220422","restaurantName":"My restaurant: Основная группа","groupName":"My restaurant: Основная группа","externalRevision":639349,"technicalInformation":null,"address":null,"protocolVersion":1},"discounts":[],"iikoCard5Coupon":null,"customData":null,"opinion":{"organization":null,"deliveryId":"aff6e4e5-2be8-4a16-a17d-3e5eb391b0fb","comment":null,"marks":[]},"referrerId":null}  
[2021-10-05 17:14:30] log.INFO: GET https://card.iiko.co.uk/api/0/auth/access_token?user_id=apiPUC&user_secret=4L97Z2Abde HTTP/1.1  
[2021-10-05 17:14:30] log.INFO: HEADERS: GET /api/0/auth/access_token?user_id=apiPUC&user_secret=4L97Z2Abde HTTP/1.1 User-Agent: GuzzleHttp/6.5.5 curl/7.71.0 PHP/7.4.24 Host: card.iiko.co.uk  
[2021-10-05 17:14:30] log.INFO: BODY:   
[2021-10-05 17:14:30] log.INFO: RESPONSE: 200 - "AQ_Ak8i_ruvFI9L6egTvGwZpUk_tBDYYRVwIqKd4mD67NyubL5QRoGPy-sagGBQezJ_wX2svUpNPndM4FmH_mQ2"  
[2021-10-05 17:14:30] log.INFO: GET https://card.iiko.co.uk/api/0/organization/list?access_token=AQ_Ak8i_ruvFI9L6egTvGwZpUk_tBDYYRVwIqKd4mD67NyubL5QRoGPy-sagGBQezJ_wX2svUpNPndM4FmH_mQ2 HTTP/1.1  
[2021-10-05 17:14:30] log.INFO: HEADERS: GET /api/0/organization/list?access_token=AQ_Ak8i_ruvFI9L6egTvGwZpUk_tBDYYRVwIqKd4mD67NyubL5QRoGPy-sagGBQezJ_wX2svUpNPndM4FmH_mQ2 HTTP/1.1 User-Agent: GuzzleHttp/6.5.5 curl/7.71.0 PHP/7.4.24 Host: card.iiko.co.uk  
[2021-10-05 17:14:30] log.INFO: BODY:   
[2021-10-05 17:14:30] log.INFO: RESPONSE: 200 - [{"address":"г. Харьков пер. Плехановский 4","averageCheque":null,"contact":{"email":"dlxdate@gmail.com","location":"г. Харьков пер. Плехановский 4","phone":null},"currencyIsoName":"UAH","description":"PUC","fullName":"PUC","homePage":null,"id":"e3620000-7b0f-0696-02ac-08d88706a5b9","isActive":true,"latitude":null,"logo":null,"logoImage":null,"longitude":null,"maxBonus":0,"minBonus":0,"name":"PUC","networkId":null,"organizationType":0,"phone":null,"timezone":"Russian Standard Time","website":null,"workTime":null}]  
[2021-10-05 17:14:31] log.INFO: POST https://card.iiko.co.uk/api/0/orders/checkCreate?access_token=AQ_Ak8i_ruvFI9L6egTvGwZpUk_tBDYYRVwIqKd4mD67NyubL5QRoGPy-sagGBQezJ_wX2svUpNPndM4FmH_mQ2 HTTP/1.1  
[2021-10-05 17:14:31] log.INFO: HEADERS: POST /api/0/orders/checkCreate?access_token=AQ_Ak8i_ruvFI9L6egTvGwZpUk_tBDYYRVwIqKd4mD67NyubL5QRoGPy-sagGBQezJ_wX2svUpNPndM4FmH_mQ2 HTTP/1.1 User-Agent: GuzzleHttp/6.5.5 curl/7.71.0 PHP/7.4.24 Host: card.iiko.co.uk Content-Type: application/json  
[2021-10-05 17:14:31] log.INFO: BODY: {"organization":"e3620000-7b0f-0696-02ac-08d88706a5b9","customer":{"name":"Татьяна","phone":"+380632250617"},"order":{"date":null,"items":[{"id":"537a2e24-84e0-40be-b083-287b27f61980","code":"00170","amount":1,"sum":439}],"phone":"+380632250617","customerName":"Татьяна","comment":null,"isSelfService":true},"coupon":null}  
[2021-10-05 17:14:31] log.INFO: RESPONSE: 200 - {"deliveryRestriction":null,"problem":null,"resultState":0,"deliveryDurationInMinutes":30,"deliveryServiceProductInfo":null}  
[2021-10-05 17:17:08] log.INFO: GET https://card.iiko.co.uk/api/0/auth/access_token?user_id=apiPUC&user_secret=4L97Z2Abde HTTP/1.1  
[2021-10-05 17:17:08] log.INFO: HEADERS: GET /api/0/auth/access_token?user_id=apiPUC&user_secret=4L97Z2Abde HTTP/1.1 User-Agent: GuzzleHttp/6.5.5 curl/7.71.0 PHP/7.4.24 Host: card.iiko.co.uk  
[2021-10-05 17:17:08] log.INFO: BODY:   
[2021-10-05 17:17:08] log.INFO: RESPONSE: 200 - "AQ_Ak8i_ruvFI9L6egTvGyDZsybWvfuV1sRlj-NgzXFGBWSxSMlvgGKUxIsuH3OUHheloGrKJpx6K9801PLcnw2"  
[2021-10-05 17:17:08] log.INFO: GET https://card.iiko.co.uk/api/0/organization/list?access_token=AQ_Ak8i_ruvFI9L6egTvGyDZsybWvfuV1sRlj-NgzXFGBWSxSMlvgGKUxIsuH3OUHheloGrKJpx6K9801PLcnw2 HTTP/1.1  
[2021-10-05 17:17:08] log.INFO: HEADERS: GET /api/0/organization/list?access_token=AQ_Ak8i_ruvFI9L6egTvGyDZsybWvfuV1sRlj-NgzXFGBWSxSMlvgGKUxIsuH3OUHheloGrKJpx6K9801PLcnw2 HTTP/1.1 User-Agent: GuzzleHttp/6.5.5 curl/7.71.0 PHP/7.4.24 Host: card.iiko.co.uk  
[2021-10-05 17:17:08] log.INFO: BODY:   
[2021-10-05 17:17:08] log.INFO: RESPONSE: 200 - [{"address":"г. Харьков пер. Плехановский 4","averageCheque":null,"contact":{"email":"dlxdate@gmail.com","location":"г. Харьков пер. Плехановский 4","phone":null},"currencyIsoName":"UAH","description":"PUC","fullName":"PUC","homePage":null,"id":"e3620000-7b0f-0696-02ac-08d88706a5b9","isActive":true,"latitude":null,"logo":null,"logoImage":null,"longitude":null,"maxBonus":0,"minBonus":0,"name":"PUC","networkId":null,"organizationType":0,"phone":null,"timezone":"Russian Standard Time","website":null,"workTime":null}]  
[2021-10-05 17:17:09] log.INFO: POST https://card.iiko.co.uk/api/0/orders/checkCreate?access_token=AQ_Ak8i_ruvFI9L6egTvGyDZsybWvfuV1sRlj-NgzXFGBWSxSMlvgGKUxIsuH3OUHheloGrKJpx6K9801PLcnw2 HTTP/1.1  
[2021-10-05 17:17:09] log.INFO: HEADERS: POST /api/0/orders/checkCreate?access_token=AQ_Ak8i_ruvFI9L6egTvGyDZsybWvfuV1sRlj-NgzXFGBWSxSMlvgGKUxIsuH3OUHheloGrKJpx6K9801PLcnw2 HTTP/1.1 User-Agent: GuzzleHttp/6.5.5 curl/7.71.0 PHP/7.4.24 Host: card.iiko.co.uk Content-Type: application/json  
[2021-10-05 17:17:09] log.INFO: BODY: {"organization":"e3620000-7b0f-0696-02ac-08d88706a5b9","customer":{"name":"Татьяна","phone":"+380632250617"},"order":{"date":null,"items":[{"id":"537a2e24-84e0-40be-b083-287b27f61980","code":"00170","amount":1,"sum":439}],"phone":"+380632250617","customerName":"Татьяна","comment":null,"isSelfService":true},"coupon":null}  
[2021-10-05 17:17:09] log.INFO: RESPONSE: 200 - {"deliveryRestriction":null,"problem":null,"resultState":0,"deliveryDurationInMinutes":30,"deliveryServiceProductInfo":null}  
[2021-10-05 17:19:32] log.INFO: GET https://card.iiko.co.uk/api/0/auth/access_token?user_id=apiPUC&user_secret=4L97Z2Abde HTTP/1.1  
[2021-10-05 17:19:32] log.INFO: HEADERS: GET /api/0/auth/access_token?user_id=apiPUC&user_secret=4L97Z2Abde HTTP/1.1 User-Agent: GuzzleHttp/6.5.5 curl/7.71.0 PHP/7.4.24 Host: card.iiko.co.uk  
[2021-10-05 17:19:32] log.INFO: BODY:   
[2021-10-05 17:19:32] log.INFO: RESPONSE: 200 - "AQ_Ak8i_ruvFI9L6egTvG2Mc4QZJWujDP64GYLfodf2OEqUWYHnDrxMWi7eJkUgs0zyRS9Q_IHohSp8T4CviNQ2"  
[2021-10-05 17:19:32] log.INFO: GET https://card.iiko.co.uk/api/0/organization/list?access_token=AQ_Ak8i_ruvFI9L6egTvG2Mc4QZJWujDP64GYLfodf2OEqUWYHnDrxMWi7eJkUgs0zyRS9Q_IHohSp8T4CviNQ2 HTTP/1.1  
[2021-10-05 17:19:32] log.INFO: HEADERS: GET /api/0/organization/list?access_token=AQ_Ak8i_ruvFI9L6egTvG2Mc4QZJWujDP64GYLfodf2OEqUWYHnDrxMWi7eJkUgs0zyRS9Q_IHohSp8T4CviNQ2 HTTP/1.1 User-Agent: GuzzleHttp/6.5.5 curl/7.71.0 PHP/7.4.24 Host: card.iiko.co.uk  
[2021-10-05 17:19:32] log.INFO: BODY:   
[2021-10-05 17:19:32] log.INFO: RESPONSE: 200 - [{"address":"г. Харьков пер. Плехановский 4","averageCheque":null,"contact":{"email":"dlxdate@gmail.com","location":"г. Харьков пер. Плехановский 4","phone":null},"currencyIsoName":"UAH","description":"PUC","fullName":"PUC","homePage":null,"id":"e3620000-7b0f-0696-02ac-08d88706a5b9","isActive":true,"latitude":null,"logo":null,"logoImage":null,"longitude":null,"maxBonus":0,"minBonus":0,"name":"PUC","networkId":null,"organizationType":0,"phone":null,"timezone":"Russian Standard Time","website":null,"workTime":null}]  
[2021-10-05 17:19:33] log.INFO: POST https://card.iiko.co.uk/api/0/orders/add?access_token=AQ_Ak8i_ruvFI9L6egTvG2Mc4QZJWujDP64GYLfodf2OEqUWYHnDrxMWi7eJkUgs0zyRS9Q_IHohSp8T4CviNQ2 HTTP/1.1  
[2021-10-05 17:19:33] log.INFO: HEADERS: POST /api/0/orders/add?access_token=AQ_Ak8i_ruvFI9L6egTvG2Mc4QZJWujDP64GYLfodf2OEqUWYHnDrxMWi7eJkUgs0zyRS9Q_IHohSp8T4CviNQ2 HTTP/1.1 User-Agent: GuzzleHttp/6.5.5 curl/7.71.0 PHP/7.4.24 Host: card.iiko.co.uk Content-Type: application/json  
[2021-10-05 17:19:33] log.INFO: BODY: {"organization":"e3620000-7b0f-0696-02ac-08d88706a5b9","customer":{"name":"Татьяна","phone":"+380632250617"},"order":{"date":null,"items":[{"id":"537a2e24-84e0-40be-b083-287b27f61980","code":"00170","amount":1,"sum":439}],"phone":"+380632250617","customerName":"Татьяна","comment":null,"isSelfService":true,"discountCardTypeId":"1b479511-ca7f-4df8-9d64-3dd33b6c00e8","paymentItems":[{"paymentType":{"code":"VISA"},"sum":"395.00","isProcessedExternally":true,"isExternal":true,"additionalData":"Оплата успешна #1784526749"}]},"coupon":null}  
[2021-10-05 17:19:33] log.INFO: RESPONSE: 200 - {"customer":{"sex":0,"id":"67f5e720-2012-4b85-826d-c170f315d003","externalId":"e3620000-7b0f-0696-78da-08d972d6bef5","name":"Татьяна","surName":"","nick":"","comment":"","phone":"+380632250617","additionalPhones":[],"addresses":[],"cultureName":null,"birthday":null,"email":null,"middleName":null,"shouldReceivePromoActionsInfo":true,"counteragentInfo":null},"orderId":"13cfdd83-a771-4a99-878d-8f9bd12a5252","customerId":"67f5e720-2012-4b85-826d-c170f315d003","movedDeliveryId":null,"customerName":"Татьяна","customerPhone":"+380632250617","address":null,"restaurantId":"e3620000-7b0f-0696-02ac-08d88706a5b9","organization":"e3620000-7b0f-0696-02ac-08d88706a5b9","sum":395.10,"discount":43.90,"number":"42149","status":"New","statusCode":"NEW","deliveryCancelCause":null,"deliveryCancelComment":null,"courierInfo":null,"orderLocationInfo":null,"deliveryDate":"2021-10-05 17:49:33","actualTime":null,"billTime":null,"cancelTime":null,"closeTime":null,"confirmTime":"2021-10-05 17:19:33","createdTime":"2021-10-05 17:19:33","printTime":null,"sendTime":null,"comment":null,"problem":null,"operator":null,"conception":null,"marketingSource":null,"durationInMinutes":30,"personsCount":1,"splitBetweenPersons":false,"items":[{"id":"537a2e24-84e0-40be-b083-287b27f61980","orderItemId":"00000000-0000-0000-0000-000000000000","code":"00170","name":"Ханой","category":null,"amount":1.0,"size":null,"modifiers":[],"sum":439.00,"comment":null,"guestId":"25cfff86-1e16-44a0-017c-507a0a170787","comboInformation":null}],"guests":[{"id":"25cfff86-1e16-44a0-017c-507a0a170787","name":"Татьяна"}],"payments":[{"sum":395.00,"paymentType":{"id":"e46b4e6c-10d5-a739-8fb1-b6674d1e65e7","code":"VISA","name":"Банковские карты","comment":"","combinable":true,"externalRevision":36438,"applicableMarketingCampaigns":null,"deleted":false},"additionalData":"Оплата успешна #1784526749","isProcessedExternally":true,"isPreliminary":false,"isExternal":true,"chequeAdditionalInfo":null,"organizationDetailsInfo":null,"isFiscalizedExternally":false}],"orderType":{"id":"5b1508f9-fe5b-d6af-cb8d-043af587d5c2","name":"Collection","orderServiceType":"DELIVERY_PICKUP","externalRevision":0},"deliveryTerminal":{"deliveryTerminalId":"04c0024c-936e-8297-0175-b2d1e47b3eee","crmId":"220422","restaurantName":"My restaurant: Основная группа","groupName":"My restaurant: Основная группа","externalRevision":639349,"technicalInformation":null,"address":null,"protocolVersion":1},"discounts":[{"discountCardTypeId":"1b479511-ca7f-4df8-9d64-3dd33b6c00e8","discountCardSlip":null,"discountOrIncreaseSum":43.90}],"iikoCard5Coupon":null,"customData":null,"opinion":{"organization":null,"deliveryId":"13cfdd83-a771-4a99-878d-8f9bd12a5252","comment":null,"marks":[]},"referrerId":null}  
[2021-10-05 17:40:01] log.INFO: GET https://card.iiko.co.uk/api/0/auth/access_token?user_id=apiPUC&user_secret=4L97Z2Abde HTTP/1.1  
[2021-10-05 17:40:01] log.INFO: HEADERS: GET /api/0/auth/access_token?user_id=apiPUC&user_secret=4L97Z2Abde HTTP/1.1 User-Agent: GuzzleHttp/6.5.5 curl/7.71.0 PHP/7.4.24 Host: card.iiko.co.uk  
[2021-10-05 17:40:01] log.INFO: BODY:   
[2021-10-05 17:40:01] log.INFO: RESPONSE: 200 - "AQ_Ak8i_ruvFI9L6egTvGy6eQXuGomKHTfBkAoPKnKOlof-snyynd8Wm0te-E4cqSdgsZy-zqfmmjEY3J7gQyw2"  
[2021-10-05 17:40:01] log.INFO: GET https://card.iiko.co.uk/api/0/organization/list?access_token=AQ_Ak8i_ruvFI9L6egTvGy6eQXuGomKHTfBkAoPKnKOlof-snyynd8Wm0te-E4cqSdgsZy-zqfmmjEY3J7gQyw2 HTTP/1.1  
[2021-10-05 17:40:01] log.INFO: HEADERS: GET /api/0/organization/list?access_token=AQ_Ak8i_ruvFI9L6egTvGy6eQXuGomKHTfBkAoPKnKOlof-snyynd8Wm0te-E4cqSdgsZy-zqfmmjEY3J7gQyw2 HTTP/1.1 User-Agent: GuzzleHttp/6.5.5 curl/7.71.0 PHP/7.4.24 Host: card.iiko.co.uk  
[2021-10-05 17:40:01] log.INFO: BODY:   
[2021-10-05 17:40:01] log.INFO: RESPONSE: 200 - [{"address":"г. Харьков пер. Плехановский 4","averageCheque":null,"contact":{"email":"dlxdate@gmail.com","location":"г. Харьков пер. Плехановский 4","phone":null},"currencyIsoName":"UAH","description":"PUC","fullName":"PUC","homePage":null,"id":"e3620000-7b0f-0696-02ac-08d88706a5b9","isActive":true,"latitude":null,"logo":null,"logoImage":null,"longitude":null,"maxBonus":0,"minBonus":0,"name":"PUC","networkId":null,"organizationType":0,"phone":null,"timezone":"Russian Standard Time","website":null,"workTime":null}]  
[2021-10-05 17:40:02] log.INFO: POST https://card.iiko.co.uk/api/0/orders/checkCreate?access_token=AQ_Ak8i_ruvFI9L6egTvGy6eQXuGomKHTfBkAoPKnKOlof-snyynd8Wm0te-E4cqSdgsZy-zqfmmjEY3J7gQyw2 HTTP/1.1  
[2021-10-05 17:40:02] log.INFO: HEADERS: POST /api/0/orders/checkCreate?access_token=AQ_Ak8i_ruvFI9L6egTvGy6eQXuGomKHTfBkAoPKnKOlof-snyynd8Wm0te-E4cqSdgsZy-zqfmmjEY3J7gQyw2 HTTP/1.1 User-Agent: GuzzleHttp/6.5.5 curl/7.71.0 PHP/7.4.24 Host: card.iiko.co.uk Content-Type: application/json  
[2021-10-05 17:40:02] log.INFO: BODY: {"organization":"e3620000-7b0f-0696-02ac-08d88706a5b9","customer":{"name":"Ольга Кравец","phone":"+380501474192"},"order":{"date":null,"items":[{"id":"b37747d3-b453-473c-9db3-e9a2d88285a8","code":"00218","amount":1,"sum":49},{"id":"c992fc60-0b9f-432d-b3cc-7e0b068f2a36","code":"00088","amount":1,"sum":96},{"id":"3ddb65a0-7c16-4c0c-b170-789dcc2e14e0","code":"00087","amount":1,"sum":129}],"phone":"+380501474192","customerName":"Ольга Кравец","comment":null,"address":{"city":"Харьков","street":"Гвардейцев Широнинцев","home":"30","floor":"2","apartment":"6"}},"coupon":null}  
[2021-10-05 17:40:02] log.INFO: RESPONSE: 200 - {"deliveryRestriction":null,"problem":null,"resultState":0,"deliveryDurationInMinutes":120,"deliveryServiceProductInfo":null}  
[2021-10-05 17:40:30] log.INFO: GET https://card.iiko.co.uk/api/0/auth/access_token?user_id=apiPUC&user_secret=4L97Z2Abde HTTP/1.1  
[2021-10-05 17:40:30] log.INFO: HEADERS: GET /api/0/auth/access_token?user_id=apiPUC&user_secret=4L97Z2Abde HTTP/1.1 User-Agent: GuzzleHttp/6.5.5 curl/7.71.0 PHP/7.4.24 Host: card.iiko.co.uk  
[2021-10-05 17:40:30] log.INFO: BODY:   
[2021-10-05 17:40:30] log.INFO: RESPONSE: 200 - "AQ_Ak8i_ruvFI9L6egTvG5Y7gk5gwKgUmbxu4Sgt8BhrE-u0vwX4lLLtxfML6_hU7lojbZc51ZMswvlYUh--YA2"  
[2021-10-05 17:40:30] log.INFO: GET https://card.iiko.co.uk/api/0/organization/list?access_token=AQ_Ak8i_ruvFI9L6egTvG5Y7gk5gwKgUmbxu4Sgt8BhrE-u0vwX4lLLtxfML6_hU7lojbZc51ZMswvlYUh--YA2 HTTP/1.1  
[2021-10-05 17:40:30] log.INFO: HEADERS: GET /api/0/organization/list?access_token=AQ_Ak8i_ruvFI9L6egTvG5Y7gk5gwKgUmbxu4Sgt8BhrE-u0vwX4lLLtxfML6_hU7lojbZc51ZMswvlYUh--YA2 HTTP/1.1 User-Agent: GuzzleHttp/6.5.5 curl/7.71.0 PHP/7.4.24 Host: card.iiko.co.uk  
[2021-10-05 17:40:30] log.INFO: BODY:   
[2021-10-05 17:40:30] log.INFO: RESPONSE: 200 - [{"address":"г. Харьков пер. Плехановский 4","averageCheque":null,"contact":{"email":"dlxdate@gmail.com","location":"г. Харьков пер. Плехановский 4","phone":null},"currencyIsoName":"UAH","description":"PUC","fullName":"PUC","homePage":null,"id":"e3620000-7b0f-0696-02ac-08d88706a5b9","isActive":true,"latitude":null,"logo":null,"logoImage":null,"longitude":null,"maxBonus":0,"minBonus":0,"name":"PUC","networkId":null,"organizationType":0,"phone":null,"timezone":"Russian Standard Time","website":null,"workTime":null}]  
[2021-10-05 17:40:31] log.INFO: Server 5xx error encountered, retrying...  
[2021-10-05 17:40:32] log.NOTICE: POST https://card.iiko.co.uk/api/0/orders/add?access_token=AQ_Ak8i_ruvFI9L6egTvG5Y7gk5gwKgUmbxu4Sgt8BhrE-u0vwX4lLLtxfML6_hU7lojbZc51ZMswvlYUh--YA2 HTTP/1.1  
[2021-10-05 17:40:32] log.NOTICE: HEADERS: POST /api/0/orders/add?access_token=AQ_Ak8i_ruvFI9L6egTvG5Y7gk5gwKgUmbxu4Sgt8BhrE-u0vwX4lLLtxfML6_hU7lojbZc51ZMswvlYUh--YA2 HTTP/1.1 User-Agent: GuzzleHttp/6.5.5 curl/7.71.0 PHP/7.4.24 Host: card.iiko.co.uk Content-Type: application/json  
[2021-10-05 17:40:32] log.NOTICE: BODY: {"organization":"e3620000-7b0f-0696-02ac-08d88706a5b9","customer":{"name":"Ольга Кравец","phone":"+380501474192"},"order":{"date":null,"items":[],"phone":"+380501474192","customerName":"Ольга Кравец","comment":null,"address":{"city":"Харьков","street":"Гвардейцев Широнинцев","home":"30","floor":"2","apartment":"6"},"paymentItems":[{"paymentType":{"code":"VISA"},"sum":"274.00","isProcessedExternally":true,"isExternal":true,"additionalData":"Оплата успешна #1784549396"}]},"coupon":null}  
[2021-10-05 17:40:32] log.NOTICE: RESPONSE: 500 - {"code":"100","message":"DeliveryOrderItems: Items collections is empty","description":"Cannot create/change the order without items.","httpStatusCode":500,"uiMessage":null,"isIntegrationError":null}  
[2021-10-05 18:48:56] log.INFO: GET https://card.iiko.co.uk/api/0/auth/access_token?user_id=apiPUC&user_secret=4L97Z2Abde HTTP/1.1  
[2021-10-05 18:48:56] log.INFO: HEADERS: GET /api/0/auth/access_token?user_id=apiPUC&user_secret=4L97Z2Abde HTTP/1.1 User-Agent: GuzzleHttp/6.5.5 curl/7.71.0 PHP/7.4.24 Host: card.iiko.co.uk  
[2021-10-05 18:48:56] log.INFO: BODY:   
[2021-10-05 18:48:56] log.INFO: RESPONSE: 200 - "AQ_Ak8i_ruvFI9L6egTvGxF49T1lDkLvPymRePRogjOmRtF9VDGlxbUSy22zGjo1PZWHB9i1wtslXZEgnZe7wQ2"  
[2021-10-05 18:48:56] log.INFO: GET https://card.iiko.co.uk/api/0/organization/list?access_token=AQ_Ak8i_ruvFI9L6egTvGxF49T1lDkLvPymRePRogjOmRtF9VDGlxbUSy22zGjo1PZWHB9i1wtslXZEgnZe7wQ2 HTTP/1.1  
[2021-10-05 18:48:56] log.INFO: HEADERS: GET /api/0/organization/list?access_token=AQ_Ak8i_ruvFI9L6egTvGxF49T1lDkLvPymRePRogjOmRtF9VDGlxbUSy22zGjo1PZWHB9i1wtslXZEgnZe7wQ2 HTTP/1.1 User-Agent: GuzzleHttp/6.5.5 curl/7.71.0 PHP/7.4.24 Host: card.iiko.co.uk  
[2021-10-05 18:48:56] log.INFO: BODY:   
[2021-10-05 18:48:56] log.INFO: RESPONSE: 200 - [{"address":"г. Харьков пер. Плехановский 4","averageCheque":null,"contact":{"email":"dlxdate@gmail.com","location":"г. Харьков пер. Плехановский 4","phone":null},"currencyIsoName":"UAH","description":"PUC","fullName":"PUC","homePage":null,"id":"e3620000-7b0f-0696-02ac-08d88706a5b9","isActive":true,"latitude":null,"logo":null,"logoImage":null,"longitude":null,"maxBonus":0,"minBonus":0,"name":"PUC","networkId":null,"organizationType":0,"phone":null,"timezone":"Russian Standard Time","website":null,"workTime":null}]  
[2021-10-05 18:48:56] log.INFO: POST https://card.iiko.co.uk/api/0/orders/checkCreate?access_token=AQ_Ak8i_ruvFI9L6egTvGxF49T1lDkLvPymRePRogjOmRtF9VDGlxbUSy22zGjo1PZWHB9i1wtslXZEgnZe7wQ2 HTTP/1.1  
[2021-10-05 18:48:56] log.INFO: HEADERS: POST /api/0/orders/checkCreate?access_token=AQ_Ak8i_ruvFI9L6egTvGxF49T1lDkLvPymRePRogjOmRtF9VDGlxbUSy22zGjo1PZWHB9i1wtslXZEgnZe7wQ2 HTTP/1.1 User-Agent: GuzzleHttp/6.5.5 curl/7.71.0 PHP/7.4.24 Host: card.iiko.co.uk Content-Type: application/json  
[2021-10-05 18:48:56] log.INFO: BODY: {"organization":"e3620000-7b0f-0696-02ac-08d88706a5b9","customer":{"name":"Николай","phone":"+380999461008"},"order":{"date":"2021-10-05 21:00:00","items":[{"id":"537a2e24-84e0-40be-b083-287b27f61980","code":"00170","amount":1,"sum":439}],"phone":"+380999461008","customerName":"Николай","comment":"Дополнительный имбирь","address":{"city":"Харьков","street":"служебная","home":"35","floor":null,"apartment":null}},"coupon":null}  
[2021-10-05 18:48:56] log.INFO: RESPONSE: 200 - {"deliveryRestriction":null,"problem":null,"resultState":0,"deliveryDurationInMinutes":120,"deliveryServiceProductInfo":null}  
[2021-10-05 18:48:57] log.INFO: POST https://card.iiko.co.uk/api/0/orders/add?access_token=AQ_Ak8i_ruvFI9L6egTvGxF49T1lDkLvPymRePRogjOmRtF9VDGlxbUSy22zGjo1PZWHB9i1wtslXZEgnZe7wQ2 HTTP/1.1  
[2021-10-05 18:48:57] log.INFO: HEADERS: POST /api/0/orders/add?access_token=AQ_Ak8i_ruvFI9L6egTvGxF49T1lDkLvPymRePRogjOmRtF9VDGlxbUSy22zGjo1PZWHB9i1wtslXZEgnZe7wQ2 HTTP/1.1 User-Agent: GuzzleHttp/6.5.5 curl/7.71.0 PHP/7.4.24 Host: card.iiko.co.uk Content-Type: application/json  
[2021-10-05 18:48:57] log.INFO: BODY: {"organization":"e3620000-7b0f-0696-02ac-08d88706a5b9","customer":{"name":"Николай","phone":"+380999461008"},"order":{"date":"2021-10-05 21:00:00","items":[{"id":"537a2e24-84e0-40be-b083-287b27f61980","code":"00170","amount":1,"sum":439}],"phone":"+380999461008","customerName":"Николай","comment":"Дополнительный имбирь","address":{"city":"Харьков","street":"служебная","home":"35","floor":null,"apartment":null},"paymentItems":[{"paymentType":{"code":"CASH"},"sum":439,"isProcessedExternally":false}]},"coupon":null}  
[2021-10-05 18:48:57] log.INFO: RESPONSE: 200 - {"customer":{"sex":0,"id":"d81cfee1-7449-46c2-9dae-c1e92bafc108","externalId":null,"name":"Николай","surName":null,"nick":null,"comment":null,"phone":"+380999461008","additionalPhones":[],"addresses":[],"cultureName":null,"birthday":null,"email":null,"middleName":null,"shouldReceivePromoActionsInfo":true,"counteragentInfo":null},"orderId":"65f84997-4129-4e5c-a20c-d6e80cd7be6e","customerId":"d81cfee1-7449-46c2-9dae-c1e92bafc108","movedDeliveryId":null,"customerName":"Николай","customerPhone":"+380999461008","address":{"city":"Харьков","street":"----------","streetId":"f8aaf1ec-8f46-907f-9357-e4c27bab5f78","streetClassifierId":null,"index":"","home":"35","housing":null,"apartment":null,"entrance":null,"floor":null,"doorphone":null,"comment":"Харьков служебная 35","regionId":null,"externalCartographyId":null},"restaurantId":"e3620000-7b0f-0696-02ac-08d88706a5b9","organization":"e3620000-7b0f-0696-02ac-08d88706a5b9","sum":439.00,"discount":0.0,"number":"54138","status":"New","statusCode":"NEW","deliveryCancelCause":null,"deliveryCancelComment":null,"courierInfo":null,"orderLocationInfo":null,"deliveryDate":"2021-10-05 21:00:00","actualTime":null,"billTime":null,"cancelTime":null,"closeTime":null,"confirmTime":"2021-10-05 18:48:57","createdTime":"2021-10-05 18:48:57","printTime":null,"sendTime":null,"comment":"Дополнительный имбирь","problem":{"hasProblem":true,"problem":"Processing error: failed to find the street. служебная  in city Харьков"},"operator":null,"conception":null,"marketingSource":null,"durationInMinutes":120,"personsCount":1,"splitBetweenPersons":false,"items":[{"id":"537a2e24-84e0-40be-b083-287b27f61980","orderItemId":"00000000-0000-0000-0000-000000000000","code":"00170","name":"Ханой","category":null,"amount":1.0,"size":null,"modifiers":[],"sum":439.00,"comment":null,"guestId":"25cfff86-1e16-44a0-017c-507a0a170e52","comboInformation":null}],"guests":[{"id":"25cfff86-1e16-44a0-017c-507a0a170e52","name":"Николай"}],"payments":[{"sum":439.0,"paymentType":{"id":"09322f46-578a-d210-add7-eec222a08871","code":"CASH","name":"Cash","comment":null,"combinable":true,"externalRevision":0,"applicableMarketingCampaigns":null,"deleted":false},"additionalData":null,"isProcessedExternally":false,"isPreliminary":false,"isExternal":true,"chequeAdditionalInfo":null,"organizationDetailsInfo":null,"isFiscalizedExternally":false}],"orderType":{"id":"76067ea3-356f-eb93-9d14-1fa00d082c4e","name":"Delivery","orderServiceType":"DELIVERY_BY_COURIER","externalRevision":0},"deliveryTerminal":{"deliveryTerminalId":"04c0024c-936e-8297-0175-b2d1e47b3eee","crmId":"220422","restaurantName":"My restaurant: Основная группа","groupName":"My restaurant: Основная группа","externalRevision":639349,"technicalInformation":null,"address":null,"protocolVersion":1},"discounts":[],"iikoCard5Coupon":null,"customData":null,"opinion":{"organization":null,"deliveryId":"65f84997-4129-4e5c-a20c-d6e80cd7be6e","comment":null,"marks":[]},"referrerId":null}  
[2021-10-05 19:23:35] log.INFO: GET https://card.iiko.co.uk/api/0/auth/access_token?user_id=apiPUC&user_secret=4L97Z2Abde HTTP/1.1  
[2021-10-05 19:23:35] log.INFO: HEADERS: GET /api/0/auth/access_token?user_id=apiPUC&user_secret=4L97Z2Abde HTTP/1.1 User-Agent: GuzzleHttp/6.5.5 curl/7.71.0 PHP/7.4.24 Host: card.iiko.co.uk  
[2021-10-05 19:23:35] log.INFO: BODY:   
[2021-10-05 19:23:35] log.INFO: RESPONSE: 200 - "AQ_Ak8i_ruvFI9L6egTvG1-OKm_jSkctXLnPDG351VrlDUnUvq8xNG3W8-jE3F_IYhpJL81rPaCNNSFgRrxtbA2"  
[2021-10-05 19:23:35] log.INFO: GET https://card.iiko.co.uk/api/0/organization/list?access_token=AQ_Ak8i_ruvFI9L6egTvG1-OKm_jSkctXLnPDG351VrlDUnUvq8xNG3W8-jE3F_IYhpJL81rPaCNNSFgRrxtbA2 HTTP/1.1  
[2021-10-05 19:23:35] log.INFO: HEADERS: GET /api/0/organization/list?access_token=AQ_Ak8i_ruvFI9L6egTvG1-OKm_jSkctXLnPDG351VrlDUnUvq8xNG3W8-jE3F_IYhpJL81rPaCNNSFgRrxtbA2 HTTP/1.1 User-Agent: GuzzleHttp/6.5.5 curl/7.71.0 PHP/7.4.24 Host: card.iiko.co.uk  
[2021-10-05 19:23:35] log.INFO: BODY:   
[2021-10-05 19:23:35] log.INFO: RESPONSE: 200 - [{"address":"г. Харьков пер. Плехановский 4","averageCheque":null,"contact":{"email":"dlxdate@gmail.com","location":"г. Харьков пер. Плехановский 4","phone":null},"currencyIsoName":"UAH","description":"PUC","fullName":"PUC","homePage":null,"id":"e3620000-7b0f-0696-02ac-08d88706a5b9","isActive":true,"latitude":null,"logo":null,"logoImage":null,"longitude":null,"maxBonus":0,"minBonus":0,"name":"PUC","networkId":null,"organizationType":0,"phone":null,"timezone":"Russian Standard Time","website":null,"workTime":null}]  
[2021-10-05 19:23:36] log.INFO: POST https://card.iiko.co.uk/api/0/orders/checkCreate?access_token=AQ_Ak8i_ruvFI9L6egTvG1-OKm_jSkctXLnPDG351VrlDUnUvq8xNG3W8-jE3F_IYhpJL81rPaCNNSFgRrxtbA2 HTTP/1.1  
[2021-10-05 19:23:36] log.INFO: HEADERS: POST /api/0/orders/checkCreate?access_token=AQ_Ak8i_ruvFI9L6egTvG1-OKm_jSkctXLnPDG351VrlDUnUvq8xNG3W8-jE3F_IYhpJL81rPaCNNSFgRrxtbA2 HTTP/1.1 User-Agent: GuzzleHttp/6.5.5 curl/7.71.0 PHP/7.4.24 Host: card.iiko.co.uk Content-Type: application/json  
[2021-10-05 19:23:36] log.INFO: BODY: {"organization":"e3620000-7b0f-0696-02ac-08d88706a5b9","customer":{"name":"Кирилл","phone":"+380637432068"},"order":{"date":null,"items":[{"id":"48d199ab-ed61-4e11-90c5-a69e48b3867a","code":"00210","amount":1,"sum":129},{"id":"129ea9dd-a6f2-440b-b6e1-3d8298e3a570","code":"00259","amount":1,"sum":459}],"phone":"+380637432068","customerName":"Кирилл","comment":null,"isSelfService":true},"coupon":null}  
[2021-10-05 19:23:36] log.INFO: RESPONSE: 200 - {"deliveryRestriction":null,"problem":null,"resultState":0,"deliveryDurationInMinutes":30,"deliveryServiceProductInfo":null}  
[2021-10-05 19:23:36] log.INFO: POST https://card.iiko.co.uk/api/0/orders/add?access_token=AQ_Ak8i_ruvFI9L6egTvG1-OKm_jSkctXLnPDG351VrlDUnUvq8xNG3W8-jE3F_IYhpJL81rPaCNNSFgRrxtbA2 HTTP/1.1  
[2021-10-05 19:23:36] log.INFO: HEADERS: POST /api/0/orders/add?access_token=AQ_Ak8i_ruvFI9L6egTvG1-OKm_jSkctXLnPDG351VrlDUnUvq8xNG3W8-jE3F_IYhpJL81rPaCNNSFgRrxtbA2 HTTP/1.1 User-Agent: GuzzleHttp/6.5.5 curl/7.71.0 PHP/7.4.24 Host: card.iiko.co.uk Content-Type: application/json  
[2021-10-05 19:23:36] log.INFO: BODY: {"organization":"e3620000-7b0f-0696-02ac-08d88706a5b9","customer":{"name":"Кирилл","phone":"+380637432068"},"order":{"date":null,"items":[{"id":"48d199ab-ed61-4e11-90c5-a69e48b3867a","code":"00210","amount":1,"sum":129},{"id":"129ea9dd-a6f2-440b-b6e1-3d8298e3a570","code":"00259","amount":1,"sum":459}],"phone":"+380637432068","customerName":"Кирилл","comment":null,"isSelfService":true},"coupon":null}  
[2021-10-05 19:23:36] log.INFO: RESPONSE: 200 - {"customer":{"sex":0,"id":"cb8d4037-3a00-44bb-b8bb-4ae4fa7fe00c","externalId":null,"name":"Кирилл","surName":null,"nick":null,"comment":null,"phone":"+380637432068","additionalPhones":[],"addresses":[],"cultureName":null,"birthday":null,"email":null,"middleName":null,"shouldReceivePromoActionsInfo":true,"counteragentInfo":null},"orderId":"9c80bee4-896e-458d-af49-39508e55fdb6","customerId":"cb8d4037-3a00-44bb-b8bb-4ae4fa7fe00c","movedDeliveryId":null,"customerName":"Кирилл","customerPhone":"+380637432068","address":null,"restaurantId":"e3620000-7b0f-0696-02ac-08d88706a5b9","organization":"e3620000-7b0f-0696-02ac-08d88706a5b9","sum":578.00,"discount":0.0,"number":"95492","status":"New","statusCode":"NEW","deliveryCancelCause":null,"deliveryCancelComment":null,"courierInfo":null,"orderLocationInfo":null,"deliveryDate":"2021-10-05 19:53:36","actualTime":null,"billTime":null,"cancelTime":null,"closeTime":null,"confirmTime":"2021-10-05 19:23:36","createdTime":"2021-10-05 19:23:36","printTime":null,"sendTime":null,"comment":null,"problem":null,"operator":null,"conception":null,"marketingSource":null,"durationInMinutes":30,"personsCount":1,"splitBetweenPersons":false,"items":[{"id":"48d199ab-ed61-4e11-90c5-a69e48b3867a","orderItemId":"00000000-0000-0000-0000-000000000000","code":"00210","name":"Тяхан креветка","category":null,"amount":1.0,"size":null,"modifiers":[],"sum":129.00,"comment":null,"guestId":"25cfff86-1e16-44a0-017c-507a0a171011","comboInformation":null},{"id":"129ea9dd-a6f2-440b-b6e1-3d8298e3a570","orderItemId":"00000000-0000-0000-0000-000000000000","code":"00259","name":"Сан сет new","category":null,"amount":1.0,"size":null,"modifiers":[],"sum":449.00,"comment":null,"guestId":"25cfff86-1e16-44a0-017c-507a0a171011","comboInformation":null}],"guests":[{"id":"25cfff86-1e16-44a0-017c-507a0a171011","name":"Кирилл"}],"payments":[{"sum":578.00,"paymentType":{"id":"09322f46-578a-d210-add7-eec222a08871","code":"CASH","name":"Cash","comment":null,"combinable":true,"externalRevision":0,"applicableMarketingCampaigns":null,"deleted":false},"additionalData":null,"isProcessedExternally":false,"isPreliminary":true,"isExternal":false,"chequeAdditionalInfo":null,"organizationDetailsInfo":null,"isFiscalizedExternally":false}],"orderType":{"id":"5b1508f9-fe5b-d6af-cb8d-043af587d5c2","name":"Collection","orderServiceType":"DELIVERY_PICKUP","externalRevision":0},"deliveryTerminal":{"deliveryTerminalId":"04c0024c-936e-8297-0175-b2d1e47b3eee","crmId":"220422","restaurantName":"My restaurant: Основная группа","groupName":"My restaurant: Основная группа","externalRevision":639349,"technicalInformation":null,"address":null,"protocolVersion":1},"discounts":[],"iikoCard5Coupon":null,"customData":null,"opinion":{"organization":null,"deliveryId":"9c80bee4-896e-458d-af49-39508e55fdb6","comment":null,"marks":[]},"referrerId":null}  
[2021-10-05 21:12:18] log.INFO: GET https://card.iiko.co.uk/api/0/auth/access_token?user_id=apiPUC&user_secret=4L97Z2Abde HTTP/1.1  
[2021-10-05 21:12:18] log.INFO: HEADERS: GET /api/0/auth/access_token?user_id=apiPUC&user_secret=4L97Z2Abde HTTP/1.1 User-Agent: GuzzleHttp/6.5.5 curl/7.71.0 PHP/7.4.24 Host: card.iiko.co.uk  
[2021-10-05 21:12:18] log.INFO: BODY:   
[2021-10-05 21:12:18] log.INFO: RESPONSE: 200 - "AQ_Ak8i_ruvFI9L6egTvG0qHjN1A9NzFUMr6CaX8oGr4TPQJzWrH6pkvws6zT0nacXRK-cRpl00_O35PiGyOKw2"  
[2021-10-05 21:12:18] log.INFO: GET https://card.iiko.co.uk/api/0/organization/list?access_token=AQ_Ak8i_ruvFI9L6egTvG0qHjN1A9NzFUMr6CaX8oGr4TPQJzWrH6pkvws6zT0nacXRK-cRpl00_O35PiGyOKw2 HTTP/1.1  
[2021-10-05 21:12:18] log.INFO: HEADERS: GET /api/0/organization/list?access_token=AQ_Ak8i_ruvFI9L6egTvG0qHjN1A9NzFUMr6CaX8oGr4TPQJzWrH6pkvws6zT0nacXRK-cRpl00_O35PiGyOKw2 HTTP/1.1 User-Agent: GuzzleHttp/6.5.5 curl/7.71.0 PHP/7.4.24 Host: card.iiko.co.uk  
[2021-10-05 21:12:18] log.INFO: BODY:   
[2021-10-05 21:12:18] log.INFO: RESPONSE: 200 - [{"address":"г. Харьков пер. Плехановский 4","averageCheque":null,"contact":{"email":"dlxdate@gmail.com","location":"г. Харьков пер. Плехановский 4","phone":null},"currencyIsoName":"UAH","description":"PUC","fullName":"PUC","homePage":null,"id":"e3620000-7b0f-0696-02ac-08d88706a5b9","isActive":true,"latitude":null,"logo":null,"logoImage":null,"longitude":null,"maxBonus":0,"minBonus":0,"name":"PUC","networkId":null,"organizationType":0,"phone":null,"timezone":"Russian Standard Time","website":null,"workTime":null}]  
[2021-10-05 21:12:19] log.INFO: POST https://card.iiko.co.uk/api/0/orders/checkCreate?access_token=AQ_Ak8i_ruvFI9L6egTvG0qHjN1A9NzFUMr6CaX8oGr4TPQJzWrH6pkvws6zT0nacXRK-cRpl00_O35PiGyOKw2 HTTP/1.1  
[2021-10-05 21:12:19] log.INFO: HEADERS: POST /api/0/orders/checkCreate?access_token=AQ_Ak8i_ruvFI9L6egTvG0qHjN1A9NzFUMr6CaX8oGr4TPQJzWrH6pkvws6zT0nacXRK-cRpl00_O35PiGyOKw2 HTTP/1.1 User-Agent: GuzzleHttp/6.5.5 curl/7.71.0 PHP/7.4.24 Host: card.iiko.co.uk Content-Type: application/json  
[2021-10-05 21:12:19] log.INFO: BODY: {"organization":"e3620000-7b0f-0696-02ac-08d88706a5b9","customer":{"name":"Стас","phone":"+380997109331"},"order":{"date":null,"items":[{"id":"21457786-4b22-4026-9338-aee37243df5b","code":"00264","amount":1,"sum":659}],"phone":"+380997109331","customerName":"Стас","comment":null,"isSelfService":true},"coupon":null}  
[2021-10-05 21:12:19] log.INFO: RESPONSE: 200 - {"deliveryRestriction":null,"problem":null,"resultState":0,"deliveryDurationInMinutes":30,"deliveryServiceProductInfo":null}  
[2021-10-05 21:12:19] log.INFO: POST https://card.iiko.co.uk/api/0/orders/add?access_token=AQ_Ak8i_ruvFI9L6egTvG0qHjN1A9NzFUMr6CaX8oGr4TPQJzWrH6pkvws6zT0nacXRK-cRpl00_O35PiGyOKw2 HTTP/1.1  
[2021-10-05 21:12:19] log.INFO: HEADERS: POST /api/0/orders/add?access_token=AQ_Ak8i_ruvFI9L6egTvG0qHjN1A9NzFUMr6CaX8oGr4TPQJzWrH6pkvws6zT0nacXRK-cRpl00_O35PiGyOKw2 HTTP/1.1 User-Agent: GuzzleHttp/6.5.5 curl/7.71.0 PHP/7.4.24 Host: card.iiko.co.uk Content-Type: application/json  
[2021-10-05 21:12:19] log.INFO: BODY: {"organization":"e3620000-7b0f-0696-02ac-08d88706a5b9","customer":{"name":"Стас","phone":"+380997109331"},"order":{"date":null,"items":[{"id":"21457786-4b22-4026-9338-aee37243df5b","code":"00264","amount":1,"sum":659}],"phone":"+380997109331","customerName":"Стас","comment":null,"isSelfService":true},"coupon":null}  
[2021-10-05 21:12:19] log.INFO: RESPONSE: 200 - {"customer":{"sex":0,"id":"b152377d-68a5-4b06-80df-cf9efe97fa7a","externalId":null,"name":"Стас","surName":null,"nick":null,"comment":null,"phone":"+380997109331","additionalPhones":[],"addresses":[],"cultureName":null,"birthday":null,"email":null,"middleName":null,"shouldReceivePromoActionsInfo":true,"counteragentInfo":null},"orderId":"2da8054d-61cf-4d34-9a1e-f105fadec698","customerId":"b152377d-68a5-4b06-80df-cf9efe97fa7a","movedDeliveryId":null,"customerName":"Стас","customerPhone":"+380997109331","address":null,"restaurantId":"e3620000-7b0f-0696-02ac-08d88706a5b9","organization":"e3620000-7b0f-0696-02ac-08d88706a5b9","sum":659.00,"discount":0.0,"number":"95487","status":"New","statusCode":"NEW","deliveryCancelCause":null,"deliveryCancelComment":null,"courierInfo":null,"orderLocationInfo":null,"deliveryDate":"2021-10-05 21:42:19","actualTime":null,"billTime":null,"cancelTime":null,"closeTime":null,"confirmTime":"2021-10-05 21:12:19","createdTime":"2021-10-05 21:12:19","printTime":null,"sendTime":null,"comment":null,"problem":null,"operator":null,"conception":null,"marketingSource":null,"durationInMinutes":30,"personsCount":1,"splitBetweenPersons":false,"items":[{"id":"21457786-4b22-4026-9338-aee37243df5b","orderItemId":"00000000-0000-0000-0000-000000000000","code":"00264","name":"Фирменный new","category":null,"amount":1.0,"size":null,"modifiers":[],"sum":659.00,"comment":null,"guestId":"25cfff86-1e16-44a0-017c-507a0a1718ba","comboInformation":null}],"guests":[{"id":"25cfff86-1e16-44a0-017c-507a0a1718ba","name":"Стас"}],"payments":[{"sum":659.00,"paymentType":{"id":"09322f46-578a-d210-add7-eec222a08871","code":"CASH","name":"Cash","comment":null,"combinable":true,"externalRevision":0,"applicableMarketingCampaigns":null,"deleted":false},"additionalData":null,"isProcessedExternally":false,"isPreliminary":true,"isExternal":false,"chequeAdditionalInfo":null,"organizationDetailsInfo":null,"isFiscalizedExternally":false}],"orderType":{"id":"5b1508f9-fe5b-d6af-cb8d-043af587d5c2","name":"Collection","orderServiceType":"DELIVERY_PICKUP","externalRevision":0},"deliveryTerminal":{"deliveryTerminalId":"04c0024c-936e-8297-0175-b2d1e47b3eee","crmId":"220422","restaurantName":"My restaurant: Основная группа","groupName":"My restaurant: Основная группа","externalRevision":639349,"technicalInformation":null,"address":null,"protocolVersion":1},"discounts":[],"iikoCard5Coupon":null,"customData":null,"opinion":{"organization":null,"deliveryId":"2da8054d-61cf-4d34-9a1e-f105fadec698","comment":null,"marks":[]},"referrerId":null}  
[2021-10-05 21:13:03] log.INFO: GET https://card.iiko.co.uk/api/0/auth/access_token?user_id=apiPUC&user_secret=4L97Z2Abde HTTP/1.1  
[2021-10-05 21:13:03] log.INFO: HEADERS: GET /api/0/auth/access_token?user_id=apiPUC&user_secret=4L97Z2Abde HTTP/1.1 User-Agent: GuzzleHttp/6.5.5 curl/7.71.0 PHP/7.4.24 Host: card.iiko.co.uk  
[2021-10-05 21:13:03] log.INFO: BODY:   
[2021-10-05 21:13:03] log.INFO: RESPONSE: 200 - "AQ_Ak8i_ruvFI9L6egTvGyTOF1RQnwaiKSufrK71erfPtTWo5KGlp6T9n-sNe_XlrrOIUIj_mplPFxxtw1PtRg2"  
[2021-10-05 21:13:03] log.INFO: GET https://card.iiko.co.uk/api/0/organization/list?access_token=AQ_Ak8i_ruvFI9L6egTvGyTOF1RQnwaiKSufrK71erfPtTWo5KGlp6T9n-sNe_XlrrOIUIj_mplPFxxtw1PtRg2 HTTP/1.1  
[2021-10-05 21:13:03] log.INFO: HEADERS: GET /api/0/organization/list?access_token=AQ_Ak8i_ruvFI9L6egTvGyTOF1RQnwaiKSufrK71erfPtTWo5KGlp6T9n-sNe_XlrrOIUIj_mplPFxxtw1PtRg2 HTTP/1.1 User-Agent: GuzzleHttp/6.5.5 curl/7.71.0 PHP/7.4.24 Host: card.iiko.co.uk  
[2021-10-05 21:13:03] log.INFO: BODY:   
[2021-10-05 21:13:03] log.INFO: RESPONSE: 200 - [{"address":"г. Харьков пер. Плехановский 4","averageCheque":null,"contact":{"email":"dlxdate@gmail.com","location":"г. Харьков пер. Плехановский 4","phone":null},"currencyIsoName":"UAH","description":"PUC","fullName":"PUC","homePage":null,"id":"e3620000-7b0f-0696-02ac-08d88706a5b9","isActive":true,"latitude":null,"logo":null,"logoImage":null,"longitude":null,"maxBonus":0,"minBonus":0,"name":"PUC","networkId":null,"organizationType":0,"phone":null,"timezone":"Russian Standard Time","website":null,"workTime":null}]  
[2021-10-05 21:13:03] log.INFO: POST https://card.iiko.co.uk/api/0/orders/checkCreate?access_token=AQ_Ak8i_ruvFI9L6egTvGyTOF1RQnwaiKSufrK71erfPtTWo5KGlp6T9n-sNe_XlrrOIUIj_mplPFxxtw1PtRg2 HTTP/1.1  
[2021-10-05 21:13:03] log.INFO: HEADERS: POST /api/0/orders/checkCreate?access_token=AQ_Ak8i_ruvFI9L6egTvGyTOF1RQnwaiKSufrK71erfPtTWo5KGlp6T9n-sNe_XlrrOIUIj_mplPFxxtw1PtRg2 HTTP/1.1 User-Agent: GuzzleHttp/6.5.5 curl/7.71.0 PHP/7.4.24 Host: card.iiko.co.uk Content-Type: application/json  
[2021-10-05 21:13:03] log.INFO: BODY: {"organization":"e3620000-7b0f-0696-02ac-08d88706a5b9","customer":{"name":"Елена","phone":"+380679478828"},"order":{"date":null,"items":[{"id":"b664ac1f-612c-4e0f-ba86-3faac601b493","code":"00261","amount":1,"sum":599}],"phone":"+380679478828","customerName":"Елена","comment":null,"address":{"city":"Харьков","street":"Познанская","home":"2","floor":null,"apartment":null}},"coupon":null}  
[2021-10-05 21:13:03] log.INFO: RESPONSE: 200 - {"deliveryRestriction":null,"problem":null,"resultState":0,"deliveryDurationInMinutes":120,"deliveryServiceProductInfo":null}  
[2021-10-05 21:13:23] log.INFO: GET https://card.iiko.co.uk/api/0/auth/access_token?user_id=apiPUC&user_secret=4L97Z2Abde HTTP/1.1  
[2021-10-05 21:13:23] log.INFO: HEADERS: GET /api/0/auth/access_token?user_id=apiPUC&user_secret=4L97Z2Abde HTTP/1.1 User-Agent: GuzzleHttp/6.5.5 curl/7.71.0 PHP/7.4.24 Host: card.iiko.co.uk  
[2021-10-05 21:13:23] log.INFO: BODY:   
[2021-10-05 21:13:23] log.INFO: RESPONSE: 200 - "AQ_Ak8i_ruvFI9L6egTvGwHl9BUXbrMHxqLUO0ZrrDcaoD2mVV4rg7iQZ3S8oFPYqEyqJBkykz0N01z14CeAmg2"  
[2021-10-05 21:13:23] log.INFO: GET https://card.iiko.co.uk/api/0/organization/list?access_token=AQ_Ak8i_ruvFI9L6egTvGwHl9BUXbrMHxqLUO0ZrrDcaoD2mVV4rg7iQZ3S8oFPYqEyqJBkykz0N01z14CeAmg2 HTTP/1.1  
[2021-10-05 21:13:23] log.INFO: HEADERS: GET /api/0/organization/list?access_token=AQ_Ak8i_ruvFI9L6egTvGwHl9BUXbrMHxqLUO0ZrrDcaoD2mVV4rg7iQZ3S8oFPYqEyqJBkykz0N01z14CeAmg2 HTTP/1.1 User-Agent: GuzzleHttp/6.5.5 curl/7.71.0 PHP/7.4.24 Host: card.iiko.co.uk  
[2021-10-05 21:13:23] log.INFO: BODY:   
[2021-10-05 21:13:23] log.INFO: RESPONSE: 200 - [{"address":"г. Харьков пер. Плехановский 4","averageCheque":null,"contact":{"email":"dlxdate@gmail.com","location":"г. Харьков пер. Плехановский 4","phone":null},"currencyIsoName":"UAH","description":"PUC","fullName":"PUC","homePage":null,"id":"e3620000-7b0f-0696-02ac-08d88706a5b9","isActive":true,"latitude":null,"logo":null,"logoImage":null,"longitude":null,"maxBonus":0,"minBonus":0,"name":"PUC","networkId":null,"organizationType":0,"phone":null,"timezone":"Russian Standard Time","website":null,"workTime":null}]  
[2021-10-05 21:13:23] log.INFO: POST https://card.iiko.co.uk/api/0/orders/add?access_token=AQ_Ak8i_ruvFI9L6egTvGwHl9BUXbrMHxqLUO0ZrrDcaoD2mVV4rg7iQZ3S8oFPYqEyqJBkykz0N01z14CeAmg2 HTTP/1.1  
[2021-10-05 21:13:23] log.INFO: HEADERS: POST /api/0/orders/add?access_token=AQ_Ak8i_ruvFI9L6egTvGwHl9BUXbrMHxqLUO0ZrrDcaoD2mVV4rg7iQZ3S8oFPYqEyqJBkykz0N01z14CeAmg2 HTTP/1.1 User-Agent: GuzzleHttp/6.5.5 curl/7.71.0 PHP/7.4.24 Host: card.iiko.co.uk Content-Type: application/json  
[2021-10-05 21:13:23] log.INFO: BODY: {"organization":"e3620000-7b0f-0696-02ac-08d88706a5b9","customer":{"name":"Елена","phone":"+380679478828"},"order":{"date":null,"items":[{"id":"b664ac1f-612c-4e0f-ba86-3faac601b493","code":"00261","amount":1,"sum":599}],"phone":"+380679478828","customerName":"Елена","comment":null,"address":{"city":"Харьков","street":"Познанская","home":"2","floor":null,"apartment":null},"paymentItems":[{"paymentType":{"code":"VISA"},"sum":"599.00","isProcessedExternally":true,"isExternal":true,"additionalData":"Оплата успешна #1784732572"}]},"coupon":null}  
[2021-10-05 21:13:23] log.INFO: RESPONSE: 200 - {"customer":{"sex":0,"id":"1e349a53-afac-4c95-8a0b-5885826074f7","externalId":"b2320000-3838-06a2-e4db-08d97480ba94","name":"Елена","surName":"","nick":"","comment":"","phone":"+380679478828","additionalPhones":[],"addresses":[],"cultureName":null,"birthday":null,"email":null,"middleName":null,"shouldReceivePromoActionsInfo":true,"counteragentInfo":null},"orderId":"701b2d0c-003b-4a29-953b-440fd3fdece6","customerId":"1e349a53-afac-4c95-8a0b-5885826074f7","movedDeliveryId":null,"customerName":"Елена","customerPhone":"+380679478828","address":{"city":"Харьков","street":"----------","streetId":"f8aaf1ec-8f46-907f-9357-e4c27bab5f78","streetClassifierId":null,"index":"","home":"2","housing":null,"apartment":null,"entrance":null,"floor":null,"doorphone":null,"comment":"Харьков Познанская 2","regionId":null,"externalCartographyId":null},"restaurantId":"e3620000-7b0f-0696-02ac-08d88706a5b9","organization":"e3620000-7b0f-0696-02ac-08d88706a5b9","sum":599.00,"discount":0.0,"number":"11898","status":"New","statusCode":"NEW","deliveryCancelCause":null,"deliveryCancelComment":null,"courierInfo":null,"orderLocationInfo":null,"deliveryDate":"2021-10-05 23:13:24","actualTime":null,"billTime":null,"cancelTime":null,"closeTime":null,"confirmTime":"2021-10-05 21:13:24","createdTime":"2021-10-05 21:13:24","printTime":null,"sendTime":null,"comment":null,"problem":{"hasProblem":true,"problem":"Processing error: failed to find the street. Познанская  in city Харьков"},"operator":null,"conception":null,"marketingSource":null,"durationInMinutes":120,"personsCount":1,"splitBetweenPersons":false,"items":[{"id":"b664ac1f-612c-4e0f-ba86-3faac601b493","orderItemId":"00000000-0000-0000-0000-000000000000","code":"00261","name":"Сакура new","category":null,"amount":1.0,"size":null,"modifiers":[],"sum":599.00,"comment":null,"guestId":"25cfff86-1e16-44a0-017c-507a0a1718ed","comboInformation":null}],"guests":[{"id":"25cfff86-1e16-44a0-017c-507a0a1718ed","name":"Елена"}],"payments":[{"sum":599.00,"paymentType":{"id":"e46b4e6c-10d5-a739-8fb1-b6674d1e65e7","code":"VISA","name":"Банковские карты","comment":"","combinable":true,"externalRevision":36438,"applicableMarketingCampaigns":null,"deleted":false},"additionalData":"Оплата успешна #1784732572","isProcessedExternally":true,"isPreliminary":false,"isExternal":true,"chequeAdditionalInfo":null,"organizationDetailsInfo":null,"isFiscalizedExternally":false}],"orderType":{"id":"76067ea3-356f-eb93-9d14-1fa00d082c4e","name":"Delivery","orderServiceType":"DELIVERY_BY_COURIER","externalRevision":0},"deliveryTerminal":{"deliveryTerminalId":"04c0024c-936e-8297-0175-b2d1e47b3eee","crmId":"220422","restaurantName":"My restaurant: Основная группа","groupName":"My restaurant: Основная группа","externalRevision":639349,"technicalInformation":null,"address":null,"protocolVersion":1},"discounts":[],"iikoCard5Coupon":null,"customData":null,"opinion":{"organization":null,"deliveryId":"701b2d0c-003b-4a29-953b-440fd3fdece6","comment":null,"marks":[]},"referrerId":null}  
