[2021-10-17 12:43:26] local.INFO: DATA2::{"payment_id":1795705156,"action":"pay","status":"success","version":3,"type":"buy","paytype":"card","public_key":"i14047737426","acq_id":414963,"order_id":"c7217464","liqpay_order_id":"QY2KVVKC1634463802037662","description":"\u041e\u043f\u043b\u0430\u0442\u0430 \u0437\u0430\u043a\u0430\u0437\u0430 \u0435\u0434\u044b \u043d\u0430 \u0441\u0430\u0439\u0442\u0435.","sender_card_mask2":"535432*09","sender_card_bank":"PUBLIC JOINT-STOCK COMPANY UK","sender_card_type":"mc","sender_card_country":804,"ip":"46.211.31.42","amount":489,"currency":"UAH","sender_commission":0,"receiver_commission":13.45,"agent_commission":0,"amount_debit":489,"amount_credit":489,"commission_debit":0,"commission_credit":13.45,"currency_debit":"UAH","currency_credit":"UAH","sender_bonus":0,"amount_bonus":0,"authcode_debit":"687242","rrn_debit":"002963260453","mpi_eci":"5","is_3ds":true,"language":"ru","create_date":1634463770784,"end_date":1634463805654,"transaction_id":1795705156}  
[2021-10-17 12:43:26] local.INFO: DATA::{"payment_id":1795705156,"action":"pay","status":"success","version":3,"type":"buy","paytype":"card","public_key":"i14047737426","acq_id":414963,"order_id":"c7217464","liqpay_order_id":"QY2KVVKC1634463802037662","description":"\u041e\u043f\u043b\u0430\u0442\u0430 \u0437\u0430\u043a\u0430\u0437\u0430 \u0435\u0434\u044b \u043d\u0430 \u0441\u0430\u0439\u0442\u0435.","sender_card_mask2":"535432*09","sender_card_bank":"PUBLIC JOINT-STOCK COMPANY UK","sender_card_type":"mc","sender_card_country":804,"ip":"46.211.31.42","amount":489,"currency":"UAH","sender_commission":0,"receiver_commission":13.45,"agent_commission":0,"amount_debit":489,"amount_credit":489,"commission_debit":0,"commission_credit":13.45,"currency_debit":"UAH","currency_credit":"UAH","sender_bonus":0,"amount_bonus":0,"authcode_debit":"687242","rrn_debit":"002963260453","mpi_eci":"5","is_3ds":true,"language":"ru","create_date":1634463770784,"end_date":1634463805654,"transaction_id":1795705156}  
[2021-10-17 12:43:26] local.INFO: ORDER::{"id":464,"type":"full","rk_order_id":null,"rk_order_number":null,"rk_order_data":null,"rk_status":null,"rk_order_sum":"0.00","user_id":null,"pharmacy_id":null,"gift_id":"3","name":"\u0411\u043e\u0433\u0434\u0430\u043d","surname":null,"patronymic":null,"email":null,"phone":"+38 (068) 749 73 54","payment_method":"card","payment_transaction_number":null,"payment_transaction_status":null,"payment_status":"0","delivery_method":"delivery","delivery_address":{"street":"\u0433\u0435\u0440\u043e\u0435\u0432 \u0421\u0442\u0430\u043b\u0438\u043d\u0433\u0440\u0430\u0434\u0430","house":"148","entrance":null,"floor":"4","apartment":"70"},"delivery_free":"1","coupon":null,"amount":"489.00","discount":null,"amount_less_discount":null,"status":"0","call_me_back":"1","birthday":"0","surrender":null,"person":null,"attach_file":null,"comment":null,"manager_comment":null,"pre_order_at":"2021-10-17 14:11:42","created_at":"2021-10-17 12:41:42","updated_at":"2021-10-17 12:41:42"}  
[2021-10-17 12:43:26] local.INFO: SIGNATURE::1  
[2021-10-17 16:19:32] local.INFO: DATA::{"payment_id":1795889959,"action":"pay","status":"success","version":3,"type":"buy","paytype":"card","public_key":"i14047737426","acq_id":414963,"order_id":"9c72e473","liqpay_order_id":"BUUR43EW1634476769075357","description":"\u041e\u043f\u043b\u0430\u0442\u0430 \u0437\u0430\u043a\u0430\u0437\u0430 \u0435\u0434\u044b \u043d\u0430 \u0441\u0430\u0439\u0442\u0435.","sender_phone":"380634002008","sender_card_mask2":"414949*25","sender_card_bank":"pb","sender_card_type":"visa","sender_card_country":804,"ip":"46.133.169.0","amount":264,"currency":"UAH","sender_commission":0,"receiver_commission":7.26,"agent_commission":0,"amount_debit":264,"amount_credit":264,"commission_debit":0,"commission_credit":7.26,"currency_debit":"UAH","currency_credit":"UAH","sender_bonus":0,"amount_bonus":0,"authcode_debit":"945015","rrn_debit":"002963594636","mpi_eci":"7","is_3ds":false,"language":"ru","create_date":1634476754681,"end_date":1634476771540,"transaction_id":1795889959}  
[2021-10-17 16:19:32] local.INFO: ORDER::{"id":473,"type":"full","rk_order_id":null,"rk_order_number":null,"rk_order_data":null,"rk_status":null,"rk_order_sum":"0.00","user_id":null,"pharmacy_id":null,"gift_id":"1","name":"\u042e\u043b\u0438\u044f","surname":null,"patronymic":null,"email":null,"phone":"+38 (095) 444 29 59","payment_method":"card","payment_transaction_number":null,"payment_transaction_status":null,"payment_status":"0","delivery_method":"delivery","delivery_address":{"street":"\u041c\u0438\u043d\u0441\u043a\u0430\u044f","house":"49","entrance":null,"floor":"2","apartment":"110"},"delivery_free":"1","coupon":null,"amount":"264.00","discount":null,"amount_less_discount":null,"status":"0","call_me_back":"1","birthday":"0","surrender":null,"person":null,"attach_file":null,"comment":null,"manager_comment":null,"pre_order_at":"2021-10-17 17:48:23","created_at":"2021-10-17 16:18:23","updated_at":"2021-10-17 16:18:23"}  
[2021-10-17 16:19:32] local.INFO: SIGNATURE::1  
[2021-10-17 16:19:32] local.INFO: DATA2::{"payment_id":1795889959,"action":"pay","status":"success","version":3,"type":"buy","paytype":"card","public_key":"i14047737426","acq_id":414963,"order_id":"9c72e473","liqpay_order_id":"BUUR43EW1634476769075357","description":"\u041e\u043f\u043b\u0430\u0442\u0430 \u0437\u0430\u043a\u0430\u0437\u0430 \u0435\u0434\u044b \u043d\u0430 \u0441\u0430\u0439\u0442\u0435.","sender_phone":"380634002008","sender_card_mask2":"414949*25","sender_card_bank":"pb","sender_card_type":"visa","sender_card_country":804,"ip":"46.133.169.0","amount":264,"currency":"UAH","sender_commission":0,"receiver_commission":7.26,"agent_commission":0,"amount_debit":264,"amount_credit":264,"commission_debit":0,"commission_credit":7.26,"currency_debit":"UAH","currency_credit":"UAH","sender_bonus":0,"amount_bonus":0,"authcode_debit":"945015","rrn_debit":"002963594636","mpi_eci":"7","is_3ds":false,"language":"ru","create_date":1634476754681,"end_date":1634476771540,"transaction_id":1795889959}  
[2021-10-17 16:19:33] local.ERROR: DeliveryOrderItems: Items collections is empty {"exception":"[object] (Iiko\\Biz\\Exception\\IikoResponseException(code: 100): DeliveryOrderItems: Items collections is empty at /home/puccomua/domains/puc.com.ua/vendor/andriymiz/iiko-biz-api/src/Iiko/Biz/Api/AbstractApi.php:77)
[stacktrace]
#0 /home/puccomua/domains/puc.com.ua/vendor/andriymiz/iiko-biz-api/src/Iiko/Biz/Api/Orders.php(14): Iiko\\Biz\\Api\\AbstractApi->post('orders/add', '{\"organization\"...', Array)
#1 /home/puccomua/domains/puc.com.ua/app/Http/Controllers/Frontend/Shop/LiqPayController.php(136): Iiko\\Biz\\Api\\Orders->addOrder(Array)
#2 [internal function]: App\\Http\\Controllers\\Frontend\\Shop\\LiqPayController->paymentResponse(Object(App\\Http\\Requests\\LiqpayRequest))
#3 /home/puccomua/domains/puc.com.ua/vendor/laravel/framework/src/Illuminate/Routing/Controller.php(54): call_user_func_array(Array, Array)
#4 /home/puccomua/domains/puc.com.ua/vendor/laravel/framework/src/Illuminate/Routing/ControllerDispatcher.php(45): Illuminate\\Routing\\Controller->callAction('paymentResponse', Array)
#5 /home/puccomua/domains/puc.com.ua/vendor/laravel/framework/src/Illuminate/Routing/Route.php(219): Illuminate\\Routing\\ControllerDispatcher->dispatch(Object(Illuminate\\Routing\\Route), Object(App\\Http\\Controllers\\Frontend\\Shop\\LiqPayController), 'paymentResponse')
#6 /home/puccomua/domains/puc.com.ua/vendor/laravel/framework/src/Illuminate/Routing/Route.php(176): Illuminate\\Routing\\Route->runController()
#7 /home/puccomua/domains/puc.com.ua/vendor/laravel/framework/src/Illuminate/Routing/Router.php(680): Illuminate\\Routing\\Route->run()
#8 /home/puccomua/domains/puc.com.ua/vendor/laravel/framework/src/Illuminate/Routing/Pipeline.php(30): Illuminate\\Routing\\Router->Illuminate\\Routing\\{closure}(Object(Illuminate\\Http\\Request))
#9 /home/puccomua/domains/puc.com.ua/app/Http/Controllers/Controller.php(63): Illuminate\\Routing\\Pipeline->Illuminate\\Routing\\{closure}(Object(Illuminate\\Http\\Request))
#10 /home/puccomua/domains/puc.com.ua/vendor/laravel/framework/src/Illuminate/Pipeline/Pipeline.php(145): App\\Http\\Controllers\\Controller->App\\Http\\Controllers\\{closure}(Object(Illuminate\\Http\\Request), Object(Closure))
#11 /home/puccomua/domains/puc.com.ua/vendor/laravel/framework/src/Illuminate/Routing/Pipeline.php(53): Illuminate\\Pipeline\\Pipeline->Illuminate\\Pipeline\\{closure}(Object(Illuminate\\Http\\Request))
#12 /home/puccomua/domains/puc.com.ua/app/Http/Middleware/ResponseRender.php(16): Illuminate\\Routing\\Pipeline->Illuminate\\Routing\\{closure}(Object(Illuminate\\Http\\Request))
#13 /home/puccomua/domains/puc.com.ua/vendor/laravel/framework/src/Illuminate/Pipeline/Pipeline.php(163): App\\Http\\Middleware\\ResponseRender->handle(Object(Illuminate\\Http\\Request), Object(Closure))
#14 /home/puccomua/domains/puc.com.ua/vendor/laravel/framework/src/Illuminate/Routing/Pipeline.php(53): Illuminate\\Pipeline\\Pipeline->Illuminate\\Pipeline\\{closure}(Object(Illuminate\\Http\\Request))
#15 /home/puccomua/domains/puc.com.ua/vendor/mcamara/laravel-localization/src/Mcamara/LaravelLocalization/Middleware/LaravelLocalizationViewPath.php(33): Illuminate\\Routing\\Pipeline->Illuminate\\Routing\\{closure}(Object(Illuminate\\Http\\Request))
#16 /home/puccomua/domains/puc.com.ua/vendor/laravel/framework/src/Illuminate/Pipeline/Pipeline.php(163): Mcamara\\LaravelLocalization\\Middleware\\LaravelLocalizationViewPath->handle(Object(Illuminate\\Http\\Request), Object(Closure))
#17 /home/puccomua/domains/puc.com.ua/vendor/laravel/framework/src/Illuminate/Routing/Pipeline.php(53): Illuminate\\Pipeline\\Pipeline->Illuminate\\Pipeline\\{closure}(Object(Illuminate\\Http\\Request))
#18 /home/puccomua/domains/puc.com.ua/vendor/mcamara/laravel-localization/src/Mcamara/LaravelLocalization/Middleware/LaravelLocalizationRedirectFilter.php(45): Illuminate\\Routing\\Pipeline->Illuminate\\Routing\\{closure}(Object(Illuminate\\Http\\Request))
#19 /home/puccomua/domains/puc.com.ua/vendor/laravel/framework/src/Illuminate/Pipeline/Pipeline.php(163): Mcamara\\LaravelLocalization\\Middleware\\LaravelLocalizationRedirectFilter->handle(Object(Illuminate\\Http\\Request), Object(Closure))
#20 /home/puccomua/domains/puc.com.ua/vendor/laravel/framework/src/Illuminate/Routing/Pipeline.php(53): Illuminate\\Pipeline\\Pipeline->Illuminate\\Pipeline\\{closure}(Object(Illuminate\\Http\\Request))
#21 /home/puccomua/domains/puc.com.ua/vendor/mcamara/laravel-localization/src/Mcamara/LaravelLocalization/Middleware/LaravelLocalizationRoutes.php(30): Illuminate\\Routing\\Pipeline->Illuminate\\Routing\\{closure}(Object(Illuminate\\Http\\Request))
#22 /home/puccomua/domains/puc.com.ua/vendor/laravel/framework/src/Illuminate/Pipeline/Pipeline.php(163): Mcamara\\LaravelLocalization\\Middleware\\LaravelLocalizationRoutes->handle(Object(Illuminate\\Http\\Request), Object(Closure))
#23 /home/puccomua/domains/puc.com.ua/vendor/laravel/framework/src/Illuminate/Routing/Pipeline.php(53): Illuminate\\Pipeline\\Pipeline->Illuminate\\Pipeline\\{closure}(Object(Illuminate\\Http\\Request))
#24 /home/puccomua/domains/puc.com.ua/vendor/laravel/framework/src/Illuminate/Routing/Middleware/SubstituteBindings.php(41): Illuminate\\Routing\\Pipeline->Illuminate\\Routing\\{closure}(Object(Illuminate\\Http\\Request))
#25 /home/puccomua/domains/puc.com.ua/vendor/laravel/framework/src/Illuminate/Pipeline/Pipeline.php(163): Illuminate\\Routing\\Middleware\\SubstituteBindings->handle(Object(Illuminate\\Http\\Request), Object(Closure))
#26 /home/puccomua/domains/puc.com.ua/vendor/laravel/framework/src/Illuminate/Routing/Pipeline.php(53): Illuminate\\Pipeline\\Pipeline->Illuminate\\Pipeline\\{closure}(Object(Illuminate\\Http\\Request))
#27 /home/puccomua/domains/puc.com.ua/vendor/laravel/framework/src/Illuminate/Foundation/Http/Middleware/VerifyCsrfToken.php(75): Illuminate\\Routing\\Pipeline->Illuminate\\Routing\\{closure}(Object(Illuminate\\Http\\Request))
#28 /home/puccomua/domains/puc.com.ua/vendor/laravel/framework/src/Illuminate/Pipeline/Pipeline.php(163): Illuminate\\Foundation\\Http\\Middleware\\VerifyCsrfToken->handle(Object(Illuminate\\Http\\Request), Object(Closure))
#29 /home/puccomua/domains/puc.com.ua/vendor/laravel/framework/src/Illuminate/Routing/Pipeline.php(53): Illuminate\\Pipeline\\Pipeline->Illuminate\\Pipeline\\{closure}(Object(Illuminate\\Http\\Request))
#30 /home/puccomua/domains/puc.com.ua/vendor/laravel/framework/src/Illuminate/View/Middleware/ShareErrorsFromSession.php(49): Illuminate\\Routing\\Pipeline->Illuminate\\Routing\\{closure}(Object(Illuminate\\Http\\Request))
#31 /home/puccomua/domains/puc.com.ua/vendor/laravel/framework/src/Illuminate/Pipeline/Pipeline.php(163): Illuminate\\View\\Middleware\\ShareErrorsFromSession->handle(Object(Illuminate\\Http\\Request), Object(Closure))
#32 /home/puccomua/domains/puc.com.ua/vendor/laravel/framework/src/Illuminate/Routing/Pipeline.php(53): Illuminate\\Pipeline\\Pipeline->Illuminate\\Pipeline\\{closure}(Object(Illuminate\\Http\\Request))
#33 /home/puccomua/domains/puc.com.ua/vendor/laravel/framework/src/Illuminate/Session/Middleware/StartSession.php(56): Illuminate\\Routing\\Pipeline->Illuminate\\Routing\\{closure}(Object(Illuminate\\Http\\Request))
#34 /home/puccomua/domains/puc.com.ua/vendor/laravel/framework/src/Illuminate/Pipeline/Pipeline.php(163): Illuminate\\Session\\Middleware\\StartSession->handle(Object(Illuminate\\Http\\Request), Object(Closure))
#35 /home/puccomua/domains/puc.com.ua/vendor/laravel/framework/src/Illuminate/Routing/Pipeline.php(53): Illuminate\\Pipeline\\Pipeline->Illuminate\\Pipeline\\{closure}(Object(Illuminate\\Http\\Request))
#36 /home/puccomua/domains/puc.com.ua/vendor/laravel/framework/src/Illuminate/Cookie/Middleware/AddQueuedCookiesToResponse.php(37): Illuminate\\Routing\\Pipeline->Illuminate\\Routing\\{closure}(Object(Illuminate\\Http\\Request))
#37 /home/puccomua/domains/puc.com.ua/vendor/laravel/framework/src/Illuminate/Pipeline/Pipeline.php(163): Illuminate\\Cookie\\Middleware\\AddQueuedCookiesToResponse->handle(Object(Illuminate\\Http\\Request), Object(Closure))
#38 /home/puccomua/domains/puc.com.ua/vendor/laravel/framework/src/Illuminate/Routing/Pipeline.php(53): Illuminate\\Pipeline\\Pipeline->Illuminate\\Pipeline\\{closure}(Object(Illuminate\\Http\\Request))
#39 /home/puccomua/domains/puc.com.ua/vendor/laravel/framework/src/Illuminate/Cookie/Middleware/EncryptCookies.php(66): Illuminate\\Routing\\Pipeline->Illuminate\\Routing\\{closure}(Object(Illuminate\\Http\\Request))
#40 /home/puccomua/domains/puc.com.ua/vendor/laravel/framework/src/Illuminate/Pipeline/Pipeline.php(163): Illuminate\\Cookie\\Middleware\\EncryptCookies->handle(Object(Illuminate\\Http\\Request), Object(Closure))
#41 /home/puccomua/domains/puc.com.ua/vendor/laravel/framework/src/Illuminate/Routing/Pipeline.php(53): Illuminate\\Pipeline\\Pipeline->Illuminate\\Pipeline\\{closure}(Object(Illuminate\\Http\\Request))
#42 /home/puccomua/domains/puc.com.ua/app/Http/Middleware/Redirect.php(45): Illuminate\\Routing\\Pipeline->Illuminate\\Routing\\{closure}(Object(Illuminate\\Http\\Request))
#43 /home/puccomua/domains/puc.com.ua/vendor/laravel/framework/src/Illuminate/Pipeline/Pipeline.php(163): App\\Http\\Middleware\\Redirect->handle(Object(Illuminate\\Http\\Request), Object(Closure))
#44 /home/puccomua/domains/puc.com.ua/vendor/laravel/framework/src/Illuminate/Routing/Pipeline.php(53): Illuminate\\Pipeline\\Pipeline->Illuminate\\Pipeline\\{closure}(Object(Illuminate\\Http\\Request))
#45 /home/puccomua/domains/puc.com.ua/vendor/laravel/framework/src/Illuminate/Pipeline/Pipeline.php(104): Illuminate\\Routing\\Pipeline->Illuminate\\Routing\\{closure}(Object(Illuminate\\Http\\Request))
#46 /home/puccomua/domains/puc.com.ua/vendor/laravel/framework/src/Illuminate/Routing/Router.php(682): Illuminate\\Pipeline\\Pipeline->then(Object(Closure))
#47 /home/puccomua/domains/puc.com.ua/vendor/laravel/framework/src/Illuminate/Routing/Router.php(657): Illuminate\\Routing\\Router->runRouteWithinStack(Object(Illuminate\\Routing\\Route), Object(Illuminate\\Http\\Request))
#48 /home/puccomua/domains/puc.com.ua/vendor/laravel/framework/src/Illuminate/Routing/Router.php(623): Illuminate\\Routing\\Router->runRoute(Object(Illuminate\\Http\\Request), Object(Illuminate\\Routing\\Route))
#49 /home/puccomua/domains/puc.com.ua/vendor/laravel/framework/src/Illuminate/Routing/Router.php(612): Illuminate\\Routing\\Router->dispatchToRoute(Object(Illuminate\\Http\\Request))
#50 /home/puccomua/domains/puc.com.ua/vendor/laravel/framework/src/Illuminate/Foundation/Http/Kernel.php(176): Illuminate\\Routing\\Router->dispatch(Object(Illuminate\\Http\\Request))
#51 /home/puccomua/domains/puc.com.ua/vendor/laravel/framework/src/Illuminate/Routing/Pipeline.php(30): Illuminate\\Foundation\\Http\\Kernel->Illuminate\\Foundation\\Http\\{closure}(Object(Illuminate\\Http\\Request))
#52 /home/puccomua/domains/puc.com.ua/vendor/barryvdh/laravel-debugbar/src/Middleware/InjectDebugbar.php(58): Illuminate\\Routing\\Pipeline->Illuminate\\Routing\\{closure}(Object(Illuminate\\Http\\Request))
#53 /home/puccomua/domains/puc.com.ua/vendor/laravel/framework/src/Illuminate/Pipeline/Pipeline.php(163): Barryvdh\\Debugbar\\Middleware\\InjectDebugbar->handle(Object(Illuminate\\Http\\Request), Object(Closure))
#54 /home/puccomua/domains/puc.com.ua/vendor/laravel/framework/src/Illuminate/Routing/Pipeline.php(53): Illuminate\\Pipeline\\Pipeline->Illuminate\\Pipeline\\{closure}(Object(Illuminate\\Http\\Request))
#55 /home/puccomua/domains/puc.com.ua/vendor/laravel/framework/src/Illuminate/Foundation/Http/Middleware/TransformsRequest.php(21): Illuminate\\Routing\\Pipeline->Illuminate\\Routing\\{closure}(Object(Illuminate\\Http\\Request))
#56 /home/puccomua/domains/puc.com.ua/vendor/laravel/framework/src/Illuminate/Pipeline/Pipeline.php(163): Illuminate\\Foundation\\Http\\Middleware\\TransformsRequest->handle(Object(Illuminate\\Http\\Request), Object(Closure))
#57 /home/puccomua/domains/puc.com.ua/vendor/laravel/framework/src/Illuminate/Routing/Pipeline.php(53): Illuminate\\Pipeline\\Pipeline->Illuminate\\Pipeline\\{closure}(Object(Illuminate\\Http\\Request))
#58 /home/puccomua/domains/puc.com.ua/vendor/laravel/framework/src/Illuminate/Foundation/Http/Middleware/TransformsRequest.php(21): Illuminate\\Routing\\Pipeline->Illuminate\\Routing\\{closure}(Object(Illuminate\\Http\\Request))
#59 /home/puccomua/domains/puc.com.ua/vendor/laravel/framework/src/Illuminate/Pipeline/Pipeline.php(163): Illuminate\\Foundation\\Http\\Middleware\\TransformsRequest->handle(Object(Illuminate\\Http\\Request), Object(Closure))
#60 /home/puccomua/domains/puc.com.ua/vendor/laravel/framework/src/Illuminate/Routing/Pipeline.php(53): Illuminate\\Pipeline\\Pipeline->Illuminate\\Pipeline\\{closure}(Object(Illuminate\\Http\\Request))
#61 /home/puccomua/domains/puc.com.ua/vendor/laravel/framework/src/Illuminate/Foundation/Http/Middleware/ValidatePostSize.php(27): Illuminate\\Routing\\Pipeline->Illuminate\\Routing\\{closure}(Object(Illuminate\\Http\\Request))
#62 /home/puccomua/domains/puc.com.ua/vendor/laravel/framework/src/Illuminate/Pipeline/Pipeline.php(163): Illuminate\\Foundation\\Http\\Middleware\\ValidatePostSize->handle(Object(Illuminate\\Http\\Request), Object(Closure))
#63 /home/puccomua/domains/puc.com.ua/vendor/laravel/framework/src/Illuminate/Routing/Pipeline.php(53): Illuminate\\Pipeline\\Pipeline->Illuminate\\Pipeline\\{closure}(Object(Illuminate\\Http\\Request))
#64 /home/puccomua/domains/puc.com.ua/vendor/laravel/framework/src/Illuminate/Foundation/Http/Middleware/CheckForMaintenanceMode.php(62): Illuminate\\Routing\\Pipeline->Illuminate\\Routing\\{closure}(Object(Illuminate\\Http\\Request))
#65 /home/puccomua/domains/puc.com.ua/vendor/laravel/framework/src/Illuminate/Pipeline/Pipeline.php(163): Illuminate\\Foundation\\Http\\Middleware\\CheckForMaintenanceMode->handle(Object(Illuminate\\Http\\Request), Object(Closure))
#66 /home/puccomua/domains/puc.com.ua/vendor/laravel/framework/src/Illuminate/Routing/Pipeline.php(53): Illuminate\\Pipeline\\Pipeline->Illuminate\\Pipeline\\{closure}(Object(Illuminate\\Http\\Request))
#67 /home/puccomua/domains/puc.com.ua/vendor/fideloper/proxy/src/TrustProxies.php(57): Illuminate\\Routing\\Pipeline->Illuminate\\Routing\\{closure}(Object(Illuminate\\Http\\Request))
#68 /home/puccomua/domains/puc.com.ua/vendor/laravel/framework/src/Illuminate/Pipeline/Pipeline.php(163): Fideloper\\Proxy\\TrustProxies->handle(Object(Illuminate\\Http\\Request), Object(Closure))
#69 /home/puccomua/domains/puc.com.ua/vendor/laravel/framework/src/Illuminate/Routing/Pipeline.php(53): Illuminate\\Pipeline\\Pipeline->Illuminate\\Pipeline\\{closure}(Object(Illuminate\\Http\\Request))
#70 /home/puccomua/domains/puc.com.ua/vendor/laravel/framework/src/Illuminate/Pipeline/Pipeline.php(104): Illuminate\\Routing\\Pipeline->Illuminate\\Routing\\{closure}(Object(Illuminate\\Http\\Request))
#71 /home/puccomua/domains/puc.com.ua/vendor/laravel/framework/src/Illuminate/Foundation/Http/Kernel.php(151): Illuminate\\Pipeline\\Pipeline->then(Object(Closure))
#72 /home/puccomua/domains/puc.com.ua/vendor/laravel/framework/src/Illuminate/Foundation/Http/Kernel.php(116): Illuminate\\Foundation\\Http\\Kernel->sendRequestThroughRouter(Object(Illuminate\\Http\\Request))
#73 /home/puccomua/domains/puc.com.ua/public/index.php(55): Illuminate\\Foundation\\Http\\Kernel->handle(Object(Illuminate\\Http\\Request))
#74 {main}
"} 
[2021-10-17 18:02:23] local.INFO: DATA::{"payment_id":1795973158,"action":"pay","status":"success","version":3,"type":"buy","paytype":"card","public_key":"i14047737426","acq_id":414963,"order_id":"ad809477","liqpay_order_id":"ZM63RLEK1634482939959638","description":"\u041e\u043f\u043b\u0430\u0442\u0430 \u0437\u0430\u043a\u0430\u0437\u0430 \u0435\u0434\u044b \u043d\u0430 \u0441\u0430\u0439\u0442\u0435.","sender_card_mask2":"535838*69","sender_card_bank":"JSC UNIVERSAL BANK","sender_card_type":"mc","sender_card_country":804,"ip":"46.119.147.128","amount":268,"currency":"UAH","sender_commission":0,"receiver_commission":7.37,"agent_commission":0,"amount_debit":268,"amount_credit":268,"commission_debit":0,"commission_credit":7.37,"currency_debit":"UAH","currency_credit":"UAH","sender_bonus":0,"amount_bonus":0,"authcode_debit":"511173","rrn_debit":"002963746444","mpi_eci":"5","is_3ds":true,"language":"ru","create_date":1634482928612,"end_date":1634482942900,"transaction_id":1795973158}  
[2021-10-17 18:02:23] local.INFO: ORDER::{"id":477,"type":"full","rk_order_id":null,"rk_order_number":null,"rk_order_data":null,"rk_status":null,"rk_order_sum":"0.00","user_id":null,"pharmacy_id":null,"gift_id":"1","name":"\u0410\u043d\u043d\u0430","surname":null,"patronymic":null,"email":null,"phone":"+38 (097) 051 84 64","payment_method":"card","payment_transaction_number":null,"payment_transaction_status":null,"payment_status":"0","delivery_method":"delivery","delivery_address":{"street":"\u0410\u0445\u0441\u0430\u0440\u043e\u0432\u0430","house":"13","entrance":null,"floor":"10","apartment":"469"},"delivery_free":"1","coupon":null,"amount":"268.00","discount":null,"amount_less_discount":null,"status":"0","call_me_back":"1","birthday":"0","surrender":null,"person":null,"attach_file":null,"comment":null,"manager_comment":null,"pre_order_at":"2021-10-17 19:30:40","created_at":"2021-10-17 18:00:40","updated_at":"2021-10-17 18:00:40"}  
[2021-10-17 18:02:23] local.INFO: SIGNATURE::1  
[2021-10-17 18:02:23] local.INFO: DATA2::{"payment_id":1795973158,"action":"pay","status":"success","version":3,"type":"buy","paytype":"card","public_key":"i14047737426","acq_id":414963,"order_id":"ad809477","liqpay_order_id":"ZM63RLEK1634482939959638","description":"\u041e\u043f\u043b\u0430\u0442\u0430 \u0437\u0430\u043a\u0430\u0437\u0430 \u0435\u0434\u044b \u043d\u0430 \u0441\u0430\u0439\u0442\u0435.","sender_card_mask2":"535838*69","sender_card_bank":"JSC UNIVERSAL BANK","sender_card_type":"mc","sender_card_country":804,"ip":"46.119.147.128","amount":268,"currency":"UAH","sender_commission":0,"receiver_commission":7.37,"agent_commission":0,"amount_debit":268,"amount_credit":268,"commission_debit":0,"commission_credit":7.37,"currency_debit":"UAH","currency_credit":"UAH","sender_bonus":0,"amount_bonus":0,"authcode_debit":"511173","rrn_debit":"002963746444","mpi_eci":"5","is_3ds":true,"language":"ru","create_date":1634482928612,"end_date":1634482942900,"transaction_id":1795973158}  
