[2021-10-20 09:58:39] local.ERROR: RabbitMQ: response with Id [cdc67d80-f4fe-460c-929c-01af842d523a] hasn't been received for timeout 30000 ms. {"exception":"[object] (Iiko\\Biz\\Exception\\IikoResponseException(code: 705): RabbitMQ: response with Id [cdc67d80-f4fe-460c-929c-01af842d523a] hasn't been received for timeout 30000 ms. at /home/puccomua/domains/puc.com.ua/vendor/andriymiz/iiko-biz-api/src/Iiko/Biz/Api/AbstractApi.php:77)
[stacktrace]
#0 /home/puccomua/domains/puc.com.ua/vendor/andriymiz/iiko-biz-api/src/Iiko/Biz/Api/Orders.php(38): Iiko\\Biz\\Api\\AbstractApi->post('orders/checkCre...', '{\"organization\"...', Array)
#1 /home/puccomua/domains/puc.com.ua/app/Http/Controllers/Callback/ShopController.php(275): Iiko\\Biz\\Api\\Orders->checkCreate(Array)
#2 [internal function]: App\\Http\\Controllers\\Callback\\ShopController->buy(Object(Illuminate\\Http\\Request))
#3 /home/puccomua/domains/puc.com.ua/vendor/laravel/framework/src/Illuminate/Routing/Controller.php(54): call_user_func_array(Array, Array)
#4 /home/puccomua/domains/puc.com.ua/vendor/laravel/framework/src/Illuminate/Routing/ControllerDispatcher.php(45): Illuminate\\Routing\\Controller->callAction('buy', Array)
#5 /home/puccomua/domains/puc.com.ua/vendor/laravel/framework/src/Illuminate/Routing/Route.php(219): Illuminate\\Routing\\ControllerDispatcher->dispatch(Object(Illuminate\\Routing\\Route), Object(App\\Http\\Controllers\\Callback\\ShopController), 'buy')
#6 /home/puccomua/domains/puc.com.ua/vendor/laravel/framework/src/Illuminate/Routing/Route.php(176): Illuminate\\Routing\\Route->runController()
#7 /home/puccomua/domains/puc.com.ua/vendor/laravel/framework/src/Illuminate/Routing/Router.php(680): Illuminate\\Routing\\Route->run()
#8 /home/puccomua/domains/puc.com.ua/vendor/laravel/framework/src/Illuminate/Routing/Pipeline.php(30): Illuminate\\Routing\\Router->Illuminate\\Routing\\{closure}(Object(Illuminate\\Http\\Request))
#9 /home/puccomua/domains/puc.com.ua/app/Http/Controllers/Controller.php(63): Illuminate\\Routing\\Pipeline->Illuminate\\Routing\\{closure}(Object(Illuminate\\Http\\Request))
#10 /home/puccomua/domains/puc.com.ua/vendor/laravel/framework/src/Illuminate/Pipeline/Pipeline.php(145): App\\Http\\Controllers\\Controller->App\\Http\\Controllers\\{closure}(Object(Illuminate\\Http\\Request), Object(Closure))
#11 /home/puccomua/domains/puc.com.ua/vendor/laravel/framework/src/Illuminate/Routing/Pipeline.php(53): Illuminate\\Pipeline\\Pipeline->Illuminate\\Pipeline\\{closure}(Object(Illuminate\\Http\\Request))
#12 /home/puccomua/domains/puc.com.ua/app/Http/Middleware/AjaxVariables.php(19): Illuminate\\Routing\\Pipeline->Illuminate\\Routing\\{closure}(Object(Illuminate\\Http\\Request))
#13 /home/puccomua/domains/puc.com.ua/vendor/laravel/framework/src/Illuminate/Pipeline/Pipeline.php(163): App\\Http\\Middleware\\AjaxVariables->handle(Object(Illuminate\\Http\\Request), Object(Closure))
#14 /home/puccomua/domains/puc.com.ua/vendor/laravel/framework/src/Illuminate/Routing/Pipeline.php(53): Illuminate\\Pipeline\\Pipeline->Illuminate\\Pipeline\\{closure}(Object(Illuminate\\Http\\Request))
#15 /home/puccomua/domains/puc.com.ua/vendor/laravel/framework/src/Illuminate/Routing/Middleware/SubstituteBindings.php(41): Illuminate\\Routing\\Pipeline->Illuminate\\Routing\\{closure}(Object(Illuminate\\Http\\Request))
#16 /home/puccomua/domains/puc.com.ua/vendor/laravel/framework/src/Illuminate/Pipeline/Pipeline.php(163): Illuminate\\Routing\\Middleware\\SubstituteBindings->handle(Object(Illuminate\\Http\\Request), Object(Closure))
#17 /home/puccomua/domains/puc.com.ua/vendor/laravel/framework/src/Illuminate/Routing/Pipeline.php(53): Illuminate\\Pipeline\\Pipeline->Illuminate\\Pipeline\\{closure}(Object(Illuminate\\Http\\Request))
#18 /home/puccomua/domains/puc.com.ua/vendor/laravel/framework/src/Illuminate/Foundation/Http/Middleware/VerifyCsrfToken.php(75): Illuminate\\Routing\\Pipeline->Illuminate\\Routing\\{closure}(Object(Illuminate\\Http\\Request))
#19 /home/puccomua/domains/puc.com.ua/vendor/laravel/framework/src/Illuminate/Pipeline/Pipeline.php(163): Illuminate\\Foundation\\Http\\Middleware\\VerifyCsrfToken->handle(Object(Illuminate\\Http\\Request), Object(Closure))
#20 /home/puccomua/domains/puc.com.ua/vendor/laravel/framework/src/Illuminate/Routing/Pipeline.php(53): Illuminate\\Pipeline\\Pipeline->Illuminate\\Pipeline\\{closure}(Object(Illuminate\\Http\\Request))
#21 /home/puccomua/domains/puc.com.ua/vendor/laravel/framework/src/Illuminate/View/Middleware/ShareErrorsFromSession.php(49): Illuminate\\Routing\\Pipeline->Illuminate\\Routing\\{closure}(Object(Illuminate\\Http\\Request))
#22 /home/puccomua/domains/puc.com.ua/vendor/laravel/framework/src/Illuminate/Pipeline/Pipeline.php(163): Illuminate\\View\\Middleware\\ShareErrorsFromSession->handle(Object(Illuminate\\Http\\Request), Object(Closure))
#23 /home/puccomua/domains/puc.com.ua/vendor/laravel/framework/src/Illuminate/Routing/Pipeline.php(53): Illuminate\\Pipeline\\Pipeline->Illuminate\\Pipeline\\{closure}(Object(Illuminate\\Http\\Request))
#24 /home/puccomua/domains/puc.com.ua/vendor/laravel/framework/src/Illuminate/Session/Middleware/StartSession.php(56): Illuminate\\Routing\\Pipeline->Illuminate\\Routing\\{closure}(Object(Illuminate\\Http\\Request))
#25 /home/puccomua/domains/puc.com.ua/vendor/laravel/framework/src/Illuminate/Pipeline/Pipeline.php(163): Illuminate\\Session\\Middleware\\StartSession->handle(Object(Illuminate\\Http\\Request), Object(Closure))
#26 /home/puccomua/domains/puc.com.ua/vendor/laravel/framework/src/Illuminate/Routing/Pipeline.php(53): Illuminate\\Pipeline\\Pipeline->Illuminate\\Pipeline\\{closure}(Object(Illuminate\\Http\\Request))
#27 /home/puccomua/domains/puc.com.ua/vendor/laravel/framework/src/Illuminate/Cookie/Middleware/AddQueuedCookiesToResponse.php(37): Illuminate\\Routing\\Pipeline->Illuminate\\Routing\\{closure}(Object(Illuminate\\Http\\Request))
#28 /home/puccomua/domains/puc.com.ua/vendor/laravel/framework/src/Illuminate/Pipeline/Pipeline.php(163): Illuminate\\Cookie\\Middleware\\AddQueuedCookiesToResponse->handle(Object(Illuminate\\Http\\Request), Object(Closure))
#29 /home/puccomua/domains/puc.com.ua/vendor/laravel/framework/src/Illuminate/Routing/Pipeline.php(53): Illuminate\\Pipeline\\Pipeline->Illuminate\\Pipeline\\{closure}(Object(Illuminate\\Http\\Request))
#30 /home/puccomua/domains/puc.com.ua/vendor/laravel/framework/src/Illuminate/Cookie/Middleware/EncryptCookies.php(66): Illuminate\\Routing\\Pipeline->Illuminate\\Routing\\{closure}(Object(Illuminate\\Http\\Request))
#31 /home/puccomua/domains/puc.com.ua/vendor/laravel/framework/src/Illuminate/Pipeline/Pipeline.php(163): Illuminate\\Cookie\\Middleware\\EncryptCookies->handle(Object(Illuminate\\Http\\Request), Object(Closure))
#32 /home/puccomua/domains/puc.com.ua/vendor/laravel/framework/src/Illuminate/Routing/Pipeline.php(53): Illuminate\\Pipeline\\Pipeline->Illuminate\\Pipeline\\{closure}(Object(Illuminate\\Http\\Request))
#33 /home/puccomua/domains/puc.com.ua/vendor/laravel/framework/src/Illuminate/Pipeline/Pipeline.php(104): Illuminate\\Routing\\Pipeline->Illuminate\\Routing\\{closure}(Object(Illuminate\\Http\\Request))
#34 /home/puccomua/domains/puc.com.ua/vendor/laravel/framework/src/Illuminate/Routing/Router.php(682): Illuminate\\Pipeline\\Pipeline->then(Object(Closure))
#35 /home/puccomua/domains/puc.com.ua/vendor/laravel/framework/src/Illuminate/Routing/Router.php(657): Illuminate\\Routing\\Router->runRouteWithinStack(Object(Illuminate\\Routing\\Route), Object(Illuminate\\Http\\Request))
#36 /home/puccomua/domains/puc.com.ua/vendor/laravel/framework/src/Illuminate/Routing/Router.php(623): Illuminate\\Routing\\Router->runRoute(Object(Illuminate\\Http\\Request), Object(Illuminate\\Routing\\Route))
#37 /home/puccomua/domains/puc.com.ua/vendor/laravel/framework/src/Illuminate/Routing/Router.php(612): Illuminate\\Routing\\Router->dispatchToRoute(Object(Illuminate\\Http\\Request))
#38 /home/puccomua/domains/puc.com.ua/vendor/laravel/framework/src/Illuminate/Foundation/Http/Kernel.php(176): Illuminate\\Routing\\Router->dispatch(Object(Illuminate\\Http\\Request))
#39 /home/puccomua/domains/puc.com.ua/vendor/laravel/framework/src/Illuminate/Routing/Pipeline.php(30): Illuminate\\Foundation\\Http\\Kernel->Illuminate\\Foundation\\Http\\{closure}(Object(Illuminate\\Http\\Request))
#40 /home/puccomua/domains/puc.com.ua/vendor/barryvdh/laravel-debugbar/src/Middleware/InjectDebugbar.php(58): Illuminate\\Routing\\Pipeline->Illuminate\\Routing\\{closure}(Object(Illuminate\\Http\\Request))
#41 /home/puccomua/domains/puc.com.ua/vendor/laravel/framework/src/Illuminate/Pipeline/Pipeline.php(163): Barryvdh\\Debugbar\\Middleware\\InjectDebugbar->handle(Object(Illuminate\\Http\\Request), Object(Closure))
#42 /home/puccomua/domains/puc.com.ua/vendor/laravel/framework/src/Illuminate/Routing/Pipeline.php(53): Illuminate\\Pipeline\\Pipeline->Illuminate\\Pipeline\\{closure}(Object(Illuminate\\Http\\Request))
#43 /home/puccomua/domains/puc.com.ua/vendor/laravel/framework/src/Illuminate/Foundation/Http/Middleware/TransformsRequest.php(21): Illuminate\\Routing\\Pipeline->Illuminate\\Routing\\{closure}(Object(Illuminate\\Http\\Request))
#44 /home/puccomua/domains/puc.com.ua/vendor/laravel/framework/src/Illuminate/Pipeline/Pipeline.php(163): Illuminate\\Foundation\\Http\\Middleware\\TransformsRequest->handle(Object(Illuminate\\Http\\Request), Object(Closure))
#45 /home/puccomua/domains/puc.com.ua/vendor/laravel/framework/src/Illuminate/Routing/Pipeline.php(53): Illuminate\\Pipeline\\Pipeline->Illuminate\\Pipeline\\{closure}(Object(Illuminate\\Http\\Request))
#46 /home/puccomua/domains/puc.com.ua/vendor/laravel/framework/src/Illuminate/Foundation/Http/Middleware/TransformsRequest.php(21): Illuminate\\Routing\\Pipeline->Illuminate\\Routing\\{closure}(Object(Illuminate\\Http\\Request))
#47 /home/puccomua/domains/puc.com.ua/vendor/laravel/framework/src/Illuminate/Pipeline/Pipeline.php(163): Illuminate\\Foundation\\Http\\Middleware\\TransformsRequest->handle(Object(Illuminate\\Http\\Request), Object(Closure))
#48 /home/puccomua/domains/puc.com.ua/vendor/laravel/framework/src/Illuminate/Routing/Pipeline.php(53): Illuminate\\Pipeline\\Pipeline->Illuminate\\Pipeline\\{closure}(Object(Illuminate\\Http\\Request))
#49 /home/puccomua/domains/puc.com.ua/vendor/laravel/framework/src/Illuminate/Foundation/Http/Middleware/ValidatePostSize.php(27): Illuminate\\Routing\\Pipeline->Illuminate\\Routing\\{closure}(Object(Illuminate\\Http\\Request))
#50 /home/puccomua/domains/puc.com.ua/vendor/laravel/framework/src/Illuminate/Pipeline/Pipeline.php(163): Illuminate\\Foundation\\Http\\Middleware\\ValidatePostSize->handle(Object(Illuminate\\Http\\Request), Object(Closure))
#51 /home/puccomua/domains/puc.com.ua/vendor/laravel/framework/src/Illuminate/Routing/Pipeline.php(53): Illuminate\\Pipeline\\Pipeline->Illuminate\\Pipeline\\{closure}(Object(Illuminate\\Http\\Request))
#52 /home/puccomua/domains/puc.com.ua/vendor/laravel/framework/src/Illuminate/Foundation/Http/Middleware/CheckForMaintenanceMode.php(62): Illuminate\\Routing\\Pipeline->Illuminate\\Routing\\{closure}(Object(Illuminate\\Http\\Request))
#53 /home/puccomua/domains/puc.com.ua/vendor/laravel/framework/src/Illuminate/Pipeline/Pipeline.php(163): Illuminate\\Foundation\\Http\\Middleware\\CheckForMaintenanceMode->handle(Object(Illuminate\\Http\\Request), Object(Closure))
#54 /home/puccomua/domains/puc.com.ua/vendor/laravel/framework/src/Illuminate/Routing/Pipeline.php(53): Illuminate\\Pipeline\\Pipeline->Illuminate\\Pipeline\\{closure}(Object(Illuminate\\Http\\Request))
#55 /home/puccomua/domains/puc.com.ua/vendor/fideloper/proxy/src/TrustProxies.php(57): Illuminate\\Routing\\Pipeline->Illuminate\\Routing\\{closure}(Object(Illuminate\\Http\\Request))
#56 /home/puccomua/domains/puc.com.ua/vendor/laravel/framework/src/Illuminate/Pipeline/Pipeline.php(163): Fideloper\\Proxy\\TrustProxies->handle(Object(Illuminate\\Http\\Request), Object(Closure))
#57 /home/puccomua/domains/puc.com.ua/vendor/laravel/framework/src/Illuminate/Routing/Pipeline.php(53): Illuminate\\Pipeline\\Pipeline->Illuminate\\Pipeline\\{closure}(Object(Illuminate\\Http\\Request))
#58 /home/puccomua/domains/puc.com.ua/vendor/laravel/framework/src/Illuminate/Pipeline/Pipeline.php(104): Illuminate\\Routing\\Pipeline->Illuminate\\Routing\\{closure}(Object(Illuminate\\Http\\Request))
#59 /home/puccomua/domains/puc.com.ua/vendor/laravel/framework/src/Illuminate/Foundation/Http/Kernel.php(151): Illuminate\\Pipeline\\Pipeline->then(Object(Closure))
#60 /home/puccomua/domains/puc.com.ua/vendor/laravel/framework/src/Illuminate/Foundation/Http/Kernel.php(116): Illuminate\\Foundation\\Http\\Kernel->sendRequestThroughRouter(Object(Illuminate\\Http\\Request))
#61 /home/puccomua/domains/puc.com.ua/public/index.php(55): Illuminate\\Foundation\\Http\\Kernel->handle(Object(Illuminate\\Http\\Request))
#62 {main}
"} 
[2021-10-20 11:51:52] local.INFO: DATA2::{"payment_id":1798635956,"action":"pay","status":"success","version":3,"type":"buy","paytype":"apay","public_key":"i14047737426","acq_id":414963,"order_id":"64c26516","liqpay_order_id":"AFDDYUP51634719908951173","description":"\u041e\u043f\u043b\u0430\u0442\u0430 \u0437\u0430\u043a\u0430\u0437\u0430 \u0435\u0434\u044b \u043d\u0430 \u0441\u0430\u0439\u0442\u0435.","sender_card_mask2":"447277*78","sender_card_type":"visa","sender_card_country":804,"ip":"104.28.106.254","amount":731,"currency":"UAH","sender_commission":0,"receiver_commission":20.1,"agent_commission":0,"amount_debit":731,"amount_credit":731,"commission_debit":0,"commission_credit":20.1,"currency_debit":"UAH","currency_credit":"UAH","sender_bonus":0,"amount_bonus":0,"authcode_debit":"663486","rrn_debit":"002968476172","mpi_eci":"5","is_3ds":true,"language":"ru","create_date":1634719885832,"end_date":1634719911723,"transaction_id":1798635956,"tid":"381293319109105"}  
[2021-10-20 11:51:52] local.INFO: DATA::{"payment_id":1798635956,"action":"pay","status":"success","version":3,"type":"buy","paytype":"apay","public_key":"i14047737426","acq_id":414963,"order_id":"64c26516","liqpay_order_id":"AFDDYUP51634719908951173","description":"\u041e\u043f\u043b\u0430\u0442\u0430 \u0437\u0430\u043a\u0430\u0437\u0430 \u0435\u0434\u044b \u043d\u0430 \u0441\u0430\u0439\u0442\u0435.","sender_card_mask2":"447277*78","sender_card_type":"visa","sender_card_country":804,"ip":"104.28.106.254","amount":731,"currency":"UAH","sender_commission":0,"receiver_commission":20.1,"agent_commission":0,"amount_debit":731,"amount_credit":731,"commission_debit":0,"commission_credit":20.1,"currency_debit":"UAH","currency_credit":"UAH","sender_bonus":0,"amount_bonus":0,"authcode_debit":"663486","rrn_debit":"002968476172","mpi_eci":"5","is_3ds":true,"language":"ru","create_date":1634719885832,"end_date":1634719911723,"transaction_id":1798635956}  
[2021-10-20 11:51:52] local.INFO: ORDER::{"id":516,"type":"full","rk_order_id":null,"rk_order_number":null,"rk_order_data":null,"rk_status":null,"rk_order_sum":"0.00","user_id":null,"pharmacy_id":null,"gift_id":"3","name":"\u042d\u0440\u0438\u043a","surname":null,"patronymic":null,"email":null,"phone":"+38 (099) 148 77 79","payment_method":"card","payment_transaction_number":null,"payment_transaction_status":null,"payment_status":"0","delivery_method":"delivery","delivery_address":{"street":"\u041f\u0440\u043e\u0441\u043f\u0435\u043a\u0442 \u043d\u0430\u0443\u043a\u0438","house":"26","entrance":null,"floor":"14","apartment":"54"},"delivery_free":"1","coupon":null,"amount":"731.00","discount":null,"amount_less_discount":null,"status":"0","call_me_back":"1","birthday":"0","surrender":null,"person":null,"attach_file":null,"comment":null,"manager_comment":null,"pre_order_at":"2021-10-20 13:21:14","created_at":"2021-10-20 11:51:14","updated_at":"2021-10-20 11:51:14"}  
[2021-10-20 11:51:52] local.INFO: SIGNATURE::1  
[2021-10-20 12:31:48] local.INFO: DATA::{"payment_id":1798683877,"action":"pay","status":"success","version":3,"type":"buy","paytype":"apay","public_key":"i14047737426","acq_id":414963,"order_id":"ac2a7517","liqpay_order_id":"VEJH5HYR1634722305230796","description":"\u041e\u043f\u043b\u0430\u0442\u0430 \u0437\u0430\u043a\u0430\u0437\u0430 \u0435\u0434\u044b \u043d\u0430 \u0441\u0430\u0439\u0442\u0435.","sender_card_mask2":"447277*62","sender_card_type":"visa","sender_card_country":804,"ip":"45.9.29.249","amount":898,"currency":"UAH","sender_commission":0,"receiver_commission":24.7,"agent_commission":0,"amount_debit":898,"amount_credit":898,"commission_debit":0,"commission_credit":24.7,"currency_debit":"UAH","currency_credit":"UAH","sender_bonus":0,"amount_bonus":0,"authcode_debit":"333022","rrn_debit":"002968566716","mpi_eci":"5","is_3ds":true,"language":"ru","create_date":1634722201554,"end_date":1634722308368,"transaction_id":1798683877}  
[2021-10-20 12:31:48] local.INFO: ORDER::{"id":517,"type":"full","rk_order_id":null,"rk_order_number":null,"rk_order_data":null,"rk_status":null,"rk_order_sum":"0.00","user_id":null,"pharmacy_id":null,"gift_id":"3","name":"\u0410\u043b\u0435\u043a\u0441\u0430\u043d\u0434\u0440","surname":null,"patronymic":null,"email":null,"phone":"+38 (097) 745 24 83","payment_method":"card","payment_transaction_number":null,"payment_transaction_status":null,"payment_status":"0","delivery_method":"delivery","delivery_address":{"street":"\u0428\u043a\u043e\u043b\u044c\u043d\u0430\u044f","house":"30","entrance":null,"floor":null,"apartment":null},"delivery_free":"1","coupon":null,"amount":"898.00","discount":null,"amount_less_discount":null,"status":"0","call_me_back":"1","birthday":"0","surrender":null,"person":null,"attach_file":null,"comment":null,"manager_comment":null,"pre_order_at":"2021-10-20 13:57:46","created_at":"2021-10-20 12:27:46","updated_at":"2021-10-20 12:27:46"}  
[2021-10-20 12:31:48] local.INFO: SIGNATURE::1  
[2021-10-20 12:31:49] local.INFO: DATA2::{"payment_id":1798683877,"action":"pay","status":"success","version":3,"type":"buy","paytype":"apay","public_key":"i14047737426","acq_id":414963,"order_id":"ac2a7517","liqpay_order_id":"VEJH5HYR1634722305230796","description":"\u041e\u043f\u043b\u0430\u0442\u0430 \u0437\u0430\u043a\u0430\u0437\u0430 \u0435\u0434\u044b \u043d\u0430 \u0441\u0430\u0439\u0442\u0435.","sender_card_mask2":"447277*62","sender_card_type":"visa","sender_card_country":804,"ip":"45.9.29.249","amount":898,"currency":"UAH","sender_commission":0,"receiver_commission":24.7,"agent_commission":0,"amount_debit":898,"amount_credit":898,"commission_debit":0,"commission_credit":24.7,"currency_debit":"UAH","currency_credit":"UAH","sender_bonus":0,"amount_bonus":0,"authcode_debit":"333022","rrn_debit":"002968566716","mpi_eci":"5","is_3ds":true,"language":"ru","create_date":1634722201554,"end_date":1634722308368,"transaction_id":1798683877,"tid":"461293343073626"}  
[2021-10-20 12:31:50] local.ERROR: DeliveryOrderItems: Items collections is empty {"exception":"[object] (Iiko\\Biz\\Exception\\IikoResponseException(code: 100): DeliveryOrderItems: Items collections is empty at /home/puccomua/domains/puc.com.ua/vendor/andriymiz/iiko-biz-api/src/Iiko/Biz/Api/AbstractApi.php:77)
[stacktrace]
#0 /home/puccomua/domains/puc.com.ua/vendor/andriymiz/iiko-biz-api/src/Iiko/Biz/Api/Orders.php(14): Iiko\\Biz\\Api\\AbstractApi->post('orders/add', '{\"organization\"...', Array)
#1 /home/puccomua/domains/puc.com.ua/app/Http/Controllers/Frontend/Shop/LiqPayController.php(136): Iiko\\Biz\\Api\\Orders->addOrder(Array)
#2 [internal function]: App\\Http\\Controllers\\Frontend\\Shop\\LiqPayController->paymentResponse(Object(App\\Http\\Requests\\LiqpayRequest))
#3 /home/puccomua/domains/puc.com.ua/vendor/laravel/framework/src/Illuminate/Routing/Controller.php(54): call_user_func_array(Array, Array)
#4 /home/puccomua/domains/puc.com.ua/vendor/laravel/framework/src/Illuminate/Routing/ControllerDispatcher.php(45): Illuminate\\Routing\\Controller->callAction('paymentResponse', Array)
#5 /home/puccomua/domains/puc.com.ua/vendor/laravel/framework/src/Illuminate/Routing/Route.php(219): Illuminate\\Routing\\ControllerDispatcher->dispatch(Object(Illuminate\\Routing\\Route), Object(App\\Http\\Controllers\\Frontend\\Shop\\LiqPayController), 'paymentResponse')
#6 /home/puccomua/domains/puc.com.ua/vendor/laravel/framework/src/Illuminate/Routing/Route.php(176): Illuminate\\Routing\\Route->runController()
#7 /home/puccomua/domains/puc.com.ua/vendor/laravel/framework/src/Illuminate/Routing/Router.php(680): Illuminate\\Routing\\Route->run()
#8 /home/puccomua/domains/puc.com.ua/vendor/laravel/framework/src/Illuminate/Routing/Pipeline.php(30): Illuminate\\Routing\\Router->Illuminate\\Routing\\{closure}(Object(Illuminate\\Http\\Request))
#9 /home/puccomua/domains/puc.com.ua/app/Http/Controllers/Controller.php(63): Illuminate\\Routing\\Pipeline->Illuminate\\Routing\\{closure}(Object(Illuminate\\Http\\Request))
#10 /home/puccomua/domains/puc.com.ua/vendor/laravel/framework/src/Illuminate/Pipeline/Pipeline.php(145): App\\Http\\Controllers\\Controller->App\\Http\\Controllers\\{closure}(Object(Illuminate\\Http\\Request), Object(Closure))
#11 /home/puccomua/domains/puc.com.ua/vendor/laravel/framework/src/Illuminate/Routing/Pipeline.php(53): Illuminate\\Pipeline\\Pipeline->Illuminate\\Pipeline\\{closure}(Object(Illuminate\\Http\\Request))
#12 /home/puccomua/domains/puc.com.ua/app/Http/Middleware/ResponseRender.php(16): Illuminate\\Routing\\Pipeline->Illuminate\\Routing\\{closure}(Object(Illuminate\\Http\\Request))
#13 /home/puccomua/domains/puc.com.ua/vendor/laravel/framework/src/Illuminate/Pipeline/Pipeline.php(163): App\\Http\\Middleware\\ResponseRender->handle(Object(Illuminate\\Http\\Request), Object(Closure))
#14 /home/puccomua/domains/puc.com.ua/vendor/laravel/framework/src/Illuminate/Routing/Pipeline.php(53): Illuminate\\Pipeline\\Pipeline->Illuminate\\Pipeline\\{closure}(Object(Illuminate\\Http\\Request))
#15 /home/puccomua/domains/puc.com.ua/vendor/mcamara/laravel-localization/src/Mcamara/LaravelLocalization/Middleware/LaravelLocalizationViewPath.php(33): Illuminate\\Routing\\Pipeline->Illuminate\\Routing\\{closure}(Object(Illuminate\\Http\\Request))
#16 /home/puccomua/domains/puc.com.ua/vendor/laravel/framework/src/Illuminate/Pipeline/Pipeline.php(163): Mcamara\\LaravelLocalization\\Middleware\\LaravelLocalizationViewPath->handle(Object(Illuminate\\Http\\Request), Object(Closure))
#17 /home/puccomua/domains/puc.com.ua/vendor/laravel/framework/src/Illuminate/Routing/Pipeline.php(53): Illuminate\\Pipeline\\Pipeline->Illuminate\\Pipeline\\{closure}(Object(Illuminate\\Http\\Request))
#18 /home/puccomua/domains/puc.com.ua/vendor/mcamara/laravel-localization/src/Mcamara/LaravelLocalization/Middleware/LaravelLocalizationRedirectFilter.php(45): Illuminate\\Routing\\Pipeline->Illuminate\\Routing\\{closure}(Object(Illuminate\\Http\\Request))
#19 /home/puccomua/domains/puc.com.ua/vendor/laravel/framework/src/Illuminate/Pipeline/Pipeline.php(163): Mcamara\\LaravelLocalization\\Middleware\\LaravelLocalizationRedirectFilter->handle(Object(Illuminate\\Http\\Request), Object(Closure))
#20 /home/puccomua/domains/puc.com.ua/vendor/laravel/framework/src/Illuminate/Routing/Pipeline.php(53): Illuminate\\Pipeline\\Pipeline->Illuminate\\Pipeline\\{closure}(Object(Illuminate\\Http\\Request))
#21 /home/puccomua/domains/puc.com.ua/vendor/mcamara/laravel-localization/src/Mcamara/LaravelLocalization/Middleware/LaravelLocalizationRoutes.php(30): Illuminate\\Routing\\Pipeline->Illuminate\\Routing\\{closure}(Object(Illuminate\\Http\\Request))
#22 /home/puccomua/domains/puc.com.ua/vendor/laravel/framework/src/Illuminate/Pipeline/Pipeline.php(163): Mcamara\\LaravelLocalization\\Middleware\\LaravelLocalizationRoutes->handle(Object(Illuminate\\Http\\Request), Object(Closure))
#23 /home/puccomua/domains/puc.com.ua/vendor/laravel/framework/src/Illuminate/Routing/Pipeline.php(53): Illuminate\\Pipeline\\Pipeline->Illuminate\\Pipeline\\{closure}(Object(Illuminate\\Http\\Request))
#24 /home/puccomua/domains/puc.com.ua/vendor/laravel/framework/src/Illuminate/Routing/Middleware/SubstituteBindings.php(41): Illuminate\\Routing\\Pipeline->Illuminate\\Routing\\{closure}(Object(Illuminate\\Http\\Request))
#25 /home/puccomua/domains/puc.com.ua/vendor/laravel/framework/src/Illuminate/Pipeline/Pipeline.php(163): Illuminate\\Routing\\Middleware\\SubstituteBindings->handle(Object(Illuminate\\Http\\Request), Object(Closure))
#26 /home/puccomua/domains/puc.com.ua/vendor/laravel/framework/src/Illuminate/Routing/Pipeline.php(53): Illuminate\\Pipeline\\Pipeline->Illuminate\\Pipeline\\{closure}(Object(Illuminate\\Http\\Request))
#27 /home/puccomua/domains/puc.com.ua/vendor/laravel/framework/src/Illuminate/Foundation/Http/Middleware/VerifyCsrfToken.php(75): Illuminate\\Routing\\Pipeline->Illuminate\\Routing\\{closure}(Object(Illuminate\\Http\\Request))
#28 /home/puccomua/domains/puc.com.ua/vendor/laravel/framework/src/Illuminate/Pipeline/Pipeline.php(163): Illuminate\\Foundation\\Http\\Middleware\\VerifyCsrfToken->handle(Object(Illuminate\\Http\\Request), Object(Closure))
#29 /home/puccomua/domains/puc.com.ua/vendor/laravel/framework/src/Illuminate/Routing/Pipeline.php(53): Illuminate\\Pipeline\\Pipeline->Illuminate\\Pipeline\\{closure}(Object(Illuminate\\Http\\Request))
#30 /home/puccomua/domains/puc.com.ua/vendor/laravel/framework/src/Illuminate/View/Middleware/ShareErrorsFromSession.php(49): Illuminate\\Routing\\Pipeline->Illuminate\\Routing\\{closure}(Object(Illuminate\\Http\\Request))
#31 /home/puccomua/domains/puc.com.ua/vendor/laravel/framework/src/Illuminate/Pipeline/Pipeline.php(163): Illuminate\\View\\Middleware\\ShareErrorsFromSession->handle(Object(Illuminate\\Http\\Request), Object(Closure))
#32 /home/puccomua/domains/puc.com.ua/vendor/laravel/framework/src/Illuminate/Routing/Pipeline.php(53): Illuminate\\Pipeline\\Pipeline->Illuminate\\Pipeline\\{closure}(Object(Illuminate\\Http\\Request))
#33 /home/puccomua/domains/puc.com.ua/vendor/laravel/framework/src/Illuminate/Session/Middleware/StartSession.php(56): Illuminate\\Routing\\Pipeline->Illuminate\\Routing\\{closure}(Object(Illuminate\\Http\\Request))
#34 /home/puccomua/domains/puc.com.ua/vendor/laravel/framework/src/Illuminate/Pipeline/Pipeline.php(163): Illuminate\\Session\\Middleware\\StartSession->handle(Object(Illuminate\\Http\\Request), Object(Closure))
#35 /home/puccomua/domains/puc.com.ua/vendor/laravel/framework/src/Illuminate/Routing/Pipeline.php(53): Illuminate\\Pipeline\\Pipeline->Illuminate\\Pipeline\\{closure}(Object(Illuminate\\Http\\Request))
#36 /home/puccomua/domains/puc.com.ua/vendor/laravel/framework/src/Illuminate/Cookie/Middleware/AddQueuedCookiesToResponse.php(37): Illuminate\\Routing\\Pipeline->Illuminate\\Routing\\{closure}(Object(Illuminate\\Http\\Request))
#37 /home/puccomua/domains/puc.com.ua/vendor/laravel/framework/src/Illuminate/Pipeline/Pipeline.php(163): Illuminate\\Cookie\\Middleware\\AddQueuedCookiesToResponse->handle(Object(Illuminate\\Http\\Request), Object(Closure))
#38 /home/puccomua/domains/puc.com.ua/vendor/laravel/framework/src/Illuminate/Routing/Pipeline.php(53): Illuminate\\Pipeline\\Pipeline->Illuminate\\Pipeline\\{closure}(Object(Illuminate\\Http\\Request))
#39 /home/puccomua/domains/puc.com.ua/vendor/laravel/framework/src/Illuminate/Cookie/Middleware/EncryptCookies.php(66): Illuminate\\Routing\\Pipeline->Illuminate\\Routing\\{closure}(Object(Illuminate\\Http\\Request))
#40 /home/puccomua/domains/puc.com.ua/vendor/laravel/framework/src/Illuminate/Pipeline/Pipeline.php(163): Illuminate\\Cookie\\Middleware\\EncryptCookies->handle(Object(Illuminate\\Http\\Request), Object(Closure))
#41 /home/puccomua/domains/puc.com.ua/vendor/laravel/framework/src/Illuminate/Routing/Pipeline.php(53): Illuminate\\Pipeline\\Pipeline->Illuminate\\Pipeline\\{closure}(Object(Illuminate\\Http\\Request))
#42 /home/puccomua/domains/puc.com.ua/app/Http/Middleware/Redirect.php(45): Illuminate\\Routing\\Pipeline->Illuminate\\Routing\\{closure}(Object(Illuminate\\Http\\Request))
#43 /home/puccomua/domains/puc.com.ua/vendor/laravel/framework/src/Illuminate/Pipeline/Pipeline.php(163): App\\Http\\Middleware\\Redirect->handle(Object(Illuminate\\Http\\Request), Object(Closure))
#44 /home/puccomua/domains/puc.com.ua/vendor/laravel/framework/src/Illuminate/Routing/Pipeline.php(53): Illuminate\\Pipeline\\Pipeline->Illuminate\\Pipeline\\{closure}(Object(Illuminate\\Http\\Request))
#45 /home/puccomua/domains/puc.com.ua/vendor/laravel/framework/src/Illuminate/Pipeline/Pipeline.php(104): Illuminate\\Routing\\Pipeline->Illuminate\\Routing\\{closure}(Object(Illuminate\\Http\\Request))
#46 /home/puccomua/domains/puc.com.ua/vendor/laravel/framework/src/Illuminate/Routing/Router.php(682): Illuminate\\Pipeline\\Pipeline->then(Object(Closure))
#47 /home/puccomua/domains/puc.com.ua/vendor/laravel/framework/src/Illuminate/Routing/Router.php(657): Illuminate\\Routing\\Router->runRouteWithinStack(Object(Illuminate\\Routing\\Route), Object(Illuminate\\Http\\Request))
#48 /home/puccomua/domains/puc.com.ua/vendor/laravel/framework/src/Illuminate/Routing/Router.php(623): Illuminate\\Routing\\Router->runRoute(Object(Illuminate\\Http\\Request), Object(Illuminate\\Routing\\Route))
#49 /home/puccomua/domains/puc.com.ua/vendor/laravel/framework/src/Illuminate/Routing/Router.php(612): Illuminate\\Routing\\Router->dispatchToRoute(Object(Illuminate\\Http\\Request))
#50 /home/puccomua/domains/puc.com.ua/vendor/laravel/framework/src/Illuminate/Foundation/Http/Kernel.php(176): Illuminate\\Routing\\Router->dispatch(Object(Illuminate\\Http\\Request))
#51 /home/puccomua/domains/puc.com.ua/vendor/laravel/framework/src/Illuminate/Routing/Pipeline.php(30): Illuminate\\Foundation\\Http\\Kernel->Illuminate\\Foundation\\Http\\{closure}(Object(Illuminate\\Http\\Request))
#52 /home/puccomua/domains/puc.com.ua/vendor/barryvdh/laravel-debugbar/src/Middleware/InjectDebugbar.php(58): Illuminate\\Routing\\Pipeline->Illuminate\\Routing\\{closure}(Object(Illuminate\\Http\\Request))
#53 /home/puccomua/domains/puc.com.ua/vendor/laravel/framework/src/Illuminate/Pipeline/Pipeline.php(163): Barryvdh\\Debugbar\\Middleware\\InjectDebugbar->handle(Object(Illuminate\\Http\\Request), Object(Closure))
#54 /home/puccomua/domains/puc.com.ua/vendor/laravel/framework/src/Illuminate/Routing/Pipeline.php(53): Illuminate\\Pipeline\\Pipeline->Illuminate\\Pipeline\\{closure}(Object(Illuminate\\Http\\Request))
#55 /home/puccomua/domains/puc.com.ua/vendor/laravel/framework/src/Illuminate/Foundation/Http/Middleware/TransformsRequest.php(21): Illuminate\\Routing\\Pipeline->Illuminate\\Routing\\{closure}(Object(Illuminate\\Http\\Request))
#56 /home/puccomua/domains/puc.com.ua/vendor/laravel/framework/src/Illuminate/Pipeline/Pipeline.php(163): Illuminate\\Foundation\\Http\\Middleware\\TransformsRequest->handle(Object(Illuminate\\Http\\Request), Object(Closure))
#57 /home/puccomua/domains/puc.com.ua/vendor/laravel/framework/src/Illuminate/Routing/Pipeline.php(53): Illuminate\\Pipeline\\Pipeline->Illuminate\\Pipeline\\{closure}(Object(Illuminate\\Http\\Request))
#58 /home/puccomua/domains/puc.com.ua/vendor/laravel/framework/src/Illuminate/Foundation/Http/Middleware/TransformsRequest.php(21): Illuminate\\Routing\\Pipeline->Illuminate\\Routing\\{closure}(Object(Illuminate\\Http\\Request))
#59 /home/puccomua/domains/puc.com.ua/vendor/laravel/framework/src/Illuminate/Pipeline/Pipeline.php(163): Illuminate\\Foundation\\Http\\Middleware\\TransformsRequest->handle(Object(Illuminate\\Http\\Request), Object(Closure))
#60 /home/puccomua/domains/puc.com.ua/vendor/laravel/framework/src/Illuminate/Routing/Pipeline.php(53): Illuminate\\Pipeline\\Pipeline->Illuminate\\Pipeline\\{closure}(Object(Illuminate\\Http\\Request))
#61 /home/puccomua/domains/puc.com.ua/vendor/laravel/framework/src/Illuminate/Foundation/Http/Middleware/ValidatePostSize.php(27): Illuminate\\Routing\\Pipeline->Illuminate\\Routing\\{closure}(Object(Illuminate\\Http\\Request))
#62 /home/puccomua/domains/puc.com.ua/vendor/laravel/framework/src/Illuminate/Pipeline/Pipeline.php(163): Illuminate\\Foundation\\Http\\Middleware\\ValidatePostSize->handle(Object(Illuminate\\Http\\Request), Object(Closure))
#63 /home/puccomua/domains/puc.com.ua/vendor/laravel/framework/src/Illuminate/Routing/Pipeline.php(53): Illuminate\\Pipeline\\Pipeline->Illuminate\\Pipeline\\{closure}(Object(Illuminate\\Http\\Request))
#64 /home/puccomua/domains/puc.com.ua/vendor/laravel/framework/src/Illuminate/Foundation/Http/Middleware/CheckForMaintenanceMode.php(62): Illuminate\\Routing\\Pipeline->Illuminate\\Routing\\{closure}(Object(Illuminate\\Http\\Request))
#65 /home/puccomua/domains/puc.com.ua/vendor/laravel/framework/src/Illuminate/Pipeline/Pipeline.php(163): Illuminate\\Foundation\\Http\\Middleware\\CheckForMaintenanceMode->handle(Object(Illuminate\\Http\\Request), Object(Closure))
#66 /home/puccomua/domains/puc.com.ua/vendor/laravel/framework/src/Illuminate/Routing/Pipeline.php(53): Illuminate\\Pipeline\\Pipeline->Illuminate\\Pipeline\\{closure}(Object(Illuminate\\Http\\Request))
#67 /home/puccomua/domains/puc.com.ua/vendor/fideloper/proxy/src/TrustProxies.php(57): Illuminate\\Routing\\Pipeline->Illuminate\\Routing\\{closure}(Object(Illuminate\\Http\\Request))
#68 /home/puccomua/domains/puc.com.ua/vendor/laravel/framework/src/Illuminate/Pipeline/Pipeline.php(163): Fideloper\\Proxy\\TrustProxies->handle(Object(Illuminate\\Http\\Request), Object(Closure))
#69 /home/puccomua/domains/puc.com.ua/vendor/laravel/framework/src/Illuminate/Routing/Pipeline.php(53): Illuminate\\Pipeline\\Pipeline->Illuminate\\Pipeline\\{closure}(Object(Illuminate\\Http\\Request))
#70 /home/puccomua/domains/puc.com.ua/vendor/laravel/framework/src/Illuminate/Pipeline/Pipeline.php(104): Illuminate\\Routing\\Pipeline->Illuminate\\Routing\\{closure}(Object(Illuminate\\Http\\Request))
#71 /home/puccomua/domains/puc.com.ua/vendor/laravel/framework/src/Illuminate/Foundation/Http/Kernel.php(151): Illuminate\\Pipeline\\Pipeline->then(Object(Closure))
#72 /home/puccomua/domains/puc.com.ua/vendor/laravel/framework/src/Illuminate/Foundation/Http/Kernel.php(116): Illuminate\\Foundation\\Http\\Kernel->sendRequestThroughRouter(Object(Illuminate\\Http\\Request))
#73 /home/puccomua/domains/puc.com.ua/public/index.php(55): Illuminate\\Foundation\\Http\\Kernel->handle(Object(Illuminate\\Http\\Request))
#74 {main}
"} 
[2021-10-20 13:40:27] local.INFO: DATA::{"payment_id":1798763606,"action":"pay","status":"success","version":3,"type":"buy","paytype":"card","public_key":"i14047737426","acq_id":414963,"order_id":"5a378519","liqpay_order_id":"ED3OKBUV1634726424166464","description":"\u041e\u043f\u043b\u0430\u0442\u0430 \u0437\u0430\u043a\u0430\u0437\u0430 \u0435\u0434\u044b \u043d\u0430 \u0441\u0430\u0439\u0442\u0435.","sender_card_mask2":"537541*52","sender_card_bank":"JSC UNIVERSAL BANK","sender_card_type":"mc","sender_card_country":804,"ip":"188.163.50.89","amount":357,"currency":"UAH","sender_commission":0,"receiver_commission":9.82,"agent_commission":0,"amount_debit":357,"amount_credit":357,"commission_debit":0,"commission_credit":9.82,"currency_debit":"UAH","currency_credit":"UAH","sender_bonus":0,"amount_bonus":0,"authcode_debit":"153237","rrn_debit":"002968717430","mpi_eci":"5","is_3ds":true,"language":"ru","create_date":1634726397603,"end_date":1634726427206,"transaction_id":1798763606}  
[2021-10-20 13:40:27] local.INFO: ORDER::{"id":519,"type":"full","rk_order_id":null,"rk_order_number":null,"rk_order_data":null,"rk_status":null,"rk_order_sum":"0.00","user_id":null,"pharmacy_id":null,"gift_id":"3","name":"\u0410\u0440\u0442\u0435\u043c","surname":null,"patronymic":null,"email":null,"phone":"+38 (096) 785 51 61","payment_method":"card","payment_transaction_number":null,"payment_transaction_status":null,"payment_status":"0","delivery_method":"delivery","delivery_address":{"street":"\u0412\u043e\u043b\u043e\u043d\u0442\u0435\u0440\u0441\u043a\u0430\u044f","house":"60","entrance":null,"floor":null,"apartment":"156"},"delivery_free":"1","coupon":null,"amount":"357.00","discount":null,"amount_less_discount":null,"status":"0","call_me_back":"1","birthday":"0","surrender":null,"person":null,"attach_file":null,"comment":null,"manager_comment":null,"pre_order_at":"2021-10-20 15:08:56","created_at":"2021-10-20 13:38:56","updated_at":"2021-10-20 13:38:56"}  
[2021-10-20 13:40:27] local.INFO: SIGNATURE::1  
[2021-10-20 13:40:27] local.INFO: DATA2::{"payment_id":1798763606,"action":"pay","status":"success","version":3,"type":"buy","paytype":"card","public_key":"i14047737426","acq_id":414963,"order_id":"5a378519","liqpay_order_id":"ED3OKBUV1634726424166464","description":"\u041e\u043f\u043b\u0430\u0442\u0430 \u0437\u0430\u043a\u0430\u0437\u0430 \u0435\u0434\u044b \u043d\u0430 \u0441\u0430\u0439\u0442\u0435.","sender_card_mask2":"537541*52","sender_card_bank":"JSC UNIVERSAL BANK","sender_card_type":"mc","sender_card_country":804,"ip":"188.163.50.89","amount":357,"currency":"UAH","sender_commission":0,"receiver_commission":9.82,"agent_commission":0,"amount_debit":357,"amount_credit":357,"commission_debit":0,"commission_credit":9.82,"currency_debit":"UAH","currency_credit":"UAH","sender_bonus":0,"amount_bonus":0,"authcode_debit":"153237","rrn_debit":"002968717430","mpi_eci":"5","is_3ds":true,"language":"ru","create_date":1634726397603,"end_date":1634726427206,"transaction_id":1798763606}  
[2021-10-20 13:40:29] local.ERROR: DeliveryOrderItems: Items collections is empty {"exception":"[object] (Iiko\\Biz\\Exception\\IikoResponseException(code: 100): DeliveryOrderItems: Items collections is empty at /home/puccomua/domains/puc.com.ua/vendor/andriymiz/iiko-biz-api/src/Iiko/Biz/Api/AbstractApi.php:77)
[stacktrace]
#0 /home/puccomua/domains/puc.com.ua/vendor/andriymiz/iiko-biz-api/src/Iiko/Biz/Api/Orders.php(14): Iiko\\Biz\\Api\\AbstractApi->post('orders/add', '{\"organization\"...', Array)
#1 /home/puccomua/domains/puc.com.ua/app/Http/Controllers/Frontend/Shop/LiqPayController.php(136): Iiko\\Biz\\Api\\Orders->addOrder(Array)
#2 [internal function]: App\\Http\\Controllers\\Frontend\\Shop\\LiqPayController->paymentResponse(Object(App\\Http\\Requests\\LiqpayRequest))
#3 /home/puccomua/domains/puc.com.ua/vendor/laravel/framework/src/Illuminate/Routing/Controller.php(54): call_user_func_array(Array, Array)
#4 /home/puccomua/domains/puc.com.ua/vendor/laravel/framework/src/Illuminate/Routing/ControllerDispatcher.php(45): Illuminate\\Routing\\Controller->callAction('paymentResponse', Array)
#5 /home/puccomua/domains/puc.com.ua/vendor/laravel/framework/src/Illuminate/Routing/Route.php(219): Illuminate\\Routing\\ControllerDispatcher->dispatch(Object(Illuminate\\Routing\\Route), Object(App\\Http\\Controllers\\Frontend\\Shop\\LiqPayController), 'paymentResponse')
#6 /home/puccomua/domains/puc.com.ua/vendor/laravel/framework/src/Illuminate/Routing/Route.php(176): Illuminate\\Routing\\Route->runController()
#7 /home/puccomua/domains/puc.com.ua/vendor/laravel/framework/src/Illuminate/Routing/Router.php(680): Illuminate\\Routing\\Route->run()
#8 /home/puccomua/domains/puc.com.ua/vendor/laravel/framework/src/Illuminate/Routing/Pipeline.php(30): Illuminate\\Routing\\Router->Illuminate\\Routing\\{closure}(Object(Illuminate\\Http\\Request))
#9 /home/puccomua/domains/puc.com.ua/app/Http/Controllers/Controller.php(63): Illuminate\\Routing\\Pipeline->Illuminate\\Routing\\{closure}(Object(Illuminate\\Http\\Request))
#10 /home/puccomua/domains/puc.com.ua/vendor/laravel/framework/src/Illuminate/Pipeline/Pipeline.php(145): App\\Http\\Controllers\\Controller->App\\Http\\Controllers\\{closure}(Object(Illuminate\\Http\\Request), Object(Closure))
#11 /home/puccomua/domains/puc.com.ua/vendor/laravel/framework/src/Illuminate/Routing/Pipeline.php(53): Illuminate\\Pipeline\\Pipeline->Illuminate\\Pipeline\\{closure}(Object(Illuminate\\Http\\Request))
#12 /home/puccomua/domains/puc.com.ua/app/Http/Middleware/ResponseRender.php(16): Illuminate\\Routing\\Pipeline->Illuminate\\Routing\\{closure}(Object(Illuminate\\Http\\Request))
#13 /home/puccomua/domains/puc.com.ua/vendor/laravel/framework/src/Illuminate/Pipeline/Pipeline.php(163): App\\Http\\Middleware\\ResponseRender->handle(Object(Illuminate\\Http\\Request), Object(Closure))
#14 /home/puccomua/domains/puc.com.ua/vendor/laravel/framework/src/Illuminate/Routing/Pipeline.php(53): Illuminate\\Pipeline\\Pipeline->Illuminate\\Pipeline\\{closure}(Object(Illuminate\\Http\\Request))
#15 /home/puccomua/domains/puc.com.ua/vendor/mcamara/laravel-localization/src/Mcamara/LaravelLocalization/Middleware/LaravelLocalizationViewPath.php(33): Illuminate\\Routing\\Pipeline->Illuminate\\Routing\\{closure}(Object(Illuminate\\Http\\Request))
#16 /home/puccomua/domains/puc.com.ua/vendor/laravel/framework/src/Illuminate/Pipeline/Pipeline.php(163): Mcamara\\LaravelLocalization\\Middleware\\LaravelLocalizationViewPath->handle(Object(Illuminate\\Http\\Request), Object(Closure))
#17 /home/puccomua/domains/puc.com.ua/vendor/laravel/framework/src/Illuminate/Routing/Pipeline.php(53): Illuminate\\Pipeline\\Pipeline->Illuminate\\Pipeline\\{closure}(Object(Illuminate\\Http\\Request))
#18 /home/puccomua/domains/puc.com.ua/vendor/mcamara/laravel-localization/src/Mcamara/LaravelLocalization/Middleware/LaravelLocalizationRedirectFilter.php(45): Illuminate\\Routing\\Pipeline->Illuminate\\Routing\\{closure}(Object(Illuminate\\Http\\Request))
#19 /home/puccomua/domains/puc.com.ua/vendor/laravel/framework/src/Illuminate/Pipeline/Pipeline.php(163): Mcamara\\LaravelLocalization\\Middleware\\LaravelLocalizationRedirectFilter->handle(Object(Illuminate\\Http\\Request), Object(Closure))
#20 /home/puccomua/domains/puc.com.ua/vendor/laravel/framework/src/Illuminate/Routing/Pipeline.php(53): Illuminate\\Pipeline\\Pipeline->Illuminate\\Pipeline\\{closure}(Object(Illuminate\\Http\\Request))
#21 /home/puccomua/domains/puc.com.ua/vendor/mcamara/laravel-localization/src/Mcamara/LaravelLocalization/Middleware/LaravelLocalizationRoutes.php(30): Illuminate\\Routing\\Pipeline->Illuminate\\Routing\\{closure}(Object(Illuminate\\Http\\Request))
#22 /home/puccomua/domains/puc.com.ua/vendor/laravel/framework/src/Illuminate/Pipeline/Pipeline.php(163): Mcamara\\LaravelLocalization\\Middleware\\LaravelLocalizationRoutes->handle(Object(Illuminate\\Http\\Request), Object(Closure))
#23 /home/puccomua/domains/puc.com.ua/vendor/laravel/framework/src/Illuminate/Routing/Pipeline.php(53): Illuminate\\Pipeline\\Pipeline->Illuminate\\Pipeline\\{closure}(Object(Illuminate\\Http\\Request))
#24 /home/puccomua/domains/puc.com.ua/vendor/laravel/framework/src/Illuminate/Routing/Middleware/SubstituteBindings.php(41): Illuminate\\Routing\\Pipeline->Illuminate\\Routing\\{closure}(Object(Illuminate\\Http\\Request))
#25 /home/puccomua/domains/puc.com.ua/vendor/laravel/framework/src/Illuminate/Pipeline/Pipeline.php(163): Illuminate\\Routing\\Middleware\\SubstituteBindings->handle(Object(Illuminate\\Http\\Request), Object(Closure))
#26 /home/puccomua/domains/puc.com.ua/vendor/laravel/framework/src/Illuminate/Routing/Pipeline.php(53): Illuminate\\Pipeline\\Pipeline->Illuminate\\Pipeline\\{closure}(Object(Illuminate\\Http\\Request))
#27 /home/puccomua/domains/puc.com.ua/vendor/laravel/framework/src/Illuminate/Foundation/Http/Middleware/VerifyCsrfToken.php(75): Illuminate\\Routing\\Pipeline->Illuminate\\Routing\\{closure}(Object(Illuminate\\Http\\Request))
#28 /home/puccomua/domains/puc.com.ua/vendor/laravel/framework/src/Illuminate/Pipeline/Pipeline.php(163): Illuminate\\Foundation\\Http\\Middleware\\VerifyCsrfToken->handle(Object(Illuminate\\Http\\Request), Object(Closure))
#29 /home/puccomua/domains/puc.com.ua/vendor/laravel/framework/src/Illuminate/Routing/Pipeline.php(53): Illuminate\\Pipeline\\Pipeline->Illuminate\\Pipeline\\{closure}(Object(Illuminate\\Http\\Request))
#30 /home/puccomua/domains/puc.com.ua/vendor/laravel/framework/src/Illuminate/View/Middleware/ShareErrorsFromSession.php(49): Illuminate\\Routing\\Pipeline->Illuminate\\Routing\\{closure}(Object(Illuminate\\Http\\Request))
#31 /home/puccomua/domains/puc.com.ua/vendor/laravel/framework/src/Illuminate/Pipeline/Pipeline.php(163): Illuminate\\View\\Middleware\\ShareErrorsFromSession->handle(Object(Illuminate\\Http\\Request), Object(Closure))
#32 /home/puccomua/domains/puc.com.ua/vendor/laravel/framework/src/Illuminate/Routing/Pipeline.php(53): Illuminate\\Pipeline\\Pipeline->Illuminate\\Pipeline\\{closure}(Object(Illuminate\\Http\\Request))
#33 /home/puccomua/domains/puc.com.ua/vendor/laravel/framework/src/Illuminate/Session/Middleware/StartSession.php(56): Illuminate\\Routing\\Pipeline->Illuminate\\Routing\\{closure}(Object(Illuminate\\Http\\Request))
#34 /home/puccomua/domains/puc.com.ua/vendor/laravel/framework/src/Illuminate/Pipeline/Pipeline.php(163): Illuminate\\Session\\Middleware\\StartSession->handle(Object(Illuminate\\Http\\Request), Object(Closure))
#35 /home/puccomua/domains/puc.com.ua/vendor/laravel/framework/src/Illuminate/Routing/Pipeline.php(53): Illuminate\\Pipeline\\Pipeline->Illuminate\\Pipeline\\{closure}(Object(Illuminate\\Http\\Request))
#36 /home/puccomua/domains/puc.com.ua/vendor/laravel/framework/src/Illuminate/Cookie/Middleware/AddQueuedCookiesToResponse.php(37): Illuminate\\Routing\\Pipeline->Illuminate\\Routing\\{closure}(Object(Illuminate\\Http\\Request))
#37 /home/puccomua/domains/puc.com.ua/vendor/laravel/framework/src/Illuminate/Pipeline/Pipeline.php(163): Illuminate\\Cookie\\Middleware\\AddQueuedCookiesToResponse->handle(Object(Illuminate\\Http\\Request), Object(Closure))
#38 /home/puccomua/domains/puc.com.ua/vendor/laravel/framework/src/Illuminate/Routing/Pipeline.php(53): Illuminate\\Pipeline\\Pipeline->Illuminate\\Pipeline\\{closure}(Object(Illuminate\\Http\\Request))
#39 /home/puccomua/domains/puc.com.ua/vendor/laravel/framework/src/Illuminate/Cookie/Middleware/EncryptCookies.php(66): Illuminate\\Routing\\Pipeline->Illuminate\\Routing\\{closure}(Object(Illuminate\\Http\\Request))
#40 /home/puccomua/domains/puc.com.ua/vendor/laravel/framework/src/Illuminate/Pipeline/Pipeline.php(163): Illuminate\\Cookie\\Middleware\\EncryptCookies->handle(Object(Illuminate\\Http\\Request), Object(Closure))
#41 /home/puccomua/domains/puc.com.ua/vendor/laravel/framework/src/Illuminate/Routing/Pipeline.php(53): Illuminate\\Pipeline\\Pipeline->Illuminate\\Pipeline\\{closure}(Object(Illuminate\\Http\\Request))
#42 /home/puccomua/domains/puc.com.ua/app/Http/Middleware/Redirect.php(45): Illuminate\\Routing\\Pipeline->Illuminate\\Routing\\{closure}(Object(Illuminate\\Http\\Request))
#43 /home/puccomua/domains/puc.com.ua/vendor/laravel/framework/src/Illuminate/Pipeline/Pipeline.php(163): App\\Http\\Middleware\\Redirect->handle(Object(Illuminate\\Http\\Request), Object(Closure))
#44 /home/puccomua/domains/puc.com.ua/vendor/laravel/framework/src/Illuminate/Routing/Pipeline.php(53): Illuminate\\Pipeline\\Pipeline->Illuminate\\Pipeline\\{closure}(Object(Illuminate\\Http\\Request))
#45 /home/puccomua/domains/puc.com.ua/vendor/laravel/framework/src/Illuminate/Pipeline/Pipeline.php(104): Illuminate\\Routing\\Pipeline->Illuminate\\Routing\\{closure}(Object(Illuminate\\Http\\Request))
#46 /home/puccomua/domains/puc.com.ua/vendor/laravel/framework/src/Illuminate/Routing/Router.php(682): Illuminate\\Pipeline\\Pipeline->then(Object(Closure))
#47 /home/puccomua/domains/puc.com.ua/vendor/laravel/framework/src/Illuminate/Routing/Router.php(657): Illuminate\\Routing\\Router->runRouteWithinStack(Object(Illuminate\\Routing\\Route), Object(Illuminate\\Http\\Request))
#48 /home/puccomua/domains/puc.com.ua/vendor/laravel/framework/src/Illuminate/Routing/Router.php(623): Illuminate\\Routing\\Router->runRoute(Object(Illuminate\\Http\\Request), Object(Illuminate\\Routing\\Route))
#49 /home/puccomua/domains/puc.com.ua/vendor/laravel/framework/src/Illuminate/Routing/Router.php(612): Illuminate\\Routing\\Router->dispatchToRoute(Object(Illuminate\\Http\\Request))
#50 /home/puccomua/domains/puc.com.ua/vendor/laravel/framework/src/Illuminate/Foundation/Http/Kernel.php(176): Illuminate\\Routing\\Router->dispatch(Object(Illuminate\\Http\\Request))
#51 /home/puccomua/domains/puc.com.ua/vendor/laravel/framework/src/Illuminate/Routing/Pipeline.php(30): Illuminate\\Foundation\\Http\\Kernel->Illuminate\\Foundation\\Http\\{closure}(Object(Illuminate\\Http\\Request))
#52 /home/puccomua/domains/puc.com.ua/vendor/barryvdh/laravel-debugbar/src/Middleware/InjectDebugbar.php(58): Illuminate\\Routing\\Pipeline->Illuminate\\Routing\\{closure}(Object(Illuminate\\Http\\Request))
#53 /home/puccomua/domains/puc.com.ua/vendor/laravel/framework/src/Illuminate/Pipeline/Pipeline.php(163): Barryvdh\\Debugbar\\Middleware\\InjectDebugbar->handle(Object(Illuminate\\Http\\Request), Object(Closure))
#54 /home/puccomua/domains/puc.com.ua/vendor/laravel/framework/src/Illuminate/Routing/Pipeline.php(53): Illuminate\\Pipeline\\Pipeline->Illuminate\\Pipeline\\{closure}(Object(Illuminate\\Http\\Request))
#55 /home/puccomua/domains/puc.com.ua/vendor/laravel/framework/src/Illuminate/Foundation/Http/Middleware/TransformsRequest.php(21): Illuminate\\Routing\\Pipeline->Illuminate\\Routing\\{closure}(Object(Illuminate\\Http\\Request))
#56 /home/puccomua/domains/puc.com.ua/vendor/laravel/framework/src/Illuminate/Pipeline/Pipeline.php(163): Illuminate\\Foundation\\Http\\Middleware\\TransformsRequest->handle(Object(Illuminate\\Http\\Request), Object(Closure))
#57 /home/puccomua/domains/puc.com.ua/vendor/laravel/framework/src/Illuminate/Routing/Pipeline.php(53): Illuminate\\Pipeline\\Pipeline->Illuminate\\Pipeline\\{closure}(Object(Illuminate\\Http\\Request))
#58 /home/puccomua/domains/puc.com.ua/vendor/laravel/framework/src/Illuminate/Foundation/Http/Middleware/TransformsRequest.php(21): Illuminate\\Routing\\Pipeline->Illuminate\\Routing\\{closure}(Object(Illuminate\\Http\\Request))
#59 /home/puccomua/domains/puc.com.ua/vendor/laravel/framework/src/Illuminate/Pipeline/Pipeline.php(163): Illuminate\\Foundation\\Http\\Middleware\\TransformsRequest->handle(Object(Illuminate\\Http\\Request), Object(Closure))
#60 /home/puccomua/domains/puc.com.ua/vendor/laravel/framework/src/Illuminate/Routing/Pipeline.php(53): Illuminate\\Pipeline\\Pipeline->Illuminate\\Pipeline\\{closure}(Object(Illuminate\\Http\\Request))
#61 /home/puccomua/domains/puc.com.ua/vendor/laravel/framework/src/Illuminate/Foundation/Http/Middleware/ValidatePostSize.php(27): Illuminate\\Routing\\Pipeline->Illuminate\\Routing\\{closure}(Object(Illuminate\\Http\\Request))
#62 /home/puccomua/domains/puc.com.ua/vendor/laravel/framework/src/Illuminate/Pipeline/Pipeline.php(163): Illuminate\\Foundation\\Http\\Middleware\\ValidatePostSize->handle(Object(Illuminate\\Http\\Request), Object(Closure))
#63 /home/puccomua/domains/puc.com.ua/vendor/laravel/framework/src/Illuminate/Routing/Pipeline.php(53): Illuminate\\Pipeline\\Pipeline->Illuminate\\Pipeline\\{closure}(Object(Illuminate\\Http\\Request))
#64 /home/puccomua/domains/puc.com.ua/vendor/laravel/framework/src/Illuminate/Foundation/Http/Middleware/CheckForMaintenanceMode.php(62): Illuminate\\Routing\\Pipeline->Illuminate\\Routing\\{closure}(Object(Illuminate\\Http\\Request))
#65 /home/puccomua/domains/puc.com.ua/vendor/laravel/framework/src/Illuminate/Pipeline/Pipeline.php(163): Illuminate\\Foundation\\Http\\Middleware\\CheckForMaintenanceMode->handle(Object(Illuminate\\Http\\Request), Object(Closure))
#66 /home/puccomua/domains/puc.com.ua/vendor/laravel/framework/src/Illuminate/Routing/Pipeline.php(53): Illuminate\\Pipeline\\Pipeline->Illuminate\\Pipeline\\{closure}(Object(Illuminate\\Http\\Request))
#67 /home/puccomua/domains/puc.com.ua/vendor/fideloper/proxy/src/TrustProxies.php(57): Illuminate\\Routing\\Pipeline->Illuminate\\Routing\\{closure}(Object(Illuminate\\Http\\Request))
#68 /home/puccomua/domains/puc.com.ua/vendor/laravel/framework/src/Illuminate/Pipeline/Pipeline.php(163): Fideloper\\Proxy\\TrustProxies->handle(Object(Illuminate\\Http\\Request), Object(Closure))
#69 /home/puccomua/domains/puc.com.ua/vendor/laravel/framework/src/Illuminate/Routing/Pipeline.php(53): Illuminate\\Pipeline\\Pipeline->Illuminate\\Pipeline\\{closure}(Object(Illuminate\\Http\\Request))
#70 /home/puccomua/domains/puc.com.ua/vendor/laravel/framework/src/Illuminate/Pipeline/Pipeline.php(104): Illuminate\\Routing\\Pipeline->Illuminate\\Routing\\{closure}(Object(Illuminate\\Http\\Request))
#71 /home/puccomua/domains/puc.com.ua/vendor/laravel/framework/src/Illuminate/Foundation/Http/Kernel.php(151): Illuminate\\Pipeline\\Pipeline->then(Object(Closure))
#72 /home/puccomua/domains/puc.com.ua/vendor/laravel/framework/src/Illuminate/Foundation/Http/Kernel.php(116): Illuminate\\Foundation\\Http\\Kernel->sendRequestThroughRouter(Object(Illuminate\\Http\\Request))
#73 /home/puccomua/domains/puc.com.ua/public/index.php(55): Illuminate\\Foundation\\Http\\Kernel->handle(Object(Illuminate\\Http\\Request))
#74 {main}
"} 
[2021-10-20 15:02:40] local.INFO: DATA2::{"payment_id":1798850689,"action":"pay","status":"success","version":3,"type":"buy","paytype":"privat24","public_key":"i14047737426","acq_id":414963,"order_id":"14678521","liqpay_order_id":"760OTWTE1634731357648157","description":"\u041e\u043f\u043b\u0430\u0442\u0430 \u0437\u0430\u043a\u0430\u0437\u0430 \u0435\u0434\u044b \u043d\u0430 \u0441\u0430\u0439\u0442\u0435.","sender_phone":"380677998199","sender_card_mask2":"516875*18","sender_card_bank":"pb","sender_card_type":"mc","sender_card_country":804,"amount":662,"currency":"UAH","sender_commission":0,"receiver_commission":16.55,"agent_commission":0,"amount_debit":662,"amount_credit":662,"commission_debit":0,"commission_credit":16.55,"currency_debit":"UAH","currency_credit":"UAH","sender_bonus":0,"amount_bonus":0,"authcode_debit":"620167","rrn_debit":"002968889361","mpi_eci":"7","is_3ds":false,"language":"ru","create_date":1634731351815,"end_date":1634731360346,"transaction_id":1798850689}  
[2021-10-20 15:02:41] local.INFO: DATA::{"payment_id":1798850689,"action":"pay","status":"success","version":3,"type":"buy","paytype":"privat24","public_key":"i14047737426","acq_id":414963,"order_id":"14678521","liqpay_order_id":"760OTWTE1634731357648157","description":"\u041e\u043f\u043b\u0430\u0442\u0430 \u0437\u0430\u043a\u0430\u0437\u0430 \u0435\u0434\u044b \u043d\u0430 \u0441\u0430\u0439\u0442\u0435.","sender_phone":"380677998199","sender_card_mask2":"516875*18","sender_card_bank":"pb","sender_card_type":"mc","sender_card_country":804,"amount":662,"currency":"UAH","sender_commission":0,"receiver_commission":16.55,"agent_commission":0,"amount_debit":662,"amount_credit":662,"commission_debit":0,"commission_credit":16.55,"currency_debit":"UAH","currency_credit":"UAH","sender_bonus":0,"amount_bonus":0,"authcode_debit":"620167","rrn_debit":"002968889361","mpi_eci":"7","is_3ds":false,"language":"ru","create_date":1634731351815,"end_date":1634731360346,"transaction_id":1798850689}  
[2021-10-20 15:02:41] local.INFO: ORDER::{"id":521,"type":"full","rk_order_id":null,"rk_order_number":null,"rk_order_data":null,"rk_status":null,"rk_order_sum":"0.00","user_id":null,"pharmacy_id":null,"gift_id":"3","name":"\u0414\u0430\u0440\u044c\u044f","surname":null,"patronymic":null,"email":null,"phone":"+38 (095) 171 99 82","payment_method":"card","payment_transaction_number":null,"payment_transaction_status":null,"payment_status":"0","delivery_method":"pickup","delivery_address":{"street":null,"house":null,"entrance":null,"floor":null,"apartment":null},"delivery_free":"1","coupon":null,"amount":"736.00","discount":"74.00","amount_less_discount":"662.00","status":"0","call_me_back":"1","birthday":"0","surrender":null,"person":null,"attach_file":null,"comment":null,"manager_comment":null,"pre_order_at":"2021-10-20 16:29:31","created_at":"2021-10-20 14:59:31","updated_at":"2021-10-20 14:59:31"}  
[2021-10-20 15:02:41] local.INFO: SIGNATURE::1  
[2021-10-20 16:50:53] local.INFO: DATA::{"payment_id":1798950195,"action":"pay","status":"success","version":3,"type":"buy","paytype":"card","public_key":"i14047737426","acq_id":414963,"order_id":"be341522","liqpay_order_id":"UKH90XC61634737846765970","description":"\u041e\u043f\u043b\u0430\u0442\u0430 \u0437\u0430\u043a\u0430\u0437\u0430 \u0435\u0434\u044b \u043d\u0430 \u0441\u0430\u0439\u0442\u0435.","sender_card_mask2":"444111*25","sender_card_bank":"JSC UNIVERSAL BANK","sender_card_type":"visa","sender_card_country":804,"ip":"37.229.151.209","amount":479,"currency":"UAH","sender_commission":0,"receiver_commission":13.17,"agent_commission":0,"amount_debit":479,"amount_credit":479,"commission_debit":0,"commission_credit":13.17,"currency_debit":"UAH","currency_credit":"UAH","sender_bonus":0,"amount_bonus":0,"authcode_debit":"069429","rrn_debit":"002969101168","mpi_eci":"5","is_3ds":true,"language":"ru","create_date":1634737818445,"end_date":1634737852979,"transaction_id":1798950195}  
[2021-10-20 16:50:53] local.INFO: ORDER::{"id":522,"type":"full","rk_order_id":null,"rk_order_number":null,"rk_order_data":null,"rk_status":null,"rk_order_sum":"0.00","user_id":null,"pharmacy_id":null,"gift_id":"3","name":"\u042e\u043b\u044f \u0420\u0438\u0437\u0432\u0430\u043d","surname":null,"patronymic":null,"email":null,"phone":"+38 (096) 004 27 34","payment_method":"card","payment_transaction_number":null,"payment_transaction_status":null,"payment_status":"0","delivery_method":"delivery","delivery_address":{"street":"\u0410\u0445\u0441\u0430\u0440\u043e\u0432\u0430","house":"13","entrance":null,"floor":null,"apartment":null},"delivery_free":"1","coupon":null,"amount":"479.00","discount":null,"amount_less_discount":null,"status":"0","call_me_back":"1","birthday":"0","surrender":null,"person":null,"attach_file":null,"comment":"0960042734\r\n\u041a\u043e\u0444\u0435\u0439\u043d\u044f CHE Bakery","manager_comment":null,"pre_order_at":"2021-10-20 18:19:09","created_at":"2021-10-20 16:49:09","updated_at":"2021-10-20 16:49:09"}  
[2021-10-20 16:50:53] local.INFO: SIGNATURE::1  
[2021-10-20 16:50:53] local.INFO: DATA2::{"payment_id":1798950195,"action":"pay","status":"success","version":3,"type":"buy","paytype":"card","public_key":"i14047737426","acq_id":414963,"order_id":"be341522","liqpay_order_id":"UKH90XC61634737846765970","description":"\u041e\u043f\u043b\u0430\u0442\u0430 \u0437\u0430\u043a\u0430\u0437\u0430 \u0435\u0434\u044b \u043d\u0430 \u0441\u0430\u0439\u0442\u0435.","sender_card_mask2":"444111*25","sender_card_bank":"JSC UNIVERSAL BANK","sender_card_type":"visa","sender_card_country":804,"ip":"37.229.151.209","amount":479,"currency":"UAH","sender_commission":0,"receiver_commission":13.17,"agent_commission":0,"amount_debit":479,"amount_credit":479,"commission_debit":0,"commission_credit":13.17,"currency_debit":"UAH","currency_credit":"UAH","sender_bonus":0,"amount_bonus":0,"authcode_debit":"069429","rrn_debit":"002969101168","mpi_eci":"5","is_3ds":true,"language":"ru","create_date":1634737818445,"end_date":1634737852979,"transaction_id":1798950195,"tid":"301293498489119"}  
[2021-10-20 19:12:38] local.INFO: DATA::{"payment_id":1799085749,"action":"pay","status":"success","version":3,"type":"buy","paytype":"privat24","public_key":"i14047737426","acq_id":414963,"order_id":"8f1d4525","liqpay_order_id":"3U7BWT8X1634746355712099","description":"\u041e\u043f\u043b\u0430\u0442\u0430 \u0437\u0430\u043a\u0430\u0437\u0430 \u0435\u0434\u044b \u043d\u0430 \u0441\u0430\u0439\u0442\u0435.","sender_phone":"380505840275","sender_card_mask2":"516875*74","sender_card_bank":"pb","sender_card_type":"mc","sender_card_country":804,"amount":368,"currency":"UAH","sender_commission":0,"receiver_commission":9.2,"agent_commission":0,"amount_debit":368,"amount_credit":368,"commission_debit":0,"commission_credit":9.2,"currency_debit":"UAH","currency_credit":"UAH","sender_bonus":0,"amount_bonus":0,"authcode_debit":"787587","rrn_debit":"002969385923","mpi_eci":"7","is_3ds":false,"language":"ru","create_date":1634746355714,"end_date":1634746358463,"transaction_id":1799085749}  
[2021-10-20 19:12:38] local.INFO: ORDER::{"id":525,"type":"full","rk_order_id":null,"rk_order_number":null,"rk_order_data":null,"rk_status":null,"rk_order_sum":"0.00","user_id":null,"pharmacy_id":null,"gift_id":"3","name":"\u041a\u0430\u0440\u0438\u043d\u0430","surname":null,"patronymic":null,"email":null,"phone":"+38 (050) 584 02 75","payment_method":"card","payment_transaction_number":null,"payment_transaction_status":null,"payment_status":"0","delivery_method":"delivery","delivery_address":{"street":"\u041a\u043e\u0437\u0430\u043a\u0435\u0432\u0438\u0447\u0430","house":"31","entrance":null,"floor":"3","apartment":"141"},"delivery_free":"1","coupon":null,"amount":"368.00","discount":null,"amount_less_discount":null,"status":"0","call_me_back":"1","birthday":"0","surrender":null,"person":null,"attach_file":null,"comment":null,"manager_comment":null,"pre_order_at":"2021-10-20 20:42:22","created_at":"2021-10-20 19:12:22","updated_at":"2021-10-20 19:12:22"}  
[2021-10-20 19:12:38] local.INFO: SIGNATURE::1  
[2021-10-20 19:12:39] local.INFO: DATA2::{"payment_id":1799085749,"action":"pay","status":"success","version":3,"type":"buy","paytype":"privat24","public_key":"i14047737426","acq_id":414963,"order_id":"8f1d4525","liqpay_order_id":"3U7BWT8X1634746355712099","description":"\u041e\u043f\u043b\u0430\u0442\u0430 \u0437\u0430\u043a\u0430\u0437\u0430 \u0435\u0434\u044b \u043d\u0430 \u0441\u0430\u0439\u0442\u0435.","sender_phone":"380505840275","sender_card_mask2":"516875*74","sender_card_bank":"pb","sender_card_type":"mc","sender_card_country":804,"amount":368,"currency":"UAH","sender_commission":0,"receiver_commission":9.2,"agent_commission":0,"amount_debit":368,"amount_credit":368,"commission_debit":0,"commission_credit":9.2,"currency_debit":"UAH","currency_credit":"UAH","sender_bonus":0,"amount_bonus":0,"authcode_debit":"787587","rrn_debit":"002969385923","mpi_eci":"7","is_3ds":false,"language":"ru","create_date":1634746355714,"end_date":1634746358463,"transaction_id":1799085749}  
