[2021-10-14 11:09:36] local.INFO: DATA::{"action":"pay","status":"failure","err_code":"cancel","err_description":"cancel","version":3,"type":"buy","public_key":"i14047737426","order_id":"ade55388","liqpay_order_id":"ade55388","description":"\u041e\u043f\u043b\u0430\u0442\u0430 \u0437\u0430\u043a\u0430\u0437\u0430 \u0435\u0434\u044b \u043d\u0430 \u0441\u0430\u0439\u0442\u0435.","amount":489,"currency":"UAH","is_3ds":false,"language":"ru","create_date":1634198879867,"code":"cancel"}  
[2021-10-14 11:09:36] local.INFO: ORDER::{"id":388,"type":"full","rk_order_id":null,"rk_order_number":null,"rk_order_data":null,"rk_status":null,"rk_order_sum":"0.00","user_id":null,"pharmacy_id":null,"gift_id":"3","name":"\u0414\u0430\u0440\u044c\u044f","surname":null,"patronymic":null,"email":null,"phone":"+38 (068) 954 16 23","payment_method":"card","payment_transaction_number":null,"payment_transaction_status":null,"payment_status":"0","delivery_method":"delivery","delivery_address":{"street":"\u041f\u0440\u043e\u0441\u043f\u0435\u043a\u0442 \u0413\u0430\u0433\u0430\u0440\u0438\u043d\u0430","house":"38\u0430","entrance":null,"floor":"5","apartment":"161"},"delivery_free":"1","coupon":null,"amount":"489.00","discount":null,"amount_less_discount":null,"status":"0","call_me_back":"1","birthday":"0","surrender":null,"person":null,"attach_file":null,"comment":null,"manager_comment":null,"pre_order_at":"2021-10-14 13:00:00","created_at":"2021-10-14 11:07:57","updated_at":"2021-10-14 11:07:57"}  
[2021-10-14 11:09:36] local.INFO: SIGNATURE::1  
[2021-10-14 12:10:04] local.INFO: DATA2::{"payment_id":1793106141,"action":"pay","status":"success","version":3,"type":"buy","paytype":"privat24","public_key":"i14047737426","acq_id":414963,"order_id":"0dbcf390","liqpay_order_id":"QB1C2H7H1634202600980891","description":"\u041e\u043f\u043b\u0430\u0442\u0430 \u0437\u0430\u043a\u0430\u0437\u0430 \u0435\u0434\u044b \u043d\u0430 \u0441\u0430\u0439\u0442\u0435.","sender_phone":"380509284775","sender_card_mask2":"414943*82","sender_card_bank":"pb","sender_card_type":"visa","sender_card_country":804,"ip":"94.153.64.235","amount":599,"currency":"UAH","sender_commission":0,"receiver_commission":14.98,"agent_commission":0,"amount_debit":599,"amount_credit":599,"commission_debit":0,"commission_credit":14.98,"currency_debit":"UAH","currency_credit":"UAH","sender_bonus":0,"amount_bonus":0,"authcode_debit":"545874","rrn_debit":"002958599278","mpi_eci":"7","is_3ds":false,"language":"ru","create_date":1634202509558,"end_date":1634202603702,"transaction_id":1793106141}  
[2021-10-14 12:10:04] local.INFO: DATA::{"payment_id":1793106141,"action":"pay","status":"success","version":3,"type":"buy","paytype":"privat24","public_key":"i14047737426","acq_id":414963,"order_id":"0dbcf390","liqpay_order_id":"QB1C2H7H1634202600980891","description":"\u041e\u043f\u043b\u0430\u0442\u0430 \u0437\u0430\u043a\u0430\u0437\u0430 \u0435\u0434\u044b \u043d\u0430 \u0441\u0430\u0439\u0442\u0435.","sender_phone":"380509284775","sender_card_mask2":"414943*82","sender_card_bank":"pb","sender_card_type":"visa","sender_card_country":804,"ip":"94.153.64.235","amount":599,"currency":"UAH","sender_commission":0,"receiver_commission":14.98,"agent_commission":0,"amount_debit":599,"amount_credit":599,"commission_debit":0,"commission_credit":14.98,"currency_debit":"UAH","currency_credit":"UAH","sender_bonus":0,"amount_bonus":0,"authcode_debit":"545874","rrn_debit":"002958599278","mpi_eci":"7","is_3ds":false,"language":"ru","create_date":1634202509558,"end_date":1634202603702,"transaction_id":1793106141}  
[2021-10-14 12:10:04] local.INFO: ORDER::{"id":390,"type":"full","rk_order_id":null,"rk_order_number":null,"rk_order_data":null,"rk_status":null,"rk_order_sum":"0.00","user_id":null,"pharmacy_id":null,"gift_id":"3","name":"\u042e\u043b\u0438\u044f","surname":null,"patronymic":null,"email":null,"phone":"+38 (050) 928 47 75","payment_method":"card","payment_transaction_number":null,"payment_transaction_status":null,"payment_status":"0","delivery_method":"delivery","delivery_address":{"street":"\u043f\u0440\u043e\u0441\u043f\u0435\u043a\u0442 \u0413\u0430\u0433\u0430\u0440\u0438\u043d\u0430","house":"180","entrance":null,"floor":"1","apartment":"40"},"delivery_free":"1","coupon":null,"amount":"599.00","discount":null,"amount_less_discount":null,"status":"0","call_me_back":"1","birthday":"0","surrender":null,"person":null,"attach_file":null,"comment":null,"manager_comment":null,"pre_order_at":"2021-10-14 13:38:18","created_at":"2021-10-14 12:08:18","updated_at":"2021-10-14 12:08:18"}  
[2021-10-14 12:10:04] local.INFO: SIGNATURE::1  
[2021-10-14 15:42:07] local.INFO: DATA::{"payment_id":1793316119,"action":"pay","status":"success","version":3,"type":"buy","paytype":"apay","public_key":"i14047737426","acq_id":414963,"order_id":"f0dd4401","liqpay_order_id":"23XTMNAP1634215323818052","description":"\u041e\u043f\u043b\u0430\u0442\u0430 \u0437\u0430\u043a\u0430\u0437\u0430 \u0435\u0434\u044b \u043d\u0430 \u0441\u0430\u0439\u0442\u0435.","sender_card_mask2":"476410*92","sender_card_type":"visa","sender_card_country":804,"ip":"109.87.129.21","amount":659,"currency":"UAH","sender_commission":0,"receiver_commission":18.12,"agent_commission":0,"amount_debit":659,"amount_credit":659,"commission_debit":0,"commission_credit":18.12,"currency_debit":"UAH","currency_credit":"UAH","sender_bonus":0,"amount_bonus":0,"authcode_debit":"180414","rrn_debit":"002959001461","mpi_eci":"5","is_3ds":true,"language":"ru","create_date":1634215302592,"end_date":1634215326812,"transaction_id":1793316119}  
[2021-10-14 15:42:07] local.INFO: ORDER::{"id":401,"type":"full","rk_order_id":null,"rk_order_number":null,"rk_order_data":null,"rk_status":null,"rk_order_sum":"0.00","user_id":null,"pharmacy_id":null,"gift_id":"3","name":"\u041c\u0430\u043a\u0441\u0438\u043c","surname":null,"patronymic":null,"email":null,"phone":"+38 (097) 707 95 31","payment_method":"card","payment_transaction_number":null,"payment_transaction_status":null,"payment_status":"0","delivery_method":"delivery","delivery_address":{"street":"\u0423\u043b\u0438\u0446\u0430 \u0421\u0435\u0440\u0433\u0435\u044f \u0413\u0440\u0438\u0446\u0435\u0432\u0446\u0430","house":"16\u0410","entrance":null,"floor":"9","apartment":"107"},"delivery_free":"1","coupon":null,"amount":"659.00","discount":null,"amount_less_discount":null,"status":"0","call_me_back":"1","birthday":"0","surrender":null,"person":null,"attach_file":null,"comment":"\u0414\u043e\u043c\u043e\u0444\u043e\u043d 107\u041a\r\n\u041f\u0430\u043b\u043e\u0447\u043a\u0438 2 \u0443\u0447\u0435\u0431\u043d\u044b\u0435, 1 \u043e\u0431\u044b\u0447\u043d\u044b\u0435","manager_comment":null,"pre_order_at":"2021-10-14 20:00:00","created_at":"2021-10-14 15:41:23","updated_at":"2021-10-14 15:41:23"}  
[2021-10-14 15:42:07] local.INFO: SIGNATURE::1  
[2021-10-14 15:42:07] local.INFO: DATA2::{"payment_id":1793316119,"action":"pay","status":"success","version":3,"type":"buy","paytype":"apay","public_key":"i14047737426","acq_id":414963,"order_id":"f0dd4401","liqpay_order_id":"23XTMNAP1634215323818052","description":"\u041e\u043f\u043b\u0430\u0442\u0430 \u0437\u0430\u043a\u0430\u0437\u0430 \u0435\u0434\u044b \u043d\u0430 \u0441\u0430\u0439\u0442\u0435.","sender_card_mask2":"476410*92","sender_card_type":"visa","sender_card_country":804,"ip":"109.87.129.21","amount":659,"currency":"UAH","sender_commission":0,"receiver_commission":18.12,"agent_commission":0,"amount_debit":659,"amount_credit":659,"commission_debit":0,"commission_credit":18.12,"currency_debit":"UAH","currency_credit":"UAH","sender_bonus":0,"amount_bonus":0,"authcode_debit":"180414","rrn_debit":"002959001461","mpi_eci":"5","is_3ds":true,"language":"ru","create_date":1634215302592,"end_date":1634215326812,"transaction_id":1793316119,"tid":"461287457254430"}  
[2021-10-14 15:57:29] local.INFO: DATA2::{"payment_id":1793329332,"action":"pay","status":"success","version":3,"type":"buy","paytype":"gpay","public_key":"i14047737426","acq_id":414963,"order_id":"ce46f402","liqpay_order_id":"WFXD95PT1634216245364195","description":"\u041e\u043f\u043b\u0430\u0442\u0430 \u0437\u0430\u043a\u0430\u0437\u0430 \u0435\u0434\u044b \u043d\u0430 \u0441\u0430\u0439\u0442\u0435.","sender_card_mask2":"535561*86","sender_card_bank":"JSC UNIVERSAL BANK","sender_card_type":"mc","sender_card_country":804,"ip":"178.133.209.233","amount":439,"currency":"UAH","sender_commission":0,"receiver_commission":12.07,"agent_commission":0,"amount_debit":439,"amount_credit":439,"commission_debit":0,"commission_credit":12.07,"currency_debit":"UAH","currency_credit":"UAH","sender_bonus":0,"amount_bonus":0,"authcode_debit":"835259","rrn_debit":"002959027797","mpi_eci":"7","is_3ds":false,"language":"ru","create_date":1634216245366,"end_date":1634216249020,"transaction_id":1793329332}  
[2021-10-14 15:57:29] local.INFO: DATA::{"payment_id":1793329332,"action":"pay","status":"success","version":3,"type":"buy","paytype":"gpay","public_key":"i14047737426","acq_id":414963,"order_id":"ce46f402","liqpay_order_id":"WFXD95PT1634216245364195","description":"\u041e\u043f\u043b\u0430\u0442\u0430 \u0437\u0430\u043a\u0430\u0437\u0430 \u0435\u0434\u044b \u043d\u0430 \u0441\u0430\u0439\u0442\u0435.","sender_card_mask2":"535561*86","sender_card_bank":"JSC UNIVERSAL BANK","sender_card_type":"mc","sender_card_country":804,"ip":"178.133.209.233","amount":439,"currency":"UAH","sender_commission":0,"receiver_commission":12.07,"agent_commission":0,"amount_debit":439,"amount_credit":439,"commission_debit":0,"commission_credit":12.07,"currency_debit":"UAH","currency_credit":"UAH","sender_bonus":0,"amount_bonus":0,"authcode_debit":"835259","rrn_debit":"002959027797","mpi_eci":"7","is_3ds":false,"language":"ru","create_date":1634216245366,"end_date":1634216249020,"transaction_id":1793329332}  
[2021-10-14 15:57:29] local.INFO: ORDER::{"id":402,"type":"full","rk_order_id":null,"rk_order_number":null,"rk_order_data":null,"rk_status":null,"rk_order_sum":"0.00","user_id":null,"pharmacy_id":null,"gift_id":"3","name":"\u0414\u0435\u043d\u0438\u0441","surname":null,"patronymic":null,"email":null,"phone":"+38 (050) 343 73 77","payment_method":"card","payment_transaction_number":null,"payment_transaction_status":null,"payment_status":"0","delivery_method":"delivery","delivery_address":{"street":"\u041a\u0430\u0447\u0430\u043d\u043e\u0432\u0441\u043a\u0430\u044f","house":"15","entrance":null,"floor":"1","apartment":"108"},"delivery_free":"1","coupon":null,"amount":"439.00","discount":null,"amount_less_discount":null,"status":"0","call_me_back":"1","birthday":"0","surrender":null,"person":null,"attach_file":null,"comment":"\u0421 \u0447\u0430\u0441\u0442\u043d\u043e\u0433\u043e \u0441\u0435\u043a\u0442\u043e\u0440\u0430 \u0432\u0445\u043e\u0434, \u043d\u0430\u0431\u0440\u0430\u0442\u044c \u043f\u043e \u043f\u0440\u0438\u0435\u0437\u0434\u0443","manager_comment":null,"pre_order_at":"2021-10-14 18:00:00","created_at":"2021-10-14 15:56:26","updated_at":"2021-10-14 15:56:26"}  
[2021-10-14 15:57:29] local.INFO: SIGNATURE::1  
[2021-10-14 15:57:31] local.ERROR: DeliveryOrderItems: Items collections is empty {"exception":"[object] (Iiko\\Biz\\Exception\\IikoResponseException(code: 100): DeliveryOrderItems: Items collections is empty at /home/puccomua/domains/puc.com.ua/vendor/andriymiz/iiko-biz-api/src/Iiko/Biz/Api/AbstractApi.php:77)
[stacktrace]
#0 /home/puccomua/domains/puc.com.ua/vendor/andriymiz/iiko-biz-api/src/Iiko/Biz/Api/Orders.php(14): Iiko\\Biz\\Api\\AbstractApi->post('orders/add', '{\"organization\"...', Array)
#1 /home/puccomua/domains/puc.com.ua/app/Http/Controllers/Frontend/Shop/LiqPayController.php(136): Iiko\\Biz\\Api\\Orders->addOrder(Array)
#2 [internal function]: App\\Http\\Controllers\\Frontend\\Shop\\LiqPayController->paymentResponse(Object(App\\Http\\Requests\\LiqpayRequest))
#3 /home/puccomua/domains/puc.com.ua/vendor/laravel/framework/src/Illuminate/Routing/Controller.php(54): call_user_func_array(Array, Array)
#4 /home/puccomua/domains/puc.com.ua/vendor/laravel/framework/src/Illuminate/Routing/ControllerDispatcher.php(45): Illuminate\\Routing\\Controller->callAction('paymentResponse', Array)
#5 /home/puccomua/domains/puc.com.ua/vendor/laravel/framework/src/Illuminate/Routing/Route.php(219): Illuminate\\Routing\\ControllerDispatcher->dispatch(Object(Illuminate\\Routing\\Route), Object(App\\Http\\Controllers\\Frontend\\Shop\\LiqPayController), 'paymentResponse')
#6 /home/puccomua/domains/puc.com.ua/vendor/laravel/framework/src/Illuminate/Routing/Route.php(176): Illuminate\\Routing\\Route->runController()
#7 /home/puccomua/domains/puc.com.ua/vendor/laravel/framework/src/Illuminate/Routing/Router.php(680): Illuminate\\Routing\\Route->run()
#8 /home/puccomua/domains/puc.com.ua/vendor/laravel/framework/src/Illuminate/Routing/Pipeline.php(30): Illuminate\\Routing\\Router->Illuminate\\Routing\\{closure}(Object(Illuminate\\Http\\Request))
#9 /home/puccomua/domains/puc.com.ua/app/Http/Controllers/Controller.php(63): Illuminate\\Routing\\Pipeline->Illuminate\\Routing\\{closure}(Object(Illuminate\\Http\\Request))
#10 /home/puccomua/domains/puc.com.ua/vendor/laravel/framework/src/Illuminate/Pipeline/Pipeline.php(145): App\\Http\\Controllers\\Controller->App\\Http\\Controllers\\{closure}(Object(Illuminate\\Http\\Request), Object(Closure))
#11 /home/puccomua/domains/puc.com.ua/vendor/laravel/framework/src/Illuminate/Routing/Pipeline.php(53): Illuminate\\Pipeline\\Pipeline->Illuminate\\Pipeline\\{closure}(Object(Illuminate\\Http\\Request))
#12 /home/puccomua/domains/puc.com.ua/app/Http/Middleware/ResponseRender.php(16): Illuminate\\Routing\\Pipeline->Illuminate\\Routing\\{closure}(Object(Illuminate\\Http\\Request))
#13 /home/puccomua/domains/puc.com.ua/vendor/laravel/framework/src/Illuminate/Pipeline/Pipeline.php(163): App\\Http\\Middleware\\ResponseRender->handle(Object(Illuminate\\Http\\Request), Object(Closure))
#14 /home/puccomua/domains/puc.com.ua/vendor/laravel/framework/src/Illuminate/Routing/Pipeline.php(53): Illuminate\\Pipeline\\Pipeline->Illuminate\\Pipeline\\{closure}(Object(Illuminate\\Http\\Request))
#15 /home/puccomua/domains/puc.com.ua/vendor/mcamara/laravel-localization/src/Mcamara/LaravelLocalization/Middleware/LaravelLocalizationViewPath.php(33): Illuminate\\Routing\\Pipeline->Illuminate\\Routing\\{closure}(Object(Illuminate\\Http\\Request))
#16 /home/puccomua/domains/puc.com.ua/vendor/laravel/framework/src/Illuminate/Pipeline/Pipeline.php(163): Mcamara\\LaravelLocalization\\Middleware\\LaravelLocalizationViewPath->handle(Object(Illuminate\\Http\\Request), Object(Closure))
#17 /home/puccomua/domains/puc.com.ua/vendor/laravel/framework/src/Illuminate/Routing/Pipeline.php(53): Illuminate\\Pipeline\\Pipeline->Illuminate\\Pipeline\\{closure}(Object(Illuminate\\Http\\Request))
#18 /home/puccomua/domains/puc.com.ua/vendor/mcamara/laravel-localization/src/Mcamara/LaravelLocalization/Middleware/LaravelLocalizationRedirectFilter.php(45): Illuminate\\Routing\\Pipeline->Illuminate\\Routing\\{closure}(Object(Illuminate\\Http\\Request))
#19 /home/puccomua/domains/puc.com.ua/vendor/laravel/framework/src/Illuminate/Pipeline/Pipeline.php(163): Mcamara\\LaravelLocalization\\Middleware\\LaravelLocalizationRedirectFilter->handle(Object(Illuminate\\Http\\Request), Object(Closure))
#20 /home/puccomua/domains/puc.com.ua/vendor/laravel/framework/src/Illuminate/Routing/Pipeline.php(53): Illuminate\\Pipeline\\Pipeline->Illuminate\\Pipeline\\{closure}(Object(Illuminate\\Http\\Request))
#21 /home/puccomua/domains/puc.com.ua/vendor/mcamara/laravel-localization/src/Mcamara/LaravelLocalization/Middleware/LaravelLocalizationRoutes.php(30): Illuminate\\Routing\\Pipeline->Illuminate\\Routing\\{closure}(Object(Illuminate\\Http\\Request))
#22 /home/puccomua/domains/puc.com.ua/vendor/laravel/framework/src/Illuminate/Pipeline/Pipeline.php(163): Mcamara\\LaravelLocalization\\Middleware\\LaravelLocalizationRoutes->handle(Object(Illuminate\\Http\\Request), Object(Closure))
#23 /home/puccomua/domains/puc.com.ua/vendor/laravel/framework/src/Illuminate/Routing/Pipeline.php(53): Illuminate\\Pipeline\\Pipeline->Illuminate\\Pipeline\\{closure}(Object(Illuminate\\Http\\Request))
#24 /home/puccomua/domains/puc.com.ua/vendor/laravel/framework/src/Illuminate/Routing/Middleware/SubstituteBindings.php(41): Illuminate\\Routing\\Pipeline->Illuminate\\Routing\\{closure}(Object(Illuminate\\Http\\Request))
#25 /home/puccomua/domains/puc.com.ua/vendor/laravel/framework/src/Illuminate/Pipeline/Pipeline.php(163): Illuminate\\Routing\\Middleware\\SubstituteBindings->handle(Object(Illuminate\\Http\\Request), Object(Closure))
#26 /home/puccomua/domains/puc.com.ua/vendor/laravel/framework/src/Illuminate/Routing/Pipeline.php(53): Illuminate\\Pipeline\\Pipeline->Illuminate\\Pipeline\\{closure}(Object(Illuminate\\Http\\Request))
#27 /home/puccomua/domains/puc.com.ua/vendor/laravel/framework/src/Illuminate/Foundation/Http/Middleware/VerifyCsrfToken.php(75): Illuminate\\Routing\\Pipeline->Illuminate\\Routing\\{closure}(Object(Illuminate\\Http\\Request))
#28 /home/puccomua/domains/puc.com.ua/vendor/laravel/framework/src/Illuminate/Pipeline/Pipeline.php(163): Illuminate\\Foundation\\Http\\Middleware\\VerifyCsrfToken->handle(Object(Illuminate\\Http\\Request), Object(Closure))
#29 /home/puccomua/domains/puc.com.ua/vendor/laravel/framework/src/Illuminate/Routing/Pipeline.php(53): Illuminate\\Pipeline\\Pipeline->Illuminate\\Pipeline\\{closure}(Object(Illuminate\\Http\\Request))
#30 /home/puccomua/domains/puc.com.ua/vendor/laravel/framework/src/Illuminate/View/Middleware/ShareErrorsFromSession.php(49): Illuminate\\Routing\\Pipeline->Illuminate\\Routing\\{closure}(Object(Illuminate\\Http\\Request))
#31 /home/puccomua/domains/puc.com.ua/vendor/laravel/framework/src/Illuminate/Pipeline/Pipeline.php(163): Illuminate\\View\\Middleware\\ShareErrorsFromSession->handle(Object(Illuminate\\Http\\Request), Object(Closure))
#32 /home/puccomua/domains/puc.com.ua/vendor/laravel/framework/src/Illuminate/Routing/Pipeline.php(53): Illuminate\\Pipeline\\Pipeline->Illuminate\\Pipeline\\{closure}(Object(Illuminate\\Http\\Request))
#33 /home/puccomua/domains/puc.com.ua/vendor/laravel/framework/src/Illuminate/Session/Middleware/StartSession.php(56): Illuminate\\Routing\\Pipeline->Illuminate\\Routing\\{closure}(Object(Illuminate\\Http\\Request))
#34 /home/puccomua/domains/puc.com.ua/vendor/laravel/framework/src/Illuminate/Pipeline/Pipeline.php(163): Illuminate\\Session\\Middleware\\StartSession->handle(Object(Illuminate\\Http\\Request), Object(Closure))
#35 /home/puccomua/domains/puc.com.ua/vendor/laravel/framework/src/Illuminate/Routing/Pipeline.php(53): Illuminate\\Pipeline\\Pipeline->Illuminate\\Pipeline\\{closure}(Object(Illuminate\\Http\\Request))
#36 /home/puccomua/domains/puc.com.ua/vendor/laravel/framework/src/Illuminate/Cookie/Middleware/AddQueuedCookiesToResponse.php(37): Illuminate\\Routing\\Pipeline->Illuminate\\Routing\\{closure}(Object(Illuminate\\Http\\Request))
#37 /home/puccomua/domains/puc.com.ua/vendor/laravel/framework/src/Illuminate/Pipeline/Pipeline.php(163): Illuminate\\Cookie\\Middleware\\AddQueuedCookiesToResponse->handle(Object(Illuminate\\Http\\Request), Object(Closure))
#38 /home/puccomua/domains/puc.com.ua/vendor/laravel/framework/src/Illuminate/Routing/Pipeline.php(53): Illuminate\\Pipeline\\Pipeline->Illuminate\\Pipeline\\{closure}(Object(Illuminate\\Http\\Request))
#39 /home/puccomua/domains/puc.com.ua/vendor/laravel/framework/src/Illuminate/Cookie/Middleware/EncryptCookies.php(66): Illuminate\\Routing\\Pipeline->Illuminate\\Routing\\{closure}(Object(Illuminate\\Http\\Request))
#40 /home/puccomua/domains/puc.com.ua/vendor/laravel/framework/src/Illuminate/Pipeline/Pipeline.php(163): Illuminate\\Cookie\\Middleware\\EncryptCookies->handle(Object(Illuminate\\Http\\Request), Object(Closure))
#41 /home/puccomua/domains/puc.com.ua/vendor/laravel/framework/src/Illuminate/Routing/Pipeline.php(53): Illuminate\\Pipeline\\Pipeline->Illuminate\\Pipeline\\{closure}(Object(Illuminate\\Http\\Request))
#42 /home/puccomua/domains/puc.com.ua/app/Http/Middleware/Redirect.php(45): Illuminate\\Routing\\Pipeline->Illuminate\\Routing\\{closure}(Object(Illuminate\\Http\\Request))
#43 /home/puccomua/domains/puc.com.ua/vendor/laravel/framework/src/Illuminate/Pipeline/Pipeline.php(163): App\\Http\\Middleware\\Redirect->handle(Object(Illuminate\\Http\\Request), Object(Closure))
#44 /home/puccomua/domains/puc.com.ua/vendor/laravel/framework/src/Illuminate/Routing/Pipeline.php(53): Illuminate\\Pipeline\\Pipeline->Illuminate\\Pipeline\\{closure}(Object(Illuminate\\Http\\Request))
#45 /home/puccomua/domains/puc.com.ua/vendor/laravel/framework/src/Illuminate/Pipeline/Pipeline.php(104): Illuminate\\Routing\\Pipeline->Illuminate\\Routing\\{closure}(Object(Illuminate\\Http\\Request))
#46 /home/puccomua/domains/puc.com.ua/vendor/laravel/framework/src/Illuminate/Routing/Router.php(682): Illuminate\\Pipeline\\Pipeline->then(Object(Closure))
#47 /home/puccomua/domains/puc.com.ua/vendor/laravel/framework/src/Illuminate/Routing/Router.php(657): Illuminate\\Routing\\Router->runRouteWithinStack(Object(Illuminate\\Routing\\Route), Object(Illuminate\\Http\\Request))
#48 /home/puccomua/domains/puc.com.ua/vendor/laravel/framework/src/Illuminate/Routing/Router.php(623): Illuminate\\Routing\\Router->runRoute(Object(Illuminate\\Http\\Request), Object(Illuminate\\Routing\\Route))
#49 /home/puccomua/domains/puc.com.ua/vendor/laravel/framework/src/Illuminate/Routing/Router.php(612): Illuminate\\Routing\\Router->dispatchToRoute(Object(Illuminate\\Http\\Request))
#50 /home/puccomua/domains/puc.com.ua/vendor/laravel/framework/src/Illuminate/Foundation/Http/Kernel.php(176): Illuminate\\Routing\\Router->dispatch(Object(Illuminate\\Http\\Request))
#51 /home/puccomua/domains/puc.com.ua/vendor/laravel/framework/src/Illuminate/Routing/Pipeline.php(30): Illuminate\\Foundation\\Http\\Kernel->Illuminate\\Foundation\\Http\\{closure}(Object(Illuminate\\Http\\Request))
#52 /home/puccomua/domains/puc.com.ua/vendor/barryvdh/laravel-debugbar/src/Middleware/InjectDebugbar.php(58): Illuminate\\Routing\\Pipeline->Illuminate\\Routing\\{closure}(Object(Illuminate\\Http\\Request))
#53 /home/puccomua/domains/puc.com.ua/vendor/laravel/framework/src/Illuminate/Pipeline/Pipeline.php(163): Barryvdh\\Debugbar\\Middleware\\InjectDebugbar->handle(Object(Illuminate\\Http\\Request), Object(Closure))
#54 /home/puccomua/domains/puc.com.ua/vendor/laravel/framework/src/Illuminate/Routing/Pipeline.php(53): Illuminate\\Pipeline\\Pipeline->Illuminate\\Pipeline\\{closure}(Object(Illuminate\\Http\\Request))
#55 /home/puccomua/domains/puc.com.ua/vendor/laravel/framework/src/Illuminate/Foundation/Http/Middleware/TransformsRequest.php(21): Illuminate\\Routing\\Pipeline->Illuminate\\Routing\\{closure}(Object(Illuminate\\Http\\Request))
#56 /home/puccomua/domains/puc.com.ua/vendor/laravel/framework/src/Illuminate/Pipeline/Pipeline.php(163): Illuminate\\Foundation\\Http\\Middleware\\TransformsRequest->handle(Object(Illuminate\\Http\\Request), Object(Closure))
#57 /home/puccomua/domains/puc.com.ua/vendor/laravel/framework/src/Illuminate/Routing/Pipeline.php(53): Illuminate\\Pipeline\\Pipeline->Illuminate\\Pipeline\\{closure}(Object(Illuminate\\Http\\Request))
#58 /home/puccomua/domains/puc.com.ua/vendor/laravel/framework/src/Illuminate/Foundation/Http/Middleware/TransformsRequest.php(21): Illuminate\\Routing\\Pipeline->Illuminate\\Routing\\{closure}(Object(Illuminate\\Http\\Request))
#59 /home/puccomua/domains/puc.com.ua/vendor/laravel/framework/src/Illuminate/Pipeline/Pipeline.php(163): Illuminate\\Foundation\\Http\\Middleware\\TransformsRequest->handle(Object(Illuminate\\Http\\Request), Object(Closure))
#60 /home/puccomua/domains/puc.com.ua/vendor/laravel/framework/src/Illuminate/Routing/Pipeline.php(53): Illuminate\\Pipeline\\Pipeline->Illuminate\\Pipeline\\{closure}(Object(Illuminate\\Http\\Request))
#61 /home/puccomua/domains/puc.com.ua/vendor/laravel/framework/src/Illuminate/Foundation/Http/Middleware/ValidatePostSize.php(27): Illuminate\\Routing\\Pipeline->Illuminate\\Routing\\{closure}(Object(Illuminate\\Http\\Request))
#62 /home/puccomua/domains/puc.com.ua/vendor/laravel/framework/src/Illuminate/Pipeline/Pipeline.php(163): Illuminate\\Foundation\\Http\\Middleware\\ValidatePostSize->handle(Object(Illuminate\\Http\\Request), Object(Closure))
#63 /home/puccomua/domains/puc.com.ua/vendor/laravel/framework/src/Illuminate/Routing/Pipeline.php(53): Illuminate\\Pipeline\\Pipeline->Illuminate\\Pipeline\\{closure}(Object(Illuminate\\Http\\Request))
#64 /home/puccomua/domains/puc.com.ua/vendor/laravel/framework/src/Illuminate/Foundation/Http/Middleware/CheckForMaintenanceMode.php(62): Illuminate\\Routing\\Pipeline->Illuminate\\Routing\\{closure}(Object(Illuminate\\Http\\Request))
#65 /home/puccomua/domains/puc.com.ua/vendor/laravel/framework/src/Illuminate/Pipeline/Pipeline.php(163): Illuminate\\Foundation\\Http\\Middleware\\CheckForMaintenanceMode->handle(Object(Illuminate\\Http\\Request), Object(Closure))
#66 /home/puccomua/domains/puc.com.ua/vendor/laravel/framework/src/Illuminate/Routing/Pipeline.php(53): Illuminate\\Pipeline\\Pipeline->Illuminate\\Pipeline\\{closure}(Object(Illuminate\\Http\\Request))
#67 /home/puccomua/domains/puc.com.ua/vendor/fideloper/proxy/src/TrustProxies.php(57): Illuminate\\Routing\\Pipeline->Illuminate\\Routing\\{closure}(Object(Illuminate\\Http\\Request))
#68 /home/puccomua/domains/puc.com.ua/vendor/laravel/framework/src/Illuminate/Pipeline/Pipeline.php(163): Fideloper\\Proxy\\TrustProxies->handle(Object(Illuminate\\Http\\Request), Object(Closure))
#69 /home/puccomua/domains/puc.com.ua/vendor/laravel/framework/src/Illuminate/Routing/Pipeline.php(53): Illuminate\\Pipeline\\Pipeline->Illuminate\\Pipeline\\{closure}(Object(Illuminate\\Http\\Request))
#70 /home/puccomua/domains/puc.com.ua/vendor/laravel/framework/src/Illuminate/Pipeline/Pipeline.php(104): Illuminate\\Routing\\Pipeline->Illuminate\\Routing\\{closure}(Object(Illuminate\\Http\\Request))
#71 /home/puccomua/domains/puc.com.ua/vendor/laravel/framework/src/Illuminate/Foundation/Http/Kernel.php(151): Illuminate\\Pipeline\\Pipeline->then(Object(Closure))
#72 /home/puccomua/domains/puc.com.ua/vendor/laravel/framework/src/Illuminate/Foundation/Http/Kernel.php(116): Illuminate\\Foundation\\Http\\Kernel->sendRequestThroughRouter(Object(Illuminate\\Http\\Request))
#73 /home/puccomua/domains/puc.com.ua/public/index.php(55): Illuminate\\Foundation\\Http\\Kernel->handle(Object(Illuminate\\Http\\Request))
#74 {main}
"} 
[2021-10-14 16:26:28] local.ERROR: count(): Parameter must be an array or an object that implements Countable {"exception":"[object] (ErrorException(code: 0): count(): Parameter must be an array or an object that implements Countable at /home/puccomua/domains/puc.com.ua/app/Http/Controllers/Callback/ShopController.php:986)
[stacktrace]
#0 [internal function]: Illuminate\\Foundation\\Bootstrap\\HandleExceptions->handleError(2, 'count(): Parame...', '/home/puccomua/...', 986, Array)
#1 /home/puccomua/domains/puc.com.ua/app/Http/Controllers/Callback/ShopController.php(986): count(NULL)
#2 [internal function]: App\\Http\\Controllers\\Callback\\ShopController->remove_product_in_basket(Object(Illuminate\\Http\\Request))
#3 /home/puccomua/domains/puc.com.ua/vendor/laravel/framework/src/Illuminate/Routing/Controller.php(54): call_user_func_array(Array, Array)
#4 /home/puccomua/domains/puc.com.ua/vendor/laravel/framework/src/Illuminate/Routing/ControllerDispatcher.php(45): Illuminate\\Routing\\Controller->callAction('remove_product_...', Array)
#5 /home/puccomua/domains/puc.com.ua/vendor/laravel/framework/src/Illuminate/Routing/Route.php(219): Illuminate\\Routing\\ControllerDispatcher->dispatch(Object(Illuminate\\Routing\\Route), Object(App\\Http\\Controllers\\Callback\\ShopController), 'remove_product_...')
#6 /home/puccomua/domains/puc.com.ua/vendor/laravel/framework/src/Illuminate/Routing/Route.php(176): Illuminate\\Routing\\Route->runController()
#7 /home/puccomua/domains/puc.com.ua/vendor/laravel/framework/src/Illuminate/Routing/Router.php(680): Illuminate\\Routing\\Route->run()
#8 /home/puccomua/domains/puc.com.ua/vendor/laravel/framework/src/Illuminate/Routing/Pipeline.php(30): Illuminate\\Routing\\Router->Illuminate\\Routing\\{closure}(Object(Illuminate\\Http\\Request))
#9 /home/puccomua/domains/puc.com.ua/app/Http/Controllers/Controller.php(63): Illuminate\\Routing\\Pipeline->Illuminate\\Routing\\{closure}(Object(Illuminate\\Http\\Request))
#10 /home/puccomua/domains/puc.com.ua/vendor/laravel/framework/src/Illuminate/Pipeline/Pipeline.php(145): App\\Http\\Controllers\\Controller->App\\Http\\Controllers\\{closure}(Object(Illuminate\\Http\\Request), Object(Closure))
#11 /home/puccomua/domains/puc.com.ua/vendor/laravel/framework/src/Illuminate/Routing/Pipeline.php(53): Illuminate\\Pipeline\\Pipeline->Illuminate\\Pipeline\\{closure}(Object(Illuminate\\Http\\Request))
#12 /home/puccomua/domains/puc.com.ua/app/Http/Middleware/AjaxVariables.php(19): Illuminate\\Routing\\Pipeline->Illuminate\\Routing\\{closure}(Object(Illuminate\\Http\\Request))
#13 /home/puccomua/domains/puc.com.ua/vendor/laravel/framework/src/Illuminate/Pipeline/Pipeline.php(163): App\\Http\\Middleware\\AjaxVariables->handle(Object(Illuminate\\Http\\Request), Object(Closure))
#14 /home/puccomua/domains/puc.com.ua/vendor/laravel/framework/src/Illuminate/Routing/Pipeline.php(53): Illuminate\\Pipeline\\Pipeline->Illuminate\\Pipeline\\{closure}(Object(Illuminate\\Http\\Request))
#15 /home/puccomua/domains/puc.com.ua/vendor/laravel/framework/src/Illuminate/Routing/Middleware/SubstituteBindings.php(41): Illuminate\\Routing\\Pipeline->Illuminate\\Routing\\{closure}(Object(Illuminate\\Http\\Request))
#16 /home/puccomua/domains/puc.com.ua/vendor/laravel/framework/src/Illuminate/Pipeline/Pipeline.php(163): Illuminate\\Routing\\Middleware\\SubstituteBindings->handle(Object(Illuminate\\Http\\Request), Object(Closure))
#17 /home/puccomua/domains/puc.com.ua/vendor/laravel/framework/src/Illuminate/Routing/Pipeline.php(53): Illuminate\\Pipeline\\Pipeline->Illuminate\\Pipeline\\{closure}(Object(Illuminate\\Http\\Request))
#18 /home/puccomua/domains/puc.com.ua/vendor/laravel/framework/src/Illuminate/Foundation/Http/Middleware/VerifyCsrfToken.php(75): Illuminate\\Routing\\Pipeline->Illuminate\\Routing\\{closure}(Object(Illuminate\\Http\\Request))
#19 /home/puccomua/domains/puc.com.ua/vendor/laravel/framework/src/Illuminate/Pipeline/Pipeline.php(163): Illuminate\\Foundation\\Http\\Middleware\\VerifyCsrfToken->handle(Object(Illuminate\\Http\\Request), Object(Closure))
#20 /home/puccomua/domains/puc.com.ua/vendor/laravel/framework/src/Illuminate/Routing/Pipeline.php(53): Illuminate\\Pipeline\\Pipeline->Illuminate\\Pipeline\\{closure}(Object(Illuminate\\Http\\Request))
#21 /home/puccomua/domains/puc.com.ua/vendor/laravel/framework/src/Illuminate/View/Middleware/ShareErrorsFromSession.php(49): Illuminate\\Routing\\Pipeline->Illuminate\\Routing\\{closure}(Object(Illuminate\\Http\\Request))
#22 /home/puccomua/domains/puc.com.ua/vendor/laravel/framework/src/Illuminate/Pipeline/Pipeline.php(163): Illuminate\\View\\Middleware\\ShareErrorsFromSession->handle(Object(Illuminate\\Http\\Request), Object(Closure))
#23 /home/puccomua/domains/puc.com.ua/vendor/laravel/framework/src/Illuminate/Routing/Pipeline.php(53): Illuminate\\Pipeline\\Pipeline->Illuminate\\Pipeline\\{closure}(Object(Illuminate\\Http\\Request))
#24 /home/puccomua/domains/puc.com.ua/vendor/laravel/framework/src/Illuminate/Session/Middleware/StartSession.php(56): Illuminate\\Routing\\Pipeline->Illuminate\\Routing\\{closure}(Object(Illuminate\\Http\\Request))
#25 /home/puccomua/domains/puc.com.ua/vendor/laravel/framework/src/Illuminate/Pipeline/Pipeline.php(163): Illuminate\\Session\\Middleware\\StartSession->handle(Object(Illuminate\\Http\\Request), Object(Closure))
#26 /home/puccomua/domains/puc.com.ua/vendor/laravel/framework/src/Illuminate/Routing/Pipeline.php(53): Illuminate\\Pipeline\\Pipeline->Illuminate\\Pipeline\\{closure}(Object(Illuminate\\Http\\Request))
#27 /home/puccomua/domains/puc.com.ua/vendor/laravel/framework/src/Illuminate/Cookie/Middleware/AddQueuedCookiesToResponse.php(37): Illuminate\\Routing\\Pipeline->Illuminate\\Routing\\{closure}(Object(Illuminate\\Http\\Request))
#28 /home/puccomua/domains/puc.com.ua/vendor/laravel/framework/src/Illuminate/Pipeline/Pipeline.php(163): Illuminate\\Cookie\\Middleware\\AddQueuedCookiesToResponse->handle(Object(Illuminate\\Http\\Request), Object(Closure))
#29 /home/puccomua/domains/puc.com.ua/vendor/laravel/framework/src/Illuminate/Routing/Pipeline.php(53): Illuminate\\Pipeline\\Pipeline->Illuminate\\Pipeline\\{closure}(Object(Illuminate\\Http\\Request))
#30 /home/puccomua/domains/puc.com.ua/vendor/laravel/framework/src/Illuminate/Cookie/Middleware/EncryptCookies.php(66): Illuminate\\Routing\\Pipeline->Illuminate\\Routing\\{closure}(Object(Illuminate\\Http\\Request))
#31 /home/puccomua/domains/puc.com.ua/vendor/laravel/framework/src/Illuminate/Pipeline/Pipeline.php(163): Illuminate\\Cookie\\Middleware\\EncryptCookies->handle(Object(Illuminate\\Http\\Request), Object(Closure))
#32 /home/puccomua/domains/puc.com.ua/vendor/laravel/framework/src/Illuminate/Routing/Pipeline.php(53): Illuminate\\Pipeline\\Pipeline->Illuminate\\Pipeline\\{closure}(Object(Illuminate\\Http\\Request))
#33 /home/puccomua/domains/puc.com.ua/vendor/laravel/framework/src/Illuminate/Pipeline/Pipeline.php(104): Illuminate\\Routing\\Pipeline->Illuminate\\Routing\\{closure}(Object(Illuminate\\Http\\Request))
#34 /home/puccomua/domains/puc.com.ua/vendor/laravel/framework/src/Illuminate/Routing/Router.php(682): Illuminate\\Pipeline\\Pipeline->then(Object(Closure))
#35 /home/puccomua/domains/puc.com.ua/vendor/laravel/framework/src/Illuminate/Routing/Router.php(657): Illuminate\\Routing\\Router->runRouteWithinStack(Object(Illuminate\\Routing\\Route), Object(Illuminate\\Http\\Request))
#36 /home/puccomua/domains/puc.com.ua/vendor/laravel/framework/src/Illuminate/Routing/Router.php(623): Illuminate\\Routing\\Router->runRoute(Object(Illuminate\\Http\\Request), Object(Illuminate\\Routing\\Route))
#37 /home/puccomua/domains/puc.com.ua/vendor/laravel/framework/src/Illuminate/Routing/Router.php(612): Illuminate\\Routing\\Router->dispatchToRoute(Object(Illuminate\\Http\\Request))
#38 /home/puccomua/domains/puc.com.ua/vendor/laravel/framework/src/Illuminate/Foundation/Http/Kernel.php(176): Illuminate\\Routing\\Router->dispatch(Object(Illuminate\\Http\\Request))
#39 /home/puccomua/domains/puc.com.ua/vendor/laravel/framework/src/Illuminate/Routing/Pipeline.php(30): Illuminate\\Foundation\\Http\\Kernel->Illuminate\\Foundation\\Http\\{closure}(Object(Illuminate\\Http\\Request))
#40 /home/puccomua/domains/puc.com.ua/vendor/barryvdh/laravel-debugbar/src/Middleware/InjectDebugbar.php(58): Illuminate\\Routing\\Pipeline->Illuminate\\Routing\\{closure}(Object(Illuminate\\Http\\Request))
#41 /home/puccomua/domains/puc.com.ua/vendor/laravel/framework/src/Illuminate/Pipeline/Pipeline.php(163): Barryvdh\\Debugbar\\Middleware\\InjectDebugbar->handle(Object(Illuminate\\Http\\Request), Object(Closure))
#42 /home/puccomua/domains/puc.com.ua/vendor/laravel/framework/src/Illuminate/Routing/Pipeline.php(53): Illuminate\\Pipeline\\Pipeline->Illuminate\\Pipeline\\{closure}(Object(Illuminate\\Http\\Request))
#43 /home/puccomua/domains/puc.com.ua/vendor/laravel/framework/src/Illuminate/Foundation/Http/Middleware/TransformsRequest.php(21): Illuminate\\Routing\\Pipeline->Illuminate\\Routing\\{closure}(Object(Illuminate\\Http\\Request))
#44 /home/puccomua/domains/puc.com.ua/vendor/laravel/framework/src/Illuminate/Pipeline/Pipeline.php(163): Illuminate\\Foundation\\Http\\Middleware\\TransformsRequest->handle(Object(Illuminate\\Http\\Request), Object(Closure))
#45 /home/puccomua/domains/puc.com.ua/vendor/laravel/framework/src/Illuminate/Routing/Pipeline.php(53): Illuminate\\Pipeline\\Pipeline->Illuminate\\Pipeline\\{closure}(Object(Illuminate\\Http\\Request))
#46 /home/puccomua/domains/puc.com.ua/vendor/laravel/framework/src/Illuminate/Foundation/Http/Middleware/TransformsRequest.php(21): Illuminate\\Routing\\Pipeline->Illuminate\\Routing\\{closure}(Object(Illuminate\\Http\\Request))
#47 /home/puccomua/domains/puc.com.ua/vendor/laravel/framework/src/Illuminate/Pipeline/Pipeline.php(163): Illuminate\\Foundation\\Http\\Middleware\\TransformsRequest->handle(Object(Illuminate\\Http\\Request), Object(Closure))
#48 /home/puccomua/domains/puc.com.ua/vendor/laravel/framework/src/Illuminate/Routing/Pipeline.php(53): Illuminate\\Pipeline\\Pipeline->Illuminate\\Pipeline\\{closure}(Object(Illuminate\\Http\\Request))
#49 /home/puccomua/domains/puc.com.ua/vendor/laravel/framework/src/Illuminate/Foundation/Http/Middleware/ValidatePostSize.php(27): Illuminate\\Routing\\Pipeline->Illuminate\\Routing\\{closure}(Object(Illuminate\\Http\\Request))
#50 /home/puccomua/domains/puc.com.ua/vendor/laravel/framework/src/Illuminate/Pipeline/Pipeline.php(163): Illuminate\\Foundation\\Http\\Middleware\\ValidatePostSize->handle(Object(Illuminate\\Http\\Request), Object(Closure))
#51 /home/puccomua/domains/puc.com.ua/vendor/laravel/framework/src/Illuminate/Routing/Pipeline.php(53): Illuminate\\Pipeline\\Pipeline->Illuminate\\Pipeline\\{closure}(Object(Illuminate\\Http\\Request))
#52 /home/puccomua/domains/puc.com.ua/vendor/laravel/framework/src/Illuminate/Foundation/Http/Middleware/CheckForMaintenanceMode.php(62): Illuminate\\Routing\\Pipeline->Illuminate\\Routing\\{closure}(Object(Illuminate\\Http\\Request))
#53 /home/puccomua/domains/puc.com.ua/vendor/laravel/framework/src/Illuminate/Pipeline/Pipeline.php(163): Illuminate\\Foundation\\Http\\Middleware\\CheckForMaintenanceMode->handle(Object(Illuminate\\Http\\Request), Object(Closure))
#54 /home/puccomua/domains/puc.com.ua/vendor/laravel/framework/src/Illuminate/Routing/Pipeline.php(53): Illuminate\\Pipeline\\Pipeline->Illuminate\\Pipeline\\{closure}(Object(Illuminate\\Http\\Request))
#55 /home/puccomua/domains/puc.com.ua/vendor/fideloper/proxy/src/TrustProxies.php(57): Illuminate\\Routing\\Pipeline->Illuminate\\Routing\\{closure}(Object(Illuminate\\Http\\Request))
#56 /home/puccomua/domains/puc.com.ua/vendor/laravel/framework/src/Illuminate/Pipeline/Pipeline.php(163): Fideloper\\Proxy\\TrustProxies->handle(Object(Illuminate\\Http\\Request), Object(Closure))
#57 /home/puccomua/domains/puc.com.ua/vendor/laravel/framework/src/Illuminate/Routing/Pipeline.php(53): Illuminate\\Pipeline\\Pipeline->Illuminate\\Pipeline\\{closure}(Object(Illuminate\\Http\\Request))
#58 /home/puccomua/domains/puc.com.ua/vendor/laravel/framework/src/Illuminate/Pipeline/Pipeline.php(104): Illuminate\\Routing\\Pipeline->Illuminate\\Routing\\{closure}(Object(Illuminate\\Http\\Request))
#59 /home/puccomua/domains/puc.com.ua/vendor/laravel/framework/src/Illuminate/Foundation/Http/Kernel.php(151): Illuminate\\Pipeline\\Pipeline->then(Object(Closure))
#60 /home/puccomua/domains/puc.com.ua/vendor/laravel/framework/src/Illuminate/Foundation/Http/Kernel.php(116): Illuminate\\Foundation\\Http\\Kernel->sendRequestThroughRouter(Object(Illuminate\\Http\\Request))
#61 /home/puccomua/domains/puc.com.ua/public/index.php(55): Illuminate\\Foundation\\Http\\Kernel->handle(Object(Illuminate\\Http\\Request))
#62 {main}
"} 
[2021-10-14 16:44:40] local.INFO: DATA::{"payment_id":1793368522,"action":"pay","status":"success","version":3,"type":"buy","paytype":"apay","public_key":"i14047737426","acq_id":414963,"order_id":"d5d7f405","liqpay_order_id":"879I39TM1634219076209929","description":"\u041e\u043f\u043b\u0430\u0442\u0430 \u0437\u0430\u043a\u0430\u0437\u0430 \u0435\u0434\u044b \u043d\u0430 \u0441\u0430\u0439\u0442\u0435.","sender_card_mask2":"441793*45","sender_card_bank":"pb","sender_card_type":"visa","sender_card_country":804,"ip":"178.151.228.8","amount":728,"currency":"UAH","sender_commission":0,"receiver_commission":20.02,"agent_commission":0,"amount_debit":728,"amount_credit":728,"commission_debit":0,"commission_credit":20.02,"currency_debit":"UAH","currency_credit":"UAH","sender_bonus":0,"amount_bonus":0,"authcode_debit":"367359","rrn_debit":"002959106598","mpi_eci":"7","is_3ds":false,"language":"ru","create_date":1634219076211,"end_date":1634219079554,"transaction_id":1793368522}  
[2021-10-14 16:44:40] local.INFO: ORDER::{"id":405,"type":"full","rk_order_id":null,"rk_order_number":null,"rk_order_data":null,"rk_status":null,"rk_order_sum":"0.00","user_id":null,"pharmacy_id":null,"gift_id":"3","name":"\u0415\u0432\u0433\u0435\u043d\u0438\u0439","surname":null,"patronymic":null,"email":null,"phone":"+38 (095) 814 56 53","payment_method":"card","payment_transaction_number":null,"payment_transaction_status":null,"payment_status":"0","delivery_method":"delivery","delivery_address":{"street":"\u041a\u0430\u0447\u0430\u043d\u043e\u0432\u0441\u043a\u0430\u044f","house":"17","entrance":null,"floor":"5","apartment":"28"},"delivery_free":"1","coupon":null,"amount":"728.00","discount":null,"amount_less_discount":null,"status":"0","call_me_back":"1","birthday":"0","surrender":null,"person":null,"attach_file":null,"comment":null,"manager_comment":null,"pre_order_at":"2021-10-14 18:14:23","created_at":"2021-10-14 16:44:23","updated_at":"2021-10-14 16:44:23"}  
[2021-10-14 16:44:40] local.INFO: SIGNATURE::1  
[2021-10-14 16:44:40] local.INFO: DATA2::{"payment_id":1793368522,"action":"pay","status":"success","version":3,"type":"buy","paytype":"apay","public_key":"i14047737426","acq_id":414963,"order_id":"d5d7f405","liqpay_order_id":"879I39TM1634219076209929","description":"\u041e\u043f\u043b\u0430\u0442\u0430 \u0437\u0430\u043a\u0430\u0437\u0430 \u0435\u0434\u044b \u043d\u0430 \u0441\u0430\u0439\u0442\u0435.","sender_card_mask2":"441793*45","sender_card_bank":"pb","sender_card_type":"visa","sender_card_country":804,"ip":"178.151.228.8","amount":728,"currency":"UAH","sender_commission":0,"receiver_commission":20.02,"agent_commission":0,"amount_debit":728,"amount_credit":728,"commission_debit":0,"commission_credit":20.02,"currency_debit":"UAH","currency_credit":"UAH","sender_bonus":0,"amount_bonus":0,"authcode_debit":"367359","rrn_debit":"002959106598","mpi_eci":"7","is_3ds":false,"language":"ru","create_date":1634219076211,"end_date":1634219079554,"transaction_id":1793368522,"tid":"381287494785542"}  
[2021-10-14 17:53:00] local.INFO: DATA2::{"payment_id":1793424502,"action":"pay","status":"success","version":3,"type":"buy","paytype":"privat24","public_key":"i14047737426","acq_id":414963,"order_id":"c2c70408","liqpay_order_id":"OBC51NLQ1634223176651946","description":"\u041e\u043f\u043b\u0430\u0442\u0430 \u0437\u0430\u043a\u0430\u0437\u0430 \u0435\u0434\u044b \u043d\u0430 \u0441\u0430\u0439\u0442\u0435.","sender_phone":"380993292676","sender_card_mask2":"516875*29","sender_card_bank":"pb","sender_card_type":"mc","sender_card_country":804,"amount":303,"currency":"UAH","sender_commission":0,"receiver_commission":7.58,"agent_commission":0,"amount_debit":303,"amount_credit":303,"commission_debit":0,"commission_credit":7.58,"currency_debit":"UAH","currency_credit":"UAH","sender_bonus":0,"amount_bonus":0,"authcode_debit":"072828","rrn_debit":"002959220476","mpi_eci":"7","is_3ds":false,"language":"ru","create_date":1634223176654,"end_date":1634223179811,"transaction_id":1793424502}  
[2021-10-14 17:53:00] local.INFO: DATA::{"payment_id":1793424502,"action":"pay","status":"success","version":3,"type":"buy","paytype":"privat24","public_key":"i14047737426","acq_id":414963,"order_id":"c2c70408","liqpay_order_id":"OBC51NLQ1634223176651946","description":"\u041e\u043f\u043b\u0430\u0442\u0430 \u0437\u0430\u043a\u0430\u0437\u0430 \u0435\u0434\u044b \u043d\u0430 \u0441\u0430\u0439\u0442\u0435.","sender_phone":"380993292676","sender_card_mask2":"516875*29","sender_card_bank":"pb","sender_card_type":"mc","sender_card_country":804,"amount":303,"currency":"UAH","sender_commission":0,"receiver_commission":7.58,"agent_commission":0,"amount_debit":303,"amount_credit":303,"commission_debit":0,"commission_credit":7.58,"currency_debit":"UAH","currency_credit":"UAH","sender_bonus":0,"amount_bonus":0,"authcode_debit":"072828","rrn_debit":"002959220476","mpi_eci":"7","is_3ds":false,"language":"ru","create_date":1634223176654,"end_date":1634223179811,"transaction_id":1793424502}  
[2021-10-14 17:53:00] local.INFO: ORDER::{"id":408,"type":"full","rk_order_id":null,"rk_order_number":null,"rk_order_data":null,"rk_status":null,"rk_order_sum":"0.00","user_id":null,"pharmacy_id":null,"gift_id":"1","name":"\u0410\u043b\u0438\u043d\u0430","surname":null,"patronymic":null,"email":null,"phone":"+38 (099) 329 26 76","payment_method":"card","payment_transaction_number":null,"payment_transaction_status":null,"payment_status":"0","delivery_method":"delivery","delivery_address":{"street":"\u0413\u0430\u0433\u0430\u0440\u0438\u043d\u0430","house":"41\/2","entrance":null,"floor":"5","apartment":"105"},"delivery_free":"1","coupon":null,"amount":"303.00","discount":null,"amount_less_discount":null,"status":"0","call_me_back":"1","birthday":"0","surrender":null,"person":null,"attach_file":null,"comment":"\u0432\u043d\u0438\u0437\u0443 \u043a\u043e\u043d\u0441\u044c\u0435\u0440\u0436, \u0441\u0435\u043a\u0446\u0438\u044f 7","manager_comment":null,"pre_order_at":"2021-10-14 19:22:35","created_at":"2021-10-14 17:52:35","updated_at":"2021-10-14 17:52:35"}  
[2021-10-14 17:53:00] local.INFO: SIGNATURE::1  
[2021-10-14 18:28:14] local.INFO: DATA::{"payment_id":1793453295,"action":"pay","status":"failure","err_code":"err_card_bin","err_description":"\u0411\u0438\u043d \u043a\u0430\u0440\u0442\u044b \u043d\u0435 \u043d\u0430\u0439\u0434\u0435\u043d","version":3,"type":"buy","paytype":"card","public_key":"i14047737426","acq_id":414963,"order_id":"5ba47412","liqpay_order_id":"5DS5N9Y31634225294138819","description":"\u041e\u043f\u043b\u0430\u0442\u0430 \u0437\u0430\u043a\u0430\u0437\u0430 \u0435\u0434\u044b \u043d\u0430 \u0441\u0430\u0439\u0442\u0435.","ip":"178.150.197.109","amount":439,"currency":"UAH","sender_commission":0,"receiver_commission":0,"agent_commission":0,"mpi_eci":"7","is_3ds":false,"language":"ru","create_date":1634225294144,"end_date":1634225294234,"transaction_id":1793453295,"code":"err_card_bin"}  
[2021-10-14 18:28:14] local.INFO: ORDER::{"id":412,"type":"full","rk_order_id":null,"rk_order_number":null,"rk_order_data":null,"rk_status":null,"rk_order_sum":"0.00","user_id":null,"pharmacy_id":null,"gift_id":"3","name":"\u0410\u043b\u0438\u043d\u0430","surname":null,"patronymic":null,"email":null,"phone":"+38 (099) 781 56 62","payment_method":"card","payment_transaction_number":null,"payment_transaction_status":null,"payment_status":"0","delivery_method":"delivery","delivery_address":{"street":"\u0413\u0440\u0438\u0446\u0435\u0432\u0446\u0430","house":"48\u0411","entrance":null,"floor":"9","apartment":"54"},"delivery_free":"1","coupon":null,"amount":"439.00","discount":null,"amount_less_discount":null,"status":"0","call_me_back":"1","birthday":"0","surrender":null,"person":null,"attach_file":null,"comment":"\u041f\u043e \u043f\u0440\u0438\u0435\u0437\u0434\u0443 \u043f\u043e\u0437\u0432\u043e\u043d\u0438\u0442\u044c. \u0414\u043e\u043c\u043e\u0444\u043e\u043d \u043d\u0435 \u0440\u0430\u0431\u043e\u0442\u0430\u0435\u0442","manager_comment":null,"pre_order_at":"2021-10-14 19:57:23","created_at":"2021-10-14 18:27:23","updated_at":"2021-10-14 18:27:23"}  
[2021-10-14 18:28:14] local.INFO: SIGNATURE::1  
[2021-10-14 18:28:15] local.INFO: DATA2::{"payment_id":1793453295,"action":"pay","status":"failure","err_code":"err_card_bin","err_description":"\u0411\u0438\u043d \u043a\u0430\u0440\u0442\u044b \u043d\u0435 \u043d\u0430\u0439\u0434\u0435\u043d","version":3,"type":"buy","paytype":"card","public_key":"i14047737426","acq_id":414963,"order_id":"5ba47412","liqpay_order_id":"5DS5N9Y31634225294138819","description":"\u041e\u043f\u043b\u0430\u0442\u0430 \u0437\u0430\u043a\u0430\u0437\u0430 \u0435\u0434\u044b \u043d\u0430 \u0441\u0430\u0439\u0442\u0435.","amount":439,"currency":"UAH","mpi_eci":"7","is_3ds":false,"language":"ru","create_date":1634225294144,"end_date":1634225294234,"transaction_id":1793453295,"code":"err_card_bin"}  
[2021-10-14 18:29:58] local.INFO: DATA2::{"payment_id":1793454842,"action":"pay","status":"success","version":3,"type":"buy","paytype":"card","public_key":"i14047737426","acq_id":414963,"order_id":"19eca413","liqpay_order_id":"T1C6B8CD1634225395468126","description":"\u041e\u043f\u043b\u0430\u0442\u0430 \u0437\u0430\u043a\u0430\u0437\u0430 \u0435\u0434\u044b \u043d\u0430 \u0441\u0430\u0439\u0442\u0435.","sender_card_mask2":"516874*94","sender_card_bank":"pb","sender_card_type":"mc","sender_card_country":804,"ip":"178.150.197.109","amount":439,"currency":"UAH","sender_commission":0,"receiver_commission":12.07,"agent_commission":0,"amount_debit":439,"amount_credit":439,"commission_debit":0,"commission_credit":12.07,"currency_debit":"UAH","currency_credit":"UAH","sender_bonus":0,"amount_bonus":0,"authcode_debit":"924120","rrn_debit":"002959281384","mpi_eci":"7","is_3ds":false,"language":"ru","create_date":1634225395472,"end_date":1634225398434,"transaction_id":1793454842}  
[2021-10-14 18:29:59] local.INFO: DATA::{"payment_id":1793454842,"action":"pay","status":"success","version":3,"type":"buy","paytype":"card","public_key":"i14047737426","acq_id":414963,"order_id":"19eca413","liqpay_order_id":"T1C6B8CD1634225395468126","description":"\u041e\u043f\u043b\u0430\u0442\u0430 \u0437\u0430\u043a\u0430\u0437\u0430 \u0435\u0434\u044b \u043d\u0430 \u0441\u0430\u0439\u0442\u0435.","sender_card_mask2":"516874*94","sender_card_bank":"pb","sender_card_type":"mc","sender_card_country":804,"ip":"178.150.197.109","amount":439,"currency":"UAH","sender_commission":0,"receiver_commission":12.07,"agent_commission":0,"amount_debit":439,"amount_credit":439,"commission_debit":0,"commission_credit":12.07,"currency_debit":"UAH","currency_credit":"UAH","sender_bonus":0,"amount_bonus":0,"authcode_debit":"924120","rrn_debit":"002959281384","mpi_eci":"7","is_3ds":false,"language":"ru","create_date":1634225395472,"end_date":1634225398434,"transaction_id":1793454842}  
[2021-10-14 18:29:59] local.INFO: ORDER::{"id":413,"type":"full","rk_order_id":null,"rk_order_number":null,"rk_order_data":null,"rk_status":null,"rk_order_sum":"0.00","user_id":null,"pharmacy_id":null,"gift_id":"3","name":"\u0410\u043b\u0438\u043d\u0430","surname":null,"patronymic":null,"email":null,"phone":"+38 (099) 781 56 62","payment_method":"card","payment_transaction_number":null,"payment_transaction_status":null,"payment_status":"0","delivery_method":"delivery","delivery_address":{"street":"\u0413\u0440\u0438\u0446\u0435\u0432\u0446\u0430","house":"48\u0431","entrance":null,"floor":"9","apartment":"54"},"delivery_free":"1","coupon":null,"amount":"439.00","discount":null,"amount_less_discount":null,"status":"0","call_me_back":"1","birthday":"0","surrender":null,"person":null,"attach_file":null,"comment":"\u041f\u043e \u043f\u0440\u0438\u0435\u0437\u0434\u0443 \u043f\u043e\u0437\u0432\u043e\u043d\u0438\u0442\u044c. \u0414\u043e\u043c\u043e\u0444\u043e\u043d \u043d\u0435 \u0440\u0430\u0431\u043e\u0442\u0430\u0435\u0442","manager_comment":null,"pre_order_at":"2021-10-14 19:59:21","created_at":"2021-10-14 18:29:21","updated_at":"2021-10-14 18:29:21"}  
[2021-10-14 18:29:59] local.INFO: SIGNATURE::1  
[2021-10-14 18:30:10] local.INFO: DATA::{"payment_id":1793454842,"action":"pay","status":"success","version":3,"type":"buy","paytype":"card","public_key":"i14047737426","acq_id":414963,"order_id":"19eca413","liqpay_order_id":"T1C6B8CD1634225395468126","description":"\u041e\u043f\u043b\u0430\u0442\u0430 \u0437\u0430\u043a\u0430\u0437\u0430 \u0435\u0434\u044b \u043d\u0430 \u0441\u0430\u0439\u0442\u0435.","sender_card_mask2":"516874*94","sender_card_bank":"pb","sender_card_type":"mc","sender_card_country":804,"ip":"178.150.197.109","amount":439,"currency":"UAH","sender_commission":0,"receiver_commission":12.07,"agent_commission":0,"amount_debit":439,"amount_credit":439,"commission_debit":0,"commission_credit":12.07,"currency_debit":"UAH","currency_credit":"UAH","sender_bonus":0,"amount_bonus":0,"authcode_debit":"924120","rrn_debit":"002959281384","mpi_eci":"7","is_3ds":false,"language":"ru","create_date":1634225395472,"end_date":1634225398434,"transaction_id":1793454842}  
[2021-10-14 18:30:10] local.INFO: ORDER::{"id":413,"type":"full","rk_order_id":"5ad6a487-dd22-4bf3-b581-288305827b45","rk_order_number":"28475","rk_order_data":null,"rk_status":null,"rk_order_sum":"439.00","user_id":null,"pharmacy_id":null,"gift_id":"3","name":"\u0410\u043b\u0438\u043d\u0430","surname":null,"patronymic":null,"email":null,"phone":"+38 (099) 781 56 62","payment_method":"card","payment_transaction_number":"1793454842","payment_transaction_status":"success","payment_status":"1","delivery_method":"delivery","delivery_address":{"street":"\u0413\u0440\u0438\u0446\u0435\u0432\u0446\u0430","house":"48\u0431","entrance":null,"floor":"9","apartment":"54"},"delivery_free":"1","coupon":null,"amount":"439.00","discount":null,"amount_less_discount":null,"status":"1","call_me_back":"1","birthday":"0","surrender":null,"person":null,"attach_file":null,"comment":"\u041f\u043e \u043f\u0440\u0438\u0435\u0437\u0434\u0443 \u043f\u043e\u0437\u0432\u043e\u043d\u0438\u0442\u044c. \u0414\u043e\u043c\u043e\u0444\u043e\u043d \u043d\u0435 \u0440\u0430\u0431\u043e\u0442\u0430\u0435\u0442","manager_comment":null,"pre_order_at":"2021-10-14 19:59:21","created_at":"2021-10-14 18:29:21","updated_at":"2021-10-14 18:29:59"}  
[2021-10-14 18:30:10] local.INFO: SIGNATURE::1  
[2021-10-14 18:30:11] local.ERROR: DeliveryOrderItems: Items collections is empty {"exception":"[object] (Iiko\\Biz\\Exception\\IikoResponseException(code: 100): DeliveryOrderItems: Items collections is empty at /home/puccomua/domains/puc.com.ua/vendor/andriymiz/iiko-biz-api/src/Iiko/Biz/Api/AbstractApi.php:77)
[stacktrace]
#0 /home/puccomua/domains/puc.com.ua/vendor/andriymiz/iiko-biz-api/src/Iiko/Biz/Api/Orders.php(14): Iiko\\Biz\\Api\\AbstractApi->post('orders/add', '{\"organization\"...', Array)
#1 /home/puccomua/domains/puc.com.ua/app/Http/Controllers/Frontend/Shop/LiqPayController.php(136): Iiko\\Biz\\Api\\Orders->addOrder(Array)
#2 [internal function]: App\\Http\\Controllers\\Frontend\\Shop\\LiqPayController->paymentResponse(Object(App\\Http\\Requests\\LiqpayRequest))
#3 /home/puccomua/domains/puc.com.ua/vendor/laravel/framework/src/Illuminate/Routing/Controller.php(54): call_user_func_array(Array, Array)
#4 /home/puccomua/domains/puc.com.ua/vendor/laravel/framework/src/Illuminate/Routing/ControllerDispatcher.php(45): Illuminate\\Routing\\Controller->callAction('paymentResponse', Array)
#5 /home/puccomua/domains/puc.com.ua/vendor/laravel/framework/src/Illuminate/Routing/Route.php(219): Illuminate\\Routing\\ControllerDispatcher->dispatch(Object(Illuminate\\Routing\\Route), Object(App\\Http\\Controllers\\Frontend\\Shop\\LiqPayController), 'paymentResponse')
#6 /home/puccomua/domains/puc.com.ua/vendor/laravel/framework/src/Illuminate/Routing/Route.php(176): Illuminate\\Routing\\Route->runController()
#7 /home/puccomua/domains/puc.com.ua/vendor/laravel/framework/src/Illuminate/Routing/Router.php(680): Illuminate\\Routing\\Route->run()
#8 /home/puccomua/domains/puc.com.ua/vendor/laravel/framework/src/Illuminate/Routing/Pipeline.php(30): Illuminate\\Routing\\Router->Illuminate\\Routing\\{closure}(Object(Illuminate\\Http\\Request))
#9 /home/puccomua/domains/puc.com.ua/app/Http/Controllers/Controller.php(63): Illuminate\\Routing\\Pipeline->Illuminate\\Routing\\{closure}(Object(Illuminate\\Http\\Request))
#10 /home/puccomua/domains/puc.com.ua/vendor/laravel/framework/src/Illuminate/Pipeline/Pipeline.php(145): App\\Http\\Controllers\\Controller->App\\Http\\Controllers\\{closure}(Object(Illuminate\\Http\\Request), Object(Closure))
#11 /home/puccomua/domains/puc.com.ua/vendor/laravel/framework/src/Illuminate/Routing/Pipeline.php(53): Illuminate\\Pipeline\\Pipeline->Illuminate\\Pipeline\\{closure}(Object(Illuminate\\Http\\Request))
#12 /home/puccomua/domains/puc.com.ua/app/Http/Middleware/ResponseRender.php(16): Illuminate\\Routing\\Pipeline->Illuminate\\Routing\\{closure}(Object(Illuminate\\Http\\Request))
#13 /home/puccomua/domains/puc.com.ua/vendor/laravel/framework/src/Illuminate/Pipeline/Pipeline.php(163): App\\Http\\Middleware\\ResponseRender->handle(Object(Illuminate\\Http\\Request), Object(Closure))
#14 /home/puccomua/domains/puc.com.ua/vendor/laravel/framework/src/Illuminate/Routing/Pipeline.php(53): Illuminate\\Pipeline\\Pipeline->Illuminate\\Pipeline\\{closure}(Object(Illuminate\\Http\\Request))
#15 /home/puccomua/domains/puc.com.ua/vendor/mcamara/laravel-localization/src/Mcamara/LaravelLocalization/Middleware/LaravelLocalizationViewPath.php(33): Illuminate\\Routing\\Pipeline->Illuminate\\Routing\\{closure}(Object(Illuminate\\Http\\Request))
#16 /home/puccomua/domains/puc.com.ua/vendor/laravel/framework/src/Illuminate/Pipeline/Pipeline.php(163): Mcamara\\LaravelLocalization\\Middleware\\LaravelLocalizationViewPath->handle(Object(Illuminate\\Http\\Request), Object(Closure))
#17 /home/puccomua/domains/puc.com.ua/vendor/laravel/framework/src/Illuminate/Routing/Pipeline.php(53): Illuminate\\Pipeline\\Pipeline->Illuminate\\Pipeline\\{closure}(Object(Illuminate\\Http\\Request))
#18 /home/puccomua/domains/puc.com.ua/vendor/mcamara/laravel-localization/src/Mcamara/LaravelLocalization/Middleware/LaravelLocalizationRedirectFilter.php(45): Illuminate\\Routing\\Pipeline->Illuminate\\Routing\\{closure}(Object(Illuminate\\Http\\Request))
#19 /home/puccomua/domains/puc.com.ua/vendor/laravel/framework/src/Illuminate/Pipeline/Pipeline.php(163): Mcamara\\LaravelLocalization\\Middleware\\LaravelLocalizationRedirectFilter->handle(Object(Illuminate\\Http\\Request), Object(Closure))
#20 /home/puccomua/domains/puc.com.ua/vendor/laravel/framework/src/Illuminate/Routing/Pipeline.php(53): Illuminate\\Pipeline\\Pipeline->Illuminate\\Pipeline\\{closure}(Object(Illuminate\\Http\\Request))
#21 /home/puccomua/domains/puc.com.ua/vendor/mcamara/laravel-localization/src/Mcamara/LaravelLocalization/Middleware/LaravelLocalizationRoutes.php(30): Illuminate\\Routing\\Pipeline->Illuminate\\Routing\\{closure}(Object(Illuminate\\Http\\Request))
#22 /home/puccomua/domains/puc.com.ua/vendor/laravel/framework/src/Illuminate/Pipeline/Pipeline.php(163): Mcamara\\LaravelLocalization\\Middleware\\LaravelLocalizationRoutes->handle(Object(Illuminate\\Http\\Request), Object(Closure))
#23 /home/puccomua/domains/puc.com.ua/vendor/laravel/framework/src/Illuminate/Routing/Pipeline.php(53): Illuminate\\Pipeline\\Pipeline->Illuminate\\Pipeline\\{closure}(Object(Illuminate\\Http\\Request))
#24 /home/puccomua/domains/puc.com.ua/vendor/laravel/framework/src/Illuminate/Routing/Middleware/SubstituteBindings.php(41): Illuminate\\Routing\\Pipeline->Illuminate\\Routing\\{closure}(Object(Illuminate\\Http\\Request))
#25 /home/puccomua/domains/puc.com.ua/vendor/laravel/framework/src/Illuminate/Pipeline/Pipeline.php(163): Illuminate\\Routing\\Middleware\\SubstituteBindings->handle(Object(Illuminate\\Http\\Request), Object(Closure))
#26 /home/puccomua/domains/puc.com.ua/vendor/laravel/framework/src/Illuminate/Routing/Pipeline.php(53): Illuminate\\Pipeline\\Pipeline->Illuminate\\Pipeline\\{closure}(Object(Illuminate\\Http\\Request))
#27 /home/puccomua/domains/puc.com.ua/vendor/laravel/framework/src/Illuminate/Foundation/Http/Middleware/VerifyCsrfToken.php(75): Illuminate\\Routing\\Pipeline->Illuminate\\Routing\\{closure}(Object(Illuminate\\Http\\Request))
#28 /home/puccomua/domains/puc.com.ua/vendor/laravel/framework/src/Illuminate/Pipeline/Pipeline.php(163): Illuminate\\Foundation\\Http\\Middleware\\VerifyCsrfToken->handle(Object(Illuminate\\Http\\Request), Object(Closure))
#29 /home/puccomua/domains/puc.com.ua/vendor/laravel/framework/src/Illuminate/Routing/Pipeline.php(53): Illuminate\\Pipeline\\Pipeline->Illuminate\\Pipeline\\{closure}(Object(Illuminate\\Http\\Request))
#30 /home/puccomua/domains/puc.com.ua/vendor/laravel/framework/src/Illuminate/View/Middleware/ShareErrorsFromSession.php(49): Illuminate\\Routing\\Pipeline->Illuminate\\Routing\\{closure}(Object(Illuminate\\Http\\Request))
#31 /home/puccomua/domains/puc.com.ua/vendor/laravel/framework/src/Illuminate/Pipeline/Pipeline.php(163): Illuminate\\View\\Middleware\\ShareErrorsFromSession->handle(Object(Illuminate\\Http\\Request), Object(Closure))
#32 /home/puccomua/domains/puc.com.ua/vendor/laravel/framework/src/Illuminate/Routing/Pipeline.php(53): Illuminate\\Pipeline\\Pipeline->Illuminate\\Pipeline\\{closure}(Object(Illuminate\\Http\\Request))
#33 /home/puccomua/domains/puc.com.ua/vendor/laravel/framework/src/Illuminate/Session/Middleware/StartSession.php(56): Illuminate\\Routing\\Pipeline->Illuminate\\Routing\\{closure}(Object(Illuminate\\Http\\Request))
#34 /home/puccomua/domains/puc.com.ua/vendor/laravel/framework/src/Illuminate/Pipeline/Pipeline.php(163): Illuminate\\Session\\Middleware\\StartSession->handle(Object(Illuminate\\Http\\Request), Object(Closure))
#35 /home/puccomua/domains/puc.com.ua/vendor/laravel/framework/src/Illuminate/Routing/Pipeline.php(53): Illuminate\\Pipeline\\Pipeline->Illuminate\\Pipeline\\{closure}(Object(Illuminate\\Http\\Request))
#36 /home/puccomua/domains/puc.com.ua/vendor/laravel/framework/src/Illuminate/Cookie/Middleware/AddQueuedCookiesToResponse.php(37): Illuminate\\Routing\\Pipeline->Illuminate\\Routing\\{closure}(Object(Illuminate\\Http\\Request))
#37 /home/puccomua/domains/puc.com.ua/vendor/laravel/framework/src/Illuminate/Pipeline/Pipeline.php(163): Illuminate\\Cookie\\Middleware\\AddQueuedCookiesToResponse->handle(Object(Illuminate\\Http\\Request), Object(Closure))
#38 /home/puccomua/domains/puc.com.ua/vendor/laravel/framework/src/Illuminate/Routing/Pipeline.php(53): Illuminate\\Pipeline\\Pipeline->Illuminate\\Pipeline\\{closure}(Object(Illuminate\\Http\\Request))
#39 /home/puccomua/domains/puc.com.ua/vendor/laravel/framework/src/Illuminate/Cookie/Middleware/EncryptCookies.php(66): Illuminate\\Routing\\Pipeline->Illuminate\\Routing\\{closure}(Object(Illuminate\\Http\\Request))
#40 /home/puccomua/domains/puc.com.ua/vendor/laravel/framework/src/Illuminate/Pipeline/Pipeline.php(163): Illuminate\\Cookie\\Middleware\\EncryptCookies->handle(Object(Illuminate\\Http\\Request), Object(Closure))
#41 /home/puccomua/domains/puc.com.ua/vendor/laravel/framework/src/Illuminate/Routing/Pipeline.php(53): Illuminate\\Pipeline\\Pipeline->Illuminate\\Pipeline\\{closure}(Object(Illuminate\\Http\\Request))
#42 /home/puccomua/domains/puc.com.ua/app/Http/Middleware/Redirect.php(45): Illuminate\\Routing\\Pipeline->Illuminate\\Routing\\{closure}(Object(Illuminate\\Http\\Request))
#43 /home/puccomua/domains/puc.com.ua/vendor/laravel/framework/src/Illuminate/Pipeline/Pipeline.php(163): App\\Http\\Middleware\\Redirect->handle(Object(Illuminate\\Http\\Request), Object(Closure))
#44 /home/puccomua/domains/puc.com.ua/vendor/laravel/framework/src/Illuminate/Routing/Pipeline.php(53): Illuminate\\Pipeline\\Pipeline->Illuminate\\Pipeline\\{closure}(Object(Illuminate\\Http\\Request))
#45 /home/puccomua/domains/puc.com.ua/vendor/laravel/framework/src/Illuminate/Pipeline/Pipeline.php(104): Illuminate\\Routing\\Pipeline->Illuminate\\Routing\\{closure}(Object(Illuminate\\Http\\Request))
#46 /home/puccomua/domains/puc.com.ua/vendor/laravel/framework/src/Illuminate/Routing/Router.php(682): Illuminate\\Pipeline\\Pipeline->then(Object(Closure))
#47 /home/puccomua/domains/puc.com.ua/vendor/laravel/framework/src/Illuminate/Routing/Router.php(657): Illuminate\\Routing\\Router->runRouteWithinStack(Object(Illuminate\\Routing\\Route), Object(Illuminate\\Http\\Request))
#48 /home/puccomua/domains/puc.com.ua/vendor/laravel/framework/src/Illuminate/Routing/Router.php(623): Illuminate\\Routing\\Router->runRoute(Object(Illuminate\\Http\\Request), Object(Illuminate\\Routing\\Route))
#49 /home/puccomua/domains/puc.com.ua/vendor/laravel/framework/src/Illuminate/Routing/Router.php(612): Illuminate\\Routing\\Router->dispatchToRoute(Object(Illuminate\\Http\\Request))
#50 /home/puccomua/domains/puc.com.ua/vendor/laravel/framework/src/Illuminate/Foundation/Http/Kernel.php(176): Illuminate\\Routing\\Router->dispatch(Object(Illuminate\\Http\\Request))
#51 /home/puccomua/domains/puc.com.ua/vendor/laravel/framework/src/Illuminate/Routing/Pipeline.php(30): Illuminate\\Foundation\\Http\\Kernel->Illuminate\\Foundation\\Http\\{closure}(Object(Illuminate\\Http\\Request))
#52 /home/puccomua/domains/puc.com.ua/vendor/barryvdh/laravel-debugbar/src/Middleware/InjectDebugbar.php(58): Illuminate\\Routing\\Pipeline->Illuminate\\Routing\\{closure}(Object(Illuminate\\Http\\Request))
#53 /home/puccomua/domains/puc.com.ua/vendor/laravel/framework/src/Illuminate/Pipeline/Pipeline.php(163): Barryvdh\\Debugbar\\Middleware\\InjectDebugbar->handle(Object(Illuminate\\Http\\Request), Object(Closure))
#54 /home/puccomua/domains/puc.com.ua/vendor/laravel/framework/src/Illuminate/Routing/Pipeline.php(53): Illuminate\\Pipeline\\Pipeline->Illuminate\\Pipeline\\{closure}(Object(Illuminate\\Http\\Request))
#55 /home/puccomua/domains/puc.com.ua/vendor/laravel/framework/src/Illuminate/Foundation/Http/Middleware/TransformsRequest.php(21): Illuminate\\Routing\\Pipeline->Illuminate\\Routing\\{closure}(Object(Illuminate\\Http\\Request))
#56 /home/puccomua/domains/puc.com.ua/vendor/laravel/framework/src/Illuminate/Pipeline/Pipeline.php(163): Illuminate\\Foundation\\Http\\Middleware\\TransformsRequest->handle(Object(Illuminate\\Http\\Request), Object(Closure))
#57 /home/puccomua/domains/puc.com.ua/vendor/laravel/framework/src/Illuminate/Routing/Pipeline.php(53): Illuminate\\Pipeline\\Pipeline->Illuminate\\Pipeline\\{closure}(Object(Illuminate\\Http\\Request))
#58 /home/puccomua/domains/puc.com.ua/vendor/laravel/framework/src/Illuminate/Foundation/Http/Middleware/TransformsRequest.php(21): Illuminate\\Routing\\Pipeline->Illuminate\\Routing\\{closure}(Object(Illuminate\\Http\\Request))
#59 /home/puccomua/domains/puc.com.ua/vendor/laravel/framework/src/Illuminate/Pipeline/Pipeline.php(163): Illuminate\\Foundation\\Http\\Middleware\\TransformsRequest->handle(Object(Illuminate\\Http\\Request), Object(Closure))
#60 /home/puccomua/domains/puc.com.ua/vendor/laravel/framework/src/Illuminate/Routing/Pipeline.php(53): Illuminate\\Pipeline\\Pipeline->Illuminate\\Pipeline\\{closure}(Object(Illuminate\\Http\\Request))
#61 /home/puccomua/domains/puc.com.ua/vendor/laravel/framework/src/Illuminate/Foundation/Http/Middleware/ValidatePostSize.php(27): Illuminate\\Routing\\Pipeline->Illuminate\\Routing\\{closure}(Object(Illuminate\\Http\\Request))
#62 /home/puccomua/domains/puc.com.ua/vendor/laravel/framework/src/Illuminate/Pipeline/Pipeline.php(163): Illuminate\\Foundation\\Http\\Middleware\\ValidatePostSize->handle(Object(Illuminate\\Http\\Request), Object(Closure))
#63 /home/puccomua/domains/puc.com.ua/vendor/laravel/framework/src/Illuminate/Routing/Pipeline.php(53): Illuminate\\Pipeline\\Pipeline->Illuminate\\Pipeline\\{closure}(Object(Illuminate\\Http\\Request))
#64 /home/puccomua/domains/puc.com.ua/vendor/laravel/framework/src/Illuminate/Foundation/Http/Middleware/CheckForMaintenanceMode.php(62): Illuminate\\Routing\\Pipeline->Illuminate\\Routing\\{closure}(Object(Illuminate\\Http\\Request))
#65 /home/puccomua/domains/puc.com.ua/vendor/laravel/framework/src/Illuminate/Pipeline/Pipeline.php(163): Illuminate\\Foundation\\Http\\Middleware\\CheckForMaintenanceMode->handle(Object(Illuminate\\Http\\Request), Object(Closure))
#66 /home/puccomua/domains/puc.com.ua/vendor/laravel/framework/src/Illuminate/Routing/Pipeline.php(53): Illuminate\\Pipeline\\Pipeline->Illuminate\\Pipeline\\{closure}(Object(Illuminate\\Http\\Request))
#67 /home/puccomua/domains/puc.com.ua/vendor/fideloper/proxy/src/TrustProxies.php(57): Illuminate\\Routing\\Pipeline->Illuminate\\Routing\\{closure}(Object(Illuminate\\Http\\Request))
#68 /home/puccomua/domains/puc.com.ua/vendor/laravel/framework/src/Illuminate/Pipeline/Pipeline.php(163): Fideloper\\Proxy\\TrustProxies->handle(Object(Illuminate\\Http\\Request), Object(Closure))
#69 /home/puccomua/domains/puc.com.ua/vendor/laravel/framework/src/Illuminate/Routing/Pipeline.php(53): Illuminate\\Pipeline\\Pipeline->Illuminate\\Pipeline\\{closure}(Object(Illuminate\\Http\\Request))
#70 /home/puccomua/domains/puc.com.ua/vendor/laravel/framework/src/Illuminate/Pipeline/Pipeline.php(104): Illuminate\\Routing\\Pipeline->Illuminate\\Routing\\{closure}(Object(Illuminate\\Http\\Request))
#71 /home/puccomua/domains/puc.com.ua/vendor/laravel/framework/src/Illuminate/Foundation/Http/Kernel.php(151): Illuminate\\Pipeline\\Pipeline->then(Object(Closure))
#72 /home/puccomua/domains/puc.com.ua/vendor/laravel/framework/src/Illuminate/Foundation/Http/Kernel.php(116): Illuminate\\Foundation\\Http\\Kernel->sendRequestThroughRouter(Object(Illuminate\\Http\\Request))
#73 /home/puccomua/domains/puc.com.ua/public/index.php(55): Illuminate\\Foundation\\Http\\Kernel->handle(Object(Illuminate\\Http\\Request))
#74 {main}
"} 
[2021-10-14 18:32:59] local.INFO: DATA::{"payment_id":1793453295,"action":"pay","status":"failure","err_code":"err_card_bin","err_description":"\u0411\u0438\u043d \u043a\u0430\u0440\u0442\u044b \u043d\u0435 \u043d\u0430\u0439\u0434\u0435\u043d","version":3,"type":"buy","paytype":"card","public_key":"i14047737426","acq_id":414963,"order_id":"5ba47412","liqpay_order_id":"5DS5N9Y31634225294138819","description":"\u041e\u043f\u043b\u0430\u0442\u0430 \u0437\u0430\u043a\u0430\u0437\u0430 \u0435\u0434\u044b \u043d\u0430 \u0441\u0430\u0439\u0442\u0435.","ip":"178.150.197.109","amount":439,"currency":"UAH","sender_commission":0,"receiver_commission":0,"agent_commission":0,"mpi_eci":"7","is_3ds":false,"language":"ru","create_date":1634225294144,"end_date":1634225294234,"transaction_id":1793453295,"code":"err_card_bin"}  
[2021-10-14 18:32:59] local.INFO: ORDER::{"id":412,"type":"full","rk_order_id":null,"rk_order_number":null,"rk_order_data":null,"rk_status":null,"rk_order_sum":"0.00","user_id":null,"pharmacy_id":null,"gift_id":"3","name":"\u0410\u043b\u0438\u043d\u0430","surname":null,"patronymic":null,"email":null,"phone":"+38 (099) 781 56 62","payment_method":"card","payment_transaction_number":null,"payment_transaction_status":null,"payment_status":"0","delivery_method":"delivery","delivery_address":{"street":"\u0413\u0440\u0438\u0446\u0435\u0432\u0446\u0430","house":"48\u0411","entrance":null,"floor":"9","apartment":"54"},"delivery_free":"1","coupon":null,"amount":"439.00","discount":null,"amount_less_discount":null,"status":"-1","call_me_back":"1","birthday":"0","surrender":null,"person":null,"attach_file":null,"comment":"\u041f\u043e \u043f\u0440\u0438\u0435\u0437\u0434\u0443 \u043f\u043e\u0437\u0432\u043e\u043d\u0438\u0442\u044c. \u0414\u043e\u043c\u043e\u0444\u043e\u043d \u043d\u0435 \u0440\u0430\u0431\u043e\u0442\u0430\u0435\u0442","manager_comment":null,"pre_order_at":"2021-10-14 19:57:23","created_at":"2021-10-14 18:27:23","updated_at":"2021-10-14 18:28:14"}  
[2021-10-14 18:32:59] local.INFO: SIGNATURE::1  
[2021-10-14 18:39:03] local.INFO: DATA::{"payment_id":1793462795,"action":"pay","status":"success","version":3,"type":"buy","paytype":"apay","public_key":"i14047737426","acq_id":414963,"order_id":"3cc69414","liqpay_order_id":"DH8KH26J1634225939405069","description":"\u041e\u043f\u043b\u0430\u0442\u0430 \u0437\u0430\u043a\u0430\u0437\u0430 \u0435\u0434\u044b \u043d\u0430 \u0441\u0430\u0439\u0442\u0435.","sender_card_mask2":"535561*25","sender_card_bank":"PUBLIC JOINT-STOCK COMPANY UK","sender_card_type":"mc","sender_card_country":804,"ip":"178.133.176.177","amount":599,"currency":"UAH","sender_commission":0,"receiver_commission":16.47,"agent_commission":0,"amount_debit":599,"amount_credit":599,"commission_debit":0,"commission_credit":16.47,"currency_debit":"UAH","currency_credit":"UAH","sender_bonus":0,"amount_bonus":0,"authcode_debit":"56910Z","rrn_debit":"002959296647","mpi_eci":"7","is_3ds":false,"language":"ru","create_date":1634225939408,"end_date":1634225943279,"transaction_id":1793462795}  
[2021-10-14 18:39:03] local.INFO: ORDER::{"id":414,"type":"full","rk_order_id":null,"rk_order_number":null,"rk_order_data":null,"rk_status":null,"rk_order_sum":"0.00","user_id":null,"pharmacy_id":null,"gift_id":"3","name":"\u0414\u043c\u0438\u0442\u0440\u0438\u0439","surname":null,"patronymic":null,"email":null,"phone":"+38 (099) 657 77 65","payment_method":"card","payment_transaction_number":null,"payment_transaction_status":null,"payment_status":"0","delivery_method":"delivery","delivery_address":{"street":"\u041f\u043e\u0431\u0435\u0434\u044b","house":"64","entrance":null,"floor":"9","apartment":"81"},"delivery_free":"1","coupon":null,"amount":"599.00","discount":null,"amount_less_discount":null,"status":"0","call_me_back":"1","birthday":"0","surrender":null,"person":null,"attach_file":null,"comment":"\u041f\u0440\u0438\u0432\u0435\u0442 \u043e\u0442 \u041f\u0430\u0432\u043b\u044e\u0447\u0435\u043d\u043a\u043e )\u20bd","manager_comment":null,"pre_order_at":"2021-10-14 20:08:45","created_at":"2021-10-14 18:38:45","updated_at":"2021-10-14 18:38:45"}  
[2021-10-14 18:39:03] local.INFO: SIGNATURE::1  
[2021-10-14 18:39:03] local.INFO: DATA2::{"payment_id":1793462795,"action":"pay","status":"success","version":3,"type":"buy","paytype":"apay","public_key":"i14047737426","acq_id":414963,"order_id":"3cc69414","liqpay_order_id":"DH8KH26J1634225939405069","description":"\u041e\u043f\u043b\u0430\u0442\u0430 \u0437\u0430\u043a\u0430\u0437\u0430 \u0435\u0434\u044b \u043d\u0430 \u0441\u0430\u0439\u0442\u0435.","sender_card_mask2":"535561*25","sender_card_bank":"PUBLIC JOINT-STOCK COMPANY UK","sender_card_type":"mc","sender_card_country":804,"ip":"178.133.176.177","amount":599,"currency":"UAH","sender_commission":0,"receiver_commission":16.47,"agent_commission":0,"amount_debit":599,"amount_credit":599,"commission_debit":0,"commission_credit":16.47,"currency_debit":"UAH","currency_credit":"UAH","sender_bonus":0,"amount_bonus":0,"authcode_debit":"56910Z","rrn_debit":"002959296647","mpi_eci":"7","is_3ds":false,"language":"ru","create_date":1634225939408,"end_date":1634225943279,"transaction_id":1793462795}  
[2021-10-14 19:22:44] local.INFO: DATA2::{"payment_id":1793499237,"action":"pay","status":"success","version":3,"type":"buy","paytype":"card","public_key":"i14047737426","acq_id":414963,"order_id":"2d13d416","liqpay_order_id":"NNO2YASN1634228560121989","description":"\u041e\u043f\u043b\u0430\u0442\u0430 \u0437\u0430\u043a\u0430\u0437\u0430 \u0435\u0434\u044b \u043d\u0430 \u0441\u0430\u0439\u0442\u0435.","sender_card_mask2":"537541*69","sender_card_bank":"JSC UNIVERSAL BANK","sender_card_type":"mc","sender_card_country":804,"ip":"94.153.49.111","amount":489,"currency":"UAH","sender_commission":0,"receiver_commission":13.45,"agent_commission":0,"amount_debit":489,"amount_credit":489,"commission_debit":0,"commission_credit":13.45,"currency_debit":"UAH","currency_credit":"UAH","sender_bonus":0,"amount_bonus":0,"authcode_debit":"542943","rrn_debit":"002959368182","mpi_eci":"5","is_3ds":true,"language":"ru","create_date":1634228542248,"end_date":1634228563824,"transaction_id":1793499237}  
[2021-10-14 19:22:44] local.INFO: DATA::{"payment_id":1793499237,"action":"pay","status":"success","version":3,"type":"buy","paytype":"card","public_key":"i14047737426","acq_id":414963,"order_id":"2d13d416","liqpay_order_id":"NNO2YASN1634228560121989","description":"\u041e\u043f\u043b\u0430\u0442\u0430 \u0437\u0430\u043a\u0430\u0437\u0430 \u0435\u0434\u044b \u043d\u0430 \u0441\u0430\u0439\u0442\u0435.","sender_card_mask2":"537541*69","sender_card_bank":"JSC UNIVERSAL BANK","sender_card_type":"mc","sender_card_country":804,"ip":"94.153.49.111","amount":489,"currency":"UAH","sender_commission":0,"receiver_commission":13.45,"agent_commission":0,"amount_debit":489,"amount_credit":489,"commission_debit":0,"commission_credit":13.45,"currency_debit":"UAH","currency_credit":"UAH","sender_bonus":0,"amount_bonus":0,"authcode_debit":"542943","rrn_debit":"002959368182","mpi_eci":"5","is_3ds":true,"language":"ru","create_date":1634228542248,"end_date":1634228563824,"transaction_id":1793499237}  
[2021-10-14 19:22:44] local.INFO: ORDER::{"id":416,"type":"full","rk_order_id":null,"rk_order_number":null,"rk_order_data":null,"rk_status":null,"rk_order_sum":"0.00","user_id":null,"pharmacy_id":null,"gift_id":"3","name":"\u042e\u043b\u0438\u044f","surname":null,"patronymic":null,"email":null,"phone":"+38 (096) 554 07 95","payment_method":"card","payment_transaction_number":null,"payment_transaction_status":null,"payment_status":"0","delivery_method":"delivery","delivery_address":{"street":"\u041a\u043e\u043d\u0435\u0432\u0430","house":"9","entrance":null,"floor":"8","apartment":"188"},"delivery_free":"1","coupon":null,"amount":"489.00","discount":null,"amount_less_discount":null,"status":"0","call_me_back":"1","birthday":"0","surrender":null,"person":null,"attach_file":null,"comment":null,"manager_comment":null,"pre_order_at":"2021-10-14 20:52:11","created_at":"2021-10-14 19:22:11","updated_at":"2021-10-14 19:22:11"}  
[2021-10-14 19:22:44] local.INFO: SIGNATURE::1  
[2021-10-14 19:33:04] local.INFO: DATA::{"payment_id":1793508635,"action":"pay","status":"success","version":3,"type":"buy","paytype":"privat24","public_key":"i14047737426","acq_id":414963,"order_id":"9a3f2418","liqpay_order_id":"ODJ68BPJ1634229180618401","description":"\u041e\u043f\u043b\u0430\u0442\u0430 \u0437\u0430\u043a\u0430\u0437\u0430 \u0435\u0434\u044b \u043d\u0430 \u0441\u0430\u0439\u0442\u0435.","sender_phone":"380504241424","sender_card_mask2":"516875*06","sender_card_bank":"pb","sender_card_type":"mc","sender_card_country":804,"amount":589,"currency":"UAH","sender_commission":0,"receiver_commission":14.73,"agent_commission":0,"amount_debit":589,"amount_credit":589,"commission_debit":0,"commission_credit":14.73,"currency_debit":"UAH","currency_credit":"UAH","sender_bonus":0,"amount_bonus":0,"authcode_debit":"242056","rrn_debit":"002959385140","mpi_eci":"7","is_3ds":false,"language":"ru","create_date":1634229180621,"end_date":1634229183849,"transaction_id":1793508635}  
[2021-10-14 19:33:04] local.INFO: ORDER::{"id":418,"type":"full","rk_order_id":null,"rk_order_number":null,"rk_order_data":null,"rk_status":null,"rk_order_sum":"0.00","user_id":null,"pharmacy_id":null,"gift_id":"3","name":"\u0410\u0440\u0442\u0443\u0440","surname":null,"patronymic":null,"email":null,"phone":"+38 (050) 424 14 24","payment_method":"card","payment_transaction_number":null,"payment_transaction_status":null,"payment_status":"0","delivery_method":"delivery","delivery_address":{"street":"\u042e\u0431\u0438\u043b\u0435\u0439\u043d\u044b\u0439","house":"51","entrance":null,"floor":"7","apartment":"243"},"delivery_free":"1","coupon":null,"amount":"589.00","discount":null,"amount_less_discount":null,"status":"0","call_me_back":"1","birthday":"0","surrender":null,"person":null,"attach_file":null,"comment":null,"manager_comment":null,"pre_order_at":"2021-10-14 21:02:29","created_at":"2021-10-14 19:32:29","updated_at":"2021-10-14 19:32:29"}  
[2021-10-14 19:33:04] local.INFO: SIGNATURE::1  
[2021-10-14 19:33:04] local.INFO: DATA2::{"payment_id":1793508635,"action":"pay","status":"success","version":3,"type":"buy","paytype":"privat24","public_key":"i14047737426","acq_id":414963,"order_id":"9a3f2418","liqpay_order_id":"ODJ68BPJ1634229180618401","description":"\u041e\u043f\u043b\u0430\u0442\u0430 \u0437\u0430\u043a\u0430\u0437\u0430 \u0435\u0434\u044b \u043d\u0430 \u0441\u0430\u0439\u0442\u0435.","sender_phone":"380504241424","sender_card_mask2":"516875*06","sender_card_bank":"pb","sender_card_type":"mc","sender_card_country":804,"amount":589,"currency":"UAH","sender_commission":0,"receiver_commission":14.73,"agent_commission":0,"amount_debit":589,"amount_credit":589,"commission_debit":0,"commission_credit":14.73,"currency_debit":"UAH","currency_credit":"UAH","sender_bonus":0,"amount_bonus":0,"authcode_debit":"242056","rrn_debit":"002959385140","mpi_eci":"7","is_3ds":false,"language":"ru","create_date":1634229180621,"end_date":1634229183849,"transaction_id":1793508635}  
[2021-10-14 20:26:30] local.INFO: DATA::{"payment_id":1793550846,"action":"pay","status":"success","version":3,"type":"buy","paytype":"apay","public_key":"i14047737426","acq_id":414963,"order_id":"033cc421","liqpay_order_id":"PVQWKCGA1634232386683394","description":"\u041e\u043f\u043b\u0430\u0442\u0430 \u0437\u0430\u043a\u0430\u0437\u0430 \u0435\u0434\u044b \u043d\u0430 \u0441\u0430\u0439\u0442\u0435.","sender_card_mask2":"535561*74","sender_card_bank":"JSC UNIVERSAL BANK","sender_card_type":"mc","sender_card_country":804,"ip":"104.28.131.174","amount":637,"currency":"UAH","sender_commission":0,"receiver_commission":17.52,"agent_commission":0,"amount_debit":637,"amount_credit":637,"commission_debit":0,"commission_credit":17.52,"currency_debit":"UAH","currency_credit":"UAH","sender_bonus":0,"amount_bonus":0,"authcode_debit":"800424","rrn_debit":"002959467531","mpi_eci":"7","is_3ds":false,"language":"ru","create_date":1634232386684,"end_date":1634232389921,"transaction_id":1793550846}  
[2021-10-14 20:26:30] local.INFO: ORDER::{"id":421,"type":"full","rk_order_id":null,"rk_order_number":null,"rk_order_data":null,"rk_status":null,"rk_order_sum":"0.00","user_id":null,"pharmacy_id":null,"gift_id":"3","name":"\u042d\u0440\u0438\u043a","surname":null,"patronymic":null,"email":null,"phone":"+38 (099) 148 77 79","payment_method":"card","payment_transaction_number":null,"payment_transaction_status":null,"payment_status":"0","delivery_method":"delivery","delivery_address":{"street":"\u041f\u0440\u043e\u0441\u043f\u0435\u043a\u0442 \u043d\u0430\u0443\u043a\u0438","house":"26","entrance":null,"floor":"14","apartment":"54"},"delivery_free":"1","coupon":null,"amount":"637.00","discount":null,"amount_less_discount":null,"status":"0","call_me_back":"1","birthday":"0","surrender":null,"person":null,"attach_file":null,"comment":null,"manager_comment":null,"pre_order_at":"2021-10-14 21:56:08","created_at":"2021-10-14 20:26:08","updated_at":"2021-10-14 20:26:08"}  
[2021-10-14 20:26:30] local.INFO: SIGNATURE::1  
[2021-10-14 20:26:30] local.INFO: DATA2::{"payment_id":1793550846,"action":"pay","status":"success","version":3,"type":"buy","paytype":"apay","public_key":"i14047737426","acq_id":414963,"order_id":"033cc421","liqpay_order_id":"PVQWKCGA1634232386683394","description":"\u041e\u043f\u043b\u0430\u0442\u0430 \u0437\u0430\u043a\u0430\u0437\u0430 \u0435\u0434\u044b \u043d\u0430 \u0441\u0430\u0439\u0442\u0435.","sender_card_mask2":"535561*74","sender_card_bank":"JSC UNIVERSAL BANK","sender_card_type":"mc","sender_card_country":804,"ip":"104.28.131.174","amount":637,"currency":"UAH","sender_commission":0,"receiver_commission":17.52,"agent_commission":0,"amount_debit":637,"amount_credit":637,"commission_debit":0,"commission_credit":17.52,"currency_debit":"UAH","currency_credit":"UAH","sender_bonus":0,"amount_bonus":0,"authcode_debit":"800424","rrn_debit":"002959467531","mpi_eci":"7","is_3ds":false,"language":"ru","create_date":1634232386684,"end_date":1634232389921,"transaction_id":1793550846}  
[2021-10-14 20:30:41] local.INFO: DATA2::{"payment_id":1793553573,"action":"pay","status":"success","version":3,"type":"buy","paytype":"card","public_key":"i14047737426","acq_id":414963,"order_id":"46771423","liqpay_order_id":"84ZQY4L11634232638065125","description":"\u041e\u043f\u043b\u0430\u0442\u0430 \u0437\u0430\u043a\u0430\u0437\u0430 \u0435\u0434\u044b \u043d\u0430 \u0441\u0430\u0439\u0442\u0435.","sender_card_mask2":"535557*90","sender_card_bank":"PUBLIC JOINT STOCK COMPANY AL","sender_card_type":"mc","sender_card_country":804,"ip":"93.77.82.108","amount":489,"currency":"UAH","sender_commission":0,"receiver_commission":13.45,"agent_commission":0,"amount_debit":489,"amount_credit":489,"commission_debit":0,"commission_credit":13.45,"currency_debit":"UAH","currency_credit":"UAH","sender_bonus":0,"amount_bonus":0,"authcode_debit":"899610","rrn_debit":"002959473509","mpi_eci":"5","is_3ds":true,"language":"ru","create_date":1634232610035,"end_date":1634232641321,"transaction_id":1793553573}  
[2021-10-14 20:30:41] local.INFO: DATA::{"payment_id":1793553573,"action":"pay","status":"success","version":3,"type":"buy","paytype":"card","public_key":"i14047737426","acq_id":414963,"order_id":"46771423","liqpay_order_id":"84ZQY4L11634232638065125","description":"\u041e\u043f\u043b\u0430\u0442\u0430 \u0437\u0430\u043a\u0430\u0437\u0430 \u0435\u0434\u044b \u043d\u0430 \u0441\u0430\u0439\u0442\u0435.","sender_card_mask2":"535557*90","sender_card_bank":"PUBLIC JOINT STOCK COMPANY AL","sender_card_type":"mc","sender_card_country":804,"ip":"93.77.82.108","amount":489,"currency":"UAH","sender_commission":0,"receiver_commission":13.45,"agent_commission":0,"amount_debit":489,"amount_credit":489,"commission_debit":0,"commission_credit":13.45,"currency_debit":"UAH","currency_credit":"UAH","sender_bonus":0,"amount_bonus":0,"authcode_debit":"899610","rrn_debit":"002959473509","mpi_eci":"5","is_3ds":true,"language":"ru","create_date":1634232610035,"end_date":1634232641321,"transaction_id":1793553573}  
[2021-10-14 20:30:41] local.INFO: ORDER::{"id":423,"type":"full","rk_order_id":null,"rk_order_number":null,"rk_order_data":null,"rk_status":null,"rk_order_sum":"0.00","user_id":null,"pharmacy_id":null,"gift_id":"3","name":"\u0410\u043d\u0430\u0441\u0442\u0430\u0441\u0438\u044f","surname":null,"patronymic":null,"email":null,"phone":"+38 (063) 152 98 76","payment_method":"card","payment_transaction_number":null,"payment_transaction_status":null,"payment_status":"0","delivery_method":"delivery","delivery_address":{"street":"\u0421\u0430\u043b\u0442\u043e\u0432\u0441\u043a\u043e\u0435 \u0448\u043e\u0441\u0441\u0435","house":"139 \u0413","entrance":null,"floor":null,"apartment":null},"delivery_free":"1","coupon":null,"amount":"489.00","discount":null,"amount_less_discount":null,"status":"0","call_me_back":"1","birthday":"0","surrender":null,"person":null,"attach_file":null,"comment":"6 \u043f\u043e\u0434\u044a\u0435\u0437\u0434","manager_comment":null,"pre_order_at":"2021-10-14 21:58:52","created_at":"2021-10-14 20:28:52","updated_at":"2021-10-14 20:28:52"}  
[2021-10-14 20:30:41] local.INFO: SIGNATURE::1  
[2021-10-14 20:38:01] local.INFO: DATA2::{"payment_id":1793558888,"action":"pay","status":"success","version":3,"type":"buy","paytype":"apay","public_key":"i14047737426","acq_id":414963,"order_id":"73f9d424","liqpay_order_id":"EQQXD6IZ1634233076861479","description":"\u041e\u043f\u043b\u0430\u0442\u0430 \u0437\u0430\u043a\u0430\u0437\u0430 \u0435\u0434\u044b \u043d\u0430 \u0441\u0430\u0439\u0442\u0435.","sender_card_mask2":"535560*21","sender_card_bank":"pb","sender_card_type":"mc","sender_card_country":804,"ip":"178.151.228.21","amount":439,"currency":"UAH","sender_commission":0,"receiver_commission":12.07,"agent_commission":0,"amount_debit":439,"amount_credit":439,"commission_debit":0,"commission_credit":12.07,"currency_debit":"UAH","currency_credit":"UAH","sender_bonus":0,"amount_bonus":0,"authcode_debit":"86332P","rrn_debit":"002959483505","mpi_eci":"7","is_3ds":false,"language":"ru","create_date":1634233076863,"end_date":1634233080926,"transaction_id":1793558888}  
[2021-10-14 20:38:01] local.INFO: DATA::{"payment_id":1793558888,"action":"pay","status":"success","version":3,"type":"buy","paytype":"apay","public_key":"i14047737426","acq_id":414963,"order_id":"73f9d424","liqpay_order_id":"EQQXD6IZ1634233076861479","description":"\u041e\u043f\u043b\u0430\u0442\u0430 \u0437\u0430\u043a\u0430\u0437\u0430 \u0435\u0434\u044b \u043d\u0430 \u0441\u0430\u0439\u0442\u0435.","sender_card_mask2":"535560*21","sender_card_bank":"pb","sender_card_type":"mc","sender_card_country":804,"ip":"178.151.228.21","amount":439,"currency":"UAH","sender_commission":0,"receiver_commission":12.07,"agent_commission":0,"amount_debit":439,"amount_credit":439,"commission_debit":0,"commission_credit":12.07,"currency_debit":"UAH","currency_credit":"UAH","sender_bonus":0,"amount_bonus":0,"authcode_debit":"86332P","rrn_debit":"002959483505","mpi_eci":"7","is_3ds":false,"language":"ru","create_date":1634233076863,"end_date":1634233080926,"transaction_id":1793558888}  
[2021-10-14 20:38:01] local.INFO: ORDER::{"id":424,"type":"full","rk_order_id":null,"rk_order_number":null,"rk_order_data":null,"rk_status":null,"rk_order_sum":"0.00","user_id":null,"pharmacy_id":null,"gift_id":"3","name":"\u041e\u043b\u044c\u0433\u0430","surname":null,"patronymic":null,"email":null,"phone":"+38 (063) 989 66 83","payment_method":"card","payment_transaction_number":null,"payment_transaction_status":null,"payment_status":"0","delivery_method":"delivery","delivery_address":{"street":"\u041a\u0438\u0440\u0433\u0438\u0437\u0441\u043a\u0430\u044f","house":"5\u0431","entrance":null,"floor":null,"apartment":null},"delivery_free":"1","coupon":null,"amount":"439.00","discount":null,"amount_less_discount":null,"status":"0","call_me_back":"1","birthday":"0","surrender":null,"person":null,"attach_file":null,"comment":null,"manager_comment":null,"pre_order_at":"2021-10-14 00:00:00","created_at":"2021-10-14 20:37:44","updated_at":"2021-10-14 20:37:44"}  
[2021-10-14 20:38:01] local.INFO: SIGNATURE::1  
