[2021-10-25 10:34:05] local.INFO: LiqPayResponse::{"payment_id":1803070732,"action":"pay","status":"success","version":3,"type":"buy","paytype":"apay","public_key":"i14047737426","acq_id":414963,"order_id":"d1f44616","liqpay_order_id":"WSOJNPKQ1635147240080291","description":"\u041e\u043f\u043b\u0430\u0442\u0430 \u0437\u0430\u043a\u0430\u0437\u0430 \u0435\u0434\u044b \u043d\u0430 \u0441\u0430\u0439\u0442\u0435.","sender_card_mask2":"535560*79","sender_card_bank":"pb","sender_card_type":"mc","sender_card_country":804,"ip":"89.162.137.70","amount":407,"currency":"UAH","sender_commission":0,"receiver_commission":11.19,"agent_commission":0,"amount_debit":407,"amount_credit":407,"commission_debit":0,"commission_credit":11.19,"currency_debit":"UAH","currency_credit":"UAH","sender_bonus":0,"amount_bonus":0,"authcode_debit":"02865P","rrn_debit":"002976854792","mpi_eci":"7","is_3ds":false,"language":"ru","create_date":1635147240087,"end_date":1635147244592,"transaction_id":1803070732}  
[2021-10-25 10:34:05] local.INFO: ORDER::{"id":616,"type":"full","rk_order_id":null,"rk_order_number":null,"rk_order_data":null,"rk_status":null,"rk_order_sum":"0.00","user_id":null,"pharmacy_id":null,"gift_id":"3","name":"\u0410\u043d\u0430\u0441\u0442\u0430\u0441\u0438\u044f","surname":null,"patronymic":null,"email":null,"phone":"+38 (099) 066 73 46","payment_method":"card","payment_transaction_number":null,"payment_transaction_status":null,"payment_status":"0","delivery_method":"delivery","delivery_address":{"street":"\u0428\u0435\u0432\u0447\u0435\u043d\u043a\u043e","house":"32","entrance":null,"floor":"2","apartment":"213"},"delivery_free":"1","coupon":null,"amount":"407.00","discount":null,"amount_less_discount":null,"status":"0","call_me_back":"1","birthday":"0","surrender":null,"person":null,"attach_file":null,"comment":null,"manager_comment":null,"pre_order_at":"2021-10-25 12:03:51","created_at":"2021-10-25 10:33:51","updated_at":"2021-10-25 10:33:51"}  
[2021-10-25 10:34:05] local.INFO: SIGNATURE::1  
[2021-10-25 10:34:05] local.INFO: LiqPayStatus::request-data{"payment_id":1803070732,"action":"pay","status":"success","version":3,"type":"buy","paytype":"apay","public_key":"i14047737426","acq_id":414963,"order_id":"d1f44616","liqpay_order_id":"WSOJNPKQ1635147240080291","description":"\u041e\u043f\u043b\u0430\u0442\u0430 \u0437\u0430\u043a\u0430\u0437\u0430 \u0435\u0434\u044b \u043d\u0430 \u0441\u0430\u0439\u0442\u0435.","sender_card_mask2":"535560*79","sender_card_bank":"pb","sender_card_type":"mc","sender_card_country":804,"ip":"89.162.137.70","amount":407,"currency":"UAH","sender_commission":0,"receiver_commission":11.19,"agent_commission":0,"amount_debit":407,"amount_credit":407,"commission_debit":0,"commission_credit":11.19,"currency_debit":"UAH","currency_credit":"UAH","sender_bonus":0,"amount_bonus":0,"authcode_debit":"02865P","rrn_debit":"002976854792","mpi_eci":"7","is_3ds":false,"language":"ru","create_date":1635147240087,"end_date":1635147244592,"transaction_id":1803070732}  
[2021-10-25 10:34:06] local.ERROR: DeliveryOrderItems: Items collections is empty {"exception":"[object] (Iiko\\Biz\\Exception\\IikoResponseException(code: 100): DeliveryOrderItems: Items collections is empty at /home/puccomua/domains/puc.com.ua/vendor/andriymiz/iiko-biz-api/src/Iiko/Biz/Api/AbstractApi.php:77)
[stacktrace]
#0 /home/puccomua/domains/puc.com.ua/vendor/andriymiz/iiko-biz-api/src/Iiko/Biz/Api/Orders.php(14): Iiko\\Biz\\Api\\AbstractApi->post('orders/add', '{\"organization\"...', Array)
#1 /home/puccomua/domains/puc.com.ua/app/Http/Controllers/Frontend/Shop/LiqPayController.php(105): Iiko\\Biz\\Api\\Orders->addOrder(Array)
#2 [internal function]: App\\Http\\Controllers\\Frontend\\Shop\\LiqPayController->liqpayStatus(Object(App\\Http\\Requests\\LiqpayRequest))
#3 /home/puccomua/domains/puc.com.ua/vendor/laravel/framework/src/Illuminate/Routing/Controller.php(54): call_user_func_array(Array, Array)
#4 /home/puccomua/domains/puc.com.ua/vendor/laravel/framework/src/Illuminate/Routing/ControllerDispatcher.php(45): Illuminate\\Routing\\Controller->callAction('liqpayStatus', Array)
#5 /home/puccomua/domains/puc.com.ua/vendor/laravel/framework/src/Illuminate/Routing/Route.php(219): Illuminate\\Routing\\ControllerDispatcher->dispatch(Object(Illuminate\\Routing\\Route), Object(App\\Http\\Controllers\\Frontend\\Shop\\LiqPayController), 'liqpayStatus')
#6 /home/puccomua/domains/puc.com.ua/vendor/laravel/framework/src/Illuminate/Routing/Route.php(176): Illuminate\\Routing\\Route->runController()
#7 /home/puccomua/domains/puc.com.ua/vendor/laravel/framework/src/Illuminate/Routing/Router.php(680): Illuminate\\Routing\\Route->run()
#8 /home/puccomua/domains/puc.com.ua/vendor/laravel/framework/src/Illuminate/Routing/Pipeline.php(30): Illuminate\\Routing\\Router->Illuminate\\Routing\\{closure}(Object(Illuminate\\Http\\Request))
#9 /home/puccomua/domains/puc.com.ua/app/Http/Controllers/Controller.php(63): Illuminate\\Routing\\Pipeline->Illuminate\\Routing\\{closure}(Object(Illuminate\\Http\\Request))
#10 /home/puccomua/domains/puc.com.ua/vendor/laravel/framework/src/Illuminate/Pipeline/Pipeline.php(145): App\\Http\\Controllers\\Controller->App\\Http\\Controllers\\{closure}(Object(Illuminate\\Http\\Request), Object(Closure))
#11 /home/puccomua/domains/puc.com.ua/vendor/laravel/framework/src/Illuminate/Routing/Pipeline.php(53): Illuminate\\Pipeline\\Pipeline->Illuminate\\Pipeline\\{closure}(Object(Illuminate\\Http\\Request))
#12 /home/puccomua/domains/puc.com.ua/app/Http/Middleware/ResponseRender.php(16): Illuminate\\Routing\\Pipeline->Illuminate\\Routing\\{closure}(Object(Illuminate\\Http\\Request))
#13 /home/puccomua/domains/puc.com.ua/vendor/laravel/framework/src/Illuminate/Pipeline/Pipeline.php(163): App\\Http\\Middleware\\ResponseRender->handle(Object(Illuminate\\Http\\Request), Object(Closure))
#14 /home/puccomua/domains/puc.com.ua/vendor/laravel/framework/src/Illuminate/Routing/Pipeline.php(53): Illuminate\\Pipeline\\Pipeline->Illuminate\\Pipeline\\{closure}(Object(Illuminate\\Http\\Request))
#15 /home/puccomua/domains/puc.com.ua/vendor/mcamara/laravel-localization/src/Mcamara/LaravelLocalization/Middleware/LaravelLocalizationViewPath.php(33): Illuminate\\Routing\\Pipeline->Illuminate\\Routing\\{closure}(Object(Illuminate\\Http\\Request))
#16 /home/puccomua/domains/puc.com.ua/vendor/laravel/framework/src/Illuminate/Pipeline/Pipeline.php(163): Mcamara\\LaravelLocalization\\Middleware\\LaravelLocalizationViewPath->handle(Object(Illuminate\\Http\\Request), Object(Closure))
#17 /home/puccomua/domains/puc.com.ua/vendor/laravel/framework/src/Illuminate/Routing/Pipeline.php(53): Illuminate\\Pipeline\\Pipeline->Illuminate\\Pipeline\\{closure}(Object(Illuminate\\Http\\Request))
#18 /home/puccomua/domains/puc.com.ua/vendor/mcamara/laravel-localization/src/Mcamara/LaravelLocalization/Middleware/LaravelLocalizationRedirectFilter.php(45): Illuminate\\Routing\\Pipeline->Illuminate\\Routing\\{closure}(Object(Illuminate\\Http\\Request))
#19 /home/puccomua/domains/puc.com.ua/vendor/laravel/framework/src/Illuminate/Pipeline/Pipeline.php(163): Mcamara\\LaravelLocalization\\Middleware\\LaravelLocalizationRedirectFilter->handle(Object(Illuminate\\Http\\Request), Object(Closure))
#20 /home/puccomua/domains/puc.com.ua/vendor/laravel/framework/src/Illuminate/Routing/Pipeline.php(53): Illuminate\\Pipeline\\Pipeline->Illuminate\\Pipeline\\{closure}(Object(Illuminate\\Http\\Request))
#21 /home/puccomua/domains/puc.com.ua/vendor/mcamara/laravel-localization/src/Mcamara/LaravelLocalization/Middleware/LaravelLocalizationRoutes.php(30): Illuminate\\Routing\\Pipeline->Illuminate\\Routing\\{closure}(Object(Illuminate\\Http\\Request))
#22 /home/puccomua/domains/puc.com.ua/vendor/laravel/framework/src/Illuminate/Pipeline/Pipeline.php(163): Mcamara\\LaravelLocalization\\Middleware\\LaravelLocalizationRoutes->handle(Object(Illuminate\\Http\\Request), Object(Closure))
#23 /home/puccomua/domains/puc.com.ua/vendor/laravel/framework/src/Illuminate/Routing/Pipeline.php(53): Illuminate\\Pipeline\\Pipeline->Illuminate\\Pipeline\\{closure}(Object(Illuminate\\Http\\Request))
#24 /home/puccomua/domains/puc.com.ua/vendor/laravel/framework/src/Illuminate/Routing/Middleware/SubstituteBindings.php(41): Illuminate\\Routing\\Pipeline->Illuminate\\Routing\\{closure}(Object(Illuminate\\Http\\Request))
#25 /home/puccomua/domains/puc.com.ua/vendor/laravel/framework/src/Illuminate/Pipeline/Pipeline.php(163): Illuminate\\Routing\\Middleware\\SubstituteBindings->handle(Object(Illuminate\\Http\\Request), Object(Closure))
#26 /home/puccomua/domains/puc.com.ua/vendor/laravel/framework/src/Illuminate/Routing/Pipeline.php(53): Illuminate\\Pipeline\\Pipeline->Illuminate\\Pipeline\\{closure}(Object(Illuminate\\Http\\Request))
#27 /home/puccomua/domains/puc.com.ua/vendor/laravel/framework/src/Illuminate/Foundation/Http/Middleware/VerifyCsrfToken.php(75): Illuminate\\Routing\\Pipeline->Illuminate\\Routing\\{closure}(Object(Illuminate\\Http\\Request))
#28 /home/puccomua/domains/puc.com.ua/vendor/laravel/framework/src/Illuminate/Pipeline/Pipeline.php(163): Illuminate\\Foundation\\Http\\Middleware\\VerifyCsrfToken->handle(Object(Illuminate\\Http\\Request), Object(Closure))
#29 /home/puccomua/domains/puc.com.ua/vendor/laravel/framework/src/Illuminate/Routing/Pipeline.php(53): Illuminate\\Pipeline\\Pipeline->Illuminate\\Pipeline\\{closure}(Object(Illuminate\\Http\\Request))
#30 /home/puccomua/domains/puc.com.ua/vendor/laravel/framework/src/Illuminate/View/Middleware/ShareErrorsFromSession.php(49): Illuminate\\Routing\\Pipeline->Illuminate\\Routing\\{closure}(Object(Illuminate\\Http\\Request))
#31 /home/puccomua/domains/puc.com.ua/vendor/laravel/framework/src/Illuminate/Pipeline/Pipeline.php(163): Illuminate\\View\\Middleware\\ShareErrorsFromSession->handle(Object(Illuminate\\Http\\Request), Object(Closure))
#32 /home/puccomua/domains/puc.com.ua/vendor/laravel/framework/src/Illuminate/Routing/Pipeline.php(53): Illuminate\\Pipeline\\Pipeline->Illuminate\\Pipeline\\{closure}(Object(Illuminate\\Http\\Request))
#33 /home/puccomua/domains/puc.com.ua/vendor/laravel/framework/src/Illuminate/Session/Middleware/StartSession.php(56): Illuminate\\Routing\\Pipeline->Illuminate\\Routing\\{closure}(Object(Illuminate\\Http\\Request))
#34 /home/puccomua/domains/puc.com.ua/vendor/laravel/framework/src/Illuminate/Pipeline/Pipeline.php(163): Illuminate\\Session\\Middleware\\StartSession->handle(Object(Illuminate\\Http\\Request), Object(Closure))
#35 /home/puccomua/domains/puc.com.ua/vendor/laravel/framework/src/Illuminate/Routing/Pipeline.php(53): Illuminate\\Pipeline\\Pipeline->Illuminate\\Pipeline\\{closure}(Object(Illuminate\\Http\\Request))
#36 /home/puccomua/domains/puc.com.ua/vendor/laravel/framework/src/Illuminate/Cookie/Middleware/AddQueuedCookiesToResponse.php(37): Illuminate\\Routing\\Pipeline->Illuminate\\Routing\\{closure}(Object(Illuminate\\Http\\Request))
#37 /home/puccomua/domains/puc.com.ua/vendor/laravel/framework/src/Illuminate/Pipeline/Pipeline.php(163): Illuminate\\Cookie\\Middleware\\AddQueuedCookiesToResponse->handle(Object(Illuminate\\Http\\Request), Object(Closure))
#38 /home/puccomua/domains/puc.com.ua/vendor/laravel/framework/src/Illuminate/Routing/Pipeline.php(53): Illuminate\\Pipeline\\Pipeline->Illuminate\\Pipeline\\{closure}(Object(Illuminate\\Http\\Request))
#39 /home/puccomua/domains/puc.com.ua/vendor/laravel/framework/src/Illuminate/Cookie/Middleware/EncryptCookies.php(66): Illuminate\\Routing\\Pipeline->Illuminate\\Routing\\{closure}(Object(Illuminate\\Http\\Request))
#40 /home/puccomua/domains/puc.com.ua/vendor/laravel/framework/src/Illuminate/Pipeline/Pipeline.php(163): Illuminate\\Cookie\\Middleware\\EncryptCookies->handle(Object(Illuminate\\Http\\Request), Object(Closure))
#41 /home/puccomua/domains/puc.com.ua/vendor/laravel/framework/src/Illuminate/Routing/Pipeline.php(53): Illuminate\\Pipeline\\Pipeline->Illuminate\\Pipeline\\{closure}(Object(Illuminate\\Http\\Request))
#42 /home/puccomua/domains/puc.com.ua/app/Http/Middleware/Redirect.php(45): Illuminate\\Routing\\Pipeline->Illuminate\\Routing\\{closure}(Object(Illuminate\\Http\\Request))
#43 /home/puccomua/domains/puc.com.ua/vendor/laravel/framework/src/Illuminate/Pipeline/Pipeline.php(163): App\\Http\\Middleware\\Redirect->handle(Object(Illuminate\\Http\\Request), Object(Closure))
#44 /home/puccomua/domains/puc.com.ua/vendor/laravel/framework/src/Illuminate/Routing/Pipeline.php(53): Illuminate\\Pipeline\\Pipeline->Illuminate\\Pipeline\\{closure}(Object(Illuminate\\Http\\Request))
#45 /home/puccomua/domains/puc.com.ua/vendor/laravel/framework/src/Illuminate/Pipeline/Pipeline.php(104): Illuminate\\Routing\\Pipeline->Illuminate\\Routing\\{closure}(Object(Illuminate\\Http\\Request))
#46 /home/puccomua/domains/puc.com.ua/vendor/laravel/framework/src/Illuminate/Routing/Router.php(682): Illuminate\\Pipeline\\Pipeline->then(Object(Closure))
#47 /home/puccomua/domains/puc.com.ua/vendor/laravel/framework/src/Illuminate/Routing/Router.php(657): Illuminate\\Routing\\Router->runRouteWithinStack(Object(Illuminate\\Routing\\Route), Object(Illuminate\\Http\\Request))
#48 /home/puccomua/domains/puc.com.ua/vendor/laravel/framework/src/Illuminate/Routing/Router.php(623): Illuminate\\Routing\\Router->runRoute(Object(Illuminate\\Http\\Request), Object(Illuminate\\Routing\\Route))
#49 /home/puccomua/domains/puc.com.ua/vendor/laravel/framework/src/Illuminate/Routing/Router.php(612): Illuminate\\Routing\\Router->dispatchToRoute(Object(Illuminate\\Http\\Request))
#50 /home/puccomua/domains/puc.com.ua/vendor/laravel/framework/src/Illuminate/Foundation/Http/Kernel.php(176): Illuminate\\Routing\\Router->dispatch(Object(Illuminate\\Http\\Request))
#51 /home/puccomua/domains/puc.com.ua/vendor/laravel/framework/src/Illuminate/Routing/Pipeline.php(30): Illuminate\\Foundation\\Http\\Kernel->Illuminate\\Foundation\\Http\\{closure}(Object(Illuminate\\Http\\Request))
#52 /home/puccomua/domains/puc.com.ua/vendor/barryvdh/laravel-debugbar/src/Middleware/InjectDebugbar.php(58): Illuminate\\Routing\\Pipeline->Illuminate\\Routing\\{closure}(Object(Illuminate\\Http\\Request))
#53 /home/puccomua/domains/puc.com.ua/vendor/laravel/framework/src/Illuminate/Pipeline/Pipeline.php(163): Barryvdh\\Debugbar\\Middleware\\InjectDebugbar->handle(Object(Illuminate\\Http\\Request), Object(Closure))
#54 /home/puccomua/domains/puc.com.ua/vendor/laravel/framework/src/Illuminate/Routing/Pipeline.php(53): Illuminate\\Pipeline\\Pipeline->Illuminate\\Pipeline\\{closure}(Object(Illuminate\\Http\\Request))
#55 /home/puccomua/domains/puc.com.ua/vendor/laravel/framework/src/Illuminate/Foundation/Http/Middleware/TransformsRequest.php(21): Illuminate\\Routing\\Pipeline->Illuminate\\Routing\\{closure}(Object(Illuminate\\Http\\Request))
#56 /home/puccomua/domains/puc.com.ua/vendor/laravel/framework/src/Illuminate/Pipeline/Pipeline.php(163): Illuminate\\Foundation\\Http\\Middleware\\TransformsRequest->handle(Object(Illuminate\\Http\\Request), Object(Closure))
#57 /home/puccomua/domains/puc.com.ua/vendor/laravel/framework/src/Illuminate/Routing/Pipeline.php(53): Illuminate\\Pipeline\\Pipeline->Illuminate\\Pipeline\\{closure}(Object(Illuminate\\Http\\Request))
#58 /home/puccomua/domains/puc.com.ua/vendor/laravel/framework/src/Illuminate/Foundation/Http/Middleware/TransformsRequest.php(21): Illuminate\\Routing\\Pipeline->Illuminate\\Routing\\{closure}(Object(Illuminate\\Http\\Request))
#59 /home/puccomua/domains/puc.com.ua/vendor/laravel/framework/src/Illuminate/Pipeline/Pipeline.php(163): Illuminate\\Foundation\\Http\\Middleware\\TransformsRequest->handle(Object(Illuminate\\Http\\Request), Object(Closure))
#60 /home/puccomua/domains/puc.com.ua/vendor/laravel/framework/src/Illuminate/Routing/Pipeline.php(53): Illuminate\\Pipeline\\Pipeline->Illuminate\\Pipeline\\{closure}(Object(Illuminate\\Http\\Request))
#61 /home/puccomua/domains/puc.com.ua/vendor/laravel/framework/src/Illuminate/Foundation/Http/Middleware/ValidatePostSize.php(27): Illuminate\\Routing\\Pipeline->Illuminate\\Routing\\{closure}(Object(Illuminate\\Http\\Request))
#62 /home/puccomua/domains/puc.com.ua/vendor/laravel/framework/src/Illuminate/Pipeline/Pipeline.php(163): Illuminate\\Foundation\\Http\\Middleware\\ValidatePostSize->handle(Object(Illuminate\\Http\\Request), Object(Closure))
#63 /home/puccomua/domains/puc.com.ua/vendor/laravel/framework/src/Illuminate/Routing/Pipeline.php(53): Illuminate\\Pipeline\\Pipeline->Illuminate\\Pipeline\\{closure}(Object(Illuminate\\Http\\Request))
#64 /home/puccomua/domains/puc.com.ua/vendor/laravel/framework/src/Illuminate/Foundation/Http/Middleware/CheckForMaintenanceMode.php(62): Illuminate\\Routing\\Pipeline->Illuminate\\Routing\\{closure}(Object(Illuminate\\Http\\Request))
#65 /home/puccomua/domains/puc.com.ua/vendor/laravel/framework/src/Illuminate/Pipeline/Pipeline.php(163): Illuminate\\Foundation\\Http\\Middleware\\CheckForMaintenanceMode->handle(Object(Illuminate\\Http\\Request), Object(Closure))
#66 /home/puccomua/domains/puc.com.ua/vendor/laravel/framework/src/Illuminate/Routing/Pipeline.php(53): Illuminate\\Pipeline\\Pipeline->Illuminate\\Pipeline\\{closure}(Object(Illuminate\\Http\\Request))
#67 /home/puccomua/domains/puc.com.ua/vendor/fideloper/proxy/src/TrustProxies.php(57): Illuminate\\Routing\\Pipeline->Illuminate\\Routing\\{closure}(Object(Illuminate\\Http\\Request))
#68 /home/puccomua/domains/puc.com.ua/vendor/laravel/framework/src/Illuminate/Pipeline/Pipeline.php(163): Fideloper\\Proxy\\TrustProxies->handle(Object(Illuminate\\Http\\Request), Object(Closure))
#69 /home/puccomua/domains/puc.com.ua/vendor/laravel/framework/src/Illuminate/Routing/Pipeline.php(53): Illuminate\\Pipeline\\Pipeline->Illuminate\\Pipeline\\{closure}(Object(Illuminate\\Http\\Request))
#70 /home/puccomua/domains/puc.com.ua/vendor/laravel/framework/src/Illuminate/Pipeline/Pipeline.php(104): Illuminate\\Routing\\Pipeline->Illuminate\\Routing\\{closure}(Object(Illuminate\\Http\\Request))
#71 /home/puccomua/domains/puc.com.ua/vendor/laravel/framework/src/Illuminate/Foundation/Http/Kernel.php(151): Illuminate\\Pipeline\\Pipeline->then(Object(Closure))
#72 /home/puccomua/domains/puc.com.ua/vendor/laravel/framework/src/Illuminate/Foundation/Http/Kernel.php(116): Illuminate\\Foundation\\Http\\Kernel->sendRequestThroughRouter(Object(Illuminate\\Http\\Request))
#73 /home/puccomua/domains/puc.com.ua/public/index.php(55): Illuminate\\Foundation\\Http\\Kernel->handle(Object(Illuminate\\Http\\Request))
#74 {main}
"} 
[2021-10-25 15:52:09] local.ERROR: syntax error, unexpected '{' (View: /home/puccomua/domains/puc.com.ua/resources/views/frontend/default/index.blade.php) (View: /home/puccomua/domains/puc.com.ua/resources/views/frontend/default/index.blade.php) {"userId":1,"exception":"[object] (ErrorException(code: 0): syntax error, unexpected '{' (View: /home/puccomua/domains/puc.com.ua/resources/views/frontend/default/index.blade.php) (View: /home/puccomua/domains/puc.com.ua/resources/views/frontend/default/index.blade.php) at /home/puccomua/domains/puc.com.ua/storage/framework/views/0475b562b04d977d6386196a444591bb94ad3b0a.php:21, ErrorException(code: 0): syntax error, unexpected '{' (View: /home/puccomua/domains/puc.com.ua/resources/views/frontend/default/index.blade.php) at /home/puccomua/domains/puc.com.ua/storage/framework/views/0475b562b04d977d6386196a444591bb94ad3b0a.php:21, Symfony\\Component\\Debug\\Exception\\FatalThrowableError(code: 0): syntax error, unexpected '{' at /home/puccomua/domains/puc.com.ua/storage/framework/views/0475b562b04d977d6386196a444591bb94ad3b0a.php:21)
[stacktrace]
#0 /home/puccomua/domains/puc.com.ua/vendor/laravel/framework/src/Illuminate/View/Engines/PhpEngine.php(45): Illuminate\\View\\Engines\\CompilerEngine->handleViewException(Object(ErrorException), 1)
#1 /home/puccomua/domains/puc.com.ua/vendor/laravel/framework/src/Illuminate/View/Engines/CompilerEngine.php(59): Illuminate\\View\\Engines\\PhpEngine->evaluatePath('/home/puccomua/...', Array)
#2 /home/puccomua/domains/puc.com.ua/vendor/laravel/framework/src/Illuminate/View/View.php(142): Illuminate\\View\\Engines\\CompilerEngine->get('/home/puccomua/...', Array)
#3 /home/puccomua/domains/puc.com.ua/vendor/laravel/framework/src/Illuminate/View/View.php(125): Illuminate\\View\\View->getContents()
#4 /home/puccomua/domains/puc.com.ua/vendor/laravel/framework/src/Illuminate/View/View.php(90): Illuminate\\View\\View->renderContents()
#5 /home/puccomua/domains/puc.com.ua/vendor/laravel/framework/src/Illuminate/Http/Response.php(42): Illuminate\\View\\View->render()
#6 /home/puccomua/domains/puc.com.ua/vendor/symfony/http-foundation/Response.php(205): Illuminate\\Http\\Response->setContent(Object(Illuminate\\View\\View))
#7 /home/puccomua/domains/puc.com.ua/vendor/laravel/framework/src/Illuminate/Routing/Router.php(748): Symfony\\Component\\HttpFoundation\\Response->__construct(Object(Illuminate\\View\\View))
#8 /home/puccomua/domains/puc.com.ua/vendor/laravel/framework/src/Illuminate/Routing/Router.php(720): Illuminate\\Routing\\Router::toResponse(Object(Illuminate\\Http\\Request), Object(Illuminate\\View\\View))
#9 /home/puccomua/domains/puc.com.ua/vendor/laravel/framework/src/Illuminate/Routing/Router.php(680): Illuminate\\Routing\\Router->prepareResponse(Object(Illuminate\\Http\\Request), Object(Illuminate\\View\\View))
#10 /home/puccomua/domains/puc.com.ua/vendor/laravel/framework/src/Illuminate/Routing/Pipeline.php(30): Illuminate\\Routing\\Router->Illuminate\\Routing\\{closure}(Object(Illuminate\\Http\\Request))
#11 /home/puccomua/domains/puc.com.ua/app/Http/Controllers/Controller.php(63): Illuminate\\Routing\\Pipeline->Illuminate\\Routing\\{closure}(Object(Illuminate\\Http\\Request))
#12 /home/puccomua/domains/puc.com.ua/vendor/laravel/framework/src/Illuminate/Pipeline/Pipeline.php(145): App\\Http\\Controllers\\Controller->App\\Http\\Controllers\\{closure}(Object(Illuminate\\Http\\Request), Object(Closure))
#13 /home/puccomua/domains/puc.com.ua/vendor/laravel/framework/src/Illuminate/Routing/Pipeline.php(53): Illuminate\\Pipeline\\Pipeline->Illuminate\\Pipeline\\{closure}(Object(Illuminate\\Http\\Request))
#14 /home/puccomua/domains/puc.com.ua/app/Http/Middleware/ResponseRender.php(16): Illuminate\\Routing\\Pipeline->Illuminate\\Routing\\{closure}(Object(Illuminate\\Http\\Request))
#15 /home/puccomua/domains/puc.com.ua/vendor/laravel/framework/src/Illuminate/Pipeline/Pipeline.php(163): App\\Http\\Middleware\\ResponseRender->handle(Object(Illuminate\\Http\\Request), Object(Closure))
#16 /home/puccomua/domains/puc.com.ua/vendor/laravel/framework/src/Illuminate/Routing/Pipeline.php(53): Illuminate\\Pipeline\\Pipeline->Illuminate\\Pipeline\\{closure}(Object(Illuminate\\Http\\Request))
#17 /home/puccomua/domains/puc.com.ua/vendor/mcamara/laravel-localization/src/Mcamara/LaravelLocalization/Middleware/LaravelLocalizationViewPath.php(33): Illuminate\\Routing\\Pipeline->Illuminate\\Routing\\{closure}(Object(Illuminate\\Http\\Request))
#18 /home/puccomua/domains/puc.com.ua/vendor/laravel/framework/src/Illuminate/Pipeline/Pipeline.php(163): Mcamara\\LaravelLocalization\\Middleware\\LaravelLocalizationViewPath->handle(Object(Illuminate\\Http\\Request), Object(Closure))
#19 /home/puccomua/domains/puc.com.ua/vendor/laravel/framework/src/Illuminate/Routing/Pipeline.php(53): Illuminate\\Pipeline\\Pipeline->Illuminate\\Pipeline\\{closure}(Object(Illuminate\\Http\\Request))
#20 /home/puccomua/domains/puc.com.ua/vendor/mcamara/laravel-localization/src/Mcamara/LaravelLocalization/Middleware/LaravelLocalizationRedirectFilter.php(45): Illuminate\\Routing\\Pipeline->Illuminate\\Routing\\{closure}(Object(Illuminate\\Http\\Request))
#21 /home/puccomua/domains/puc.com.ua/vendor/laravel/framework/src/Illuminate/Pipeline/Pipeline.php(163): Mcamara\\LaravelLocalization\\Middleware\\LaravelLocalizationRedirectFilter->handle(Object(Illuminate\\Http\\Request), Object(Closure))
#22 /home/puccomua/domains/puc.com.ua/vendor/laravel/framework/src/Illuminate/Routing/Pipeline.php(53): Illuminate\\Pipeline\\Pipeline->Illuminate\\Pipeline\\{closure}(Object(Illuminate\\Http\\Request))
#23 /home/puccomua/domains/puc.com.ua/vendor/mcamara/laravel-localization/src/Mcamara/LaravelLocalization/Middleware/LaravelLocalizationRoutes.php(30): Illuminate\\Routing\\Pipeline->Illuminate\\Routing\\{closure}(Object(Illuminate\\Http\\Request))
#24 /home/puccomua/domains/puc.com.ua/vendor/laravel/framework/src/Illuminate/Pipeline/Pipeline.php(163): Mcamara\\LaravelLocalization\\Middleware\\LaravelLocalizationRoutes->handle(Object(Illuminate\\Http\\Request), Object(Closure))
#25 /home/puccomua/domains/puc.com.ua/vendor/laravel/framework/src/Illuminate/Routing/Pipeline.php(53): Illuminate\\Pipeline\\Pipeline->Illuminate\\Pipeline\\{closure}(Object(Illuminate\\Http\\Request))
#26 /home/puccomua/domains/puc.com.ua/vendor/laravel/framework/src/Illuminate/Routing/Middleware/SubstituteBindings.php(41): Illuminate\\Routing\\Pipeline->Illuminate\\Routing\\{closure}(Object(Illuminate\\Http\\Request))
#27 /home/puccomua/domains/puc.com.ua/vendor/laravel/framework/src/Illuminate/Pipeline/Pipeline.php(163): Illuminate\\Routing\\Middleware\\SubstituteBindings->handle(Object(Illuminate\\Http\\Request), Object(Closure))
#28 /home/puccomua/domains/puc.com.ua/vendor/laravel/framework/src/Illuminate/Routing/Pipeline.php(53): Illuminate\\Pipeline\\Pipeline->Illuminate\\Pipeline\\{closure}(Object(Illuminate\\Http\\Request))
#29 /home/puccomua/domains/puc.com.ua/vendor/laravel/framework/src/Illuminate/Foundation/Http/Middleware/VerifyCsrfToken.php(75): Illuminate\\Routing\\Pipeline->Illuminate\\Routing\\{closure}(Object(Illuminate\\Http\\Request))
#30 /home/puccomua/domains/puc.com.ua/vendor/laravel/framework/src/Illuminate/Pipeline/Pipeline.php(163): Illuminate\\Foundation\\Http\\Middleware\\VerifyCsrfToken->handle(Object(Illuminate\\Http\\Request), Object(Closure))
#31 /home/puccomua/domains/puc.com.ua/vendor/laravel/framework/src/Illuminate/Routing/Pipeline.php(53): Illuminate\\Pipeline\\Pipeline->Illuminate\\Pipeline\\{closure}(Object(Illuminate\\Http\\Request))
#32 /home/puccomua/domains/puc.com.ua/vendor/laravel/framework/src/Illuminate/View/Middleware/ShareErrorsFromSession.php(49): Illuminate\\Routing\\Pipeline->Illuminate\\Routing\\{closure}(Object(Illuminate\\Http\\Request))
#33 /home/puccomua/domains/puc.com.ua/vendor/laravel/framework/src/Illuminate/Pipeline/Pipeline.php(163): Illuminate\\View\\Middleware\\ShareErrorsFromSession->handle(Object(Illuminate\\Http\\Request), Object(Closure))
#34 /home/puccomua/domains/puc.com.ua/vendor/laravel/framework/src/Illuminate/Routing/Pipeline.php(53): Illuminate\\Pipeline\\Pipeline->Illuminate\\Pipeline\\{closure}(Object(Illuminate\\Http\\Request))
#35 /home/puccomua/domains/puc.com.ua/vendor/laravel/framework/src/Illuminate/Session/Middleware/StartSession.php(56): Illuminate\\Routing\\Pipeline->Illuminate\\Routing\\{closure}(Object(Illuminate\\Http\\Request))
#36 /home/puccomua/domains/puc.com.ua/vendor/laravel/framework/src/Illuminate/Pipeline/Pipeline.php(163): Illuminate\\Session\\Middleware\\StartSession->handle(Object(Illuminate\\Http\\Request), Object(Closure))
#37 /home/puccomua/domains/puc.com.ua/vendor/laravel/framework/src/Illuminate/Routing/Pipeline.php(53): Illuminate\\Pipeline\\Pipeline->Illuminate\\Pipeline\\{closure}(Object(Illuminate\\Http\\Request))
#38 /home/puccomua/domains/puc.com.ua/vendor/laravel/framework/src/Illuminate/Cookie/Middleware/AddQueuedCookiesToResponse.php(37): Illuminate\\Routing\\Pipeline->Illuminate\\Routing\\{closure}(Object(Illuminate\\Http\\Request))
#39 /home/puccomua/domains/puc.com.ua/vendor/laravel/framework/src/Illuminate/Pipeline/Pipeline.php(163): Illuminate\\Cookie\\Middleware\\AddQueuedCookiesToResponse->handle(Object(Illuminate\\Http\\Request), Object(Closure))
#40 /home/puccomua/domains/puc.com.ua/vendor/laravel/framework/src/Illuminate/Routing/Pipeline.php(53): Illuminate\\Pipeline\\Pipeline->Illuminate\\Pipeline\\{closure}(Object(Illuminate\\Http\\Request))
#41 /home/puccomua/domains/puc.com.ua/vendor/laravel/framework/src/Illuminate/Cookie/Middleware/EncryptCookies.php(66): Illuminate\\Routing\\Pipeline->Illuminate\\Routing\\{closure}(Object(Illuminate\\Http\\Request))
#42 /home/puccomua/domains/puc.com.ua/vendor/laravel/framework/src/Illuminate/Pipeline/Pipeline.php(163): Illuminate\\Cookie\\Middleware\\EncryptCookies->handle(Object(Illuminate\\Http\\Request), Object(Closure))
#43 /home/puccomua/domains/puc.com.ua/vendor/laravel/framework/src/Illuminate/Routing/Pipeline.php(53): Illuminate\\Pipeline\\Pipeline->Illuminate\\Pipeline\\{closure}(Object(Illuminate\\Http\\Request))
#44 /home/puccomua/domains/puc.com.ua/app/Http/Middleware/Redirect.php(45): Illuminate\\Routing\\Pipeline->Illuminate\\Routing\\{closure}(Object(Illuminate\\Http\\Request))
#45 /home/puccomua/domains/puc.com.ua/vendor/laravel/framework/src/Illuminate/Pipeline/Pipeline.php(163): App\\Http\\Middleware\\Redirect->handle(Object(Illuminate\\Http\\Request), Object(Closure))
#46 /home/puccomua/domains/puc.com.ua/vendor/laravel/framework/src/Illuminate/Routing/Pipeline.php(53): Illuminate\\Pipeline\\Pipeline->Illuminate\\Pipeline\\{closure}(Object(Illuminate\\Http\\Request))
#47 /home/puccomua/domains/puc.com.ua/vendor/laravel/framework/src/Illuminate/Pipeline/Pipeline.php(104): Illuminate\\Routing\\Pipeline->Illuminate\\Routing\\{closure}(Object(Illuminate\\Http\\Request))
#48 /home/puccomua/domains/puc.com.ua/vendor/laravel/framework/src/Illuminate/Routing/Router.php(682): Illuminate\\Pipeline\\Pipeline->then(Object(Closure))
#49 /home/puccomua/domains/puc.com.ua/vendor/laravel/framework/src/Illuminate/Routing/Router.php(657): Illuminate\\Routing\\Router->runRouteWithinStack(Object(Illuminate\\Routing\\Route), Object(Illuminate\\Http\\Request))
#50 /home/puccomua/domains/puc.com.ua/vendor/laravel/framework/src/Illuminate/Routing/Router.php(623): Illuminate\\Routing\\Router->runRoute(Object(Illuminate\\Http\\Request), Object(Illuminate\\Routing\\Route))
#51 /home/puccomua/domains/puc.com.ua/vendor/laravel/framework/src/Illuminate/Routing/Router.php(612): Illuminate\\Routing\\Router->dispatchToRoute(Object(Illuminate\\Http\\Request))
#52 /home/puccomua/domains/puc.com.ua/vendor/laravel/framework/src/Illuminate/Foundation/Http/Kernel.php(176): Illuminate\\Routing\\Router->dispatch(Object(Illuminate\\Http\\Request))
#53 /home/puccomua/domains/puc.com.ua/vendor/laravel/framework/src/Illuminate/Routing/Pipeline.php(30): Illuminate\\Foundation\\Http\\Kernel->Illuminate\\Foundation\\Http\\{closure}(Object(Illuminate\\Http\\Request))
#54 /home/puccomua/domains/puc.com.ua/vendor/barryvdh/laravel-debugbar/src/Middleware/InjectDebugbar.php(58): Illuminate\\Routing\\Pipeline->Illuminate\\Routing\\{closure}(Object(Illuminate\\Http\\Request))
#55 /home/puccomua/domains/puc.com.ua/vendor/laravel/framework/src/Illuminate/Pipeline/Pipeline.php(163): Barryvdh\\Debugbar\\Middleware\\InjectDebugbar->handle(Object(Illuminate\\Http\\Request), Object(Closure))
#56 /home/puccomua/domains/puc.com.ua/vendor/laravel/framework/src/Illuminate/Routing/Pipeline.php(53): Illuminate\\Pipeline\\Pipeline->Illuminate\\Pipeline\\{closure}(Object(Illuminate\\Http\\Request))
#57 /home/puccomua/domains/puc.com.ua/vendor/laravel/framework/src/Illuminate/Foundation/Http/Middleware/TransformsRequest.php(21): Illuminate\\Routing\\Pipeline->Illuminate\\Routing\\{closure}(Object(Illuminate\\Http\\Request))
#58 /home/puccomua/domains/puc.com.ua/vendor/laravel/framework/src/Illuminate/Pipeline/Pipeline.php(163): Illuminate\\Foundation\\Http\\Middleware\\TransformsRequest->handle(Object(Illuminate\\Http\\Request), Object(Closure))
#59 /home/puccomua/domains/puc.com.ua/vendor/laravel/framework/src/Illuminate/Routing/Pipeline.php(53): Illuminate\\Pipeline\\Pipeline->Illuminate\\Pipeline\\{closure}(Object(Illuminate\\Http\\Request))
#60 /home/puccomua/domains/puc.com.ua/vendor/laravel/framework/src/Illuminate/Foundation/Http/Middleware/TransformsRequest.php(21): Illuminate\\Routing\\Pipeline->Illuminate\\Routing\\{closure}(Object(Illuminate\\Http\\Request))
#61 /home/puccomua/domains/puc.com.ua/vendor/laravel/framework/src/Illuminate/Pipeline/Pipeline.php(163): Illuminate\\Foundation\\Http\\Middleware\\TransformsRequest->handle(Object(Illuminate\\Http\\Request), Object(Closure))
#62 /home/puccomua/domains/puc.com.ua/vendor/laravel/framework/src/Illuminate/Routing/Pipeline.php(53): Illuminate\\Pipeline\\Pipeline->Illuminate\\Pipeline\\{closure}(Object(Illuminate\\Http\\Request))
#63 /home/puccomua/domains/puc.com.ua/vendor/laravel/framework/src/Illuminate/Foundation/Http/Middleware/ValidatePostSize.php(27): Illuminate\\Routing\\Pipeline->Illuminate\\Routing\\{closure}(Object(Illuminate\\Http\\Request))
#64 /home/puccomua/domains/puc.com.ua/vendor/laravel/framework/src/Illuminate/Pipeline/Pipeline.php(163): Illuminate\\Foundation\\Http\\Middleware\\ValidatePostSize->handle(Object(Illuminate\\Http\\Request), Object(Closure))
#65 /home/puccomua/domains/puc.com.ua/vendor/laravel/framework/src/Illuminate/Routing/Pipeline.php(53): Illuminate\\Pipeline\\Pipeline->Illuminate\\Pipeline\\{closure}(Object(Illuminate\\Http\\Request))
#66 /home/puccomua/domains/puc.com.ua/vendor/laravel/framework/src/Illuminate/Foundation/Http/Middleware/CheckForMaintenanceMode.php(62): Illuminate\\Routing\\Pipeline->Illuminate\\Routing\\{closure}(Object(Illuminate\\Http\\Request))
#67 /home/puccomua/domains/puc.com.ua/vendor/laravel/framework/src/Illuminate/Pipeline/Pipeline.php(163): Illuminate\\Foundation\\Http\\Middleware\\CheckForMaintenanceMode->handle(Object(Illuminate\\Http\\Request), Object(Closure))
#68 /home/puccomua/domains/puc.com.ua/vendor/laravel/framework/src/Illuminate/Routing/Pipeline.php(53): Illuminate\\Pipeline\\Pipeline->Illuminate\\Pipeline\\{closure}(Object(Illuminate\\Http\\Request))
#69 /home/puccomua/domains/puc.com.ua/vendor/fideloper/proxy/src/TrustProxies.php(57): Illuminate\\Routing\\Pipeline->Illuminate\\Routing\\{closure}(Object(Illuminate\\Http\\Request))
#70 /home/puccomua/domains/puc.com.ua/vendor/laravel/framework/src/Illuminate/Pipeline/Pipeline.php(163): Fideloper\\Proxy\\TrustProxies->handle(Object(Illuminate\\Http\\Request), Object(Closure))
#71 /home/puccomua/domains/puc.com.ua/vendor/laravel/framework/src/Illuminate/Routing/Pipeline.php(53): Illuminate\\Pipeline\\Pipeline->Illuminate\\Pipeline\\{closure}(Object(Illuminate\\Http\\Request))
#72 /home/puccomua/domains/puc.com.ua/vendor/laravel/framework/src/Illuminate/Pipeline/Pipeline.php(104): Illuminate\\Routing\\Pipeline->Illuminate\\Routing\\{closure}(Object(Illuminate\\Http\\Request))
#73 /home/puccomua/domains/puc.com.ua/vendor/laravel/framework/src/Illuminate/Foundation/Http/Kernel.php(151): Illuminate\\Pipeline\\Pipeline->then(Object(Closure))
#74 /home/puccomua/domains/puc.com.ua/vendor/laravel/framework/src/Illuminate/Foundation/Http/Kernel.php(116): Illuminate\\Foundation\\Http\\Kernel->sendRequestThroughRouter(Object(Illuminate\\Http\\Request))
#75 /home/puccomua/domains/puc.com.ua/public/index.php(55): Illuminate\\Foundation\\Http\\Kernel->handle(Object(Illuminate\\Http\\Request))
#76 {main}
"} 
[2021-10-25 17:07:10] local.ERROR: The request is invalid. {"exception":"[object] (Iiko\\Biz\\Exception\\IikoResponseException(code: 0): The request is invalid. at /home/puccomua/domains/puc.com.ua/vendor/andriymiz/iiko-biz-api/src/Iiko/Biz/Api/AbstractApi.php:77)
[stacktrace]
#0 /home/puccomua/domains/puc.com.ua/vendor/andriymiz/iiko-biz-api/src/Iiko/Biz/Api/Orders.php(38): Iiko\\Biz\\Api\\AbstractApi->post('orders/checkCre...', '{\"organization\"...', Array)
#1 /home/puccomua/domains/puc.com.ua/app/Http/Controllers/Callback/ShopController.php(275): Iiko\\Biz\\Api\\Orders->checkCreate(Array)
#2 [internal function]: App\\Http\\Controllers\\Callback\\ShopController->buy(Object(Illuminate\\Http\\Request))
#3 /home/puccomua/domains/puc.com.ua/vendor/laravel/framework/src/Illuminate/Routing/Controller.php(54): call_user_func_array(Array, Array)
#4 /home/puccomua/domains/puc.com.ua/vendor/laravel/framework/src/Illuminate/Routing/ControllerDispatcher.php(45): Illuminate\\Routing\\Controller->callAction('buy', Array)
#5 /home/puccomua/domains/puc.com.ua/vendor/laravel/framework/src/Illuminate/Routing/Route.php(219): Illuminate\\Routing\\ControllerDispatcher->dispatch(Object(Illuminate\\Routing\\Route), Object(App\\Http\\Controllers\\Callback\\ShopController), 'buy')
#6 /home/puccomua/domains/puc.com.ua/vendor/laravel/framework/src/Illuminate/Routing/Route.php(176): Illuminate\\Routing\\Route->runController()
#7 /home/puccomua/domains/puc.com.ua/vendor/laravel/framework/src/Illuminate/Routing/Router.php(680): Illuminate\\Routing\\Route->run()
#8 /home/puccomua/domains/puc.com.ua/vendor/laravel/framework/src/Illuminate/Routing/Pipeline.php(30): Illuminate\\Routing\\Router->Illuminate\\Routing\\{closure}(Object(Illuminate\\Http\\Request))
#9 /home/puccomua/domains/puc.com.ua/app/Http/Controllers/Controller.php(63): Illuminate\\Routing\\Pipeline->Illuminate\\Routing\\{closure}(Object(Illuminate\\Http\\Request))
#10 /home/puccomua/domains/puc.com.ua/vendor/laravel/framework/src/Illuminate/Pipeline/Pipeline.php(145): App\\Http\\Controllers\\Controller->App\\Http\\Controllers\\{closure}(Object(Illuminate\\Http\\Request), Object(Closure))
#11 /home/puccomua/domains/puc.com.ua/vendor/laravel/framework/src/Illuminate/Routing/Pipeline.php(53): Illuminate\\Pipeline\\Pipeline->Illuminate\\Pipeline\\{closure}(Object(Illuminate\\Http\\Request))
#12 /home/puccomua/domains/puc.com.ua/app/Http/Middleware/AjaxVariables.php(19): Illuminate\\Routing\\Pipeline->Illuminate\\Routing\\{closure}(Object(Illuminate\\Http\\Request))
#13 /home/puccomua/domains/puc.com.ua/vendor/laravel/framework/src/Illuminate/Pipeline/Pipeline.php(163): App\\Http\\Middleware\\AjaxVariables->handle(Object(Illuminate\\Http\\Request), Object(Closure))
#14 /home/puccomua/domains/puc.com.ua/vendor/laravel/framework/src/Illuminate/Routing/Pipeline.php(53): Illuminate\\Pipeline\\Pipeline->Illuminate\\Pipeline\\{closure}(Object(Illuminate\\Http\\Request))
#15 /home/puccomua/domains/puc.com.ua/vendor/laravel/framework/src/Illuminate/Routing/Middleware/SubstituteBindings.php(41): Illuminate\\Routing\\Pipeline->Illuminate\\Routing\\{closure}(Object(Illuminate\\Http\\Request))
#16 /home/puccomua/domains/puc.com.ua/vendor/laravel/framework/src/Illuminate/Pipeline/Pipeline.php(163): Illuminate\\Routing\\Middleware\\SubstituteBindings->handle(Object(Illuminate\\Http\\Request), Object(Closure))
#17 /home/puccomua/domains/puc.com.ua/vendor/laravel/framework/src/Illuminate/Routing/Pipeline.php(53): Illuminate\\Pipeline\\Pipeline->Illuminate\\Pipeline\\{closure}(Object(Illuminate\\Http\\Request))
#18 /home/puccomua/domains/puc.com.ua/vendor/laravel/framework/src/Illuminate/Foundation/Http/Middleware/VerifyCsrfToken.php(75): Illuminate\\Routing\\Pipeline->Illuminate\\Routing\\{closure}(Object(Illuminate\\Http\\Request))
#19 /home/puccomua/domains/puc.com.ua/vendor/laravel/framework/src/Illuminate/Pipeline/Pipeline.php(163): Illuminate\\Foundation\\Http\\Middleware\\VerifyCsrfToken->handle(Object(Illuminate\\Http\\Request), Object(Closure))
#20 /home/puccomua/domains/puc.com.ua/vendor/laravel/framework/src/Illuminate/Routing/Pipeline.php(53): Illuminate\\Pipeline\\Pipeline->Illuminate\\Pipeline\\{closure}(Object(Illuminate\\Http\\Request))
#21 /home/puccomua/domains/puc.com.ua/vendor/laravel/framework/src/Illuminate/View/Middleware/ShareErrorsFromSession.php(49): Illuminate\\Routing\\Pipeline->Illuminate\\Routing\\{closure}(Object(Illuminate\\Http\\Request))
#22 /home/puccomua/domains/puc.com.ua/vendor/laravel/framework/src/Illuminate/Pipeline/Pipeline.php(163): Illuminate\\View\\Middleware\\ShareErrorsFromSession->handle(Object(Illuminate\\Http\\Request), Object(Closure))
#23 /home/puccomua/domains/puc.com.ua/vendor/laravel/framework/src/Illuminate/Routing/Pipeline.php(53): Illuminate\\Pipeline\\Pipeline->Illuminate\\Pipeline\\{closure}(Object(Illuminate\\Http\\Request))
#24 /home/puccomua/domains/puc.com.ua/vendor/laravel/framework/src/Illuminate/Session/Middleware/StartSession.php(56): Illuminate\\Routing\\Pipeline->Illuminate\\Routing\\{closure}(Object(Illuminate\\Http\\Request))
#25 /home/puccomua/domains/puc.com.ua/vendor/laravel/framework/src/Illuminate/Pipeline/Pipeline.php(163): Illuminate\\Session\\Middleware\\StartSession->handle(Object(Illuminate\\Http\\Request), Object(Closure))
#26 /home/puccomua/domains/puc.com.ua/vendor/laravel/framework/src/Illuminate/Routing/Pipeline.php(53): Illuminate\\Pipeline\\Pipeline->Illuminate\\Pipeline\\{closure}(Object(Illuminate\\Http\\Request))
#27 /home/puccomua/domains/puc.com.ua/vendor/laravel/framework/src/Illuminate/Cookie/Middleware/AddQueuedCookiesToResponse.php(37): Illuminate\\Routing\\Pipeline->Illuminate\\Routing\\{closure}(Object(Illuminate\\Http\\Request))
#28 /home/puccomua/domains/puc.com.ua/vendor/laravel/framework/src/Illuminate/Pipeline/Pipeline.php(163): Illuminate\\Cookie\\Middleware\\AddQueuedCookiesToResponse->handle(Object(Illuminate\\Http\\Request), Object(Closure))
#29 /home/puccomua/domains/puc.com.ua/vendor/laravel/framework/src/Illuminate/Routing/Pipeline.php(53): Illuminate\\Pipeline\\Pipeline->Illuminate\\Pipeline\\{closure}(Object(Illuminate\\Http\\Request))
#30 /home/puccomua/domains/puc.com.ua/vendor/laravel/framework/src/Illuminate/Cookie/Middleware/EncryptCookies.php(66): Illuminate\\Routing\\Pipeline->Illuminate\\Routing\\{closure}(Object(Illuminate\\Http\\Request))
#31 /home/puccomua/domains/puc.com.ua/vendor/laravel/framework/src/Illuminate/Pipeline/Pipeline.php(163): Illuminate\\Cookie\\Middleware\\EncryptCookies->handle(Object(Illuminate\\Http\\Request), Object(Closure))
#32 /home/puccomua/domains/puc.com.ua/vendor/laravel/framework/src/Illuminate/Routing/Pipeline.php(53): Illuminate\\Pipeline\\Pipeline->Illuminate\\Pipeline\\{closure}(Object(Illuminate\\Http\\Request))
#33 /home/puccomua/domains/puc.com.ua/vendor/laravel/framework/src/Illuminate/Pipeline/Pipeline.php(104): Illuminate\\Routing\\Pipeline->Illuminate\\Routing\\{closure}(Object(Illuminate\\Http\\Request))
#34 /home/puccomua/domains/puc.com.ua/vendor/laravel/framework/src/Illuminate/Routing/Router.php(682): Illuminate\\Pipeline\\Pipeline->then(Object(Closure))
#35 /home/puccomua/domains/puc.com.ua/vendor/laravel/framework/src/Illuminate/Routing/Router.php(657): Illuminate\\Routing\\Router->runRouteWithinStack(Object(Illuminate\\Routing\\Route), Object(Illuminate\\Http\\Request))
#36 /home/puccomua/domains/puc.com.ua/vendor/laravel/framework/src/Illuminate/Routing/Router.php(623): Illuminate\\Routing\\Router->runRoute(Object(Illuminate\\Http\\Request), Object(Illuminate\\Routing\\Route))
#37 /home/puccomua/domains/puc.com.ua/vendor/laravel/framework/src/Illuminate/Routing/Router.php(612): Illuminate\\Routing\\Router->dispatchToRoute(Object(Illuminate\\Http\\Request))
#38 /home/puccomua/domains/puc.com.ua/vendor/laravel/framework/src/Illuminate/Foundation/Http/Kernel.php(176): Illuminate\\Routing\\Router->dispatch(Object(Illuminate\\Http\\Request))
#39 /home/puccomua/domains/puc.com.ua/vendor/laravel/framework/src/Illuminate/Routing/Pipeline.php(30): Illuminate\\Foundation\\Http\\Kernel->Illuminate\\Foundation\\Http\\{closure}(Object(Illuminate\\Http\\Request))
#40 /home/puccomua/domains/puc.com.ua/vendor/barryvdh/laravel-debugbar/src/Middleware/InjectDebugbar.php(58): Illuminate\\Routing\\Pipeline->Illuminate\\Routing\\{closure}(Object(Illuminate\\Http\\Request))
#41 /home/puccomua/domains/puc.com.ua/vendor/laravel/framework/src/Illuminate/Pipeline/Pipeline.php(163): Barryvdh\\Debugbar\\Middleware\\InjectDebugbar->handle(Object(Illuminate\\Http\\Request), Object(Closure))
#42 /home/puccomua/domains/puc.com.ua/vendor/laravel/framework/src/Illuminate/Routing/Pipeline.php(53): Illuminate\\Pipeline\\Pipeline->Illuminate\\Pipeline\\{closure}(Object(Illuminate\\Http\\Request))
#43 /home/puccomua/domains/puc.com.ua/vendor/laravel/framework/src/Illuminate/Foundation/Http/Middleware/TransformsRequest.php(21): Illuminate\\Routing\\Pipeline->Illuminate\\Routing\\{closure}(Object(Illuminate\\Http\\Request))
#44 /home/puccomua/domains/puc.com.ua/vendor/laravel/framework/src/Illuminate/Pipeline/Pipeline.php(163): Illuminate\\Foundation\\Http\\Middleware\\TransformsRequest->handle(Object(Illuminate\\Http\\Request), Object(Closure))
#45 /home/puccomua/domains/puc.com.ua/vendor/laravel/framework/src/Illuminate/Routing/Pipeline.php(53): Illuminate\\Pipeline\\Pipeline->Illuminate\\Pipeline\\{closure}(Object(Illuminate\\Http\\Request))
#46 /home/puccomua/domains/puc.com.ua/vendor/laravel/framework/src/Illuminate/Foundation/Http/Middleware/TransformsRequest.php(21): Illuminate\\Routing\\Pipeline->Illuminate\\Routing\\{closure}(Object(Illuminate\\Http\\Request))
#47 /home/puccomua/domains/puc.com.ua/vendor/laravel/framework/src/Illuminate/Pipeline/Pipeline.php(163): Illuminate\\Foundation\\Http\\Middleware\\TransformsRequest->handle(Object(Illuminate\\Http\\Request), Object(Closure))
#48 /home/puccomua/domains/puc.com.ua/vendor/laravel/framework/src/Illuminate/Routing/Pipeline.php(53): Illuminate\\Pipeline\\Pipeline->Illuminate\\Pipeline\\{closure}(Object(Illuminate\\Http\\Request))
#49 /home/puccomua/domains/puc.com.ua/vendor/laravel/framework/src/Illuminate/Foundation/Http/Middleware/ValidatePostSize.php(27): Illuminate\\Routing\\Pipeline->Illuminate\\Routing\\{closure}(Object(Illuminate\\Http\\Request))
#50 /home/puccomua/domains/puc.com.ua/vendor/laravel/framework/src/Illuminate/Pipeline/Pipeline.php(163): Illuminate\\Foundation\\Http\\Middleware\\ValidatePostSize->handle(Object(Illuminate\\Http\\Request), Object(Closure))
#51 /home/puccomua/domains/puc.com.ua/vendor/laravel/framework/src/Illuminate/Routing/Pipeline.php(53): Illuminate\\Pipeline\\Pipeline->Illuminate\\Pipeline\\{closure}(Object(Illuminate\\Http\\Request))
#52 /home/puccomua/domains/puc.com.ua/vendor/laravel/framework/src/Illuminate/Foundation/Http/Middleware/CheckForMaintenanceMode.php(62): Illuminate\\Routing\\Pipeline->Illuminate\\Routing\\{closure}(Object(Illuminate\\Http\\Request))
#53 /home/puccomua/domains/puc.com.ua/vendor/laravel/framework/src/Illuminate/Pipeline/Pipeline.php(163): Illuminate\\Foundation\\Http\\Middleware\\CheckForMaintenanceMode->handle(Object(Illuminate\\Http\\Request), Object(Closure))
#54 /home/puccomua/domains/puc.com.ua/vendor/laravel/framework/src/Illuminate/Routing/Pipeline.php(53): Illuminate\\Pipeline\\Pipeline->Illuminate\\Pipeline\\{closure}(Object(Illuminate\\Http\\Request))
#55 /home/puccomua/domains/puc.com.ua/vendor/fideloper/proxy/src/TrustProxies.php(57): Illuminate\\Routing\\Pipeline->Illuminate\\Routing\\{closure}(Object(Illuminate\\Http\\Request))
#56 /home/puccomua/domains/puc.com.ua/vendor/laravel/framework/src/Illuminate/Pipeline/Pipeline.php(163): Fideloper\\Proxy\\TrustProxies->handle(Object(Illuminate\\Http\\Request), Object(Closure))
#57 /home/puccomua/domains/puc.com.ua/vendor/laravel/framework/src/Illuminate/Routing/Pipeline.php(53): Illuminate\\Pipeline\\Pipeline->Illuminate\\Pipeline\\{closure}(Object(Illuminate\\Http\\Request))
#58 /home/puccomua/domains/puc.com.ua/vendor/laravel/framework/src/Illuminate/Pipeline/Pipeline.php(104): Illuminate\\Routing\\Pipeline->Illuminate\\Routing\\{closure}(Object(Illuminate\\Http\\Request))
#59 /home/puccomua/domains/puc.com.ua/vendor/laravel/framework/src/Illuminate/Foundation/Http/Kernel.php(151): Illuminate\\Pipeline\\Pipeline->then(Object(Closure))
#60 /home/puccomua/domains/puc.com.ua/vendor/laravel/framework/src/Illuminate/Foundation/Http/Kernel.php(116): Illuminate\\Foundation\\Http\\Kernel->sendRequestThroughRouter(Object(Illuminate\\Http\\Request))
#61 /home/puccomua/domains/puc.com.ua/public/index.php(55): Illuminate\\Foundation\\Http\\Kernel->handle(Object(Illuminate\\Http\\Request))
#62 {main}
"} 
[2021-10-25 21:28:24] local.INFO: LiqPayResponse::{"payment_id":1803676107,"action":"pay","status":"success","version":3,"type":"buy","paytype":"apay","public_key":"i14047737426","acq_id":414963,"order_id":"9023e626","liqpay_order_id":"AWMPIIEY1635186500342794","description":"\u041e\u043f\u043b\u0430\u0442\u0430 \u0437\u0430\u043a\u0430\u0437\u0430 \u0435\u0434\u044b \u043d\u0430 \u0441\u0430\u0439\u0442\u0435.","sender_card_mask2":"535562*43","sender_card_bank":"JSC OSCHADBANK","sender_card_type":"mc","sender_card_country":804,"ip":"159.224.84.119","amount":659,"currency":"UAH","sender_commission":0,"receiver_commission":18.12,"agent_commission":0,"amount_debit":659,"amount_credit":659,"commission_debit":0,"commission_credit":18.12,"currency_debit":"UAH","currency_credit":"UAH","sender_bonus":0,"amount_bonus":0,"authcode_debit":"736614","rrn_debit":"002978086680","mpi_eci":"7","is_3ds":false,"language":"ru","create_date":1635186500346,"end_date":1635186503871,"transaction_id":1803676107}  
[2021-10-25 21:28:24] local.INFO: ORDER::{"id":626,"type":"full","rk_order_id":null,"rk_order_number":null,"rk_order_data":null,"rk_status":null,"rk_order_sum":"0.00","user_id":null,"pharmacy_id":null,"gift_id":"3","name":"\u0414\u043c\u0438\u0442\u0440\u0438\u0439","surname":null,"patronymic":null,"email":null,"phone":"+38 (099) 493 56 24","payment_method":"card","payment_transaction_number":null,"payment_transaction_status":null,"payment_status":"0","delivery_method":"delivery","delivery_address":{"street":"\u0413\u0432\u0430\u0440\u0434\u0435\u0439\u0446\u0435\u0432 \u0428\u0438\u0440\u043e\u043d\u0438\u043d\u0446\u0435\u0432","house":"14\u0412","entrance":null,"floor":"2","apartment":"51"},"delivery_free":"1","coupon":null,"amount":"659.00","discount":null,"amount_less_discount":null,"status":"0","call_me_back":"1","birthday":"0","surrender":null,"person":null,"attach_file":null,"comment":"\u041f\u043e\u0434\u044a\u0435\u0437\u0434 4, \u0434\u043e\u043c\u043e\u0444\u043e\u043d \u0440\u0430\u0431\u043e\u0442\u0430\u0435\u0442","manager_comment":null,"pre_order_at":"2021-10-25 22:58:02","created_at":"2021-10-25 21:28:02","updated_at":"2021-10-25 21:28:02"}  
[2021-10-25 21:28:24] local.INFO: SIGNATURE::1  
[2021-10-25 21:28:24] local.INFO: LiqPayStatus::request-data{"payment_id":1803676107,"action":"pay","status":"success","version":3,"type":"buy","paytype":"apay","public_key":"i14047737426","acq_id":414963,"order_id":"9023e626","liqpay_order_id":"AWMPIIEY1635186500342794","description":"\u041e\u043f\u043b\u0430\u0442\u0430 \u0437\u0430\u043a\u0430\u0437\u0430 \u0435\u0434\u044b \u043d\u0430 \u0441\u0430\u0439\u0442\u0435.","sender_card_mask2":"535562*43","sender_card_bank":"JSC OSCHADBANK","sender_card_type":"mc","sender_card_country":804,"ip":"159.224.84.119","amount":659,"currency":"UAH","sender_commission":0,"receiver_commission":18.12,"agent_commission":0,"amount_debit":659,"amount_credit":659,"commission_debit":0,"commission_credit":18.12,"currency_debit":"UAH","currency_credit":"UAH","sender_bonus":0,"amount_bonus":0,"authcode_debit":"736614","rrn_debit":"002978086680","mpi_eci":"7","is_3ds":false,"language":"ru","create_date":1635186500346,"end_date":1635186503871,"transaction_id":1803676107}  
[2021-10-25 21:28:26] local.ERROR: DeliveryOrderItems: Items collections is empty {"exception":"[object] (Iiko\\Biz\\Exception\\IikoResponseException(code: 100): DeliveryOrderItems: Items collections is empty at /home/puccomua/domains/puc.com.ua/vendor/andriymiz/iiko-biz-api/src/Iiko/Biz/Api/AbstractApi.php:77)
[stacktrace]
#0 /home/puccomua/domains/puc.com.ua/vendor/andriymiz/iiko-biz-api/src/Iiko/Biz/Api/Orders.php(14): Iiko\\Biz\\Api\\AbstractApi->post('orders/add', '{\"organization\"...', Array)
#1 /home/puccomua/domains/puc.com.ua/app/Http/Controllers/Frontend/Shop/LiqPayController.php(105): Iiko\\Biz\\Api\\Orders->addOrder(Array)
#2 [internal function]: App\\Http\\Controllers\\Frontend\\Shop\\LiqPayController->liqpayStatus(Object(App\\Http\\Requests\\LiqpayRequest))
#3 /home/puccomua/domains/puc.com.ua/vendor/laravel/framework/src/Illuminate/Routing/Controller.php(54): call_user_func_array(Array, Array)
#4 /home/puccomua/domains/puc.com.ua/vendor/laravel/framework/src/Illuminate/Routing/ControllerDispatcher.php(45): Illuminate\\Routing\\Controller->callAction('liqpayStatus', Array)
#5 /home/puccomua/domains/puc.com.ua/vendor/laravel/framework/src/Illuminate/Routing/Route.php(219): Illuminate\\Routing\\ControllerDispatcher->dispatch(Object(Illuminate\\Routing\\Route), Object(App\\Http\\Controllers\\Frontend\\Shop\\LiqPayController), 'liqpayStatus')
#6 /home/puccomua/domains/puc.com.ua/vendor/laravel/framework/src/Illuminate/Routing/Route.php(176): Illuminate\\Routing\\Route->runController()
#7 /home/puccomua/domains/puc.com.ua/vendor/laravel/framework/src/Illuminate/Routing/Router.php(680): Illuminate\\Routing\\Route->run()
#8 /home/puccomua/domains/puc.com.ua/vendor/laravel/framework/src/Illuminate/Routing/Pipeline.php(30): Illuminate\\Routing\\Router->Illuminate\\Routing\\{closure}(Object(Illuminate\\Http\\Request))
#9 /home/puccomua/domains/puc.com.ua/app/Http/Controllers/Controller.php(63): Illuminate\\Routing\\Pipeline->Illuminate\\Routing\\{closure}(Object(Illuminate\\Http\\Request))
#10 /home/puccomua/domains/puc.com.ua/vendor/laravel/framework/src/Illuminate/Pipeline/Pipeline.php(145): App\\Http\\Controllers\\Controller->App\\Http\\Controllers\\{closure}(Object(Illuminate\\Http\\Request), Object(Closure))
#11 /home/puccomua/domains/puc.com.ua/vendor/laravel/framework/src/Illuminate/Routing/Pipeline.php(53): Illuminate\\Pipeline\\Pipeline->Illuminate\\Pipeline\\{closure}(Object(Illuminate\\Http\\Request))
#12 /home/puccomua/domains/puc.com.ua/app/Http/Middleware/ResponseRender.php(16): Illuminate\\Routing\\Pipeline->Illuminate\\Routing\\{closure}(Object(Illuminate\\Http\\Request))
#13 /home/puccomua/domains/puc.com.ua/vendor/laravel/framework/src/Illuminate/Pipeline/Pipeline.php(163): App\\Http\\Middleware\\ResponseRender->handle(Object(Illuminate\\Http\\Request), Object(Closure))
#14 /home/puccomua/domains/puc.com.ua/vendor/laravel/framework/src/Illuminate/Routing/Pipeline.php(53): Illuminate\\Pipeline\\Pipeline->Illuminate\\Pipeline\\{closure}(Object(Illuminate\\Http\\Request))
#15 /home/puccomua/domains/puc.com.ua/vendor/mcamara/laravel-localization/src/Mcamara/LaravelLocalization/Middleware/LaravelLocalizationViewPath.php(33): Illuminate\\Routing\\Pipeline->Illuminate\\Routing\\{closure}(Object(Illuminate\\Http\\Request))
#16 /home/puccomua/domains/puc.com.ua/vendor/laravel/framework/src/Illuminate/Pipeline/Pipeline.php(163): Mcamara\\LaravelLocalization\\Middleware\\LaravelLocalizationViewPath->handle(Object(Illuminate\\Http\\Request), Object(Closure))
#17 /home/puccomua/domains/puc.com.ua/vendor/laravel/framework/src/Illuminate/Routing/Pipeline.php(53): Illuminate\\Pipeline\\Pipeline->Illuminate\\Pipeline\\{closure}(Object(Illuminate\\Http\\Request))
#18 /home/puccomua/domains/puc.com.ua/vendor/mcamara/laravel-localization/src/Mcamara/LaravelLocalization/Middleware/LaravelLocalizationRedirectFilter.php(45): Illuminate\\Routing\\Pipeline->Illuminate\\Routing\\{closure}(Object(Illuminate\\Http\\Request))
#19 /home/puccomua/domains/puc.com.ua/vendor/laravel/framework/src/Illuminate/Pipeline/Pipeline.php(163): Mcamara\\LaravelLocalization\\Middleware\\LaravelLocalizationRedirectFilter->handle(Object(Illuminate\\Http\\Request), Object(Closure))
#20 /home/puccomua/domains/puc.com.ua/vendor/laravel/framework/src/Illuminate/Routing/Pipeline.php(53): Illuminate\\Pipeline\\Pipeline->Illuminate\\Pipeline\\{closure}(Object(Illuminate\\Http\\Request))
#21 /home/puccomua/domains/puc.com.ua/vendor/mcamara/laravel-localization/src/Mcamara/LaravelLocalization/Middleware/LaravelLocalizationRoutes.php(30): Illuminate\\Routing\\Pipeline->Illuminate\\Routing\\{closure}(Object(Illuminate\\Http\\Request))
#22 /home/puccomua/domains/puc.com.ua/vendor/laravel/framework/src/Illuminate/Pipeline/Pipeline.php(163): Mcamara\\LaravelLocalization\\Middleware\\LaravelLocalizationRoutes->handle(Object(Illuminate\\Http\\Request), Object(Closure))
#23 /home/puccomua/domains/puc.com.ua/vendor/laravel/framework/src/Illuminate/Routing/Pipeline.php(53): Illuminate\\Pipeline\\Pipeline->Illuminate\\Pipeline\\{closure}(Object(Illuminate\\Http\\Request))
#24 /home/puccomua/domains/puc.com.ua/vendor/laravel/framework/src/Illuminate/Routing/Middleware/SubstituteBindings.php(41): Illuminate\\Routing\\Pipeline->Illuminate\\Routing\\{closure}(Object(Illuminate\\Http\\Request))
#25 /home/puccomua/domains/puc.com.ua/vendor/laravel/framework/src/Illuminate/Pipeline/Pipeline.php(163): Illuminate\\Routing\\Middleware\\SubstituteBindings->handle(Object(Illuminate\\Http\\Request), Object(Closure))
#26 /home/puccomua/domains/puc.com.ua/vendor/laravel/framework/src/Illuminate/Routing/Pipeline.php(53): Illuminate\\Pipeline\\Pipeline->Illuminate\\Pipeline\\{closure}(Object(Illuminate\\Http\\Request))
#27 /home/puccomua/domains/puc.com.ua/vendor/laravel/framework/src/Illuminate/Foundation/Http/Middleware/VerifyCsrfToken.php(75): Illuminate\\Routing\\Pipeline->Illuminate\\Routing\\{closure}(Object(Illuminate\\Http\\Request))
#28 /home/puccomua/domains/puc.com.ua/vendor/laravel/framework/src/Illuminate/Pipeline/Pipeline.php(163): Illuminate\\Foundation\\Http\\Middleware\\VerifyCsrfToken->handle(Object(Illuminate\\Http\\Request), Object(Closure))
#29 /home/puccomua/domains/puc.com.ua/vendor/laravel/framework/src/Illuminate/Routing/Pipeline.php(53): Illuminate\\Pipeline\\Pipeline->Illuminate\\Pipeline\\{closure}(Object(Illuminate\\Http\\Request))
#30 /home/puccomua/domains/puc.com.ua/vendor/laravel/framework/src/Illuminate/View/Middleware/ShareErrorsFromSession.php(49): Illuminate\\Routing\\Pipeline->Illuminate\\Routing\\{closure}(Object(Illuminate\\Http\\Request))
#31 /home/puccomua/domains/puc.com.ua/vendor/laravel/framework/src/Illuminate/Pipeline/Pipeline.php(163): Illuminate\\View\\Middleware\\ShareErrorsFromSession->handle(Object(Illuminate\\Http\\Request), Object(Closure))
#32 /home/puccomua/domains/puc.com.ua/vendor/laravel/framework/src/Illuminate/Routing/Pipeline.php(53): Illuminate\\Pipeline\\Pipeline->Illuminate\\Pipeline\\{closure}(Object(Illuminate\\Http\\Request))
#33 /home/puccomua/domains/puc.com.ua/vendor/laravel/framework/src/Illuminate/Session/Middleware/StartSession.php(56): Illuminate\\Routing\\Pipeline->Illuminate\\Routing\\{closure}(Object(Illuminate\\Http\\Request))
#34 /home/puccomua/domains/puc.com.ua/vendor/laravel/framework/src/Illuminate/Pipeline/Pipeline.php(163): Illuminate\\Session\\Middleware\\StartSession->handle(Object(Illuminate\\Http\\Request), Object(Closure))
#35 /home/puccomua/domains/puc.com.ua/vendor/laravel/framework/src/Illuminate/Routing/Pipeline.php(53): Illuminate\\Pipeline\\Pipeline->Illuminate\\Pipeline\\{closure}(Object(Illuminate\\Http\\Request))
#36 /home/puccomua/domains/puc.com.ua/vendor/laravel/framework/src/Illuminate/Cookie/Middleware/AddQueuedCookiesToResponse.php(37): Illuminate\\Routing\\Pipeline->Illuminate\\Routing\\{closure}(Object(Illuminate\\Http\\Request))
#37 /home/puccomua/domains/puc.com.ua/vendor/laravel/framework/src/Illuminate/Pipeline/Pipeline.php(163): Illuminate\\Cookie\\Middleware\\AddQueuedCookiesToResponse->handle(Object(Illuminate\\Http\\Request), Object(Closure))
#38 /home/puccomua/domains/puc.com.ua/vendor/laravel/framework/src/Illuminate/Routing/Pipeline.php(53): Illuminate\\Pipeline\\Pipeline->Illuminate\\Pipeline\\{closure}(Object(Illuminate\\Http\\Request))
#39 /home/puccomua/domains/puc.com.ua/vendor/laravel/framework/src/Illuminate/Cookie/Middleware/EncryptCookies.php(66): Illuminate\\Routing\\Pipeline->Illuminate\\Routing\\{closure}(Object(Illuminate\\Http\\Request))
#40 /home/puccomua/domains/puc.com.ua/vendor/laravel/framework/src/Illuminate/Pipeline/Pipeline.php(163): Illuminate\\Cookie\\Middleware\\EncryptCookies->handle(Object(Illuminate\\Http\\Request), Object(Closure))
#41 /home/puccomua/domains/puc.com.ua/vendor/laravel/framework/src/Illuminate/Routing/Pipeline.php(53): Illuminate\\Pipeline\\Pipeline->Illuminate\\Pipeline\\{closure}(Object(Illuminate\\Http\\Request))
#42 /home/puccomua/domains/puc.com.ua/app/Http/Middleware/Redirect.php(45): Illuminate\\Routing\\Pipeline->Illuminate\\Routing\\{closure}(Object(Illuminate\\Http\\Request))
#43 /home/puccomua/domains/puc.com.ua/vendor/laravel/framework/src/Illuminate/Pipeline/Pipeline.php(163): App\\Http\\Middleware\\Redirect->handle(Object(Illuminate\\Http\\Request), Object(Closure))
#44 /home/puccomua/domains/puc.com.ua/vendor/laravel/framework/src/Illuminate/Routing/Pipeline.php(53): Illuminate\\Pipeline\\Pipeline->Illuminate\\Pipeline\\{closure}(Object(Illuminate\\Http\\Request))
#45 /home/puccomua/domains/puc.com.ua/vendor/laravel/framework/src/Illuminate/Pipeline/Pipeline.php(104): Illuminate\\Routing\\Pipeline->Illuminate\\Routing\\{closure}(Object(Illuminate\\Http\\Request))
#46 /home/puccomua/domains/puc.com.ua/vendor/laravel/framework/src/Illuminate/Routing/Router.php(682): Illuminate\\Pipeline\\Pipeline->then(Object(Closure))
#47 /home/puccomua/domains/puc.com.ua/vendor/laravel/framework/src/Illuminate/Routing/Router.php(657): Illuminate\\Routing\\Router->runRouteWithinStack(Object(Illuminate\\Routing\\Route), Object(Illuminate\\Http\\Request))
#48 /home/puccomua/domains/puc.com.ua/vendor/laravel/framework/src/Illuminate/Routing/Router.php(623): Illuminate\\Routing\\Router->runRoute(Object(Illuminate\\Http\\Request), Object(Illuminate\\Routing\\Route))
#49 /home/puccomua/domains/puc.com.ua/vendor/laravel/framework/src/Illuminate/Routing/Router.php(612): Illuminate\\Routing\\Router->dispatchToRoute(Object(Illuminate\\Http\\Request))
#50 /home/puccomua/domains/puc.com.ua/vendor/laravel/framework/src/Illuminate/Foundation/Http/Kernel.php(176): Illuminate\\Routing\\Router->dispatch(Object(Illuminate\\Http\\Request))
#51 /home/puccomua/domains/puc.com.ua/vendor/laravel/framework/src/Illuminate/Routing/Pipeline.php(30): Illuminate\\Foundation\\Http\\Kernel->Illuminate\\Foundation\\Http\\{closure}(Object(Illuminate\\Http\\Request))
#52 /home/puccomua/domains/puc.com.ua/vendor/barryvdh/laravel-debugbar/src/Middleware/InjectDebugbar.php(58): Illuminate\\Routing\\Pipeline->Illuminate\\Routing\\{closure}(Object(Illuminate\\Http\\Request))
#53 /home/puccomua/domains/puc.com.ua/vendor/laravel/framework/src/Illuminate/Pipeline/Pipeline.php(163): Barryvdh\\Debugbar\\Middleware\\InjectDebugbar->handle(Object(Illuminate\\Http\\Request), Object(Closure))
#54 /home/puccomua/domains/puc.com.ua/vendor/laravel/framework/src/Illuminate/Routing/Pipeline.php(53): Illuminate\\Pipeline\\Pipeline->Illuminate\\Pipeline\\{closure}(Object(Illuminate\\Http\\Request))
#55 /home/puccomua/domains/puc.com.ua/vendor/laravel/framework/src/Illuminate/Foundation/Http/Middleware/TransformsRequest.php(21): Illuminate\\Routing\\Pipeline->Illuminate\\Routing\\{closure}(Object(Illuminate\\Http\\Request))
#56 /home/puccomua/domains/puc.com.ua/vendor/laravel/framework/src/Illuminate/Pipeline/Pipeline.php(163): Illuminate\\Foundation\\Http\\Middleware\\TransformsRequest->handle(Object(Illuminate\\Http\\Request), Object(Closure))
#57 /home/puccomua/domains/puc.com.ua/vendor/laravel/framework/src/Illuminate/Routing/Pipeline.php(53): Illuminate\\Pipeline\\Pipeline->Illuminate\\Pipeline\\{closure}(Object(Illuminate\\Http\\Request))
#58 /home/puccomua/domains/puc.com.ua/vendor/laravel/framework/src/Illuminate/Foundation/Http/Middleware/TransformsRequest.php(21): Illuminate\\Routing\\Pipeline->Illuminate\\Routing\\{closure}(Object(Illuminate\\Http\\Request))
#59 /home/puccomua/domains/puc.com.ua/vendor/laravel/framework/src/Illuminate/Pipeline/Pipeline.php(163): Illuminate\\Foundation\\Http\\Middleware\\TransformsRequest->handle(Object(Illuminate\\Http\\Request), Object(Closure))
#60 /home/puccomua/domains/puc.com.ua/vendor/laravel/framework/src/Illuminate/Routing/Pipeline.php(53): Illuminate\\Pipeline\\Pipeline->Illuminate\\Pipeline\\{closure}(Object(Illuminate\\Http\\Request))
#61 /home/puccomua/domains/puc.com.ua/vendor/laravel/framework/src/Illuminate/Foundation/Http/Middleware/ValidatePostSize.php(27): Illuminate\\Routing\\Pipeline->Illuminate\\Routing\\{closure}(Object(Illuminate\\Http\\Request))
#62 /home/puccomua/domains/puc.com.ua/vendor/laravel/framework/src/Illuminate/Pipeline/Pipeline.php(163): Illuminate\\Foundation\\Http\\Middleware\\ValidatePostSize->handle(Object(Illuminate\\Http\\Request), Object(Closure))
#63 /home/puccomua/domains/puc.com.ua/vendor/laravel/framework/src/Illuminate/Routing/Pipeline.php(53): Illuminate\\Pipeline\\Pipeline->Illuminate\\Pipeline\\{closure}(Object(Illuminate\\Http\\Request))
#64 /home/puccomua/domains/puc.com.ua/vendor/laravel/framework/src/Illuminate/Foundation/Http/Middleware/CheckForMaintenanceMode.php(62): Illuminate\\Routing\\Pipeline->Illuminate\\Routing\\{closure}(Object(Illuminate\\Http\\Request))
#65 /home/puccomua/domains/puc.com.ua/vendor/laravel/framework/src/Illuminate/Pipeline/Pipeline.php(163): Illuminate\\Foundation\\Http\\Middleware\\CheckForMaintenanceMode->handle(Object(Illuminate\\Http\\Request), Object(Closure))
#66 /home/puccomua/domains/puc.com.ua/vendor/laravel/framework/src/Illuminate/Routing/Pipeline.php(53): Illuminate\\Pipeline\\Pipeline->Illuminate\\Pipeline\\{closure}(Object(Illuminate\\Http\\Request))
#67 /home/puccomua/domains/puc.com.ua/vendor/fideloper/proxy/src/TrustProxies.php(57): Illuminate\\Routing\\Pipeline->Illuminate\\Routing\\{closure}(Object(Illuminate\\Http\\Request))
#68 /home/puccomua/domains/puc.com.ua/vendor/laravel/framework/src/Illuminate/Pipeline/Pipeline.php(163): Fideloper\\Proxy\\TrustProxies->handle(Object(Illuminate\\Http\\Request), Object(Closure))
#69 /home/puccomua/domains/puc.com.ua/vendor/laravel/framework/src/Illuminate/Routing/Pipeline.php(53): Illuminate\\Pipeline\\Pipeline->Illuminate\\Pipeline\\{closure}(Object(Illuminate\\Http\\Request))
#70 /home/puccomua/domains/puc.com.ua/vendor/laravel/framework/src/Illuminate/Pipeline/Pipeline.php(104): Illuminate\\Routing\\Pipeline->Illuminate\\Routing\\{closure}(Object(Illuminate\\Http\\Request))
#71 /home/puccomua/domains/puc.com.ua/vendor/laravel/framework/src/Illuminate/Foundation/Http/Kernel.php(151): Illuminate\\Pipeline\\Pipeline->then(Object(Closure))
#72 /home/puccomua/domains/puc.com.ua/vendor/laravel/framework/src/Illuminate/Foundation/Http/Kernel.php(116): Illuminate\\Foundation\\Http\\Kernel->sendRequestThroughRouter(Object(Illuminate\\Http\\Request))
#73 /home/puccomua/domains/puc.com.ua/public/index.php(55): Illuminate\\Foundation\\Http\\Kernel->handle(Object(Illuminate\\Http\\Request))
#74 {main}
"} 
[2021-10-25 22:20:53] local.INFO: LiqPayResponse::{"payment_id":1803676107,"action":"pay","status":"success","version":3,"type":"buy","paytype":"apay","public_key":"i14047737426","acq_id":414963,"order_id":"9023e626","liqpay_order_id":"AWMPIIEY1635186500342794","description":"\u041e\u043f\u043b\u0430\u0442\u0430 \u0437\u0430\u043a\u0430\u0437\u0430 \u0435\u0434\u044b \u043d\u0430 \u0441\u0430\u0439\u0442\u0435.","sender_card_mask2":"535562*43","sender_card_bank":"JSC OSCHADBANK","sender_card_type":"mc","sender_card_country":804,"ip":"159.224.84.119","amount":659,"currency":"UAH","sender_commission":0,"receiver_commission":18.12,"agent_commission":0,"amount_debit":659,"amount_credit":659,"commission_debit":0,"commission_credit":18.12,"currency_debit":"UAH","currency_credit":"UAH","sender_bonus":0,"amount_bonus":0,"authcode_debit":"736614","rrn_debit":"002978086680","mpi_eci":"7","is_3ds":false,"language":"ru","create_date":1635186500346,"end_date":1635186503871,"transaction_id":1803676107}  
[2021-10-25 22:20:53] local.INFO: ORDER::{"id":626,"type":"full","rk_order_id":null,"rk_order_number":null,"rk_order_data":null,"rk_status":null,"rk_order_sum":"0.00","user_id":null,"pharmacy_id":null,"gift_id":"3","name":"\u0414\u043c\u0438\u0442\u0440\u0438\u0439","surname":null,"patronymic":null,"email":null,"phone":"+38 (099) 493 56 24","payment_method":"card","payment_transaction_number":"1803676107","payment_transaction_status":"success","payment_status":"1","delivery_method":"delivery","delivery_address":{"street":"\u0413\u0432\u0430\u0440\u0434\u0435\u0439\u0446\u0435\u0432 \u0428\u0438\u0440\u043e\u043d\u0438\u043d\u0446\u0435\u0432","house":"14\u0412","entrance":null,"floor":"2","apartment":"51"},"delivery_free":"1","coupon":null,"amount":"659.00","discount":null,"amount_less_discount":null,"status":"1","call_me_back":"1","birthday":"0","surrender":null,"person":null,"attach_file":null,"comment":"\u041f\u043e\u0434\u044a\u0435\u0437\u0434 4, \u0434\u043e\u043c\u043e\u0444\u043e\u043d \u0440\u0430\u0431\u043e\u0442\u0430\u0435\u0442","manager_comment":null,"pre_order_at":"2021-10-25 22:58:02","created_at":"2021-10-25 21:28:02","updated_at":"2021-10-25 21:28:24"}  
[2021-10-25 22:20:53] local.INFO: SIGNATURE::1  
[2021-10-25 22:20:54] local.INFO: LiqPayResponse::{"payment_id":1803676107,"action":"pay","status":"success","version":3,"type":"buy","paytype":"apay","public_key":"i14047737426","acq_id":414963,"order_id":"9023e626","liqpay_order_id":"AWMPIIEY1635186500342794","description":"\u041e\u043f\u043b\u0430\u0442\u0430 \u0437\u0430\u043a\u0430\u0437\u0430 \u0435\u0434\u044b \u043d\u0430 \u0441\u0430\u0439\u0442\u0435.","sender_card_mask2":"535562*43","sender_card_bank":"JSC OSCHADBANK","sender_card_type":"mc","sender_card_country":804,"ip":"159.224.84.119","amount":659,"currency":"UAH","sender_commission":0,"receiver_commission":18.12,"agent_commission":0,"amount_debit":659,"amount_credit":659,"commission_debit":0,"commission_credit":18.12,"currency_debit":"UAH","currency_credit":"UAH","sender_bonus":0,"amount_bonus":0,"authcode_debit":"736614","rrn_debit":"002978086680","mpi_eci":"7","is_3ds":false,"language":"ru","create_date":1635186500346,"end_date":1635186503871,"transaction_id":1803676107}  
[2021-10-25 22:20:54] local.INFO: ORDER::{"id":626,"type":"full","rk_order_id":null,"rk_order_number":null,"rk_order_data":null,"rk_status":null,"rk_order_sum":"0.00","user_id":null,"pharmacy_id":null,"gift_id":"3","name":"\u0414\u043c\u0438\u0442\u0440\u0438\u0439","surname":null,"patronymic":null,"email":null,"phone":"+38 (099) 493 56 24","payment_method":"card","payment_transaction_number":"1803676107","payment_transaction_status":"success","payment_status":"1","delivery_method":"delivery","delivery_address":{"street":"\u0413\u0432\u0430\u0440\u0434\u0435\u0439\u0446\u0435\u0432 \u0428\u0438\u0440\u043e\u043d\u0438\u043d\u0446\u0435\u0432","house":"14\u0412","entrance":null,"floor":"2","apartment":"51"},"delivery_free":"1","coupon":null,"amount":"659.00","discount":null,"amount_less_discount":null,"status":"1","call_me_back":"1","birthday":"0","surrender":null,"person":null,"attach_file":null,"comment":"\u041f\u043e\u0434\u044a\u0435\u0437\u0434 4, \u0434\u043e\u043c\u043e\u0444\u043e\u043d \u0440\u0430\u0431\u043e\u0442\u0430\u0435\u0442","manager_comment":null,"pre_order_at":"2021-10-25 22:58:02","created_at":"2021-10-25 21:28:02","updated_at":"2021-10-25 21:28:24"}  
[2021-10-25 22:20:54] local.INFO: SIGNATURE::1  
[2021-10-25 22:20:55] local.INFO: LiqPayResponse::{"payment_id":1803676107,"action":"pay","status":"success","version":3,"type":"buy","paytype":"apay","public_key":"i14047737426","acq_id":414963,"order_id":"9023e626","liqpay_order_id":"AWMPIIEY1635186500342794","description":"\u041e\u043f\u043b\u0430\u0442\u0430 \u0437\u0430\u043a\u0430\u0437\u0430 \u0435\u0434\u044b \u043d\u0430 \u0441\u0430\u0439\u0442\u0435.","sender_card_mask2":"535562*43","sender_card_bank":"JSC OSCHADBANK","sender_card_type":"mc","sender_card_country":804,"ip":"159.224.84.119","amount":659,"currency":"UAH","sender_commission":0,"receiver_commission":18.12,"agent_commission":0,"amount_debit":659,"amount_credit":659,"commission_debit":0,"commission_credit":18.12,"currency_debit":"UAH","currency_credit":"UAH","sender_bonus":0,"amount_bonus":0,"authcode_debit":"736614","rrn_debit":"002978086680","mpi_eci":"7","is_3ds":false,"language":"ru","create_date":1635186500346,"end_date":1635186503871,"transaction_id":1803676107}  
[2021-10-25 22:20:55] local.INFO: ORDER::{"id":626,"type":"full","rk_order_id":null,"rk_order_number":null,"rk_order_data":null,"rk_status":null,"rk_order_sum":"0.00","user_id":null,"pharmacy_id":null,"gift_id":"3","name":"\u0414\u043c\u0438\u0442\u0440\u0438\u0439","surname":null,"patronymic":null,"email":null,"phone":"+38 (099) 493 56 24","payment_method":"card","payment_transaction_number":"1803676107","payment_transaction_status":"success","payment_status":"1","delivery_method":"delivery","delivery_address":{"street":"\u0413\u0432\u0430\u0440\u0434\u0435\u0439\u0446\u0435\u0432 \u0428\u0438\u0440\u043e\u043d\u0438\u043d\u0446\u0435\u0432","house":"14\u0412","entrance":null,"floor":"2","apartment":"51"},"delivery_free":"1","coupon":null,"amount":"659.00","discount":null,"amount_less_discount":null,"status":"1","call_me_back":"1","birthday":"0","surrender":null,"person":null,"attach_file":null,"comment":"\u041f\u043e\u0434\u044a\u0435\u0437\u0434 4, \u0434\u043e\u043c\u043e\u0444\u043e\u043d \u0440\u0430\u0431\u043e\u0442\u0430\u0435\u0442","manager_comment":null,"pre_order_at":"2021-10-25 22:58:02","created_at":"2021-10-25 21:28:02","updated_at":"2021-10-25 21:28:24"}  
[2021-10-25 22:20:55] local.INFO: SIGNATURE::1  
[2021-10-25 22:20:56] local.INFO: LiqPayResponse::{"payment_id":1803676107,"action":"pay","status":"success","version":3,"type":"buy","paytype":"apay","public_key":"i14047737426","acq_id":414963,"order_id":"9023e626","liqpay_order_id":"AWMPIIEY1635186500342794","description":"\u041e\u043f\u043b\u0430\u0442\u0430 \u0437\u0430\u043a\u0430\u0437\u0430 \u0435\u0434\u044b \u043d\u0430 \u0441\u0430\u0439\u0442\u0435.","sender_card_mask2":"535562*43","sender_card_bank":"JSC OSCHADBANK","sender_card_type":"mc","sender_card_country":804,"ip":"159.224.84.119","amount":659,"currency":"UAH","sender_commission":0,"receiver_commission":18.12,"agent_commission":0,"amount_debit":659,"amount_credit":659,"commission_debit":0,"commission_credit":18.12,"currency_debit":"UAH","currency_credit":"UAH","sender_bonus":0,"amount_bonus":0,"authcode_debit":"736614","rrn_debit":"002978086680","mpi_eci":"7","is_3ds":false,"language":"ru","create_date":1635186500346,"end_date":1635186503871,"transaction_id":1803676107}  
[2021-10-25 22:20:56] local.INFO: ORDER::{"id":626,"type":"full","rk_order_id":null,"rk_order_number":null,"rk_order_data":null,"rk_status":null,"rk_order_sum":"0.00","user_id":null,"pharmacy_id":null,"gift_id":"3","name":"\u0414\u043c\u0438\u0442\u0440\u0438\u0439","surname":null,"patronymic":null,"email":null,"phone":"+38 (099) 493 56 24","payment_method":"card","payment_transaction_number":"1803676107","payment_transaction_status":"success","payment_status":"1","delivery_method":"delivery","delivery_address":{"street":"\u0413\u0432\u0430\u0440\u0434\u0435\u0439\u0446\u0435\u0432 \u0428\u0438\u0440\u043e\u043d\u0438\u043d\u0446\u0435\u0432","house":"14\u0412","entrance":null,"floor":"2","apartment":"51"},"delivery_free":"1","coupon":null,"amount":"659.00","discount":null,"amount_less_discount":null,"status":"1","call_me_back":"1","birthday":"0","surrender":null,"person":null,"attach_file":null,"comment":"\u041f\u043e\u0434\u044a\u0435\u0437\u0434 4, \u0434\u043e\u043c\u043e\u0444\u043e\u043d \u0440\u0430\u0431\u043e\u0442\u0430\u0435\u0442","manager_comment":null,"pre_order_at":"2021-10-25 22:58:02","created_at":"2021-10-25 21:28:02","updated_at":"2021-10-25 21:28:24"}  
[2021-10-25 22:20:56] local.INFO: SIGNATURE::1  
[2021-10-25 22:20:57] local.INFO: LiqPayResponse::{"payment_id":1803676107,"action":"pay","status":"success","version":3,"type":"buy","paytype":"apay","public_key":"i14047737426","acq_id":414963,"order_id":"9023e626","liqpay_order_id":"AWMPIIEY1635186500342794","description":"\u041e\u043f\u043b\u0430\u0442\u0430 \u0437\u0430\u043a\u0430\u0437\u0430 \u0435\u0434\u044b \u043d\u0430 \u0441\u0430\u0439\u0442\u0435.","sender_card_mask2":"535562*43","sender_card_bank":"JSC OSCHADBANK","sender_card_type":"mc","sender_card_country":804,"ip":"159.224.84.119","amount":659,"currency":"UAH","sender_commission":0,"receiver_commission":18.12,"agent_commission":0,"amount_debit":659,"amount_credit":659,"commission_debit":0,"commission_credit":18.12,"currency_debit":"UAH","currency_credit":"UAH","sender_bonus":0,"amount_bonus":0,"authcode_debit":"736614","rrn_debit":"002978086680","mpi_eci":"7","is_3ds":false,"language":"ru","create_date":1635186500346,"end_date":1635186503871,"transaction_id":1803676107}  
[2021-10-25 22:20:57] local.INFO: ORDER::{"id":626,"type":"full","rk_order_id":null,"rk_order_number":null,"rk_order_data":null,"rk_status":null,"rk_order_sum":"0.00","user_id":null,"pharmacy_id":null,"gift_id":"3","name":"\u0414\u043c\u0438\u0442\u0440\u0438\u0439","surname":null,"patronymic":null,"email":null,"phone":"+38 (099) 493 56 24","payment_method":"card","payment_transaction_number":"1803676107","payment_transaction_status":"success","payment_status":"1","delivery_method":"delivery","delivery_address":{"street":"\u0413\u0432\u0430\u0440\u0434\u0435\u0439\u0446\u0435\u0432 \u0428\u0438\u0440\u043e\u043d\u0438\u043d\u0446\u0435\u0432","house":"14\u0412","entrance":null,"floor":"2","apartment":"51"},"delivery_free":"1","coupon":null,"amount":"659.00","discount":null,"amount_less_discount":null,"status":"1","call_me_back":"1","birthday":"0","surrender":null,"person":null,"attach_file":null,"comment":"\u041f\u043e\u0434\u044a\u0435\u0437\u0434 4, \u0434\u043e\u043c\u043e\u0444\u043e\u043d \u0440\u0430\u0431\u043e\u0442\u0430\u0435\u0442","manager_comment":null,"pre_order_at":"2021-10-25 22:58:02","created_at":"2021-10-25 21:28:02","updated_at":"2021-10-25 21:28:24"}  
[2021-10-25 22:20:57] local.INFO: SIGNATURE::1  
[2021-10-25 22:20:57] local.INFO: LiqPayResponse::{"payment_id":1803676107,"action":"pay","status":"success","version":3,"type":"buy","paytype":"apay","public_key":"i14047737426","acq_id":414963,"order_id":"9023e626","liqpay_order_id":"AWMPIIEY1635186500342794","description":"\u041e\u043f\u043b\u0430\u0442\u0430 \u0437\u0430\u043a\u0430\u0437\u0430 \u0435\u0434\u044b \u043d\u0430 \u0441\u0430\u0439\u0442\u0435.","sender_card_mask2":"535562*43","sender_card_bank":"JSC OSCHADBANK","sender_card_type":"mc","sender_card_country":804,"ip":"159.224.84.119","amount":659,"currency":"UAH","sender_commission":0,"receiver_commission":18.12,"agent_commission":0,"amount_debit":659,"amount_credit":659,"commission_debit":0,"commission_credit":18.12,"currency_debit":"UAH","currency_credit":"UAH","sender_bonus":0,"amount_bonus":0,"authcode_debit":"736614","rrn_debit":"002978086680","mpi_eci":"7","is_3ds":false,"language":"ru","create_date":1635186500346,"end_date":1635186503871,"transaction_id":1803676107}  
[2021-10-25 22:20:57] local.INFO: ORDER::{"id":626,"type":"full","rk_order_id":null,"rk_order_number":null,"rk_order_data":null,"rk_status":null,"rk_order_sum":"0.00","user_id":null,"pharmacy_id":null,"gift_id":"3","name":"\u0414\u043c\u0438\u0442\u0440\u0438\u0439","surname":null,"patronymic":null,"email":null,"phone":"+38 (099) 493 56 24","payment_method":"card","payment_transaction_number":"1803676107","payment_transaction_status":"success","payment_status":"1","delivery_method":"delivery","delivery_address":{"street":"\u0413\u0432\u0430\u0440\u0434\u0435\u0439\u0446\u0435\u0432 \u0428\u0438\u0440\u043e\u043d\u0438\u043d\u0446\u0435\u0432","house":"14\u0412","entrance":null,"floor":"2","apartment":"51"},"delivery_free":"1","coupon":null,"amount":"659.00","discount":null,"amount_less_discount":null,"status":"1","call_me_back":"1","birthday":"0","surrender":null,"person":null,"attach_file":null,"comment":"\u041f\u043e\u0434\u044a\u0435\u0437\u0434 4, \u0434\u043e\u043c\u043e\u0444\u043e\u043d \u0440\u0430\u0431\u043e\u0442\u0430\u0435\u0442","manager_comment":null,"pre_order_at":"2021-10-25 22:58:02","created_at":"2021-10-25 21:28:02","updated_at":"2021-10-25 21:28:24"}  
[2021-10-25 22:20:57] local.INFO: SIGNATURE::1  
[2021-10-25 22:20:58] local.INFO: LiqPayResponse::{"payment_id":1803676107,"action":"pay","status":"success","version":3,"type":"buy","paytype":"apay","public_key":"i14047737426","acq_id":414963,"order_id":"9023e626","liqpay_order_id":"AWMPIIEY1635186500342794","description":"\u041e\u043f\u043b\u0430\u0442\u0430 \u0437\u0430\u043a\u0430\u0437\u0430 \u0435\u0434\u044b \u043d\u0430 \u0441\u0430\u0439\u0442\u0435.","sender_card_mask2":"535562*43","sender_card_bank":"JSC OSCHADBANK","sender_card_type":"mc","sender_card_country":804,"ip":"159.224.84.119","amount":659,"currency":"UAH","sender_commission":0,"receiver_commission":18.12,"agent_commission":0,"amount_debit":659,"amount_credit":659,"commission_debit":0,"commission_credit":18.12,"currency_debit":"UAH","currency_credit":"UAH","sender_bonus":0,"amount_bonus":0,"authcode_debit":"736614","rrn_debit":"002978086680","mpi_eci":"7","is_3ds":false,"language":"ru","create_date":1635186500346,"end_date":1635186503871,"transaction_id":1803676107}  
[2021-10-25 22:20:58] local.INFO: ORDER::{"id":626,"type":"full","rk_order_id":null,"rk_order_number":null,"rk_order_data":null,"rk_status":null,"rk_order_sum":"0.00","user_id":null,"pharmacy_id":null,"gift_id":"3","name":"\u0414\u043c\u0438\u0442\u0440\u0438\u0439","surname":null,"patronymic":null,"email":null,"phone":"+38 (099) 493 56 24","payment_method":"card","payment_transaction_number":"1803676107","payment_transaction_status":"success","payment_status":"1","delivery_method":"delivery","delivery_address":{"street":"\u0413\u0432\u0430\u0440\u0434\u0435\u0439\u0446\u0435\u0432 \u0428\u0438\u0440\u043e\u043d\u0438\u043d\u0446\u0435\u0432","house":"14\u0412","entrance":null,"floor":"2","apartment":"51"},"delivery_free":"1","coupon":null,"amount":"659.00","discount":null,"amount_less_discount":null,"status":"1","call_me_back":"1","birthday":"0","surrender":null,"person":null,"attach_file":null,"comment":"\u041f\u043e\u0434\u044a\u0435\u0437\u0434 4, \u0434\u043e\u043c\u043e\u0444\u043e\u043d \u0440\u0430\u0431\u043e\u0442\u0430\u0435\u0442","manager_comment":null,"pre_order_at":"2021-10-25 22:58:02","created_at":"2021-10-25 21:28:02","updated_at":"2021-10-25 21:28:24"}  
[2021-10-25 22:20:58] local.INFO: SIGNATURE::1  
[2021-10-25 22:20:59] local.INFO: LiqPayResponse::{"payment_id":1803676107,"action":"pay","status":"success","version":3,"type":"buy","paytype":"apay","public_key":"i14047737426","acq_id":414963,"order_id":"9023e626","liqpay_order_id":"AWMPIIEY1635186500342794","description":"\u041e\u043f\u043b\u0430\u0442\u0430 \u0437\u0430\u043a\u0430\u0437\u0430 \u0435\u0434\u044b \u043d\u0430 \u0441\u0430\u0439\u0442\u0435.","sender_card_mask2":"535562*43","sender_card_bank":"JSC OSCHADBANK","sender_card_type":"mc","sender_card_country":804,"ip":"159.224.84.119","amount":659,"currency":"UAH","sender_commission":0,"receiver_commission":18.12,"agent_commission":0,"amount_debit":659,"amount_credit":659,"commission_debit":0,"commission_credit":18.12,"currency_debit":"UAH","currency_credit":"UAH","sender_bonus":0,"amount_bonus":0,"authcode_debit":"736614","rrn_debit":"002978086680","mpi_eci":"7","is_3ds":false,"language":"ru","create_date":1635186500346,"end_date":1635186503871,"transaction_id":1803676107}  
[2021-10-25 22:20:59] local.INFO: ORDER::{"id":626,"type":"full","rk_order_id":null,"rk_order_number":null,"rk_order_data":null,"rk_status":null,"rk_order_sum":"0.00","user_id":null,"pharmacy_id":null,"gift_id":"3","name":"\u0414\u043c\u0438\u0442\u0440\u0438\u0439","surname":null,"patronymic":null,"email":null,"phone":"+38 (099) 493 56 24","payment_method":"card","payment_transaction_number":"1803676107","payment_transaction_status":"success","payment_status":"1","delivery_method":"delivery","delivery_address":{"street":"\u0413\u0432\u0430\u0440\u0434\u0435\u0439\u0446\u0435\u0432 \u0428\u0438\u0440\u043e\u043d\u0438\u043d\u0446\u0435\u0432","house":"14\u0412","entrance":null,"floor":"2","apartment":"51"},"delivery_free":"1","coupon":null,"amount":"659.00","discount":null,"amount_less_discount":null,"status":"1","call_me_back":"1","birthday":"0","surrender":null,"person":null,"attach_file":null,"comment":"\u041f\u043e\u0434\u044a\u0435\u0437\u0434 4, \u0434\u043e\u043c\u043e\u0444\u043e\u043d \u0440\u0430\u0431\u043e\u0442\u0430\u0435\u0442","manager_comment":null,"pre_order_at":"2021-10-25 22:58:02","created_at":"2021-10-25 21:28:02","updated_at":"2021-10-25 21:28:24"}  
[2021-10-25 22:20:59] local.INFO: SIGNATURE::1  
