[2021-10-16 15:23:39] local.INFO: DATA::{"payment_id":1795049522,"action":"pay","status":"success","version":3,"type":"buy","paytype":"card","public_key":"i14047737426","acq_id":414963,"order_id":"c81e1448","liqpay_order_id":"9K11O8P01634387016015459","description":"\u041e\u043f\u043b\u0430\u0442\u0430 \u0437\u0430\u043a\u0430\u0437\u0430 \u0435\u0434\u044b \u043d\u0430 \u0441\u0430\u0439\u0442\u0435.","sender_card_mask2":"414951*80","sender_card_bank":"RAIFFEISEN BANK AVAL PJSC","sender_card_type":"visa","sender_card_country":804,"ip":"188.163.51.67","amount":589,"currency":"UAH","sender_commission":0,"receiver_commission":16.2,"agent_commission":0,"amount_debit":589,"amount_credit":589,"commission_debit":0,"commission_credit":16.2,"currency_debit":"UAH","currency_credit":"UAH","sender_bonus":0,"amount_bonus":0,"authcode_debit":"373055","rrn_debit":"002962119216","mpi_eci":"5","is_3ds":true,"language":"ru","create_date":1634386995096,"end_date":1634387018717,"transaction_id":1795049522}  
[2021-10-16 15:23:39] local.INFO: ORDER::{"id":448,"type":"full","rk_order_id":null,"rk_order_number":null,"rk_order_data":null,"rk_status":null,"rk_order_sum":"0.00","user_id":null,"pharmacy_id":null,"gift_id":"3","name":"\u0412\u0438\u043a\u0442\u043e\u0440\u0438\u044f","surname":null,"patronymic":null,"email":null,"phone":"+38 (097) 676 41 65","payment_method":"card","payment_transaction_number":null,"payment_transaction_status":null,"payment_status":"0","delivery_method":"delivery","delivery_address":{"street":"\u0412\u0430\u043b\u0435\u043d\u0442\u0438\u043d\u043e\u0432\u0441\u043a\u0430\u044f","house":"20","entrance":null,"floor":"12","apartment":"189"},"delivery_free":"1","coupon":null,"amount":"589.00","discount":null,"amount_less_discount":null,"status":"0","call_me_back":"1","birthday":"0","surrender":null,"person":null,"attach_file":null,"comment":null,"manager_comment":null,"pre_order_at":"2021-10-16 16:52:18","created_at":"2021-10-16 15:22:18","updated_at":"2021-10-16 15:22:18"}  
[2021-10-16 15:23:39] local.INFO: SIGNATURE::1  
[2021-10-16 15:23:39] local.INFO: DATA2::{"payment_id":1795049522,"action":"pay","status":"success","version":3,"type":"buy","paytype":"card","public_key":"i14047737426","acq_id":414963,"order_id":"c81e1448","liqpay_order_id":"9K11O8P01634387016015459","description":"\u041e\u043f\u043b\u0430\u0442\u0430 \u0437\u0430\u043a\u0430\u0437\u0430 \u0435\u0434\u044b \u043d\u0430 \u0441\u0430\u0439\u0442\u0435.","sender_card_mask2":"414951*80","sender_card_bank":"RAIFFEISEN BANK AVAL PJSC","sender_card_type":"visa","sender_card_country":804,"ip":"188.163.51.67","amount":589,"currency":"UAH","sender_commission":0,"receiver_commission":16.2,"agent_commission":0,"amount_debit":589,"amount_credit":589,"commission_debit":0,"commission_credit":16.2,"currency_debit":"UAH","currency_credit":"UAH","sender_bonus":0,"amount_bonus":0,"authcode_debit":"373055","rrn_debit":"002962119216","mpi_eci":"5","is_3ds":true,"language":"ru","create_date":1634386995096,"end_date":1634387018717,"transaction_id":1795049522,"tid":"301289446182996"}  
[2021-10-16 15:23:50] local.INFO: DATA::{"payment_id":1795049522,"action":"pay","status":"success","version":3,"type":"buy","paytype":"card","public_key":"i14047737426","acq_id":414963,"order_id":"c81e1448","liqpay_order_id":"9K11O8P01634387016015459","description":"\u041e\u043f\u043b\u0430\u0442\u0430 \u0437\u0430\u043a\u0430\u0437\u0430 \u0435\u0434\u044b \u043d\u0430 \u0441\u0430\u0439\u0442\u0435.","sender_card_mask2":"414951*80","sender_card_bank":"RAIFFEISEN BANK AVAL PJSC","sender_card_type":"visa","sender_card_country":804,"ip":"188.163.51.67","amount":589,"currency":"UAH","sender_commission":0,"receiver_commission":16.2,"agent_commission":0,"amount_debit":589,"amount_credit":589,"commission_debit":0,"commission_credit":16.2,"currency_debit":"UAH","currency_credit":"UAH","sender_bonus":0,"amount_bonus":0,"authcode_debit":"373055","rrn_debit":"002962119216","mpi_eci":"5","is_3ds":true,"language":"ru","create_date":1634386995096,"end_date":1634387018717,"transaction_id":1795049522}  
[2021-10-16 15:23:50] local.INFO: ORDER::{"id":448,"type":"full","rk_order_id":"c4e6a7c5-d61e-406e-955a-46c448606aa4","rk_order_number":"54617","rk_order_data":null,"rk_status":null,"rk_order_sum":"589.00","user_id":null,"pharmacy_id":null,"gift_id":"3","name":"\u0412\u0438\u043a\u0442\u043e\u0440\u0438\u044f","surname":null,"patronymic":null,"email":null,"phone":"+38 (097) 676 41 65","payment_method":"card","payment_transaction_number":"1795049522","payment_transaction_status":"success","payment_status":"1","delivery_method":"delivery","delivery_address":{"street":"\u0412\u0430\u043b\u0435\u043d\u0442\u0438\u043d\u043e\u0432\u0441\u043a\u0430\u044f","house":"20","entrance":null,"floor":"12","apartment":"189"},"delivery_free":"1","coupon":null,"amount":"589.00","discount":null,"amount_less_discount":null,"status":"1","call_me_back":"1","birthday":"0","surrender":null,"person":null,"attach_file":null,"comment":null,"manager_comment":null,"pre_order_at":"2021-10-16 16:52:18","created_at":"2021-10-16 15:22:18","updated_at":"2021-10-16 15:23:39"}  
[2021-10-16 15:23:50] local.INFO: SIGNATURE::1  
[2021-10-16 15:23:51] local.ERROR: DeliveryOrderItems: Items collections is empty {"exception":"[object] (Iiko\\Biz\\Exception\\IikoResponseException(code: 100): DeliveryOrderItems: Items collections is empty at /home/puccomua/domains/puc.com.ua/vendor/andriymiz/iiko-biz-api/src/Iiko/Biz/Api/AbstractApi.php:77)
[stacktrace]
#0 /home/puccomua/domains/puc.com.ua/vendor/andriymiz/iiko-biz-api/src/Iiko/Biz/Api/Orders.php(14): Iiko\\Biz\\Api\\AbstractApi->post('orders/add', '{\"organization\"...', Array)
#1 /home/puccomua/domains/puc.com.ua/app/Http/Controllers/Frontend/Shop/LiqPayController.php(136): Iiko\\Biz\\Api\\Orders->addOrder(Array)
#2 [internal function]: App\\Http\\Controllers\\Frontend\\Shop\\LiqPayController->paymentResponse(Object(App\\Http\\Requests\\LiqpayRequest))
#3 /home/puccomua/domains/puc.com.ua/vendor/laravel/framework/src/Illuminate/Routing/Controller.php(54): call_user_func_array(Array, Array)
#4 /home/puccomua/domains/puc.com.ua/vendor/laravel/framework/src/Illuminate/Routing/ControllerDispatcher.php(45): Illuminate\\Routing\\Controller->callAction('paymentResponse', Array)
#5 /home/puccomua/domains/puc.com.ua/vendor/laravel/framework/src/Illuminate/Routing/Route.php(219): Illuminate\\Routing\\ControllerDispatcher->dispatch(Object(Illuminate\\Routing\\Route), Object(App\\Http\\Controllers\\Frontend\\Shop\\LiqPayController), 'paymentResponse')
#6 /home/puccomua/domains/puc.com.ua/vendor/laravel/framework/src/Illuminate/Routing/Route.php(176): Illuminate\\Routing\\Route->runController()
#7 /home/puccomua/domains/puc.com.ua/vendor/laravel/framework/src/Illuminate/Routing/Router.php(680): Illuminate\\Routing\\Route->run()
#8 /home/puccomua/domains/puc.com.ua/vendor/laravel/framework/src/Illuminate/Routing/Pipeline.php(30): Illuminate\\Routing\\Router->Illuminate\\Routing\\{closure}(Object(Illuminate\\Http\\Request))
#9 /home/puccomua/domains/puc.com.ua/app/Http/Controllers/Controller.php(63): Illuminate\\Routing\\Pipeline->Illuminate\\Routing\\{closure}(Object(Illuminate\\Http\\Request))
#10 /home/puccomua/domains/puc.com.ua/vendor/laravel/framework/src/Illuminate/Pipeline/Pipeline.php(145): App\\Http\\Controllers\\Controller->App\\Http\\Controllers\\{closure}(Object(Illuminate\\Http\\Request), Object(Closure))
#11 /home/puccomua/domains/puc.com.ua/vendor/laravel/framework/src/Illuminate/Routing/Pipeline.php(53): Illuminate\\Pipeline\\Pipeline->Illuminate\\Pipeline\\{closure}(Object(Illuminate\\Http\\Request))
#12 /home/puccomua/domains/puc.com.ua/app/Http/Middleware/ResponseRender.php(16): Illuminate\\Routing\\Pipeline->Illuminate\\Routing\\{closure}(Object(Illuminate\\Http\\Request))
#13 /home/puccomua/domains/puc.com.ua/vendor/laravel/framework/src/Illuminate/Pipeline/Pipeline.php(163): App\\Http\\Middleware\\ResponseRender->handle(Object(Illuminate\\Http\\Request), Object(Closure))
#14 /home/puccomua/domains/puc.com.ua/vendor/laravel/framework/src/Illuminate/Routing/Pipeline.php(53): Illuminate\\Pipeline\\Pipeline->Illuminate\\Pipeline\\{closure}(Object(Illuminate\\Http\\Request))
#15 /home/puccomua/domains/puc.com.ua/vendor/mcamara/laravel-localization/src/Mcamara/LaravelLocalization/Middleware/LaravelLocalizationViewPath.php(33): Illuminate\\Routing\\Pipeline->Illuminate\\Routing\\{closure}(Object(Illuminate\\Http\\Request))
#16 /home/puccomua/domains/puc.com.ua/vendor/laravel/framework/src/Illuminate/Pipeline/Pipeline.php(163): Mcamara\\LaravelLocalization\\Middleware\\LaravelLocalizationViewPath->handle(Object(Illuminate\\Http\\Request), Object(Closure))
#17 /home/puccomua/domains/puc.com.ua/vendor/laravel/framework/src/Illuminate/Routing/Pipeline.php(53): Illuminate\\Pipeline\\Pipeline->Illuminate\\Pipeline\\{closure}(Object(Illuminate\\Http\\Request))
#18 /home/puccomua/domains/puc.com.ua/vendor/mcamara/laravel-localization/src/Mcamara/LaravelLocalization/Middleware/LaravelLocalizationRedirectFilter.php(45): Illuminate\\Routing\\Pipeline->Illuminate\\Routing\\{closure}(Object(Illuminate\\Http\\Request))
#19 /home/puccomua/domains/puc.com.ua/vendor/laravel/framework/src/Illuminate/Pipeline/Pipeline.php(163): Mcamara\\LaravelLocalization\\Middleware\\LaravelLocalizationRedirectFilter->handle(Object(Illuminate\\Http\\Request), Object(Closure))
#20 /home/puccomua/domains/puc.com.ua/vendor/laravel/framework/src/Illuminate/Routing/Pipeline.php(53): Illuminate\\Pipeline\\Pipeline->Illuminate\\Pipeline\\{closure}(Object(Illuminate\\Http\\Request))
#21 /home/puccomua/domains/puc.com.ua/vendor/mcamara/laravel-localization/src/Mcamara/LaravelLocalization/Middleware/LaravelLocalizationRoutes.php(30): Illuminate\\Routing\\Pipeline->Illuminate\\Routing\\{closure}(Object(Illuminate\\Http\\Request))
#22 /home/puccomua/domains/puc.com.ua/vendor/laravel/framework/src/Illuminate/Pipeline/Pipeline.php(163): Mcamara\\LaravelLocalization\\Middleware\\LaravelLocalizationRoutes->handle(Object(Illuminate\\Http\\Request), Object(Closure))
#23 /home/puccomua/domains/puc.com.ua/vendor/laravel/framework/src/Illuminate/Routing/Pipeline.php(53): Illuminate\\Pipeline\\Pipeline->Illuminate\\Pipeline\\{closure}(Object(Illuminate\\Http\\Request))
#24 /home/puccomua/domains/puc.com.ua/vendor/laravel/framework/src/Illuminate/Routing/Middleware/SubstituteBindings.php(41): Illuminate\\Routing\\Pipeline->Illuminate\\Routing\\{closure}(Object(Illuminate\\Http\\Request))
#25 /home/puccomua/domains/puc.com.ua/vendor/laravel/framework/src/Illuminate/Pipeline/Pipeline.php(163): Illuminate\\Routing\\Middleware\\SubstituteBindings->handle(Object(Illuminate\\Http\\Request), Object(Closure))
#26 /home/puccomua/domains/puc.com.ua/vendor/laravel/framework/src/Illuminate/Routing/Pipeline.php(53): Illuminate\\Pipeline\\Pipeline->Illuminate\\Pipeline\\{closure}(Object(Illuminate\\Http\\Request))
#27 /home/puccomua/domains/puc.com.ua/vendor/laravel/framework/src/Illuminate/Foundation/Http/Middleware/VerifyCsrfToken.php(75): Illuminate\\Routing\\Pipeline->Illuminate\\Routing\\{closure}(Object(Illuminate\\Http\\Request))
#28 /home/puccomua/domains/puc.com.ua/vendor/laravel/framework/src/Illuminate/Pipeline/Pipeline.php(163): Illuminate\\Foundation\\Http\\Middleware\\VerifyCsrfToken->handle(Object(Illuminate\\Http\\Request), Object(Closure))
#29 /home/puccomua/domains/puc.com.ua/vendor/laravel/framework/src/Illuminate/Routing/Pipeline.php(53): Illuminate\\Pipeline\\Pipeline->Illuminate\\Pipeline\\{closure}(Object(Illuminate\\Http\\Request))
#30 /home/puccomua/domains/puc.com.ua/vendor/laravel/framework/src/Illuminate/View/Middleware/ShareErrorsFromSession.php(49): Illuminate\\Routing\\Pipeline->Illuminate\\Routing\\{closure}(Object(Illuminate\\Http\\Request))
#31 /home/puccomua/domains/puc.com.ua/vendor/laravel/framework/src/Illuminate/Pipeline/Pipeline.php(163): Illuminate\\View\\Middleware\\ShareErrorsFromSession->handle(Object(Illuminate\\Http\\Request), Object(Closure))
#32 /home/puccomua/domains/puc.com.ua/vendor/laravel/framework/src/Illuminate/Routing/Pipeline.php(53): Illuminate\\Pipeline\\Pipeline->Illuminate\\Pipeline\\{closure}(Object(Illuminate\\Http\\Request))
#33 /home/puccomua/domains/puc.com.ua/vendor/laravel/framework/src/Illuminate/Session/Middleware/StartSession.php(56): Illuminate\\Routing\\Pipeline->Illuminate\\Routing\\{closure}(Object(Illuminate\\Http\\Request))
#34 /home/puccomua/domains/puc.com.ua/vendor/laravel/framework/src/Illuminate/Pipeline/Pipeline.php(163): Illuminate\\Session\\Middleware\\StartSession->handle(Object(Illuminate\\Http\\Request), Object(Closure))
#35 /home/puccomua/domains/puc.com.ua/vendor/laravel/framework/src/Illuminate/Routing/Pipeline.php(53): Illuminate\\Pipeline\\Pipeline->Illuminate\\Pipeline\\{closure}(Object(Illuminate\\Http\\Request))
#36 /home/puccomua/domains/puc.com.ua/vendor/laravel/framework/src/Illuminate/Cookie/Middleware/AddQueuedCookiesToResponse.php(37): Illuminate\\Routing\\Pipeline->Illuminate\\Routing\\{closure}(Object(Illuminate\\Http\\Request))
#37 /home/puccomua/domains/puc.com.ua/vendor/laravel/framework/src/Illuminate/Pipeline/Pipeline.php(163): Illuminate\\Cookie\\Middleware\\AddQueuedCookiesToResponse->handle(Object(Illuminate\\Http\\Request), Object(Closure))
#38 /home/puccomua/domains/puc.com.ua/vendor/laravel/framework/src/Illuminate/Routing/Pipeline.php(53): Illuminate\\Pipeline\\Pipeline->Illuminate\\Pipeline\\{closure}(Object(Illuminate\\Http\\Request))
#39 /home/puccomua/domains/puc.com.ua/vendor/laravel/framework/src/Illuminate/Cookie/Middleware/EncryptCookies.php(66): Illuminate\\Routing\\Pipeline->Illuminate\\Routing\\{closure}(Object(Illuminate\\Http\\Request))
#40 /home/puccomua/domains/puc.com.ua/vendor/laravel/framework/src/Illuminate/Pipeline/Pipeline.php(163): Illuminate\\Cookie\\Middleware\\EncryptCookies->handle(Object(Illuminate\\Http\\Request), Object(Closure))
#41 /home/puccomua/domains/puc.com.ua/vendor/laravel/framework/src/Illuminate/Routing/Pipeline.php(53): Illuminate\\Pipeline\\Pipeline->Illuminate\\Pipeline\\{closure}(Object(Illuminate\\Http\\Request))
#42 /home/puccomua/domains/puc.com.ua/app/Http/Middleware/Redirect.php(45): Illuminate\\Routing\\Pipeline->Illuminate\\Routing\\{closure}(Object(Illuminate\\Http\\Request))
#43 /home/puccomua/domains/puc.com.ua/vendor/laravel/framework/src/Illuminate/Pipeline/Pipeline.php(163): App\\Http\\Middleware\\Redirect->handle(Object(Illuminate\\Http\\Request), Object(Closure))
#44 /home/puccomua/domains/puc.com.ua/vendor/laravel/framework/src/Illuminate/Routing/Pipeline.php(53): Illuminate\\Pipeline\\Pipeline->Illuminate\\Pipeline\\{closure}(Object(Illuminate\\Http\\Request))
#45 /home/puccomua/domains/puc.com.ua/vendor/laravel/framework/src/Illuminate/Pipeline/Pipeline.php(104): Illuminate\\Routing\\Pipeline->Illuminate\\Routing\\{closure}(Object(Illuminate\\Http\\Request))
#46 /home/puccomua/domains/puc.com.ua/vendor/laravel/framework/src/Illuminate/Routing/Router.php(682): Illuminate\\Pipeline\\Pipeline->then(Object(Closure))
#47 /home/puccomua/domains/puc.com.ua/vendor/laravel/framework/src/Illuminate/Routing/Router.php(657): Illuminate\\Routing\\Router->runRouteWithinStack(Object(Illuminate\\Routing\\Route), Object(Illuminate\\Http\\Request))
#48 /home/puccomua/domains/puc.com.ua/vendor/laravel/framework/src/Illuminate/Routing/Router.php(623): Illuminate\\Routing\\Router->runRoute(Object(Illuminate\\Http\\Request), Object(Illuminate\\Routing\\Route))
#49 /home/puccomua/domains/puc.com.ua/vendor/laravel/framework/src/Illuminate/Routing/Router.php(612): Illuminate\\Routing\\Router->dispatchToRoute(Object(Illuminate\\Http\\Request))
#50 /home/puccomua/domains/puc.com.ua/vendor/laravel/framework/src/Illuminate/Foundation/Http/Kernel.php(176): Illuminate\\Routing\\Router->dispatch(Object(Illuminate\\Http\\Request))
#51 /home/puccomua/domains/puc.com.ua/vendor/laravel/framework/src/Illuminate/Routing/Pipeline.php(30): Illuminate\\Foundation\\Http\\Kernel->Illuminate\\Foundation\\Http\\{closure}(Object(Illuminate\\Http\\Request))
#52 /home/puccomua/domains/puc.com.ua/vendor/barryvdh/laravel-debugbar/src/Middleware/InjectDebugbar.php(58): Illuminate\\Routing\\Pipeline->Illuminate\\Routing\\{closure}(Object(Illuminate\\Http\\Request))
#53 /home/puccomua/domains/puc.com.ua/vendor/laravel/framework/src/Illuminate/Pipeline/Pipeline.php(163): Barryvdh\\Debugbar\\Middleware\\InjectDebugbar->handle(Object(Illuminate\\Http\\Request), Object(Closure))
#54 /home/puccomua/domains/puc.com.ua/vendor/laravel/framework/src/Illuminate/Routing/Pipeline.php(53): Illuminate\\Pipeline\\Pipeline->Illuminate\\Pipeline\\{closure}(Object(Illuminate\\Http\\Request))
#55 /home/puccomua/domains/puc.com.ua/vendor/laravel/framework/src/Illuminate/Foundation/Http/Middleware/TransformsRequest.php(21): Illuminate\\Routing\\Pipeline->Illuminate\\Routing\\{closure}(Object(Illuminate\\Http\\Request))
#56 /home/puccomua/domains/puc.com.ua/vendor/laravel/framework/src/Illuminate/Pipeline/Pipeline.php(163): Illuminate\\Foundation\\Http\\Middleware\\TransformsRequest->handle(Object(Illuminate\\Http\\Request), Object(Closure))
#57 /home/puccomua/domains/puc.com.ua/vendor/laravel/framework/src/Illuminate/Routing/Pipeline.php(53): Illuminate\\Pipeline\\Pipeline->Illuminate\\Pipeline\\{closure}(Object(Illuminate\\Http\\Request))
#58 /home/puccomua/domains/puc.com.ua/vendor/laravel/framework/src/Illuminate/Foundation/Http/Middleware/TransformsRequest.php(21): Illuminate\\Routing\\Pipeline->Illuminate\\Routing\\{closure}(Object(Illuminate\\Http\\Request))
#59 /home/puccomua/domains/puc.com.ua/vendor/laravel/framework/src/Illuminate/Pipeline/Pipeline.php(163): Illuminate\\Foundation\\Http\\Middleware\\TransformsRequest->handle(Object(Illuminate\\Http\\Request), Object(Closure))
#60 /home/puccomua/domains/puc.com.ua/vendor/laravel/framework/src/Illuminate/Routing/Pipeline.php(53): Illuminate\\Pipeline\\Pipeline->Illuminate\\Pipeline\\{closure}(Object(Illuminate\\Http\\Request))
#61 /home/puccomua/domains/puc.com.ua/vendor/laravel/framework/src/Illuminate/Foundation/Http/Middleware/ValidatePostSize.php(27): Illuminate\\Routing\\Pipeline->Illuminate\\Routing\\{closure}(Object(Illuminate\\Http\\Request))
#62 /home/puccomua/domains/puc.com.ua/vendor/laravel/framework/src/Illuminate/Pipeline/Pipeline.php(163): Illuminate\\Foundation\\Http\\Middleware\\ValidatePostSize->handle(Object(Illuminate\\Http\\Request), Object(Closure))
#63 /home/puccomua/domains/puc.com.ua/vendor/laravel/framework/src/Illuminate/Routing/Pipeline.php(53): Illuminate\\Pipeline\\Pipeline->Illuminate\\Pipeline\\{closure}(Object(Illuminate\\Http\\Request))
#64 /home/puccomua/domains/puc.com.ua/vendor/laravel/framework/src/Illuminate/Foundation/Http/Middleware/CheckForMaintenanceMode.php(62): Illuminate\\Routing\\Pipeline->Illuminate\\Routing\\{closure}(Object(Illuminate\\Http\\Request))
#65 /home/puccomua/domains/puc.com.ua/vendor/laravel/framework/src/Illuminate/Pipeline/Pipeline.php(163): Illuminate\\Foundation\\Http\\Middleware\\CheckForMaintenanceMode->handle(Object(Illuminate\\Http\\Request), Object(Closure))
#66 /home/puccomua/domains/puc.com.ua/vendor/laravel/framework/src/Illuminate/Routing/Pipeline.php(53): Illuminate\\Pipeline\\Pipeline->Illuminate\\Pipeline\\{closure}(Object(Illuminate\\Http\\Request))
#67 /home/puccomua/domains/puc.com.ua/vendor/fideloper/proxy/src/TrustProxies.php(57): Illuminate\\Routing\\Pipeline->Illuminate\\Routing\\{closure}(Object(Illuminate\\Http\\Request))
#68 /home/puccomua/domains/puc.com.ua/vendor/laravel/framework/src/Illuminate/Pipeline/Pipeline.php(163): Fideloper\\Proxy\\TrustProxies->handle(Object(Illuminate\\Http\\Request), Object(Closure))
#69 /home/puccomua/domains/puc.com.ua/vendor/laravel/framework/src/Illuminate/Routing/Pipeline.php(53): Illuminate\\Pipeline\\Pipeline->Illuminate\\Pipeline\\{closure}(Object(Illuminate\\Http\\Request))
#70 /home/puccomua/domains/puc.com.ua/vendor/laravel/framework/src/Illuminate/Pipeline/Pipeline.php(104): Illuminate\\Routing\\Pipeline->Illuminate\\Routing\\{closure}(Object(Illuminate\\Http\\Request))
#71 /home/puccomua/domains/puc.com.ua/vendor/laravel/framework/src/Illuminate/Foundation/Http/Kernel.php(151): Illuminate\\Pipeline\\Pipeline->then(Object(Closure))
#72 /home/puccomua/domains/puc.com.ua/vendor/laravel/framework/src/Illuminate/Foundation/Http/Kernel.php(116): Illuminate\\Foundation\\Http\\Kernel->sendRequestThroughRouter(Object(Illuminate\\Http\\Request))
#73 /home/puccomua/domains/puc.com.ua/public/index.php(55): Illuminate\\Foundation\\Http\\Kernel->handle(Object(Illuminate\\Http\\Request))
#74 {main}
"} 
[2021-10-16 17:05:57] local.INFO: DATA2::{"payment_id":1795128762,"action":"pay","status":"success","version":3,"type":"buy","paytype":"gpay","public_key":"i14047737426","acq_id":414963,"order_id":"c2073452","liqpay_order_id":"ZBLRRKQ51634393152996774","description":"\u041e\u043f\u043b\u0430\u0442\u0430 \u0437\u0430\u043a\u0430\u0437\u0430 \u0435\u0434\u044b \u043d\u0430 \u0441\u0430\u0439\u0442\u0435.","sender_card_mask2":"535561*65","sender_card_bank":"JSC UNIVERSAL BANK","sender_card_type":"mc","sender_card_country":804,"ip":"109.87.131.33","amount":613,"currency":"UAH","sender_commission":0,"receiver_commission":16.86,"agent_commission":0,"amount_debit":613,"amount_credit":613,"commission_debit":0,"commission_credit":16.86,"currency_debit":"UAH","currency_credit":"UAH","sender_bonus":0,"amount_bonus":0,"authcode_debit":"434562","rrn_debit":"002962273742","mpi_eci":"7","is_3ds":false,"language":"ru","create_date":1634393152998,"end_date":1634393156792,"transaction_id":1795128762}  
[2021-10-16 17:05:57] local.INFO: DATA::{"payment_id":1795128762,"action":"pay","status":"success","version":3,"type":"buy","paytype":"gpay","public_key":"i14047737426","acq_id":414963,"order_id":"c2073452","liqpay_order_id":"ZBLRRKQ51634393152996774","description":"\u041e\u043f\u043b\u0430\u0442\u0430 \u0437\u0430\u043a\u0430\u0437\u0430 \u0435\u0434\u044b \u043d\u0430 \u0441\u0430\u0439\u0442\u0435.","sender_card_mask2":"535561*65","sender_card_bank":"JSC UNIVERSAL BANK","sender_card_type":"mc","sender_card_country":804,"ip":"109.87.131.33","amount":613,"currency":"UAH","sender_commission":0,"receiver_commission":16.86,"agent_commission":0,"amount_debit":613,"amount_credit":613,"commission_debit":0,"commission_credit":16.86,"currency_debit":"UAH","currency_credit":"UAH","sender_bonus":0,"amount_bonus":0,"authcode_debit":"434562","rrn_debit":"002962273742","mpi_eci":"7","is_3ds":false,"language":"ru","create_date":1634393152998,"end_date":1634393156792,"transaction_id":1795128762}  
[2021-10-16 17:05:57] local.INFO: ORDER::{"id":452,"type":"full","rk_order_id":null,"rk_order_number":null,"rk_order_data":null,"rk_status":null,"rk_order_sum":"0.00","user_id":null,"pharmacy_id":null,"gift_id":"3","name":"\u0415\u043b\u0435\u043d\u0430","surname":null,"patronymic":null,"email":null,"phone":"+38 (050) 173 69 84","payment_method":"card","payment_transaction_number":null,"payment_transaction_status":null,"payment_status":"0","delivery_method":"delivery","delivery_address":{"street":"\u041f\u043e\u043d\u043e\u043c\u0430\u0440\u0435\u043d\u043a\u043e\u0432\u0441\u043a\u0438\u0439  \u043f\u0435\u0440\u0435\u0443\u043b\u043e\u043a","house":"24","entrance":null,"floor":null,"apartment":null},"delivery_free":"1","coupon":null,"amount":"613.00","discount":null,"amount_less_discount":null,"status":"0","call_me_back":"1","birthday":"0","surrender":null,"person":null,"attach_file":null,"comment":"\u0420\u0430\u0439\u043e\u043d \u041c. \u0418\u043d\u0434\u0443\u0441\u0442\u0440\u0438\u0430\u043b\u044c\u043d\u0430\u044f. \u0415\u0441\u0442\u044c \u043f\u043e\u0445\u043e\u0436\u0438\u0439 \u0430\u0434\u0440\u0435\u0441!!!","manager_comment":null,"pre_order_at":"2021-10-16 18:35:34","created_at":"2021-10-16 17:05:34","updated_at":"2021-10-16 17:05:34"}  
[2021-10-16 17:05:57] local.INFO: SIGNATURE::1  
[2021-10-16 17:05:59] local.ERROR: DeliveryOrderItems: Items collections is empty {"exception":"[object] (Iiko\\Biz\\Exception\\IikoResponseException(code: 100): DeliveryOrderItems: Items collections is empty at /home/puccomua/domains/puc.com.ua/vendor/andriymiz/iiko-biz-api/src/Iiko/Biz/Api/AbstractApi.php:77)
[stacktrace]
#0 /home/puccomua/domains/puc.com.ua/vendor/andriymiz/iiko-biz-api/src/Iiko/Biz/Api/Orders.php(14): Iiko\\Biz\\Api\\AbstractApi->post('orders/add', '{\"organization\"...', Array)
#1 /home/puccomua/domains/puc.com.ua/app/Http/Controllers/Frontend/Shop/LiqPayController.php(136): Iiko\\Biz\\Api\\Orders->addOrder(Array)
#2 [internal function]: App\\Http\\Controllers\\Frontend\\Shop\\LiqPayController->paymentResponse(Object(App\\Http\\Requests\\LiqpayRequest))
#3 /home/puccomua/domains/puc.com.ua/vendor/laravel/framework/src/Illuminate/Routing/Controller.php(54): call_user_func_array(Array, Array)
#4 /home/puccomua/domains/puc.com.ua/vendor/laravel/framework/src/Illuminate/Routing/ControllerDispatcher.php(45): Illuminate\\Routing\\Controller->callAction('paymentResponse', Array)
#5 /home/puccomua/domains/puc.com.ua/vendor/laravel/framework/src/Illuminate/Routing/Route.php(219): Illuminate\\Routing\\ControllerDispatcher->dispatch(Object(Illuminate\\Routing\\Route), Object(App\\Http\\Controllers\\Frontend\\Shop\\LiqPayController), 'paymentResponse')
#6 /home/puccomua/domains/puc.com.ua/vendor/laravel/framework/src/Illuminate/Routing/Route.php(176): Illuminate\\Routing\\Route->runController()
#7 /home/puccomua/domains/puc.com.ua/vendor/laravel/framework/src/Illuminate/Routing/Router.php(680): Illuminate\\Routing\\Route->run()
#8 /home/puccomua/domains/puc.com.ua/vendor/laravel/framework/src/Illuminate/Routing/Pipeline.php(30): Illuminate\\Routing\\Router->Illuminate\\Routing\\{closure}(Object(Illuminate\\Http\\Request))
#9 /home/puccomua/domains/puc.com.ua/app/Http/Controllers/Controller.php(63): Illuminate\\Routing\\Pipeline->Illuminate\\Routing\\{closure}(Object(Illuminate\\Http\\Request))
#10 /home/puccomua/domains/puc.com.ua/vendor/laravel/framework/src/Illuminate/Pipeline/Pipeline.php(145): App\\Http\\Controllers\\Controller->App\\Http\\Controllers\\{closure}(Object(Illuminate\\Http\\Request), Object(Closure))
#11 /home/puccomua/domains/puc.com.ua/vendor/laravel/framework/src/Illuminate/Routing/Pipeline.php(53): Illuminate\\Pipeline\\Pipeline->Illuminate\\Pipeline\\{closure}(Object(Illuminate\\Http\\Request))
#12 /home/puccomua/domains/puc.com.ua/app/Http/Middleware/ResponseRender.php(16): Illuminate\\Routing\\Pipeline->Illuminate\\Routing\\{closure}(Object(Illuminate\\Http\\Request))
#13 /home/puccomua/domains/puc.com.ua/vendor/laravel/framework/src/Illuminate/Pipeline/Pipeline.php(163): App\\Http\\Middleware\\ResponseRender->handle(Object(Illuminate\\Http\\Request), Object(Closure))
#14 /home/puccomua/domains/puc.com.ua/vendor/laravel/framework/src/Illuminate/Routing/Pipeline.php(53): Illuminate\\Pipeline\\Pipeline->Illuminate\\Pipeline\\{closure}(Object(Illuminate\\Http\\Request))
#15 /home/puccomua/domains/puc.com.ua/vendor/mcamara/laravel-localization/src/Mcamara/LaravelLocalization/Middleware/LaravelLocalizationViewPath.php(33): Illuminate\\Routing\\Pipeline->Illuminate\\Routing\\{closure}(Object(Illuminate\\Http\\Request))
#16 /home/puccomua/domains/puc.com.ua/vendor/laravel/framework/src/Illuminate/Pipeline/Pipeline.php(163): Mcamara\\LaravelLocalization\\Middleware\\LaravelLocalizationViewPath->handle(Object(Illuminate\\Http\\Request), Object(Closure))
#17 /home/puccomua/domains/puc.com.ua/vendor/laravel/framework/src/Illuminate/Routing/Pipeline.php(53): Illuminate\\Pipeline\\Pipeline->Illuminate\\Pipeline\\{closure}(Object(Illuminate\\Http\\Request))
#18 /home/puccomua/domains/puc.com.ua/vendor/mcamara/laravel-localization/src/Mcamara/LaravelLocalization/Middleware/LaravelLocalizationRedirectFilter.php(45): Illuminate\\Routing\\Pipeline->Illuminate\\Routing\\{closure}(Object(Illuminate\\Http\\Request))
#19 /home/puccomua/domains/puc.com.ua/vendor/laravel/framework/src/Illuminate/Pipeline/Pipeline.php(163): Mcamara\\LaravelLocalization\\Middleware\\LaravelLocalizationRedirectFilter->handle(Object(Illuminate\\Http\\Request), Object(Closure))
#20 /home/puccomua/domains/puc.com.ua/vendor/laravel/framework/src/Illuminate/Routing/Pipeline.php(53): Illuminate\\Pipeline\\Pipeline->Illuminate\\Pipeline\\{closure}(Object(Illuminate\\Http\\Request))
#21 /home/puccomua/domains/puc.com.ua/vendor/mcamara/laravel-localization/src/Mcamara/LaravelLocalization/Middleware/LaravelLocalizationRoutes.php(30): Illuminate\\Routing\\Pipeline->Illuminate\\Routing\\{closure}(Object(Illuminate\\Http\\Request))
#22 /home/puccomua/domains/puc.com.ua/vendor/laravel/framework/src/Illuminate/Pipeline/Pipeline.php(163): Mcamara\\LaravelLocalization\\Middleware\\LaravelLocalizationRoutes->handle(Object(Illuminate\\Http\\Request), Object(Closure))
#23 /home/puccomua/domains/puc.com.ua/vendor/laravel/framework/src/Illuminate/Routing/Pipeline.php(53): Illuminate\\Pipeline\\Pipeline->Illuminate\\Pipeline\\{closure}(Object(Illuminate\\Http\\Request))
#24 /home/puccomua/domains/puc.com.ua/vendor/laravel/framework/src/Illuminate/Routing/Middleware/SubstituteBindings.php(41): Illuminate\\Routing\\Pipeline->Illuminate\\Routing\\{closure}(Object(Illuminate\\Http\\Request))
#25 /home/puccomua/domains/puc.com.ua/vendor/laravel/framework/src/Illuminate/Pipeline/Pipeline.php(163): Illuminate\\Routing\\Middleware\\SubstituteBindings->handle(Object(Illuminate\\Http\\Request), Object(Closure))
#26 /home/puccomua/domains/puc.com.ua/vendor/laravel/framework/src/Illuminate/Routing/Pipeline.php(53): Illuminate\\Pipeline\\Pipeline->Illuminate\\Pipeline\\{closure}(Object(Illuminate\\Http\\Request))
#27 /home/puccomua/domains/puc.com.ua/vendor/laravel/framework/src/Illuminate/Foundation/Http/Middleware/VerifyCsrfToken.php(75): Illuminate\\Routing\\Pipeline->Illuminate\\Routing\\{closure}(Object(Illuminate\\Http\\Request))
#28 /home/puccomua/domains/puc.com.ua/vendor/laravel/framework/src/Illuminate/Pipeline/Pipeline.php(163): Illuminate\\Foundation\\Http\\Middleware\\VerifyCsrfToken->handle(Object(Illuminate\\Http\\Request), Object(Closure))
#29 /home/puccomua/domains/puc.com.ua/vendor/laravel/framework/src/Illuminate/Routing/Pipeline.php(53): Illuminate\\Pipeline\\Pipeline->Illuminate\\Pipeline\\{closure}(Object(Illuminate\\Http\\Request))
#30 /home/puccomua/domains/puc.com.ua/vendor/laravel/framework/src/Illuminate/View/Middleware/ShareErrorsFromSession.php(49): Illuminate\\Routing\\Pipeline->Illuminate\\Routing\\{closure}(Object(Illuminate\\Http\\Request))
#31 /home/puccomua/domains/puc.com.ua/vendor/laravel/framework/src/Illuminate/Pipeline/Pipeline.php(163): Illuminate\\View\\Middleware\\ShareErrorsFromSession->handle(Object(Illuminate\\Http\\Request), Object(Closure))
#32 /home/puccomua/domains/puc.com.ua/vendor/laravel/framework/src/Illuminate/Routing/Pipeline.php(53): Illuminate\\Pipeline\\Pipeline->Illuminate\\Pipeline\\{closure}(Object(Illuminate\\Http\\Request))
#33 /home/puccomua/domains/puc.com.ua/vendor/laravel/framework/src/Illuminate/Session/Middleware/StartSession.php(56): Illuminate\\Routing\\Pipeline->Illuminate\\Routing\\{closure}(Object(Illuminate\\Http\\Request))
#34 /home/puccomua/domains/puc.com.ua/vendor/laravel/framework/src/Illuminate/Pipeline/Pipeline.php(163): Illuminate\\Session\\Middleware\\StartSession->handle(Object(Illuminate\\Http\\Request), Object(Closure))
#35 /home/puccomua/domains/puc.com.ua/vendor/laravel/framework/src/Illuminate/Routing/Pipeline.php(53): Illuminate\\Pipeline\\Pipeline->Illuminate\\Pipeline\\{closure}(Object(Illuminate\\Http\\Request))
#36 /home/puccomua/domains/puc.com.ua/vendor/laravel/framework/src/Illuminate/Cookie/Middleware/AddQueuedCookiesToResponse.php(37): Illuminate\\Routing\\Pipeline->Illuminate\\Routing\\{closure}(Object(Illuminate\\Http\\Request))
#37 /home/puccomua/domains/puc.com.ua/vendor/laravel/framework/src/Illuminate/Pipeline/Pipeline.php(163): Illuminate\\Cookie\\Middleware\\AddQueuedCookiesToResponse->handle(Object(Illuminate\\Http\\Request), Object(Closure))
#38 /home/puccomua/domains/puc.com.ua/vendor/laravel/framework/src/Illuminate/Routing/Pipeline.php(53): Illuminate\\Pipeline\\Pipeline->Illuminate\\Pipeline\\{closure}(Object(Illuminate\\Http\\Request))
#39 /home/puccomua/domains/puc.com.ua/vendor/laravel/framework/src/Illuminate/Cookie/Middleware/EncryptCookies.php(66): Illuminate\\Routing\\Pipeline->Illuminate\\Routing\\{closure}(Object(Illuminate\\Http\\Request))
#40 /home/puccomua/domains/puc.com.ua/vendor/laravel/framework/src/Illuminate/Pipeline/Pipeline.php(163): Illuminate\\Cookie\\Middleware\\EncryptCookies->handle(Object(Illuminate\\Http\\Request), Object(Closure))
#41 /home/puccomua/domains/puc.com.ua/vendor/laravel/framework/src/Illuminate/Routing/Pipeline.php(53): Illuminate\\Pipeline\\Pipeline->Illuminate\\Pipeline\\{closure}(Object(Illuminate\\Http\\Request))
#42 /home/puccomua/domains/puc.com.ua/app/Http/Middleware/Redirect.php(45): Illuminate\\Routing\\Pipeline->Illuminate\\Routing\\{closure}(Object(Illuminate\\Http\\Request))
#43 /home/puccomua/domains/puc.com.ua/vendor/laravel/framework/src/Illuminate/Pipeline/Pipeline.php(163): App\\Http\\Middleware\\Redirect->handle(Object(Illuminate\\Http\\Request), Object(Closure))
#44 /home/puccomua/domains/puc.com.ua/vendor/laravel/framework/src/Illuminate/Routing/Pipeline.php(53): Illuminate\\Pipeline\\Pipeline->Illuminate\\Pipeline\\{closure}(Object(Illuminate\\Http\\Request))
#45 /home/puccomua/domains/puc.com.ua/vendor/laravel/framework/src/Illuminate/Pipeline/Pipeline.php(104): Illuminate\\Routing\\Pipeline->Illuminate\\Routing\\{closure}(Object(Illuminate\\Http\\Request))
#46 /home/puccomua/domains/puc.com.ua/vendor/laravel/framework/src/Illuminate/Routing/Router.php(682): Illuminate\\Pipeline\\Pipeline->then(Object(Closure))
#47 /home/puccomua/domains/puc.com.ua/vendor/laravel/framework/src/Illuminate/Routing/Router.php(657): Illuminate\\Routing\\Router->runRouteWithinStack(Object(Illuminate\\Routing\\Route), Object(Illuminate\\Http\\Request))
#48 /home/puccomua/domains/puc.com.ua/vendor/laravel/framework/src/Illuminate/Routing/Router.php(623): Illuminate\\Routing\\Router->runRoute(Object(Illuminate\\Http\\Request), Object(Illuminate\\Routing\\Route))
#49 /home/puccomua/domains/puc.com.ua/vendor/laravel/framework/src/Illuminate/Routing/Router.php(612): Illuminate\\Routing\\Router->dispatchToRoute(Object(Illuminate\\Http\\Request))
#50 /home/puccomua/domains/puc.com.ua/vendor/laravel/framework/src/Illuminate/Foundation/Http/Kernel.php(176): Illuminate\\Routing\\Router->dispatch(Object(Illuminate\\Http\\Request))
#51 /home/puccomua/domains/puc.com.ua/vendor/laravel/framework/src/Illuminate/Routing/Pipeline.php(30): Illuminate\\Foundation\\Http\\Kernel->Illuminate\\Foundation\\Http\\{closure}(Object(Illuminate\\Http\\Request))
#52 /home/puccomua/domains/puc.com.ua/vendor/barryvdh/laravel-debugbar/src/Middleware/InjectDebugbar.php(58): Illuminate\\Routing\\Pipeline->Illuminate\\Routing\\{closure}(Object(Illuminate\\Http\\Request))
#53 /home/puccomua/domains/puc.com.ua/vendor/laravel/framework/src/Illuminate/Pipeline/Pipeline.php(163): Barryvdh\\Debugbar\\Middleware\\InjectDebugbar->handle(Object(Illuminate\\Http\\Request), Object(Closure))
#54 /home/puccomua/domains/puc.com.ua/vendor/laravel/framework/src/Illuminate/Routing/Pipeline.php(53): Illuminate\\Pipeline\\Pipeline->Illuminate\\Pipeline\\{closure}(Object(Illuminate\\Http\\Request))
#55 /home/puccomua/domains/puc.com.ua/vendor/laravel/framework/src/Illuminate/Foundation/Http/Middleware/TransformsRequest.php(21): Illuminate\\Routing\\Pipeline->Illuminate\\Routing\\{closure}(Object(Illuminate\\Http\\Request))
#56 /home/puccomua/domains/puc.com.ua/vendor/laravel/framework/src/Illuminate/Pipeline/Pipeline.php(163): Illuminate\\Foundation\\Http\\Middleware\\TransformsRequest->handle(Object(Illuminate\\Http\\Request), Object(Closure))
#57 /home/puccomua/domains/puc.com.ua/vendor/laravel/framework/src/Illuminate/Routing/Pipeline.php(53): Illuminate\\Pipeline\\Pipeline->Illuminate\\Pipeline\\{closure}(Object(Illuminate\\Http\\Request))
#58 /home/puccomua/domains/puc.com.ua/vendor/laravel/framework/src/Illuminate/Foundation/Http/Middleware/TransformsRequest.php(21): Illuminate\\Routing\\Pipeline->Illuminate\\Routing\\{closure}(Object(Illuminate\\Http\\Request))
#59 /home/puccomua/domains/puc.com.ua/vendor/laravel/framework/src/Illuminate/Pipeline/Pipeline.php(163): Illuminate\\Foundation\\Http\\Middleware\\TransformsRequest->handle(Object(Illuminate\\Http\\Request), Object(Closure))
#60 /home/puccomua/domains/puc.com.ua/vendor/laravel/framework/src/Illuminate/Routing/Pipeline.php(53): Illuminate\\Pipeline\\Pipeline->Illuminate\\Pipeline\\{closure}(Object(Illuminate\\Http\\Request))
#61 /home/puccomua/domains/puc.com.ua/vendor/laravel/framework/src/Illuminate/Foundation/Http/Middleware/ValidatePostSize.php(27): Illuminate\\Routing\\Pipeline->Illuminate\\Routing\\{closure}(Object(Illuminate\\Http\\Request))
#62 /home/puccomua/domains/puc.com.ua/vendor/laravel/framework/src/Illuminate/Pipeline/Pipeline.php(163): Illuminate\\Foundation\\Http\\Middleware\\ValidatePostSize->handle(Object(Illuminate\\Http\\Request), Object(Closure))
#63 /home/puccomua/domains/puc.com.ua/vendor/laravel/framework/src/Illuminate/Routing/Pipeline.php(53): Illuminate\\Pipeline\\Pipeline->Illuminate\\Pipeline\\{closure}(Object(Illuminate\\Http\\Request))
#64 /home/puccomua/domains/puc.com.ua/vendor/laravel/framework/src/Illuminate/Foundation/Http/Middleware/CheckForMaintenanceMode.php(62): Illuminate\\Routing\\Pipeline->Illuminate\\Routing\\{closure}(Object(Illuminate\\Http\\Request))
#65 /home/puccomua/domains/puc.com.ua/vendor/laravel/framework/src/Illuminate/Pipeline/Pipeline.php(163): Illuminate\\Foundation\\Http\\Middleware\\CheckForMaintenanceMode->handle(Object(Illuminate\\Http\\Request), Object(Closure))
#66 /home/puccomua/domains/puc.com.ua/vendor/laravel/framework/src/Illuminate/Routing/Pipeline.php(53): Illuminate\\Pipeline\\Pipeline->Illuminate\\Pipeline\\{closure}(Object(Illuminate\\Http\\Request))
#67 /home/puccomua/domains/puc.com.ua/vendor/fideloper/proxy/src/TrustProxies.php(57): Illuminate\\Routing\\Pipeline->Illuminate\\Routing\\{closure}(Object(Illuminate\\Http\\Request))
#68 /home/puccomua/domains/puc.com.ua/vendor/laravel/framework/src/Illuminate/Pipeline/Pipeline.php(163): Fideloper\\Proxy\\TrustProxies->handle(Object(Illuminate\\Http\\Request), Object(Closure))
#69 /home/puccomua/domains/puc.com.ua/vendor/laravel/framework/src/Illuminate/Routing/Pipeline.php(53): Illuminate\\Pipeline\\Pipeline->Illuminate\\Pipeline\\{closure}(Object(Illuminate\\Http\\Request))
#70 /home/puccomua/domains/puc.com.ua/vendor/laravel/framework/src/Illuminate/Pipeline/Pipeline.php(104): Illuminate\\Routing\\Pipeline->Illuminate\\Routing\\{closure}(Object(Illuminate\\Http\\Request))
#71 /home/puccomua/domains/puc.com.ua/vendor/laravel/framework/src/Illuminate/Foundation/Http/Kernel.php(151): Illuminate\\Pipeline\\Pipeline->then(Object(Closure))
#72 /home/puccomua/domains/puc.com.ua/vendor/laravel/framework/src/Illuminate/Foundation/Http/Kernel.php(116): Illuminate\\Foundation\\Http\\Kernel->sendRequestThroughRouter(Object(Illuminate\\Http\\Request))
#73 /home/puccomua/domains/puc.com.ua/public/index.php(55): Illuminate\\Foundation\\Http\\Kernel->handle(Object(Illuminate\\Http\\Request))
#74 {main}
"} 
[2021-10-16 17:16:19] local.INFO: DATA::{"payment_id":1795136681,"action":"pay","status":"success","version":3,"type":"buy","paytype":"gpay","public_key":"i14047737426","acq_id":414963,"order_id":"c2349455","liqpay_order_id":"N9SQ8PZ41634393774550906","description":"\u041e\u043f\u043b\u0430\u0442\u0430 \u0437\u0430\u043a\u0430\u0437\u0430 \u0435\u0434\u044b \u043d\u0430 \u0441\u0430\u0439\u0442\u0435.","sender_card_mask2":"535560*73","sender_card_bank":"pb","sender_card_type":"mc","sender_card_country":804,"ip":"37.73.131.39","amount":659,"currency":"UAH","sender_commission":0,"receiver_commission":18.12,"agent_commission":0,"amount_debit":659,"amount_credit":659,"commission_debit":0,"commission_credit":18.12,"currency_debit":"UAH","currency_credit":"UAH","sender_bonus":0,"amount_bonus":0,"authcode_debit":"19978P","rrn_debit":"002962289298","mpi_eci":"7","is_3ds":false,"language":"ru","create_date":1634393774555,"end_date":1634393778712,"transaction_id":1795136681}  
[2021-10-16 17:16:19] local.INFO: ORDER::{"id":455,"type":"full","rk_order_id":null,"rk_order_number":null,"rk_order_data":null,"rk_status":null,"rk_order_sum":"0.00","user_id":null,"pharmacy_id":null,"gift_id":"3","name":"\u0412\u043b\u0430\u0434\u0438\u043c\u0438\u0440","surname":null,"patronymic":null,"email":null,"phone":"+38 (099) 438 72 82","payment_method":"card","payment_transaction_number":null,"payment_transaction_status":null,"payment_status":"0","delivery_method":"delivery","delivery_address":{"street":"\u0421\u0442\u0430\u0440\u043e\u0448\u0438\u0448\u043a\u043e\u0432\u0441\u043a\u0430\u044f","house":"11","entrance":null,"floor":"5","apartment":"18"},"delivery_free":"1","coupon":null,"amount":"659.00","discount":null,"amount_less_discount":null,"status":"0","call_me_back":"1","birthday":"0","surrender":null,"person":null,"attach_file":null,"comment":null,"manager_comment":null,"pre_order_at":"2021-10-16 18:46:06","created_at":"2021-10-16 17:16:06","updated_at":"2021-10-16 17:16:06"}  
[2021-10-16 17:16:19] local.INFO: SIGNATURE::1  
[2021-10-16 17:16:19] local.INFO: DATA2::{"payment_id":1795136681,"action":"pay","status":"success","version":3,"type":"buy","paytype":"gpay","public_key":"i14047737426","acq_id":414963,"order_id":"c2349455","liqpay_order_id":"N9SQ8PZ41634393774550906","description":"\u041e\u043f\u043b\u0430\u0442\u0430 \u0437\u0430\u043a\u0430\u0437\u0430 \u0435\u0434\u044b \u043d\u0430 \u0441\u0430\u0439\u0442\u0435.","sender_card_mask2":"535560*73","sender_card_bank":"pb","sender_card_type":"mc","sender_card_country":804,"ip":"37.73.131.39","amount":659,"currency":"UAH","sender_commission":0,"receiver_commission":18.12,"agent_commission":0,"amount_debit":659,"amount_credit":659,"commission_debit":0,"commission_credit":18.12,"currency_debit":"UAH","currency_credit":"UAH","sender_bonus":0,"amount_bonus":0,"authcode_debit":"19978P","rrn_debit":"002962289298","mpi_eci":"7","is_3ds":false,"language":"ru","create_date":1634393774555,"end_date":1634393778712,"transaction_id":1795136681}  
[2021-10-16 17:16:29] local.INFO: DATA::{"payment_id":1795136681,"action":"pay","status":"success","version":3,"type":"buy","paytype":"gpay","public_key":"i14047737426","acq_id":414963,"order_id":"c2349455","liqpay_order_id":"N9SQ8PZ41634393774550906","description":"\u041e\u043f\u043b\u0430\u0442\u0430 \u0437\u0430\u043a\u0430\u0437\u0430 \u0435\u0434\u044b \u043d\u0430 \u0441\u0430\u0439\u0442\u0435.","sender_card_mask2":"535560*73","sender_card_bank":"pb","sender_card_type":"mc","sender_card_country":804,"ip":"37.73.131.39","amount":659,"currency":"UAH","sender_commission":0,"receiver_commission":18.12,"agent_commission":0,"amount_debit":659,"amount_credit":659,"commission_debit":0,"commission_credit":18.12,"currency_debit":"UAH","currency_credit":"UAH","sender_bonus":0,"amount_bonus":0,"authcode_debit":"19978P","rrn_debit":"002962289298","mpi_eci":"7","is_3ds":false,"language":"ru","create_date":1634393774555,"end_date":1634393778712,"transaction_id":1795136681}  
[2021-10-16 17:16:29] local.INFO: ORDER::{"id":455,"type":"full","rk_order_id":"47663d4e-db18-48fc-a533-4afb2961611c","rk_order_number":"23162","rk_order_data":null,"rk_status":null,"rk_order_sum":"659.00","user_id":null,"pharmacy_id":null,"gift_id":"3","name":"\u0412\u043b\u0430\u0434\u0438\u043c\u0438\u0440","surname":null,"patronymic":null,"email":null,"phone":"+38 (099) 438 72 82","payment_method":"card","payment_transaction_number":"1795136681","payment_transaction_status":"success","payment_status":"1","delivery_method":"delivery","delivery_address":{"street":"\u0421\u0442\u0430\u0440\u043e\u0448\u0438\u0448\u043a\u043e\u0432\u0441\u043a\u0430\u044f","house":"11","entrance":null,"floor":"5","apartment":"18"},"delivery_free":"1","coupon":null,"amount":"659.00","discount":null,"amount_less_discount":null,"status":"1","call_me_back":"1","birthday":"0","surrender":null,"person":null,"attach_file":null,"comment":null,"manager_comment":null,"pre_order_at":"2021-10-16 18:46:06","created_at":"2021-10-16 17:16:06","updated_at":"2021-10-16 17:16:19"}  
[2021-10-16 17:16:29] local.INFO: SIGNATURE::1  
[2021-10-16 17:16:31] local.ERROR: DeliveryOrderItems: Items collections is empty {"exception":"[object] (Iiko\\Biz\\Exception\\IikoResponseException(code: 100): DeliveryOrderItems: Items collections is empty at /home/puccomua/domains/puc.com.ua/vendor/andriymiz/iiko-biz-api/src/Iiko/Biz/Api/AbstractApi.php:77)
[stacktrace]
#0 /home/puccomua/domains/puc.com.ua/vendor/andriymiz/iiko-biz-api/src/Iiko/Biz/Api/Orders.php(14): Iiko\\Biz\\Api\\AbstractApi->post('orders/add', '{\"organization\"...', Array)
#1 /home/puccomua/domains/puc.com.ua/app/Http/Controllers/Frontend/Shop/LiqPayController.php(136): Iiko\\Biz\\Api\\Orders->addOrder(Array)
#2 [internal function]: App\\Http\\Controllers\\Frontend\\Shop\\LiqPayController->paymentResponse(Object(App\\Http\\Requests\\LiqpayRequest))
#3 /home/puccomua/domains/puc.com.ua/vendor/laravel/framework/src/Illuminate/Routing/Controller.php(54): call_user_func_array(Array, Array)
#4 /home/puccomua/domains/puc.com.ua/vendor/laravel/framework/src/Illuminate/Routing/ControllerDispatcher.php(45): Illuminate\\Routing\\Controller->callAction('paymentResponse', Array)
#5 /home/puccomua/domains/puc.com.ua/vendor/laravel/framework/src/Illuminate/Routing/Route.php(219): Illuminate\\Routing\\ControllerDispatcher->dispatch(Object(Illuminate\\Routing\\Route), Object(App\\Http\\Controllers\\Frontend\\Shop\\LiqPayController), 'paymentResponse')
#6 /home/puccomua/domains/puc.com.ua/vendor/laravel/framework/src/Illuminate/Routing/Route.php(176): Illuminate\\Routing\\Route->runController()
#7 /home/puccomua/domains/puc.com.ua/vendor/laravel/framework/src/Illuminate/Routing/Router.php(680): Illuminate\\Routing\\Route->run()
#8 /home/puccomua/domains/puc.com.ua/vendor/laravel/framework/src/Illuminate/Routing/Pipeline.php(30): Illuminate\\Routing\\Router->Illuminate\\Routing\\{closure}(Object(Illuminate\\Http\\Request))
#9 /home/puccomua/domains/puc.com.ua/app/Http/Controllers/Controller.php(63): Illuminate\\Routing\\Pipeline->Illuminate\\Routing\\{closure}(Object(Illuminate\\Http\\Request))
#10 /home/puccomua/domains/puc.com.ua/vendor/laravel/framework/src/Illuminate/Pipeline/Pipeline.php(145): App\\Http\\Controllers\\Controller->App\\Http\\Controllers\\{closure}(Object(Illuminate\\Http\\Request), Object(Closure))
#11 /home/puccomua/domains/puc.com.ua/vendor/laravel/framework/src/Illuminate/Routing/Pipeline.php(53): Illuminate\\Pipeline\\Pipeline->Illuminate\\Pipeline\\{closure}(Object(Illuminate\\Http\\Request))
#12 /home/puccomua/domains/puc.com.ua/app/Http/Middleware/ResponseRender.php(16): Illuminate\\Routing\\Pipeline->Illuminate\\Routing\\{closure}(Object(Illuminate\\Http\\Request))
#13 /home/puccomua/domains/puc.com.ua/vendor/laravel/framework/src/Illuminate/Pipeline/Pipeline.php(163): App\\Http\\Middleware\\ResponseRender->handle(Object(Illuminate\\Http\\Request), Object(Closure))
#14 /home/puccomua/domains/puc.com.ua/vendor/laravel/framework/src/Illuminate/Routing/Pipeline.php(53): Illuminate\\Pipeline\\Pipeline->Illuminate\\Pipeline\\{closure}(Object(Illuminate\\Http\\Request))
#15 /home/puccomua/domains/puc.com.ua/vendor/mcamara/laravel-localization/src/Mcamara/LaravelLocalization/Middleware/LaravelLocalizationViewPath.php(33): Illuminate\\Routing\\Pipeline->Illuminate\\Routing\\{closure}(Object(Illuminate\\Http\\Request))
#16 /home/puccomua/domains/puc.com.ua/vendor/laravel/framework/src/Illuminate/Pipeline/Pipeline.php(163): Mcamara\\LaravelLocalization\\Middleware\\LaravelLocalizationViewPath->handle(Object(Illuminate\\Http\\Request), Object(Closure))
#17 /home/puccomua/domains/puc.com.ua/vendor/laravel/framework/src/Illuminate/Routing/Pipeline.php(53): Illuminate\\Pipeline\\Pipeline->Illuminate\\Pipeline\\{closure}(Object(Illuminate\\Http\\Request))
#18 /home/puccomua/domains/puc.com.ua/vendor/mcamara/laravel-localization/src/Mcamara/LaravelLocalization/Middleware/LaravelLocalizationRedirectFilter.php(45): Illuminate\\Routing\\Pipeline->Illuminate\\Routing\\{closure}(Object(Illuminate\\Http\\Request))
#19 /home/puccomua/domains/puc.com.ua/vendor/laravel/framework/src/Illuminate/Pipeline/Pipeline.php(163): Mcamara\\LaravelLocalization\\Middleware\\LaravelLocalizationRedirectFilter->handle(Object(Illuminate\\Http\\Request), Object(Closure))
#20 /home/puccomua/domains/puc.com.ua/vendor/laravel/framework/src/Illuminate/Routing/Pipeline.php(53): Illuminate\\Pipeline\\Pipeline->Illuminate\\Pipeline\\{closure}(Object(Illuminate\\Http\\Request))
#21 /home/puccomua/domains/puc.com.ua/vendor/mcamara/laravel-localization/src/Mcamara/LaravelLocalization/Middleware/LaravelLocalizationRoutes.php(30): Illuminate\\Routing\\Pipeline->Illuminate\\Routing\\{closure}(Object(Illuminate\\Http\\Request))
#22 /home/puccomua/domains/puc.com.ua/vendor/laravel/framework/src/Illuminate/Pipeline/Pipeline.php(163): Mcamara\\LaravelLocalization\\Middleware\\LaravelLocalizationRoutes->handle(Object(Illuminate\\Http\\Request), Object(Closure))
#23 /home/puccomua/domains/puc.com.ua/vendor/laravel/framework/src/Illuminate/Routing/Pipeline.php(53): Illuminate\\Pipeline\\Pipeline->Illuminate\\Pipeline\\{closure}(Object(Illuminate\\Http\\Request))
#24 /home/puccomua/domains/puc.com.ua/vendor/laravel/framework/src/Illuminate/Routing/Middleware/SubstituteBindings.php(41): Illuminate\\Routing\\Pipeline->Illuminate\\Routing\\{closure}(Object(Illuminate\\Http\\Request))
#25 /home/puccomua/domains/puc.com.ua/vendor/laravel/framework/src/Illuminate/Pipeline/Pipeline.php(163): Illuminate\\Routing\\Middleware\\SubstituteBindings->handle(Object(Illuminate\\Http\\Request), Object(Closure))
#26 /home/puccomua/domains/puc.com.ua/vendor/laravel/framework/src/Illuminate/Routing/Pipeline.php(53): Illuminate\\Pipeline\\Pipeline->Illuminate\\Pipeline\\{closure}(Object(Illuminate\\Http\\Request))
#27 /home/puccomua/domains/puc.com.ua/vendor/laravel/framework/src/Illuminate/Foundation/Http/Middleware/VerifyCsrfToken.php(75): Illuminate\\Routing\\Pipeline->Illuminate\\Routing\\{closure}(Object(Illuminate\\Http\\Request))
#28 /home/puccomua/domains/puc.com.ua/vendor/laravel/framework/src/Illuminate/Pipeline/Pipeline.php(163): Illuminate\\Foundation\\Http\\Middleware\\VerifyCsrfToken->handle(Object(Illuminate\\Http\\Request), Object(Closure))
#29 /home/puccomua/domains/puc.com.ua/vendor/laravel/framework/src/Illuminate/Routing/Pipeline.php(53): Illuminate\\Pipeline\\Pipeline->Illuminate\\Pipeline\\{closure}(Object(Illuminate\\Http\\Request))
#30 /home/puccomua/domains/puc.com.ua/vendor/laravel/framework/src/Illuminate/View/Middleware/ShareErrorsFromSession.php(49): Illuminate\\Routing\\Pipeline->Illuminate\\Routing\\{closure}(Object(Illuminate\\Http\\Request))
#31 /home/puccomua/domains/puc.com.ua/vendor/laravel/framework/src/Illuminate/Pipeline/Pipeline.php(163): Illuminate\\View\\Middleware\\ShareErrorsFromSession->handle(Object(Illuminate\\Http\\Request), Object(Closure))
#32 /home/puccomua/domains/puc.com.ua/vendor/laravel/framework/src/Illuminate/Routing/Pipeline.php(53): Illuminate\\Pipeline\\Pipeline->Illuminate\\Pipeline\\{closure}(Object(Illuminate\\Http\\Request))
#33 /home/puccomua/domains/puc.com.ua/vendor/laravel/framework/src/Illuminate/Session/Middleware/StartSession.php(56): Illuminate\\Routing\\Pipeline->Illuminate\\Routing\\{closure}(Object(Illuminate\\Http\\Request))
#34 /home/puccomua/domains/puc.com.ua/vendor/laravel/framework/src/Illuminate/Pipeline/Pipeline.php(163): Illuminate\\Session\\Middleware\\StartSession->handle(Object(Illuminate\\Http\\Request), Object(Closure))
#35 /home/puccomua/domains/puc.com.ua/vendor/laravel/framework/src/Illuminate/Routing/Pipeline.php(53): Illuminate\\Pipeline\\Pipeline->Illuminate\\Pipeline\\{closure}(Object(Illuminate\\Http\\Request))
#36 /home/puccomua/domains/puc.com.ua/vendor/laravel/framework/src/Illuminate/Cookie/Middleware/AddQueuedCookiesToResponse.php(37): Illuminate\\Routing\\Pipeline->Illuminate\\Routing\\{closure}(Object(Illuminate\\Http\\Request))
#37 /home/puccomua/domains/puc.com.ua/vendor/laravel/framework/src/Illuminate/Pipeline/Pipeline.php(163): Illuminate\\Cookie\\Middleware\\AddQueuedCookiesToResponse->handle(Object(Illuminate\\Http\\Request), Object(Closure))
#38 /home/puccomua/domains/puc.com.ua/vendor/laravel/framework/src/Illuminate/Routing/Pipeline.php(53): Illuminate\\Pipeline\\Pipeline->Illuminate\\Pipeline\\{closure}(Object(Illuminate\\Http\\Request))
#39 /home/puccomua/domains/puc.com.ua/vendor/laravel/framework/src/Illuminate/Cookie/Middleware/EncryptCookies.php(66): Illuminate\\Routing\\Pipeline->Illuminate\\Routing\\{closure}(Object(Illuminate\\Http\\Request))
#40 /home/puccomua/domains/puc.com.ua/vendor/laravel/framework/src/Illuminate/Pipeline/Pipeline.php(163): Illuminate\\Cookie\\Middleware\\EncryptCookies->handle(Object(Illuminate\\Http\\Request), Object(Closure))
#41 /home/puccomua/domains/puc.com.ua/vendor/laravel/framework/src/Illuminate/Routing/Pipeline.php(53): Illuminate\\Pipeline\\Pipeline->Illuminate\\Pipeline\\{closure}(Object(Illuminate\\Http\\Request))
#42 /home/puccomua/domains/puc.com.ua/app/Http/Middleware/Redirect.php(45): Illuminate\\Routing\\Pipeline->Illuminate\\Routing\\{closure}(Object(Illuminate\\Http\\Request))
#43 /home/puccomua/domains/puc.com.ua/vendor/laravel/framework/src/Illuminate/Pipeline/Pipeline.php(163): App\\Http\\Middleware\\Redirect->handle(Object(Illuminate\\Http\\Request), Object(Closure))
#44 /home/puccomua/domains/puc.com.ua/vendor/laravel/framework/src/Illuminate/Routing/Pipeline.php(53): Illuminate\\Pipeline\\Pipeline->Illuminate\\Pipeline\\{closure}(Object(Illuminate\\Http\\Request))
#45 /home/puccomua/domains/puc.com.ua/vendor/laravel/framework/src/Illuminate/Pipeline/Pipeline.php(104): Illuminate\\Routing\\Pipeline->Illuminate\\Routing\\{closure}(Object(Illuminate\\Http\\Request))
#46 /home/puccomua/domains/puc.com.ua/vendor/laravel/framework/src/Illuminate/Routing/Router.php(682): Illuminate\\Pipeline\\Pipeline->then(Object(Closure))
#47 /home/puccomua/domains/puc.com.ua/vendor/laravel/framework/src/Illuminate/Routing/Router.php(657): Illuminate\\Routing\\Router->runRouteWithinStack(Object(Illuminate\\Routing\\Route), Object(Illuminate\\Http\\Request))
#48 /home/puccomua/domains/puc.com.ua/vendor/laravel/framework/src/Illuminate/Routing/Router.php(623): Illuminate\\Routing\\Router->runRoute(Object(Illuminate\\Http\\Request), Object(Illuminate\\Routing\\Route))
#49 /home/puccomua/domains/puc.com.ua/vendor/laravel/framework/src/Illuminate/Routing/Router.php(612): Illuminate\\Routing\\Router->dispatchToRoute(Object(Illuminate\\Http\\Request))
#50 /home/puccomua/domains/puc.com.ua/vendor/laravel/framework/src/Illuminate/Foundation/Http/Kernel.php(176): Illuminate\\Routing\\Router->dispatch(Object(Illuminate\\Http\\Request))
#51 /home/puccomua/domains/puc.com.ua/vendor/laravel/framework/src/Illuminate/Routing/Pipeline.php(30): Illuminate\\Foundation\\Http\\Kernel->Illuminate\\Foundation\\Http\\{closure}(Object(Illuminate\\Http\\Request))
#52 /home/puccomua/domains/puc.com.ua/vendor/barryvdh/laravel-debugbar/src/Middleware/InjectDebugbar.php(58): Illuminate\\Routing\\Pipeline->Illuminate\\Routing\\{closure}(Object(Illuminate\\Http\\Request))
#53 /home/puccomua/domains/puc.com.ua/vendor/laravel/framework/src/Illuminate/Pipeline/Pipeline.php(163): Barryvdh\\Debugbar\\Middleware\\InjectDebugbar->handle(Object(Illuminate\\Http\\Request), Object(Closure))
#54 /home/puccomua/domains/puc.com.ua/vendor/laravel/framework/src/Illuminate/Routing/Pipeline.php(53): Illuminate\\Pipeline\\Pipeline->Illuminate\\Pipeline\\{closure}(Object(Illuminate\\Http\\Request))
#55 /home/puccomua/domains/puc.com.ua/vendor/laravel/framework/src/Illuminate/Foundation/Http/Middleware/TransformsRequest.php(21): Illuminate\\Routing\\Pipeline->Illuminate\\Routing\\{closure}(Object(Illuminate\\Http\\Request))
#56 /home/puccomua/domains/puc.com.ua/vendor/laravel/framework/src/Illuminate/Pipeline/Pipeline.php(163): Illuminate\\Foundation\\Http\\Middleware\\TransformsRequest->handle(Object(Illuminate\\Http\\Request), Object(Closure))
#57 /home/puccomua/domains/puc.com.ua/vendor/laravel/framework/src/Illuminate/Routing/Pipeline.php(53): Illuminate\\Pipeline\\Pipeline->Illuminate\\Pipeline\\{closure}(Object(Illuminate\\Http\\Request))
#58 /home/puccomua/domains/puc.com.ua/vendor/laravel/framework/src/Illuminate/Foundation/Http/Middleware/TransformsRequest.php(21): Illuminate\\Routing\\Pipeline->Illuminate\\Routing\\{closure}(Object(Illuminate\\Http\\Request))
#59 /home/puccomua/domains/puc.com.ua/vendor/laravel/framework/src/Illuminate/Pipeline/Pipeline.php(163): Illuminate\\Foundation\\Http\\Middleware\\TransformsRequest->handle(Object(Illuminate\\Http\\Request), Object(Closure))
#60 /home/puccomua/domains/puc.com.ua/vendor/laravel/framework/src/Illuminate/Routing/Pipeline.php(53): Illuminate\\Pipeline\\Pipeline->Illuminate\\Pipeline\\{closure}(Object(Illuminate\\Http\\Request))
#61 /home/puccomua/domains/puc.com.ua/vendor/laravel/framework/src/Illuminate/Foundation/Http/Middleware/ValidatePostSize.php(27): Illuminate\\Routing\\Pipeline->Illuminate\\Routing\\{closure}(Object(Illuminate\\Http\\Request))
#62 /home/puccomua/domains/puc.com.ua/vendor/laravel/framework/src/Illuminate/Pipeline/Pipeline.php(163): Illuminate\\Foundation\\Http\\Middleware\\ValidatePostSize->handle(Object(Illuminate\\Http\\Request), Object(Closure))
#63 /home/puccomua/domains/puc.com.ua/vendor/laravel/framework/src/Illuminate/Routing/Pipeline.php(53): Illuminate\\Pipeline\\Pipeline->Illuminate\\Pipeline\\{closure}(Object(Illuminate\\Http\\Request))
#64 /home/puccomua/domains/puc.com.ua/vendor/laravel/framework/src/Illuminate/Foundation/Http/Middleware/CheckForMaintenanceMode.php(62): Illuminate\\Routing\\Pipeline->Illuminate\\Routing\\{closure}(Object(Illuminate\\Http\\Request))
#65 /home/puccomua/domains/puc.com.ua/vendor/laravel/framework/src/Illuminate/Pipeline/Pipeline.php(163): Illuminate\\Foundation\\Http\\Middleware\\CheckForMaintenanceMode->handle(Object(Illuminate\\Http\\Request), Object(Closure))
#66 /home/puccomua/domains/puc.com.ua/vendor/laravel/framework/src/Illuminate/Routing/Pipeline.php(53): Illuminate\\Pipeline\\Pipeline->Illuminate\\Pipeline\\{closure}(Object(Illuminate\\Http\\Request))
#67 /home/puccomua/domains/puc.com.ua/vendor/fideloper/proxy/src/TrustProxies.php(57): Illuminate\\Routing\\Pipeline->Illuminate\\Routing\\{closure}(Object(Illuminate\\Http\\Request))
#68 /home/puccomua/domains/puc.com.ua/vendor/laravel/framework/src/Illuminate/Pipeline/Pipeline.php(163): Fideloper\\Proxy\\TrustProxies->handle(Object(Illuminate\\Http\\Request), Object(Closure))
#69 /home/puccomua/domains/puc.com.ua/vendor/laravel/framework/src/Illuminate/Routing/Pipeline.php(53): Illuminate\\Pipeline\\Pipeline->Illuminate\\Pipeline\\{closure}(Object(Illuminate\\Http\\Request))
#70 /home/puccomua/domains/puc.com.ua/vendor/laravel/framework/src/Illuminate/Pipeline/Pipeline.php(104): Illuminate\\Routing\\Pipeline->Illuminate\\Routing\\{closure}(Object(Illuminate\\Http\\Request))
#71 /home/puccomua/domains/puc.com.ua/vendor/laravel/framework/src/Illuminate/Foundation/Http/Kernel.php(151): Illuminate\\Pipeline\\Pipeline->then(Object(Closure))
#72 /home/puccomua/domains/puc.com.ua/vendor/laravel/framework/src/Illuminate/Foundation/Http/Kernel.php(116): Illuminate\\Foundation\\Http\\Kernel->sendRequestThroughRouter(Object(Illuminate\\Http\\Request))
#73 /home/puccomua/domains/puc.com.ua/public/index.php(55): Illuminate\\Foundation\\Http\\Kernel->handle(Object(Illuminate\\Http\\Request))
#74 {main}
"} 
[2021-10-16 17:16:32] local.INFO: DATA::{"payment_id":1795136681,"action":"pay","status":"success","version":3,"type":"buy","paytype":"gpay","public_key":"i14047737426","acq_id":414963,"order_id":"c2349455","liqpay_order_id":"N9SQ8PZ41634393774550906","description":"\u041e\u043f\u043b\u0430\u0442\u0430 \u0437\u0430\u043a\u0430\u0437\u0430 \u0435\u0434\u044b \u043d\u0430 \u0441\u0430\u0439\u0442\u0435.","sender_card_mask2":"535560*73","sender_card_bank":"pb","sender_card_type":"mc","sender_card_country":804,"ip":"37.73.131.39","amount":659,"currency":"UAH","sender_commission":0,"receiver_commission":18.12,"agent_commission":0,"amount_debit":659,"amount_credit":659,"commission_debit":0,"commission_credit":18.12,"currency_debit":"UAH","currency_credit":"UAH","sender_bonus":0,"amount_bonus":0,"authcode_debit":"19978P","rrn_debit":"002962289298","mpi_eci":"7","is_3ds":false,"language":"ru","create_date":1634393774555,"end_date":1634393778712,"transaction_id":1795136681}  
[2021-10-16 17:16:32] local.INFO: ORDER::{"id":455,"type":"full","rk_order_id":"47663d4e-db18-48fc-a533-4afb2961611c","rk_order_number":"23162","rk_order_data":null,"rk_status":null,"rk_order_sum":"659.00","user_id":null,"pharmacy_id":null,"gift_id":"3","name":"\u0412\u043b\u0430\u0434\u0438\u043c\u0438\u0440","surname":null,"patronymic":null,"email":null,"phone":"+38 (099) 438 72 82","payment_method":"card","payment_transaction_number":"1795136681","payment_transaction_status":"success","payment_status":"1","delivery_method":"delivery","delivery_address":{"street":"\u0421\u0442\u0430\u0440\u043e\u0448\u0438\u0448\u043a\u043e\u0432\u0441\u043a\u0430\u044f","house":"11","entrance":null,"floor":"5","apartment":"18"},"delivery_free":"1","coupon":null,"amount":"659.00","discount":null,"amount_less_discount":null,"status":"1","call_me_back":"1","birthday":"0","surrender":null,"person":null,"attach_file":null,"comment":null,"manager_comment":null,"pre_order_at":"2021-10-16 18:46:06","created_at":"2021-10-16 17:16:06","updated_at":"2021-10-16 17:16:19"}  
[2021-10-16 17:16:32] local.INFO: SIGNATURE::1  
[2021-10-16 17:16:34] local.ERROR: DeliveryOrderItems: Items collections is empty {"exception":"[object] (Iiko\\Biz\\Exception\\IikoResponseException(code: 100): DeliveryOrderItems: Items collections is empty at /home/puccomua/domains/puc.com.ua/vendor/andriymiz/iiko-biz-api/src/Iiko/Biz/Api/AbstractApi.php:77)
[stacktrace]
#0 /home/puccomua/domains/puc.com.ua/vendor/andriymiz/iiko-biz-api/src/Iiko/Biz/Api/Orders.php(14): Iiko\\Biz\\Api\\AbstractApi->post('orders/add', '{\"organization\"...', Array)
#1 /home/puccomua/domains/puc.com.ua/app/Http/Controllers/Frontend/Shop/LiqPayController.php(136): Iiko\\Biz\\Api\\Orders->addOrder(Array)
#2 [internal function]: App\\Http\\Controllers\\Frontend\\Shop\\LiqPayController->paymentResponse(Object(App\\Http\\Requests\\LiqpayRequest))
#3 /home/puccomua/domains/puc.com.ua/vendor/laravel/framework/src/Illuminate/Routing/Controller.php(54): call_user_func_array(Array, Array)
#4 /home/puccomua/domains/puc.com.ua/vendor/laravel/framework/src/Illuminate/Routing/ControllerDispatcher.php(45): Illuminate\\Routing\\Controller->callAction('paymentResponse', Array)
#5 /home/puccomua/domains/puc.com.ua/vendor/laravel/framework/src/Illuminate/Routing/Route.php(219): Illuminate\\Routing\\ControllerDispatcher->dispatch(Object(Illuminate\\Routing\\Route), Object(App\\Http\\Controllers\\Frontend\\Shop\\LiqPayController), 'paymentResponse')
#6 /home/puccomua/domains/puc.com.ua/vendor/laravel/framework/src/Illuminate/Routing/Route.php(176): Illuminate\\Routing\\Route->runController()
#7 /home/puccomua/domains/puc.com.ua/vendor/laravel/framework/src/Illuminate/Routing/Router.php(680): Illuminate\\Routing\\Route->run()
#8 /home/puccomua/domains/puc.com.ua/vendor/laravel/framework/src/Illuminate/Routing/Pipeline.php(30): Illuminate\\Routing\\Router->Illuminate\\Routing\\{closure}(Object(Illuminate\\Http\\Request))
#9 /home/puccomua/domains/puc.com.ua/app/Http/Controllers/Controller.php(63): Illuminate\\Routing\\Pipeline->Illuminate\\Routing\\{closure}(Object(Illuminate\\Http\\Request))
#10 /home/puccomua/domains/puc.com.ua/vendor/laravel/framework/src/Illuminate/Pipeline/Pipeline.php(145): App\\Http\\Controllers\\Controller->App\\Http\\Controllers\\{closure}(Object(Illuminate\\Http\\Request), Object(Closure))
#11 /home/puccomua/domains/puc.com.ua/vendor/laravel/framework/src/Illuminate/Routing/Pipeline.php(53): Illuminate\\Pipeline\\Pipeline->Illuminate\\Pipeline\\{closure}(Object(Illuminate\\Http\\Request))
#12 /home/puccomua/domains/puc.com.ua/app/Http/Middleware/ResponseRender.php(16): Illuminate\\Routing\\Pipeline->Illuminate\\Routing\\{closure}(Object(Illuminate\\Http\\Request))
#13 /home/puccomua/domains/puc.com.ua/vendor/laravel/framework/src/Illuminate/Pipeline/Pipeline.php(163): App\\Http\\Middleware\\ResponseRender->handle(Object(Illuminate\\Http\\Request), Object(Closure))
#14 /home/puccomua/domains/puc.com.ua/vendor/laravel/framework/src/Illuminate/Routing/Pipeline.php(53): Illuminate\\Pipeline\\Pipeline->Illuminate\\Pipeline\\{closure}(Object(Illuminate\\Http\\Request))
#15 /home/puccomua/domains/puc.com.ua/vendor/mcamara/laravel-localization/src/Mcamara/LaravelLocalization/Middleware/LaravelLocalizationViewPath.php(33): Illuminate\\Routing\\Pipeline->Illuminate\\Routing\\{closure}(Object(Illuminate\\Http\\Request))
#16 /home/puccomua/domains/puc.com.ua/vendor/laravel/framework/src/Illuminate/Pipeline/Pipeline.php(163): Mcamara\\LaravelLocalization\\Middleware\\LaravelLocalizationViewPath->handle(Object(Illuminate\\Http\\Request), Object(Closure))
#17 /home/puccomua/domains/puc.com.ua/vendor/laravel/framework/src/Illuminate/Routing/Pipeline.php(53): Illuminate\\Pipeline\\Pipeline->Illuminate\\Pipeline\\{closure}(Object(Illuminate\\Http\\Request))
#18 /home/puccomua/domains/puc.com.ua/vendor/mcamara/laravel-localization/src/Mcamara/LaravelLocalization/Middleware/LaravelLocalizationRedirectFilter.php(45): Illuminate\\Routing\\Pipeline->Illuminate\\Routing\\{closure}(Object(Illuminate\\Http\\Request))
#19 /home/puccomua/domains/puc.com.ua/vendor/laravel/framework/src/Illuminate/Pipeline/Pipeline.php(163): Mcamara\\LaravelLocalization\\Middleware\\LaravelLocalizationRedirectFilter->handle(Object(Illuminate\\Http\\Request), Object(Closure))
#20 /home/puccomua/domains/puc.com.ua/vendor/laravel/framework/src/Illuminate/Routing/Pipeline.php(53): Illuminate\\Pipeline\\Pipeline->Illuminate\\Pipeline\\{closure}(Object(Illuminate\\Http\\Request))
#21 /home/puccomua/domains/puc.com.ua/vendor/mcamara/laravel-localization/src/Mcamara/LaravelLocalization/Middleware/LaravelLocalizationRoutes.php(30): Illuminate\\Routing\\Pipeline->Illuminate\\Routing\\{closure}(Object(Illuminate\\Http\\Request))
#22 /home/puccomua/domains/puc.com.ua/vendor/laravel/framework/src/Illuminate/Pipeline/Pipeline.php(163): Mcamara\\LaravelLocalization\\Middleware\\LaravelLocalizationRoutes->handle(Object(Illuminate\\Http\\Request), Object(Closure))
#23 /home/puccomua/domains/puc.com.ua/vendor/laravel/framework/src/Illuminate/Routing/Pipeline.php(53): Illuminate\\Pipeline\\Pipeline->Illuminate\\Pipeline\\{closure}(Object(Illuminate\\Http\\Request))
#24 /home/puccomua/domains/puc.com.ua/vendor/laravel/framework/src/Illuminate/Routing/Middleware/SubstituteBindings.php(41): Illuminate\\Routing\\Pipeline->Illuminate\\Routing\\{closure}(Object(Illuminate\\Http\\Request))
#25 /home/puccomua/domains/puc.com.ua/vendor/laravel/framework/src/Illuminate/Pipeline/Pipeline.php(163): Illuminate\\Routing\\Middleware\\SubstituteBindings->handle(Object(Illuminate\\Http\\Request), Object(Closure))
#26 /home/puccomua/domains/puc.com.ua/vendor/laravel/framework/src/Illuminate/Routing/Pipeline.php(53): Illuminate\\Pipeline\\Pipeline->Illuminate\\Pipeline\\{closure}(Object(Illuminate\\Http\\Request))
#27 /home/puccomua/domains/puc.com.ua/vendor/laravel/framework/src/Illuminate/Foundation/Http/Middleware/VerifyCsrfToken.php(75): Illuminate\\Routing\\Pipeline->Illuminate\\Routing\\{closure}(Object(Illuminate\\Http\\Request))
#28 /home/puccomua/domains/puc.com.ua/vendor/laravel/framework/src/Illuminate/Pipeline/Pipeline.php(163): Illuminate\\Foundation\\Http\\Middleware\\VerifyCsrfToken->handle(Object(Illuminate\\Http\\Request), Object(Closure))
#29 /home/puccomua/domains/puc.com.ua/vendor/laravel/framework/src/Illuminate/Routing/Pipeline.php(53): Illuminate\\Pipeline\\Pipeline->Illuminate\\Pipeline\\{closure}(Object(Illuminate\\Http\\Request))
#30 /home/puccomua/domains/puc.com.ua/vendor/laravel/framework/src/Illuminate/View/Middleware/ShareErrorsFromSession.php(49): Illuminate\\Routing\\Pipeline->Illuminate\\Routing\\{closure}(Object(Illuminate\\Http\\Request))
#31 /home/puccomua/domains/puc.com.ua/vendor/laravel/framework/src/Illuminate/Pipeline/Pipeline.php(163): Illuminate\\View\\Middleware\\ShareErrorsFromSession->handle(Object(Illuminate\\Http\\Request), Object(Closure))
#32 /home/puccomua/domains/puc.com.ua/vendor/laravel/framework/src/Illuminate/Routing/Pipeline.php(53): Illuminate\\Pipeline\\Pipeline->Illuminate\\Pipeline\\{closure}(Object(Illuminate\\Http\\Request))
#33 /home/puccomua/domains/puc.com.ua/vendor/laravel/framework/src/Illuminate/Session/Middleware/StartSession.php(56): Illuminate\\Routing\\Pipeline->Illuminate\\Routing\\{closure}(Object(Illuminate\\Http\\Request))
#34 /home/puccomua/domains/puc.com.ua/vendor/laravel/framework/src/Illuminate/Pipeline/Pipeline.php(163): Illuminate\\Session\\Middleware\\StartSession->handle(Object(Illuminate\\Http\\Request), Object(Closure))
#35 /home/puccomua/domains/puc.com.ua/vendor/laravel/framework/src/Illuminate/Routing/Pipeline.php(53): Illuminate\\Pipeline\\Pipeline->Illuminate\\Pipeline\\{closure}(Object(Illuminate\\Http\\Request))
#36 /home/puccomua/domains/puc.com.ua/vendor/laravel/framework/src/Illuminate/Cookie/Middleware/AddQueuedCookiesToResponse.php(37): Illuminate\\Routing\\Pipeline->Illuminate\\Routing\\{closure}(Object(Illuminate\\Http\\Request))
#37 /home/puccomua/domains/puc.com.ua/vendor/laravel/framework/src/Illuminate/Pipeline/Pipeline.php(163): Illuminate\\Cookie\\Middleware\\AddQueuedCookiesToResponse->handle(Object(Illuminate\\Http\\Request), Object(Closure))
#38 /home/puccomua/domains/puc.com.ua/vendor/laravel/framework/src/Illuminate/Routing/Pipeline.php(53): Illuminate\\Pipeline\\Pipeline->Illuminate\\Pipeline\\{closure}(Object(Illuminate\\Http\\Request))
#39 /home/puccomua/domains/puc.com.ua/vendor/laravel/framework/src/Illuminate/Cookie/Middleware/EncryptCookies.php(66): Illuminate\\Routing\\Pipeline->Illuminate\\Routing\\{closure}(Object(Illuminate\\Http\\Request))
#40 /home/puccomua/domains/puc.com.ua/vendor/laravel/framework/src/Illuminate/Pipeline/Pipeline.php(163): Illuminate\\Cookie\\Middleware\\EncryptCookies->handle(Object(Illuminate\\Http\\Request), Object(Closure))
#41 /home/puccomua/domains/puc.com.ua/vendor/laravel/framework/src/Illuminate/Routing/Pipeline.php(53): Illuminate\\Pipeline\\Pipeline->Illuminate\\Pipeline\\{closure}(Object(Illuminate\\Http\\Request))
#42 /home/puccomua/domains/puc.com.ua/app/Http/Middleware/Redirect.php(45): Illuminate\\Routing\\Pipeline->Illuminate\\Routing\\{closure}(Object(Illuminate\\Http\\Request))
#43 /home/puccomua/domains/puc.com.ua/vendor/laravel/framework/src/Illuminate/Pipeline/Pipeline.php(163): App\\Http\\Middleware\\Redirect->handle(Object(Illuminate\\Http\\Request), Object(Closure))
#44 /home/puccomua/domains/puc.com.ua/vendor/laravel/framework/src/Illuminate/Routing/Pipeline.php(53): Illuminate\\Pipeline\\Pipeline->Illuminate\\Pipeline\\{closure}(Object(Illuminate\\Http\\Request))
#45 /home/puccomua/domains/puc.com.ua/vendor/laravel/framework/src/Illuminate/Pipeline/Pipeline.php(104): Illuminate\\Routing\\Pipeline->Illuminate\\Routing\\{closure}(Object(Illuminate\\Http\\Request))
#46 /home/puccomua/domains/puc.com.ua/vendor/laravel/framework/src/Illuminate/Routing/Router.php(682): Illuminate\\Pipeline\\Pipeline->then(Object(Closure))
#47 /home/puccomua/domains/puc.com.ua/vendor/laravel/framework/src/Illuminate/Routing/Router.php(657): Illuminate\\Routing\\Router->runRouteWithinStack(Object(Illuminate\\Routing\\Route), Object(Illuminate\\Http\\Request))
#48 /home/puccomua/domains/puc.com.ua/vendor/laravel/framework/src/Illuminate/Routing/Router.php(623): Illuminate\\Routing\\Router->runRoute(Object(Illuminate\\Http\\Request), Object(Illuminate\\Routing\\Route))
#49 /home/puccomua/domains/puc.com.ua/vendor/laravel/framework/src/Illuminate/Routing/Router.php(612): Illuminate\\Routing\\Router->dispatchToRoute(Object(Illuminate\\Http\\Request))
#50 /home/puccomua/domains/puc.com.ua/vendor/laravel/framework/src/Illuminate/Foundation/Http/Kernel.php(176): Illuminate\\Routing\\Router->dispatch(Object(Illuminate\\Http\\Request))
#51 /home/puccomua/domains/puc.com.ua/vendor/laravel/framework/src/Illuminate/Routing/Pipeline.php(30): Illuminate\\Foundation\\Http\\Kernel->Illuminate\\Foundation\\Http\\{closure}(Object(Illuminate\\Http\\Request))
#52 /home/puccomua/domains/puc.com.ua/vendor/barryvdh/laravel-debugbar/src/Middleware/InjectDebugbar.php(58): Illuminate\\Routing\\Pipeline->Illuminate\\Routing\\{closure}(Object(Illuminate\\Http\\Request))
#53 /home/puccomua/domains/puc.com.ua/vendor/laravel/framework/src/Illuminate/Pipeline/Pipeline.php(163): Barryvdh\\Debugbar\\Middleware\\InjectDebugbar->handle(Object(Illuminate\\Http\\Request), Object(Closure))
#54 /home/puccomua/domains/puc.com.ua/vendor/laravel/framework/src/Illuminate/Routing/Pipeline.php(53): Illuminate\\Pipeline\\Pipeline->Illuminate\\Pipeline\\{closure}(Object(Illuminate\\Http\\Request))
#55 /home/puccomua/domains/puc.com.ua/vendor/laravel/framework/src/Illuminate/Foundation/Http/Middleware/TransformsRequest.php(21): Illuminate\\Routing\\Pipeline->Illuminate\\Routing\\{closure}(Object(Illuminate\\Http\\Request))
#56 /home/puccomua/domains/puc.com.ua/vendor/laravel/framework/src/Illuminate/Pipeline/Pipeline.php(163): Illuminate\\Foundation\\Http\\Middleware\\TransformsRequest->handle(Object(Illuminate\\Http\\Request), Object(Closure))
#57 /home/puccomua/domains/puc.com.ua/vendor/laravel/framework/src/Illuminate/Routing/Pipeline.php(53): Illuminate\\Pipeline\\Pipeline->Illuminate\\Pipeline\\{closure}(Object(Illuminate\\Http\\Request))
#58 /home/puccomua/domains/puc.com.ua/vendor/laravel/framework/src/Illuminate/Foundation/Http/Middleware/TransformsRequest.php(21): Illuminate\\Routing\\Pipeline->Illuminate\\Routing\\{closure}(Object(Illuminate\\Http\\Request))
#59 /home/puccomua/domains/puc.com.ua/vendor/laravel/framework/src/Illuminate/Pipeline/Pipeline.php(163): Illuminate\\Foundation\\Http\\Middleware\\TransformsRequest->handle(Object(Illuminate\\Http\\Request), Object(Closure))
#60 /home/puccomua/domains/puc.com.ua/vendor/laravel/framework/src/Illuminate/Routing/Pipeline.php(53): Illuminate\\Pipeline\\Pipeline->Illuminate\\Pipeline\\{closure}(Object(Illuminate\\Http\\Request))
#61 /home/puccomua/domains/puc.com.ua/vendor/laravel/framework/src/Illuminate/Foundation/Http/Middleware/ValidatePostSize.php(27): Illuminate\\Routing\\Pipeline->Illuminate\\Routing\\{closure}(Object(Illuminate\\Http\\Request))
#62 /home/puccomua/domains/puc.com.ua/vendor/laravel/framework/src/Illuminate/Pipeline/Pipeline.php(163): Illuminate\\Foundation\\Http\\Middleware\\ValidatePostSize->handle(Object(Illuminate\\Http\\Request), Object(Closure))
#63 /home/puccomua/domains/puc.com.ua/vendor/laravel/framework/src/Illuminate/Routing/Pipeline.php(53): Illuminate\\Pipeline\\Pipeline->Illuminate\\Pipeline\\{closure}(Object(Illuminate\\Http\\Request))
#64 /home/puccomua/domains/puc.com.ua/vendor/laravel/framework/src/Illuminate/Foundation/Http/Middleware/CheckForMaintenanceMode.php(62): Illuminate\\Routing\\Pipeline->Illuminate\\Routing\\{closure}(Object(Illuminate\\Http\\Request))
#65 /home/puccomua/domains/puc.com.ua/vendor/laravel/framework/src/Illuminate/Pipeline/Pipeline.php(163): Illuminate\\Foundation\\Http\\Middleware\\CheckForMaintenanceMode->handle(Object(Illuminate\\Http\\Request), Object(Closure))
#66 /home/puccomua/domains/puc.com.ua/vendor/laravel/framework/src/Illuminate/Routing/Pipeline.php(53): Illuminate\\Pipeline\\Pipeline->Illuminate\\Pipeline\\{closure}(Object(Illuminate\\Http\\Request))
#67 /home/puccomua/domains/puc.com.ua/vendor/fideloper/proxy/src/TrustProxies.php(57): Illuminate\\Routing\\Pipeline->Illuminate\\Routing\\{closure}(Object(Illuminate\\Http\\Request))
#68 /home/puccomua/domains/puc.com.ua/vendor/laravel/framework/src/Illuminate/Pipeline/Pipeline.php(163): Fideloper\\Proxy\\TrustProxies->handle(Object(Illuminate\\Http\\Request), Object(Closure))
#69 /home/puccomua/domains/puc.com.ua/vendor/laravel/framework/src/Illuminate/Routing/Pipeline.php(53): Illuminate\\Pipeline\\Pipeline->Illuminate\\Pipeline\\{closure}(Object(Illuminate\\Http\\Request))
#70 /home/puccomua/domains/puc.com.ua/vendor/laravel/framework/src/Illuminate/Pipeline/Pipeline.php(104): Illuminate\\Routing\\Pipeline->Illuminate\\Routing\\{closure}(Object(Illuminate\\Http\\Request))
#71 /home/puccomua/domains/puc.com.ua/vendor/laravel/framework/src/Illuminate/Foundation/Http/Kernel.php(151): Illuminate\\Pipeline\\Pipeline->then(Object(Closure))
#72 /home/puccomua/domains/puc.com.ua/vendor/laravel/framework/src/Illuminate/Foundation/Http/Kernel.php(116): Illuminate\\Foundation\\Http\\Kernel->sendRequestThroughRouter(Object(Illuminate\\Http\\Request))
#73 /home/puccomua/domains/puc.com.ua/public/index.php(55): Illuminate\\Foundation\\Http\\Kernel->handle(Object(Illuminate\\Http\\Request))
#74 {main}
"} 
[2021-10-16 19:01:49] local.INFO: DATA2::{"payment_id":1795214202,"action":"pay","status":"success","version":3,"type":"buy","paytype":"apay","public_key":"i14047737426","acq_id":414963,"order_id":"f499d458","liqpay_order_id":"A12TPRRB1634400104062145","description":"\u041e\u043f\u043b\u0430\u0442\u0430 \u0437\u0430\u043a\u0430\u0437\u0430 \u0435\u0434\u044b \u043d\u0430 \u0441\u0430\u0439\u0442\u0435.","sender_card_mask2":"515547*63","sender_card_bank":"pb","sender_card_type":"mc","sender_card_country":804,"ip":"31.202.23.165","amount":501,"currency":"UAH","sender_commission":0,"receiver_commission":13.78,"agent_commission":0,"amount_debit":501,"amount_credit":501,"commission_debit":0,"commission_credit":13.78,"currency_debit":"UAH","currency_credit":"UAH","sender_bonus":0,"amount_bonus":0,"authcode_debit":"222708","rrn_debit":"002962442748","mpi_eci":"7","is_3ds":false,"language":"ru","create_date":1634400104065,"end_date":1634400108614,"transaction_id":1795214202}  
[2021-10-16 19:01:49] local.INFO: DATA::{"payment_id":1795214202,"action":"pay","status":"success","version":3,"type":"buy","paytype":"apay","public_key":"i14047737426","acq_id":414963,"order_id":"f499d458","liqpay_order_id":"A12TPRRB1634400104062145","description":"\u041e\u043f\u043b\u0430\u0442\u0430 \u0437\u0430\u043a\u0430\u0437\u0430 \u0435\u0434\u044b \u043d\u0430 \u0441\u0430\u0439\u0442\u0435.","sender_card_mask2":"515547*63","sender_card_bank":"pb","sender_card_type":"mc","sender_card_country":804,"ip":"31.202.23.165","amount":501,"currency":"UAH","sender_commission":0,"receiver_commission":13.78,"agent_commission":0,"amount_debit":501,"amount_credit":501,"commission_debit":0,"commission_credit":13.78,"currency_debit":"UAH","currency_credit":"UAH","sender_bonus":0,"amount_bonus":0,"authcode_debit":"222708","rrn_debit":"002962442748","mpi_eci":"7","is_3ds":false,"language":"ru","create_date":1634400104065,"end_date":1634400108614,"transaction_id":1795214202}  
[2021-10-16 19:01:49] local.INFO: ORDER::{"id":458,"type":"full","rk_order_id":null,"rk_order_number":null,"rk_order_data":null,"rk_status":null,"rk_order_sum":"0.00","user_id":null,"pharmacy_id":null,"gift_id":"3","name":"\u0418\u0440\u0438\u043d\u0430","surname":null,"patronymic":null,"email":null,"phone":"+38 (097) 146 98 59","payment_method":"card","payment_transaction_number":null,"payment_transaction_status":null,"payment_status":"0","delivery_method":"delivery","delivery_address":{"street":"\u0413\u0432\u0430\u0440\u0434\u0435\u0439\u0446\u0435\u0432 \u0428\u0438\u0440\u043e\u043d\u0438\u043d\u0446\u0435\u0432","house":"73","entrance":null,"floor":"5","apartment":"161"},"delivery_free":"1","coupon":null,"amount":"501.00","discount":null,"amount_less_discount":null,"status":"0","call_me_back":"1","birthday":"0","surrender":null,"person":null,"attach_file":null,"comment":null,"manager_comment":null,"pre_order_at":"2021-10-16 20:31:35","created_at":"2021-10-16 19:01:35","updated_at":"2021-10-16 19:01:35"}  
[2021-10-16 19:01:49] local.INFO: SIGNATURE::1  
